[2025-12-12T17:54:07.663+0000] {local_task_job_runner.py:123} INFO - ::group::Pre task execution logs
[2025-12-12T17:54:07.682+0000] {taskinstance.py:2613} INFO - Dependencies all met for dep_context=non-requeueable deps ti=<TaskInstance: stock_portfolio_pipeline_datafrogs.load_to_postgres manual__2025-12-12T17:53:57.411065+00:00 [queued]>
[2025-12-12T17:54:07.691+0000] {taskinstance.py:2613} INFO - Dependencies all met for dep_context=requeueable deps ti=<TaskInstance: stock_portfolio_pipeline_datafrogs.load_to_postgres manual__2025-12-12T17:53:57.411065+00:00 [queued]>
[2025-12-12T17:54:07.692+0000] {taskinstance.py:2866} INFO - Starting attempt 1 of 2
[2025-12-12T17:54:07.708+0000] {taskinstance.py:2889} INFO - Executing <Task(PythonOperator): load_to_postgres> on 2025-12-12 17:53:57.411065+00:00
[2025-12-12T17:54:07.720+0000] {warnings.py:112} WARNING - /home/***/.local/lib/python3.12/site-packages/***/task/task_runner/standard_task_runner.py:70: DeprecationWarning: This process (pid=220) is multi-threaded, use of fork() may lead to deadlocks in the child.
  pid = os.fork()

[2025-12-12T17:54:07.722+0000] {standard_task_runner.py:104} INFO - Running: ['***', 'tasks', 'run', 'stock_portfolio_pipeline_datafrogs', 'load_to_postgres', 'manual__2025-12-12T17:53:57.411065+00:00', '--job-id', '93', '--raw', '--subdir', 'DAGS_FOLDER/***.py', '--cfg-path', '/tmp/tmpex_31682']
[2025-12-12T17:54:07.726+0000] {standard_task_runner.py:72} INFO - Started process 233 to run task
[2025-12-12T17:54:07.726+0000] {standard_task_runner.py:105} INFO - Job 93: Subtask load_to_postgres
[2025-12-12T17:54:07.782+0000] {task_command.py:467} INFO - Running <TaskInstance: stock_portfolio_pipeline_datafrogs.load_to_postgres manual__2025-12-12T17:53:57.411065+00:00 [running]> on host dd4793df7145
[2025-12-12T17:54:07.862+0000] {taskinstance.py:3132} INFO - Exporting env vars: AIRFLOW_CTX_DAG_OWNER='data_engineering_team' AIRFLOW_CTX_DAG_ID='stock_portfolio_pipeline_datafrogs' AIRFLOW_CTX_TASK_ID='load_to_postgres' AIRFLOW_CTX_EXECUTION_DATE='2025-12-12T17:53:57.411065+00:00' AIRFLOW_CTX_TRY_NUMBER='1' AIRFLOW_CTX_DAG_RUN_ID='manual__2025-12-12T17:53:57.411065+00:00'
[2025-12-12T17:54:07.863+0000] {taskinstance.py:731} INFO - ::endgroup::
[2025-12-12T17:54:07.948+0000] {logging_mixin.py:190} INFO - Database 'stockanalytics' already exists
[2025-12-12T17:54:07.995+0000] {logging_mixin.py:190} INFO - Connected to Database
[2025-12-12T17:54:07.996+0000] {logging_mixin.py:190} INFO - Writing cleaned dataset to database
[2025-12-12T17:54:09.025+0000] {logging_mixin.py:190} INFO - Done writing to database
[2025-12-12T17:54:09.026+0000] {python.py:240} INFO - Done. Returned value was: None
[2025-12-12T17:54:09.041+0000] {taskinstance.py:340} INFO - ::group::Post task execution logs
[2025-12-12T17:54:09.042+0000] {taskinstance.py:352} INFO - Marking task as SUCCESS. dag_id=stock_portfolio_pipeline_datafrogs, task_id=load_to_postgres, run_id=manual__2025-12-12T17:53:57.411065+00:00, execution_date=20251212T175357, start_date=20251212T175407, end_date=20251212T175409
[2025-12-12T17:54:09.070+0000] {local_task_job_runner.py:266} INFO - Task exited with return code 0
[2025-12-12T17:54:09.084+0000] {taskinstance.py:3895} INFO - 0 downstream tasks scheduled from follow-on schedule check
[2025-12-12T17:54:09.086+0000] {local_task_job_runner.py:245} INFO - ::endgroup::
