[2025-12-14T13:58:44.465+0000] {local_task_job_runner.py:123} INFO - ::group::Pre task execution logs
[2025-12-14T13:58:44.474+0000] {taskinstance.py:2613} INFO - Dependencies all met for dep_context=non-requeueable deps ti=<TaskInstance: stock_portfolio_pipeline_datafrogs.detect_outliers manual__2025-12-14T13:58:38.309967+00:00 [queued]>
[2025-12-14T13:58:44.480+0000] {taskinstance.py:2613} INFO - Dependencies all met for dep_context=requeueable deps ti=<TaskInstance: stock_portfolio_pipeline_datafrogs.detect_outliers manual__2025-12-14T13:58:38.309967+00:00 [queued]>
[2025-12-14T13:58:44.481+0000] {taskinstance.py:2866} INFO - Starting attempt 1 of 2
[2025-12-14T13:58:44.494+0000] {taskinstance.py:2889} INFO - Executing <Task(PythonOperator): detect_outliers> on 2025-12-14 13:58:38.309967+00:00
[2025-12-14T13:58:44.506+0000] {warnings.py:112} WARNING - /home/***/.local/lib/python3.12/site-packages/***/task/task_runner/standard_task_runner.py:70: DeprecationWarning: This process (pid=12486) is multi-threaded, use of fork() may lead to deadlocks in the child.
  pid = os.fork()

[2025-12-14T13:58:44.508+0000] {standard_task_runner.py:72} INFO - Started process 12550 to run task
[2025-12-14T13:58:44.520+0000] {standard_task_runner.py:104} INFO - Running: ['***', 'tasks', 'run', 'stock_portfolio_pipeline_datafrogs', 'detect_outliers', 'manual__2025-12-14T13:58:38.309967+00:00', '--job-id', '436', '--raw', '--subdir', 'DAGS_FOLDER/***.py', '--cfg-path', '/tmp/tmpg3rx5__2']
[2025-12-14T13:58:44.523+0000] {standard_task_runner.py:105} INFO - Job 436: Subtask detect_outliers
[2025-12-14T13:58:44.598+0000] {task_command.py:467} INFO - Running <TaskInstance: stock_portfolio_pipeline_datafrogs.detect_outliers manual__2025-12-14T13:58:38.309967+00:00 [running]> on host 79a4b2d0a09e
[2025-12-14T13:58:44.719+0000] {taskinstance.py:3132} INFO - Exporting env vars: AIRFLOW_CTX_DAG_OWNER='data_engineering_team' AIRFLOW_CTX_DAG_ID='stock_portfolio_pipeline_datafrogs' AIRFLOW_CTX_TASK_ID='detect_outliers' AIRFLOW_CTX_EXECUTION_DATE='2025-12-14T13:58:38.309967+00:00' AIRFLOW_CTX_TRY_NUMBER='1' AIRFLOW_CTX_DAG_RUN_ID='manual__2025-12-14T13:58:38.309967+00:00'
[2025-12-14T13:58:44.721+0000] {taskinstance.py:731} INFO - ::endgroup::
[2025-12-14T13:58:44.735+0000] {logging_mixin.py:190} INFO - 
--- 2. Handling Outliers ---
[2025-12-14T13:58:44.786+0000] {logging_mixin.py:190} INFO - STK001: 15.476% outliers
[2025-12-14T13:58:44.788+0000] {logging_mixin.py:190} INFO - STK002: 0.000% outliers
[2025-12-14T13:58:44.789+0000] {logging_mixin.py:190} INFO - STK003: 3.770% outliers
[2025-12-14T13:58:44.792+0000] {logging_mixin.py:190} INFO - STK004: 2.778% outliers
[2025-12-14T13:58:44.794+0000] {logging_mixin.py:190} INFO - STK005: 0.000% outliers
[2025-12-14T13:58:44.795+0000] {logging_mixin.py:190} INFO - STK006: 0.000% outliers
[2025-12-14T13:58:44.797+0000] {logging_mixin.py:190} INFO - STK007: 6.349% outliers
[2025-12-14T13:58:44.798+0000] {logging_mixin.py:190} INFO - STK008: 0.000% outliers
[2025-12-14T13:58:44.799+0000] {logging_mixin.py:190} INFO - STK009: 1.190% outliers
[2025-12-14T13:58:44.801+0000] {logging_mixin.py:190} INFO - STK010: 0.000% outliers
[2025-12-14T13:58:44.802+0000] {logging_mixin.py:190} INFO - STK011: 0.198% outliers
[2025-12-14T13:58:44.804+0000] {logging_mixin.py:190} INFO - STK012: 0.000% outliers
[2025-12-14T13:58:44.805+0000] {logging_mixin.py:190} INFO - STK013: 0.000% outliers
[2025-12-14T13:58:44.808+0000] {logging_mixin.py:190} INFO - STK014: 0.198% outliers
[2025-12-14T13:58:44.810+0000] {logging_mixin.py:190} INFO - STK015: 0.000% outliers
[2025-12-14T13:58:44.812+0000] {logging_mixin.py:190} INFO - STK016: 0.000% outliers
[2025-12-14T13:58:44.813+0000] {logging_mixin.py:190} INFO - STK017: 0.000% outliers
[2025-12-14T13:58:44.815+0000] {logging_mixin.py:190} INFO - STK018: 0.000% outliers
[2025-12-14T13:58:44.817+0000] {logging_mixin.py:190} INFO - STK019: 7.341% outliers
[2025-12-14T13:58:44.821+0000] {logging_mixin.py:190} INFO - STK020: 0.397% outliers
[2025-12-14T13:58:44.825+0000] {logging_mixin.py:190} INFO - quantity: 7.650% outliers
[2025-12-14T13:58:44.828+0000] {logging_mixin.py:190} INFO - average_trade_size: 25.250% outliers
[2025-12-14T13:58:44.839+0000] {logging_mixin.py:190} INFO - cumulative_portfolio_value: 10.370% outliers
[2025-12-14T13:58:44.980+0000] {python.py:240} INFO - Done. Returned value was: None
[2025-12-14T13:58:44.988+0000] {taskinstance.py:340} INFO - ::group::Post task execution logs
[2025-12-14T13:58:44.988+0000] {taskinstance.py:352} INFO - Marking task as SUCCESS. dag_id=stock_portfolio_pipeline_datafrogs, task_id=detect_outliers, run_id=manual__2025-12-14T13:58:38.309967+00:00, execution_date=20251214T135838, start_date=20251214T135844, end_date=20251214T135844
[2025-12-14T13:58:45.016+0000] {local_task_job_runner.py:266} INFO - Task exited with return code 0
[2025-12-14T13:58:45.035+0000] {taskinstance.py:3895} INFO - 1 downstream tasks scheduled from follow-on schedule check
[2025-12-14T13:58:45.036+0000] {local_task_job_runner.py:245} INFO - ::endgroup::
