[2025-12-14T09:54:37.086+0000] {local_task_job_runner.py:123} INFO - ::group::Pre task execution logs
[2025-12-14T09:54:37.096+0000] {taskinstance.py:2613} INFO - Dependencies all met for dep_context=non-requeueable deps ti=<TaskInstance: stock_portfolio_pipeline_datafrogs.initialize_spark_session manual__2025-12-14T09:54:33.859200+00:00 [queued]>
[2025-12-14T09:54:37.100+0000] {taskinstance.py:2613} INFO - Dependencies all met for dep_context=requeueable deps ti=<TaskInstance: stock_portfolio_pipeline_datafrogs.initialize_spark_session manual__2025-12-14T09:54:33.859200+00:00 [queued]>
[2025-12-14T09:54:37.108+0000] {taskinstance.py:2866} INFO - Starting attempt 1 of 2
[2025-12-14T09:54:37.123+0000] {taskinstance.py:2889} INFO - Executing <Task(PythonOperator): initialize_spark_session> on 2025-12-14 09:54:33.859200+00:00
[2025-12-14T09:54:37.137+0000] {standard_task_runner.py:104} INFO - Running: ['***', 'tasks', 'run', 'stock_portfolio_pipeline_datafrogs', 'initialize_spark_session', 'manual__2025-12-14T09:54:33.859200+00:00', '--job-id', '104', '--raw', '--subdir', 'DAGS_FOLDER/***.py', '--cfg-path', '/tmp/tmp3_irasav']
[2025-12-14T09:54:37.145+0000] {standard_task_runner.py:105} INFO - Job 104: Subtask initialize_spark_session
[2025-12-14T09:54:37.135+0000] {warnings.py:112} WARNING - /home/***/.local/lib/python3.12/site-packages/***/task/task_runner/standard_task_runner.py:70: DeprecationWarning: This process (pid=4360) is multi-threaded, use of fork() may lead to deadlocks in the child.
  pid = os.fork()

[2025-12-14T09:54:37.154+0000] {standard_task_runner.py:72} INFO - Started process 4380 to run task
[2025-12-14T09:54:37.200+0000] {task_command.py:467} INFO - Running <TaskInstance: stock_portfolio_pipeline_datafrogs.initialize_spark_session manual__2025-12-14T09:54:33.859200+00:00 [running]> on host 179bab7085b3
[2025-12-14T09:54:37.260+0000] {taskinstance.py:3132} INFO - Exporting env vars: AIRFLOW_CTX_DAG_OWNER='data_engineering_team' AIRFLOW_CTX_DAG_ID='stock_portfolio_pipeline_datafrogs' AIRFLOW_CTX_TASK_ID='initialize_spark_session' AIRFLOW_CTX_EXECUTION_DATE='2025-12-14T09:54:33.859200+00:00' AIRFLOW_CTX_TRY_NUMBER='1' AIRFLOW_CTX_DAG_RUN_ID='manual__2025-12-14T09:54:33.859200+00:00'
[2025-12-14T09:54:37.263+0000] {taskinstance.py:731} INFO - ::endgroup::
[2025-12-14T09:54:50.814+0000] {job.py:229} INFO - Heartbeat recovered after 13.79 seconds
[2025-12-14T09:55:04.822+0000] {python.py:240} INFO - Done. Returned value was: None
[2025-12-14T09:55:04.875+0000] {taskinstance.py:340} INFO - ::group::Post task execution logs
[2025-12-14T09:55:04.877+0000] {taskinstance.py:352} INFO - Marking task as SUCCESS. dag_id=stock_portfolio_pipeline_datafrogs, task_id=initialize_spark_session, run_id=manual__2025-12-14T09:54:33.859200+00:00, execution_date=20251214T095433, start_date=20251214T095437, end_date=20251214T095504
[2025-12-14T09:55:04.947+0000] {local_task_job_runner.py:266} INFO - Task exited with return code 0
[2025-12-14T09:55:05.030+0000] {taskinstance.py:3895} INFO - 1 downstream tasks scheduled from follow-on schedule check
[2025-12-14T09:55:05.037+0000] {local_task_job_runner.py:245} INFO - ::endgroup::
