[2025-12-14T08:20:30.076+0000] {local_task_job_runner.py:123} INFO - ::group::Pre task execution logs
[2025-12-14T08:20:30.090+0000] {taskinstance.py:2613} INFO - Dependencies all met for dep_context=non-requeueable deps ti=<TaskInstance: stock_portfolio_pipeline_datafrogs.save_final_to_postgres manual__2025-12-14T08:15:30.314370+00:00 [queued]>
[2025-12-14T08:20:30.095+0000] {taskinstance.py:2613} INFO - Dependencies all met for dep_context=requeueable deps ti=<TaskInstance: stock_portfolio_pipeline_datafrogs.save_final_to_postgres manual__2025-12-14T08:15:30.314370+00:00 [queued]>
[2025-12-14T08:20:30.096+0000] {taskinstance.py:2866} INFO - Starting attempt 1 of 2
[2025-12-14T08:20:30.103+0000] {taskinstance.py:2889} INFO - Executing <Task(PythonOperator): save_final_to_postgres> on 2025-12-14 08:15:30.314370+00:00
[2025-12-14T08:20:30.125+0000] {warnings.py:112} WARNING - /home/***/.local/lib/python3.12/site-packages/***/task/task_runner/standard_task_runner.py:70: DeprecationWarning: This process (pid=625) is multi-threaded, use of fork() may lead to deadlocks in the child.
  pid = os.fork()

[2025-12-14T08:20:30.127+0000] {standard_task_runner.py:72} INFO - Started process 630 to run task
[2025-12-14T08:20:30.127+0000] {standard_task_runner.py:104} INFO - Running: ['***', 'tasks', 'run', 'stock_portfolio_pipeline_datafrogs', 'save_final_to_postgres', 'manual__2025-12-14T08:15:30.314370+00:00', '--job-id', '482', '--raw', '--subdir', 'DAGS_FOLDER/***.py', '--cfg-path', '/tmp/tmpdpgqj0nk']
[2025-12-14T08:20:30.137+0000] {standard_task_runner.py:105} INFO - Job 482: Subtask save_final_to_postgres
[2025-12-14T08:20:30.225+0000] {task_command.py:467} INFO - Running <TaskInstance: stock_portfolio_pipeline_datafrogs.save_final_to_postgres manual__2025-12-14T08:15:30.314370+00:00 [running]> on host cefd55ca9f9f
[2025-12-14T08:20:30.472+0000] {taskinstance.py:3132} INFO - Exporting env vars: AIRFLOW_CTX_DAG_OWNER='data_engineering_team' AIRFLOW_CTX_DAG_ID='stock_portfolio_pipeline_datafrogs' AIRFLOW_CTX_TASK_ID='save_final_to_postgres' AIRFLOW_CTX_EXECUTION_DATE='2025-12-14T08:15:30.314370+00:00' AIRFLOW_CTX_TRY_NUMBER='1' AIRFLOW_CTX_DAG_RUN_ID='manual__2025-12-14T08:15:30.314370+00:00'
[2025-12-14T08:20:30.475+0000] {taskinstance.py:731} INFO - ::endgroup::
[2025-12-14T08:20:30.584+0000] {logging_mixin.py:190} INFO - Database 'stockanalytics' already exists
[2025-12-14T08:20:30.603+0000] {logging_mixin.py:190} INFO - Connected to Database
[2025-12-14T08:20:30.604+0000] {logging_mixin.py:190} INFO - Writing cleaned dataset to database
[2025-12-14T08:20:33.591+0000] {logging_mixin.py:190} INFO - Done writing to database
[2025-12-14T08:20:33.610+0000] {python.py:240} INFO - Done. Returned value was: None
[2025-12-14T08:20:33.655+0000] {taskinstance.py:340} INFO - ::group::Post task execution logs
[2025-12-14T08:20:33.655+0000] {taskinstance.py:352} INFO - Marking task as SUCCESS. dag_id=stock_portfolio_pipeline_datafrogs, task_id=save_final_to_postgres, run_id=manual__2025-12-14T08:15:30.314370+00:00, execution_date=20251214T081530, start_date=20251214T082030, end_date=20251214T082033
[2025-12-14T08:20:33.777+0000] {local_task_job_runner.py:266} INFO - Task exited with return code 0
[2025-12-14T08:20:33.995+0000] {taskinstance.py:3895} INFO - 0 downstream tasks scheduled from follow-on schedule check
[2025-12-14T08:20:34.007+0000] {local_task_job_runner.py:245} INFO - ::endgroup::
