[2025-12-14T12:41:54.699+0000] {local_task_job_runner.py:123} INFO - ::group::Pre task execution logs
[2025-12-14T12:41:54.707+0000] {taskinstance.py:2613} INFO - Dependencies all met for dep_context=non-requeueable deps ti=<TaskInstance: stock_portfolio_pipeline_datafrogs.prepare_streaming_data manual__2025-12-14T12:41:52.953730+00:00 [queued]>
[2025-12-14T12:41:54.714+0000] {taskinstance.py:2613} INFO - Dependencies all met for dep_context=requeueable deps ti=<TaskInstance: stock_portfolio_pipeline_datafrogs.prepare_streaming_data manual__2025-12-14T12:41:52.953730+00:00 [queued]>
[2025-12-14T12:41:54.714+0000] {taskinstance.py:2866} INFO - Starting attempt 1 of 2
[2025-12-14T12:41:54.722+0000] {taskinstance.py:2889} INFO - Executing <Task(PythonOperator): prepare_streaming_data> on 2025-12-14 12:41:52.953730+00:00
[2025-12-14T12:41:54.731+0000] {warnings.py:112} WARNING - /home/***/.local/lib/python3.12/site-packages/***/task/task_runner/standard_task_runner.py:70: DeprecationWarning: This process (pid=10464) is multi-threaded, use of fork() may lead to deadlocks in the child.
  pid = os.fork()

[2025-12-14T12:41:54.732+0000] {standard_task_runner.py:72} INFO - Started process 10486 to run task
[2025-12-14T12:41:54.734+0000] {standard_task_runner.py:104} INFO - Running: ['***', 'tasks', 'run', 'stock_portfolio_pipeline_datafrogs', 'prepare_streaming_data', 'manual__2025-12-14T12:41:52.953730+00:00', '--job-id', '414', '--raw', '--subdir', 'DAGS_FOLDER/***.py', '--cfg-path', '/tmp/tmpw6yv3trh']
[2025-12-14T12:41:54.737+0000] {standard_task_runner.py:105} INFO - Job 414: Subtask prepare_streaming_data
[2025-12-14T12:41:54.784+0000] {task_command.py:467} INFO - Running <TaskInstance: stock_portfolio_pipeline_datafrogs.prepare_streaming_data manual__2025-12-14T12:41:52.953730+00:00 [running]> on host 79a4b2d0a09e
[2025-12-14T12:41:54.852+0000] {taskinstance.py:3132} INFO - Exporting env vars: AIRFLOW_CTX_DAG_OWNER='data_engineering_team' AIRFLOW_CTX_DAG_ID='stock_portfolio_pipeline_datafrogs' AIRFLOW_CTX_TASK_ID='prepare_streaming_data' AIRFLOW_CTX_EXECUTION_DATE='2025-12-14T12:41:52.953730+00:00' AIRFLOW_CTX_TRY_NUMBER='1' AIRFLOW_CTX_DAG_RUN_ID='manual__2025-12-14T12:41:52.953730+00:00'
[2025-12-14T12:41:54.853+0000] {taskinstance.py:731} INFO - ::endgroup::
[2025-12-14T12:41:54.880+0000] {logging_mixin.py:190} INFO - dataframe length 10000
[2025-12-14T12:41:54.885+0000] {logging_mixin.py:190} INFO - streaming length 500
[2025-12-14T12:41:54.886+0000] {logging_mixin.py:190} INFO - remaining encoded length 9500
[2025-12-14T12:41:54.982+0000] {python.py:240} INFO - Done. Returned value was: None
[2025-12-14T12:41:54.987+0000] {taskinstance.py:340} INFO - ::group::Post task execution logs
[2025-12-14T12:41:54.987+0000] {taskinstance.py:352} INFO - Marking task as SUCCESS. dag_id=stock_portfolio_pipeline_datafrogs, task_id=prepare_streaming_data, run_id=manual__2025-12-14T12:41:52.953730+00:00, execution_date=20251214T124152, start_date=20251214T124154, end_date=20251214T124154
[2025-12-14T12:41:55.027+0000] {local_task_job_runner.py:266} INFO - Task exited with return code 0
[2025-12-14T12:41:55.047+0000] {taskinstance.py:3895} INFO - 1 downstream tasks scheduled from follow-on schedule check
[2025-12-14T12:41:55.048+0000] {local_task_job_runner.py:245} INFO - ::endgroup::
