[2025-12-14T10:07:29.241+0000] {local_task_job_runner.py:123} INFO - ::group::Pre task execution logs
[2025-12-14T10:07:29.257+0000] {taskinstance.py:2613} INFO - Dependencies all met for dep_context=non-requeueable deps ti=<TaskInstance: stock_portfolio_pipeline_datafrogs.save_final_to_postgres manual__2025-12-14T10:00:39.251529+00:00 [queued]>
[2025-12-14T10:07:29.262+0000] {taskinstance.py:2613} INFO - Dependencies all met for dep_context=requeueable deps ti=<TaskInstance: stock_portfolio_pipeline_datafrogs.save_final_to_postgres manual__2025-12-14T10:00:39.251529+00:00 [queued]>
[2025-12-14T10:07:29.262+0000] {taskinstance.py:2866} INFO - Starting attempt 1 of 2
[2025-12-14T10:07:29.270+0000] {taskinstance.py:2889} INFO - Executing <Task(PythonOperator): save_final_to_postgres> on 2025-12-14 10:00:39.251529+00:00
[2025-12-14T10:07:29.283+0000] {warnings.py:112} WARNING - /home/***/.local/lib/python3.12/site-packages/***/task/task_runner/standard_task_runner.py:70: DeprecationWarning: This process (pid=6543) is multi-threaded, use of fork() may lead to deadlocks in the child.
  pid = os.fork()

[2025-12-14T10:07:29.286+0000] {standard_task_runner.py:72} INFO - Started process 6548 to run task
[2025-12-14T10:07:29.286+0000] {standard_task_runner.py:104} INFO - Running: ['***', 'tasks', 'run', 'stock_portfolio_pipeline_datafrogs', 'save_final_to_postgres', 'manual__2025-12-14T10:00:39.251529+00:00', '--job-id', '149', '--raw', '--subdir', 'DAGS_FOLDER/***.py', '--cfg-path', '/tmp/tmpwvio4bn_']
[2025-12-14T10:07:29.290+0000] {standard_task_runner.py:105} INFO - Job 149: Subtask save_final_to_postgres
[2025-12-14T10:07:29.331+0000] {task_command.py:467} INFO - Running <TaskInstance: stock_portfolio_pipeline_datafrogs.save_final_to_postgres manual__2025-12-14T10:00:39.251529+00:00 [running]> on host 179bab7085b3
[2025-12-14T10:07:29.379+0000] {taskinstance.py:3132} INFO - Exporting env vars: AIRFLOW_CTX_DAG_OWNER='data_engineering_team' AIRFLOW_CTX_DAG_ID='stock_portfolio_pipeline_datafrogs' AIRFLOW_CTX_TASK_ID='save_final_to_postgres' AIRFLOW_CTX_EXECUTION_DATE='2025-12-14T10:00:39.251529+00:00' AIRFLOW_CTX_TRY_NUMBER='1' AIRFLOW_CTX_DAG_RUN_ID='manual__2025-12-14T10:00:39.251529+00:00'
[2025-12-14T10:07:29.380+0000] {taskinstance.py:731} INFO - ::endgroup::
[2025-12-14T10:07:29.424+0000] {logging_mixin.py:190} INFO - Database 'stockanalytics' already exists
[2025-12-14T10:07:29.430+0000] {logging_mixin.py:190} INFO - Connected to Database
[2025-12-14T10:07:29.431+0000] {logging_mixin.py:190} INFO - Writing cleaned dataset to database
[2025-12-14T10:07:31.370+0000] {logging_mixin.py:190} INFO - Done writing to database
[2025-12-14T10:07:31.371+0000] {python.py:240} INFO - Done. Returned value was: None
[2025-12-14T10:07:31.382+0000] {taskinstance.py:340} INFO - ::group::Post task execution logs
[2025-12-14T10:07:31.383+0000] {taskinstance.py:352} INFO - Marking task as SUCCESS. dag_id=stock_portfolio_pipeline_datafrogs, task_id=save_final_to_postgres, run_id=manual__2025-12-14T10:00:39.251529+00:00, execution_date=20251214T100039, start_date=20251214T100729, end_date=20251214T100731
[2025-12-14T10:07:31.424+0000] {local_task_job_runner.py:266} INFO - Task exited with return code 0
[2025-12-14T10:07:31.444+0000] {taskinstance.py:3895} INFO - 0 downstream tasks scheduled from follow-on schedule check
[2025-12-14T10:07:31.445+0000] {local_task_job_runner.py:245} INFO - ::endgroup::
