[2025-12-13T20:28:22.084+0000] {local_task_job_runner.py:123} INFO - ::group::Pre task execution logs
[2025-12-13T20:28:22.090+0000] {taskinstance.py:2613} INFO - Dependencies all met for dep_context=non-requeueable deps ti=<TaskInstance: stock_portfolio_pipeline_datafrogs.detect_outliers manual__2025-12-13T20:22:19.151059+00:00 [queued]>
[2025-12-13T20:28:22.094+0000] {taskinstance.py:2613} INFO - Dependencies all met for dep_context=requeueable deps ti=<TaskInstance: stock_portfolio_pipeline_datafrogs.detect_outliers manual__2025-12-13T20:22:19.151059+00:00 [queued]>
[2025-12-13T20:28:22.094+0000] {taskinstance.py:2866} INFO - Starting attempt 1 of 2
[2025-12-13T20:28:22.099+0000] {taskinstance.py:2889} INFO - Executing <Task(PythonOperator): detect_outliers> on 2025-12-13 20:22:19.151059+00:00
[2025-12-13T20:28:22.105+0000] {warnings.py:112} WARNING - /home/***/.local/lib/python3.12/site-packages/***/task/task_runner/standard_task_runner.py:70: DeprecationWarning: This process (pid=594) is multi-threaded, use of fork() may lead to deadlocks in the child.
  pid = os.fork()

[2025-12-13T20:28:22.106+0000] {standard_task_runner.py:72} INFO - Started process 605 to run task
[2025-12-13T20:28:22.106+0000] {standard_task_runner.py:104} INFO - Running: ['***', 'tasks', 'run', 'stock_portfolio_pipeline_datafrogs', 'detect_outliers', 'manual__2025-12-13T20:22:19.151059+00:00', '--job-id', '322', '--raw', '--subdir', 'DAGS_FOLDER/***.py', '--cfg-path', '/tmp/tmpwvtmxk34']
[2025-12-13T20:28:22.108+0000] {standard_task_runner.py:105} INFO - Job 322: Subtask detect_outliers
[2025-12-13T20:28:22.131+0000] {task_command.py:467} INFO - Running <TaskInstance: stock_portfolio_pipeline_datafrogs.detect_outliers manual__2025-12-13T20:22:19.151059+00:00 [running]> on host 139938a689f3
[2025-12-13T20:28:22.164+0000] {taskinstance.py:3132} INFO - Exporting env vars: AIRFLOW_CTX_DAG_OWNER='data_engineering_team' AIRFLOW_CTX_DAG_ID='stock_portfolio_pipeline_datafrogs' AIRFLOW_CTX_TASK_ID='detect_outliers' AIRFLOW_CTX_EXECUTION_DATE='2025-12-13T20:22:19.151059+00:00' AIRFLOW_CTX_TRY_NUMBER='1' AIRFLOW_CTX_DAG_RUN_ID='manual__2025-12-13T20:22:19.151059+00:00'
[2025-12-13T20:28:22.165+0000] {taskinstance.py:731} INFO - ::endgroup::
[2025-12-13T20:28:22.171+0000] {logging_mixin.py:190} INFO - 
--- 2. Handling Outliers ---
[2025-12-13T20:28:22.186+0000] {logging_mixin.py:190} INFO - STK001: 15.476% outliers
[2025-12-13T20:28:22.187+0000] {logging_mixin.py:190} INFO - STK002: 0.000% outliers
[2025-12-13T20:28:22.188+0000] {logging_mixin.py:190} INFO - STK003: 3.770% outliers
[2025-12-13T20:28:22.188+0000] {logging_mixin.py:190} INFO - STK004: 2.778% outliers
[2025-12-13T20:28:22.189+0000] {logging_mixin.py:190} INFO - STK005: 0.000% outliers
[2025-12-13T20:28:22.190+0000] {logging_mixin.py:190} INFO - STK006: 0.000% outliers
[2025-12-13T20:28:22.191+0000] {logging_mixin.py:190} INFO - STK007: 6.349% outliers
[2025-12-13T20:28:22.192+0000] {logging_mixin.py:190} INFO - STK008: 0.000% outliers
[2025-12-13T20:28:22.192+0000] {logging_mixin.py:190} INFO - STK009: 1.190% outliers
[2025-12-13T20:28:22.193+0000] {logging_mixin.py:190} INFO - STK010: 0.000% outliers
[2025-12-13T20:28:22.194+0000] {logging_mixin.py:190} INFO - STK011: 0.198% outliers
[2025-12-13T20:28:22.195+0000] {logging_mixin.py:190} INFO - STK012: 0.000% outliers
[2025-12-13T20:28:22.196+0000] {logging_mixin.py:190} INFO - STK013: 0.000% outliers
[2025-12-13T20:28:22.197+0000] {logging_mixin.py:190} INFO - STK014: 0.198% outliers
[2025-12-13T20:28:22.198+0000] {logging_mixin.py:190} INFO - STK015: 0.000% outliers
[2025-12-13T20:28:22.198+0000] {logging_mixin.py:190} INFO - STK016: 0.000% outliers
[2025-12-13T20:28:22.199+0000] {logging_mixin.py:190} INFO - STK017: 0.000% outliers
[2025-12-13T20:28:22.200+0000] {logging_mixin.py:190} INFO - STK018: 0.000% outliers
[2025-12-13T20:28:22.201+0000] {logging_mixin.py:190} INFO - STK019: 7.341% outliers
[2025-12-13T20:28:22.202+0000] {logging_mixin.py:190} INFO - STK020: 0.397% outliers
[2025-12-13T20:28:22.204+0000] {logging_mixin.py:190} INFO - quantity: 7.650% outliers
[2025-12-13T20:28:22.205+0000] {logging_mixin.py:190} INFO - average_trade_size: 25.250% outliers
[2025-12-13T20:28:22.206+0000] {logging_mixin.py:190} INFO - cumulative_portfolio_value: 10.370% outliers
[2025-12-13T20:28:22.283+0000] {python.py:240} INFO - Done. Returned value was: None
[2025-12-13T20:28:22.293+0000] {taskinstance.py:340} INFO - ::group::Post task execution logs
[2025-12-13T20:28:22.293+0000] {taskinstance.py:352} INFO - Marking task as SUCCESS. dag_id=stock_portfolio_pipeline_datafrogs, task_id=detect_outliers, run_id=manual__2025-12-13T20:22:19.151059+00:00, execution_date=20251213T202219, start_date=20251213T202822, end_date=20251213T202822
[2025-12-13T20:28:22.321+0000] {local_task_job_runner.py:266} INFO - Task exited with return code 0
[2025-12-13T20:28:22.337+0000] {taskinstance.py:3895} INFO - 1 downstream tasks scheduled from follow-on schedule check
[2025-12-13T20:28:22.338+0000] {local_task_job_runner.py:245} INFO - ::endgroup::
