[2025-12-14T00:05:27.223+0000] {local_task_job_runner.py:123} INFO - ::group::Pre task execution logs
[2025-12-14T00:05:27.247+0000] {taskinstance.py:2613} INFO - Dependencies all met for dep_context=non-requeueable deps ti=<TaskInstance: stock_portfolio_pipeline_datafrogs.integrate_datasets scheduled__2025-12-13T00:00:00+00:00 [queued]>
[2025-12-14T00:05:27.252+0000] {taskinstance.py:2613} INFO - Dependencies all met for dep_context=requeueable deps ti=<TaskInstance: stock_portfolio_pipeline_datafrogs.integrate_datasets scheduled__2025-12-13T00:00:00+00:00 [queued]>
[2025-12-14T00:05:27.252+0000] {taskinstance.py:2866} INFO - Starting attempt 1 of 2
[2025-12-14T00:05:27.260+0000] {taskinstance.py:2889} INFO - Executing <Task(PythonOperator): integrate_datasets> on 2025-12-13 00:00:00+00:00
[2025-12-14T00:05:27.279+0000] {warnings.py:112} WARNING - /home/***/.local/lib/python3.12/site-packages/***/task/task_runner/standard_task_runner.py:70: DeprecationWarning: This process (pid=3134) is multi-threaded, use of fork() may lead to deadlocks in the child.
  pid = os.fork()

[2025-12-14T00:05:27.281+0000] {standard_task_runner.py:72} INFO - Started process 3139 to run task
[2025-12-14T00:05:27.282+0000] {standard_task_runner.py:104} INFO - Running: ['***', 'tasks', 'run', 'stock_portfolio_pipeline_datafrogs', 'integrate_datasets', 'scheduled__2025-12-13T00:00:00+00:00', '--job-id', '340', '--raw', '--subdir', 'DAGS_FOLDER/***.py', '--cfg-path', '/tmp/tmps0f557nl']
[2025-12-14T00:05:27.285+0000] {standard_task_runner.py:105} INFO - Job 340: Subtask integrate_datasets
[2025-12-14T00:05:27.324+0000] {task_command.py:467} INFO - Running <TaskInstance: stock_portfolio_pipeline_datafrogs.integrate_datasets scheduled__2025-12-13T00:00:00+00:00 [running]> on host 139938a689f3
[2025-12-14T00:05:27.368+0000] {taskinstance.py:3132} INFO - Exporting env vars: AIRFLOW_CTX_DAG_OWNER='data_engineering_team' AIRFLOW_CTX_DAG_ID='stock_portfolio_pipeline_datafrogs' AIRFLOW_CTX_TASK_ID='integrate_datasets' AIRFLOW_CTX_EXECUTION_DATE='2025-12-13T00:00:00+00:00' AIRFLOW_CTX_TRY_NUMBER='1' AIRFLOW_CTX_DAG_RUN_ID='scheduled__2025-12-13T00:00:00+00:00'
[2025-12-14T00:05:27.369+0000] {taskinstance.py:731} INFO - ::endgroup::
[2025-12-14T00:05:27.379+0000] {logging_mixin.py:190} INFO - 
--- 3. Merging Datasets ---
[2025-12-14T00:05:27.426+0000] {logging_mixin.py:190} INFO -  Final merged DataFrame created with 10000 rows and 16 columns.
[2025-12-14T00:05:27.492+0000] {python.py:240} INFO - Done. Returned value was: None
[2025-12-14T00:05:27.498+0000] {taskinstance.py:340} INFO - ::group::Post task execution logs
[2025-12-14T00:05:27.498+0000] {taskinstance.py:352} INFO - Marking task as SUCCESS. dag_id=stock_portfolio_pipeline_datafrogs, task_id=integrate_datasets, run_id=scheduled__2025-12-13T00:00:00+00:00, execution_date=20251213T000000, start_date=20251214T000527, end_date=20251214T000527
[2025-12-14T00:05:27.537+0000] {local_task_job_runner.py:266} INFO - Task exited with return code 0
[2025-12-14T00:05:27.551+0000] {taskinstance.py:3895} INFO - 1 downstream tasks scheduled from follow-on schedule check
[2025-12-14T00:05:27.552+0000] {local_task_job_runner.py:245} INFO - ::endgroup::
[2025-12-14T09:03:13.009+0000] {local_task_job_runner.py:123} INFO - ::group::Pre task execution logs
[2025-12-14T09:03:13.035+0000] {taskinstance.py:2613} INFO - Dependencies all met for dep_context=non-requeueable deps ti=<TaskInstance: stock_portfolio_pipeline_datafrogs.integrate_datasets scheduled__2025-12-13T00:00:00+00:00 [queued]>
[2025-12-14T09:03:13.046+0000] {taskinstance.py:2613} INFO - Dependencies all met for dep_context=requeueable deps ti=<TaskInstance: stock_portfolio_pipeline_datafrogs.integrate_datasets scheduled__2025-12-13T00:00:00+00:00 [queued]>
[2025-12-14T09:03:13.050+0000] {taskinstance.py:2866} INFO - Starting attempt 1 of 2
[2025-12-14T09:03:13.059+0000] {taskinstance.py:2889} INFO - Executing <Task(PythonOperator): integrate_datasets> on 2025-12-13 00:00:00+00:00
[2025-12-14T09:03:13.068+0000] {warnings.py:112} WARNING - /home/***/.local/lib/python3.12/site-packages/***/task/task_runner/standard_task_runner.py:70: DeprecationWarning: This process (pid=268) is multi-threaded, use of fork() may lead to deadlocks in the child.
  pid = os.fork()

[2025-12-14T09:03:13.070+0000] {standard_task_runner.py:72} INFO - Started process 369 to run task
[2025-12-14T09:03:13.078+0000] {standard_task_runner.py:104} INFO - Running: ['***', 'tasks', 'run', 'stock_portfolio_pipeline_datafrogs', 'integrate_datasets', 'scheduled__2025-12-13T00:00:00+00:00', '--job-id', '14', '--raw', '--subdir', 'DAGS_FOLDER/***.py', '--cfg-path', '/tmp/tmpsxbxqfam']
[2025-12-14T09:03:13.082+0000] {standard_task_runner.py:105} INFO - Job 14: Subtask integrate_datasets
[2025-12-14T09:03:13.370+0000] {task_command.py:467} INFO - Running <TaskInstance: stock_portfolio_pipeline_datafrogs.integrate_datasets scheduled__2025-12-13T00:00:00+00:00 [running]> on host 179bab7085b3
[2025-12-14T09:03:13.555+0000] {taskinstance.py:3132} INFO - Exporting env vars: AIRFLOW_CTX_DAG_OWNER='data_engineering_team' AIRFLOW_CTX_DAG_ID='stock_portfolio_pipeline_datafrogs' AIRFLOW_CTX_TASK_ID='integrate_datasets' AIRFLOW_CTX_EXECUTION_DATE='2025-12-13T00:00:00+00:00' AIRFLOW_CTX_TRY_NUMBER='1' AIRFLOW_CTX_DAG_RUN_ID='scheduled__2025-12-13T00:00:00+00:00'
[2025-12-14T09:03:13.562+0000] {taskinstance.py:731} INFO - ::endgroup::
[2025-12-14T09:03:13.632+0000] {logging_mixin.py:190} INFO - 
--- 3. Merging Datasets ---
[2025-12-14T09:03:13.764+0000] {logging_mixin.py:190} INFO -  Final merged DataFrame created with 10000 rows and 16 columns.
[2025-12-14T09:03:13.880+0000] {python.py:240} INFO - Done. Returned value was: None
[2025-12-14T09:03:13.896+0000] {taskinstance.py:340} INFO - ::group::Post task execution logs
[2025-12-14T09:03:13.896+0000] {taskinstance.py:352} INFO - Marking task as SUCCESS. dag_id=stock_portfolio_pipeline_datafrogs, task_id=integrate_datasets, run_id=scheduled__2025-12-13T00:00:00+00:00, execution_date=20251213T000000, start_date=20251214T090313, end_date=20251214T090313
[2025-12-14T09:03:13.945+0000] {local_task_job_runner.py:266} INFO - Task exited with return code 0
[2025-12-14T09:03:13.966+0000] {taskinstance.py:3895} INFO - 1 downstream tasks scheduled from follow-on schedule check
[2025-12-14T09:03:13.972+0000] {local_task_job_runner.py:245} INFO - ::endgroup::
