[2025-12-12T14:48:50.988+0000] {local_task_job_runner.py:123} INFO - ::group::Pre task execution logs
[2025-12-12T14:48:51.004+0000] {taskinstance.py:2613} INFO - Dependencies all met for dep_context=non-requeueable deps ti=<TaskInstance: stock_portfolio_pipeline_datafrogs.clean_missing_values scheduled__2025-12-11T00:00:00+00:00 [queued]>
[2025-12-12T14:48:51.012+0000] {taskinstance.py:2613} INFO - Dependencies all met for dep_context=requeueable deps ti=<TaskInstance: stock_portfolio_pipeline_datafrogs.clean_missing_values scheduled__2025-12-11T00:00:00+00:00 [queued]>
[2025-12-12T14:48:51.013+0000] {taskinstance.py:2866} INFO - Starting attempt 1 of 2
[2025-12-12T14:48:51.029+0000] {taskinstance.py:2889} INFO - Executing <Task(PythonOperator): clean_missing_values> on 2025-12-11 00:00:00+00:00
[2025-12-12T14:48:51.039+0000] {warnings.py:112} WARNING - /home/***/.local/lib/python3.12/site-packages/***/task/task_runner/standard_task_runner.py:70: DeprecationWarning: This process (pid=74) is multi-threaded, use of fork() may lead to deadlocks in the child.
  pid = os.fork()

[2025-12-12T14:48:51.041+0000] {standard_task_runner.py:72} INFO - Started process 99 to run task
[2025-12-12T14:48:51.044+0000] {standard_task_runner.py:104} INFO - Running: ['***', 'tasks', 'run', 'stock_portfolio_pipeline_datafrogs', 'clean_missing_values', 'scheduled__2025-12-11T00:00:00+00:00', '--job-id', '18', '--raw', '--subdir', 'DAGS_FOLDER/***.py', '--cfg-path', '/tmp/tmpzlld2qem']
[2025-12-12T14:48:51.047+0000] {standard_task_runner.py:105} INFO - Job 18: Subtask clean_missing_values
[2025-12-12T14:48:51.104+0000] {task_command.py:467} INFO - Running <TaskInstance: stock_portfolio_pipeline_datafrogs.clean_missing_values scheduled__2025-12-11T00:00:00+00:00 [running]> on host 2e512b2e9c76
[2025-12-12T14:48:51.175+0000] {taskinstance.py:3132} INFO - Exporting env vars: AIRFLOW_CTX_DAG_OWNER='data_engineering_team' AIRFLOW_CTX_DAG_ID='stock_portfolio_pipeline_datafrogs' AIRFLOW_CTX_TASK_ID='clean_missing_values' AIRFLOW_CTX_EXECUTION_DATE='2025-12-11T00:00:00+00:00' AIRFLOW_CTX_TRY_NUMBER='1' AIRFLOW_CTX_DAG_RUN_ID='scheduled__2025-12-11T00:00:00+00:00'
[2025-12-12T14:48:51.176+0000] {taskinstance.py:731} INFO - ::endgroup::
[2025-12-12T14:48:51.211+0000] {taskinstance.py:3311} ERROR - Task failed with exception
Traceback (most recent call last):
  File "/home/airflow/.local/lib/python3.12/site-packages/airflow/models/taskinstance.py", line 767, in _execute_task
    result = _execute_callable(context=context, **execute_callable_kwargs)
             ^^^^^^^^^^^^^^^^^^^^^^^^^^^^^^^^^^^^^^^^^^^^^^^^^^^^^^^^^^^^^
  File "/home/airflow/.local/lib/python3.12/site-packages/airflow/models/taskinstance.py", line 733, in _execute_callable
    return ExecutionCallableRunner(
           ^^^^^^^^^^^^^^^^^^^^^^^^
  File "/home/airflow/.local/lib/python3.12/site-packages/airflow/utils/operator_helpers.py", line 252, in run
    return self.func(*args, **kwargs)
           ^^^^^^^^^^^^^^^^^^^^^^^^^^
  File "/home/airflow/.local/lib/python3.12/site-packages/airflow/models/baseoperator.py", line 417, in wrapper
    return func(self, *args, **kwargs)
           ^^^^^^^^^^^^^^^^^^^^^^^^^^^
  File "/home/airflow/.local/lib/python3.12/site-packages/airflow/operators/python.py", line 238, in execute
    return_value = self.execute_callable()
                   ^^^^^^^^^^^^^^^^^^^^^^^
  File "/home/airflow/.local/lib/python3.12/site-packages/airflow/operators/python.py", line 256, in execute_callable
    return runner.run(*self.op_args, **self.op_kwargs)
           ^^^^^^^^^^^^^^^^^^^^^^^^^^^^^^^^^^^^^^^^^^^
  File "/home/airflow/.local/lib/python3.12/site-packages/airflow/utils/operator_helpers.py", line 252, in run
    return self.func(*args, **kwargs)
           ^^^^^^^^^^^^^^^^^^^^^^^^^^
  File "/opt/airflow/dags/airflow.py", line 51, in clean_missing_values
    df_prices = pd.read_csv(daily_trade_prices_df)
                ^^^^^^^^^^^^^^^^^^^^^^^^^^^^^^^^^^
  File "/home/airflow/.local/lib/python3.12/site-packages/pandas/io/parsers/readers.py", line 948, in read_csv
    return _read(filepath_or_buffer, kwds)
           ^^^^^^^^^^^^^^^^^^^^^^^^^^^^^^^
  File "/home/airflow/.local/lib/python3.12/site-packages/pandas/io/parsers/readers.py", line 611, in _read
    parser = TextFileReader(filepath_or_buffer, **kwds)
             ^^^^^^^^^^^^^^^^^^^^^^^^^^^^^^^^^^^^^^^^^^
  File "/home/airflow/.local/lib/python3.12/site-packages/pandas/io/parsers/readers.py", line 1448, in __init__
    self._engine = self._make_engine(f, self.engine)
                   ^^^^^^^^^^^^^^^^^^^^^^^^^^^^^^^^^
  File "/home/airflow/.local/lib/python3.12/site-packages/pandas/io/parsers/readers.py", line 1705, in _make_engine
    self.handles = get_handle(
                   ^^^^^^^^^^^
  File "/home/airflow/.local/lib/python3.12/site-packages/pandas/io/common.py", line 863, in get_handle
    handle = open(
             ^^^^^
FileNotFoundError: [Errno 2] No such file or directory: '../data/initial_datasets/daily_trade_prices.csv'
[2025-12-12T14:48:51.228+0000] {taskinstance.py:1225} INFO - Marking task as UP_FOR_RETRY. dag_id=stock_portfolio_pipeline_datafrogs, task_id=clean_missing_values, run_id=scheduled__2025-12-11T00:00:00+00:00, execution_date=20251211T000000, start_date=20251212T144851, end_date=20251212T144851
[2025-12-12T14:48:51.243+0000] {taskinstance.py:340} INFO - ::group::Post task execution logs
[2025-12-12T14:48:51.243+0000] {standard_task_runner.py:124} ERROR - Failed to execute job 18 for task clean_missing_values ([Errno 2] No such file or directory: '../data/initial_datasets/daily_trade_prices.csv'; 99)
Traceback (most recent call last):
  File "/home/airflow/.local/lib/python3.12/site-packages/airflow/task/task_runner/standard_task_runner.py", line 117, in _start_by_fork
    ret = args.func(args, dag=self.dag)
          ^^^^^^^^^^^^^^^^^^^^^^^^^^^^^
  File "/home/airflow/.local/lib/python3.12/site-packages/airflow/cli/cli_config.py", line 49, in command
    return func(*args, **kwargs)
           ^^^^^^^^^^^^^^^^^^^^^
  File "/home/airflow/.local/lib/python3.12/site-packages/airflow/utils/cli.py", line 116, in wrapper
    return f(*args, **kwargs)
           ^^^^^^^^^^^^^^^^^^
  File "/home/airflow/.local/lib/python3.12/site-packages/airflow/cli/commands/task_command.py", line 483, in task_run
    task_return_code = _run_task_by_selected_method(args, _dag, ti)
                       ^^^^^^^^^^^^^^^^^^^^^^^^^^^^^^^^^^^^^^^^^^^^
  File "/home/airflow/.local/lib/python3.12/site-packages/airflow/cli/commands/task_command.py", line 256, in _run_task_by_selected_method
    return _run_raw_task(args, ti)
           ^^^^^^^^^^^^^^^^^^^^^^^
  File "/home/airflow/.local/lib/python3.12/site-packages/airflow/cli/commands/task_command.py", line 341, in _run_raw_task
    return ti._run_raw_task(
           ^^^^^^^^^^^^^^^^^
  File "/home/airflow/.local/lib/python3.12/site-packages/airflow/utils/session.py", line 97, in wrapper
    return func(*args, session=session, **kwargs)
           ^^^^^^^^^^^^^^^^^^^^^^^^^^^^^^^^^^^^^^
  File "/home/airflow/.local/lib/python3.12/site-packages/airflow/models/taskinstance.py", line 3005, in _run_raw_task
    return _run_raw_task(
           ^^^^^^^^^^^^^^
  File "/home/airflow/.local/lib/python3.12/site-packages/airflow/models/taskinstance.py", line 273, in _run_raw_task
    TaskInstance._execute_task_with_callbacks(
  File "/home/airflow/.local/lib/python3.12/site-packages/airflow/models/taskinstance.py", line 3159, in _execute_task_with_callbacks
    result = self._execute_task(context, task_orig)
             ^^^^^^^^^^^^^^^^^^^^^^^^^^^^^^^^^^^^^^
  File "/home/airflow/.local/lib/python3.12/site-packages/airflow/models/taskinstance.py", line 3183, in _execute_task
    return _execute_task(self, context, task_orig)
           ^^^^^^^^^^^^^^^^^^^^^^^^^^^^^^^^^^^^^^^
  File "/home/airflow/.local/lib/python3.12/site-packages/airflow/models/taskinstance.py", line 767, in _execute_task
    result = _execute_callable(context=context, **execute_callable_kwargs)
             ^^^^^^^^^^^^^^^^^^^^^^^^^^^^^^^^^^^^^^^^^^^^^^^^^^^^^^^^^^^^^
  File "/home/airflow/.local/lib/python3.12/site-packages/airflow/models/taskinstance.py", line 733, in _execute_callable
    return ExecutionCallableRunner(
           ^^^^^^^^^^^^^^^^^^^^^^^^
  File "/home/airflow/.local/lib/python3.12/site-packages/airflow/utils/operator_helpers.py", line 252, in run
    return self.func(*args, **kwargs)
           ^^^^^^^^^^^^^^^^^^^^^^^^^^
  File "/home/airflow/.local/lib/python3.12/site-packages/airflow/models/baseoperator.py", line 417, in wrapper
    return func(self, *args, **kwargs)
           ^^^^^^^^^^^^^^^^^^^^^^^^^^^
  File "/home/airflow/.local/lib/python3.12/site-packages/airflow/operators/python.py", line 238, in execute
    return_value = self.execute_callable()
                   ^^^^^^^^^^^^^^^^^^^^^^^
  File "/home/airflow/.local/lib/python3.12/site-packages/airflow/operators/python.py", line 256, in execute_callable
    return runner.run(*self.op_args, **self.op_kwargs)
           ^^^^^^^^^^^^^^^^^^^^^^^^^^^^^^^^^^^^^^^^^^^
  File "/home/airflow/.local/lib/python3.12/site-packages/airflow/utils/operator_helpers.py", line 252, in run
    return self.func(*args, **kwargs)
           ^^^^^^^^^^^^^^^^^^^^^^^^^^
  File "/opt/airflow/dags/airflow.py", line 51, in clean_missing_values
    df_prices = pd.read_csv(daily_trade_prices_df)
                ^^^^^^^^^^^^^^^^^^^^^^^^^^^^^^^^^^
  File "/home/airflow/.local/lib/python3.12/site-packages/pandas/io/parsers/readers.py", line 948, in read_csv
    return _read(filepath_or_buffer, kwds)
           ^^^^^^^^^^^^^^^^^^^^^^^^^^^^^^^
  File "/home/airflow/.local/lib/python3.12/site-packages/pandas/io/parsers/readers.py", line 611, in _read
    parser = TextFileReader(filepath_or_buffer, **kwds)
             ^^^^^^^^^^^^^^^^^^^^^^^^^^^^^^^^^^^^^^^^^^
  File "/home/airflow/.local/lib/python3.12/site-packages/pandas/io/parsers/readers.py", line 1448, in __init__
    self._engine = self._make_engine(f, self.engine)
                   ^^^^^^^^^^^^^^^^^^^^^^^^^^^^^^^^^
  File "/home/airflow/.local/lib/python3.12/site-packages/pandas/io/parsers/readers.py", line 1705, in _make_engine
    self.handles = get_handle(
                   ^^^^^^^^^^^
  File "/home/airflow/.local/lib/python3.12/site-packages/pandas/io/common.py", line 863, in get_handle
    handle = open(
             ^^^^^
FileNotFoundError: [Errno 2] No such file or directory: '../data/initial_datasets/daily_trade_prices.csv'
[2025-12-12T14:48:51.257+0000] {local_task_job_runner.py:266} INFO - Task exited with return code 1
[2025-12-12T14:48:51.275+0000] {taskinstance.py:3895} INFO - 0 downstream tasks scheduled from follow-on schedule check
[2025-12-12T14:48:51.277+0000] {local_task_job_runner.py:245} INFO - ::endgroup::
[2025-12-12T22:53:12.214+0000] {local_task_job_runner.py:123} INFO - ::group::Pre task execution logs
[2025-12-12T22:53:12.245+0000] {taskinstance.py:2613} INFO - Dependencies all met for dep_context=non-requeueable deps ti=<TaskInstance: stock_portfolio_pipeline_datafrogs.clean_missing_values scheduled__2025-12-11T00:00:00+00:00 [queued]>
[2025-12-12T22:53:12.259+0000] {taskinstance.py:2613} INFO - Dependencies all met for dep_context=requeueable deps ti=<TaskInstance: stock_portfolio_pipeline_datafrogs.clean_missing_values scheduled__2025-12-11T00:00:00+00:00 [queued]>
[2025-12-12T22:53:12.260+0000] {taskinstance.py:2866} INFO - Starting attempt 1 of 2
[2025-12-12T22:53:12.283+0000] {taskinstance.py:2889} INFO - Executing <Task(PythonOperator): clean_missing_values> on 2025-12-11 00:00:00+00:00
[2025-12-12T22:53:12.303+0000] {warnings.py:112} WARNING - /home/***/.local/lib/python3.12/site-packages/***/task/task_runner/standard_task_runner.py:70: DeprecationWarning: This process (pid=81) is multi-threaded, use of fork() may lead to deadlocks in the child.
  pid = os.fork()

[2025-12-12T22:53:12.309+0000] {standard_task_runner.py:72} INFO - Started process 165 to run task
[2025-12-12T22:53:12.308+0000] {standard_task_runner.py:104} INFO - Running: ['***', 'tasks', 'run', 'stock_portfolio_pipeline_datafrogs', 'clean_missing_values', 'scheduled__2025-12-11T00:00:00+00:00', '--job-id', '12', '--raw', '--subdir', 'DAGS_FOLDER/***.py', '--cfg-path', '/tmp/tmpmnm_p975']
[2025-12-12T22:53:12.321+0000] {standard_task_runner.py:105} INFO - Job 12: Subtask clean_missing_values
[2025-12-12T22:53:12.477+0000] {task_command.py:467} INFO - Running <TaskInstance: stock_portfolio_pipeline_datafrogs.clean_missing_values scheduled__2025-12-11T00:00:00+00:00 [running]> on host 27674bca182e
[2025-12-12T22:53:12.622+0000] {taskinstance.py:3132} INFO - Exporting env vars: AIRFLOW_CTX_DAG_OWNER='data_engineering_team' AIRFLOW_CTX_DAG_ID='stock_portfolio_pipeline_datafrogs' AIRFLOW_CTX_TASK_ID='clean_missing_values' AIRFLOW_CTX_EXECUTION_DATE='2025-12-11T00:00:00+00:00' AIRFLOW_CTX_TRY_NUMBER='1' AIRFLOW_CTX_DAG_RUN_ID='scheduled__2025-12-11T00:00:00+00:00'
[2025-12-12T22:53:12.625+0000] {taskinstance.py:731} INFO - ::endgroup::
[2025-12-12T22:53:12.747+0000] {logging_mixin.py:190} INFO - ['STK001', 'STK004', 'STK009', 'STK012', 'STK019', 'STK020']
[2025-12-12T22:53:12.748+0000] {logging_mixin.py:190} INFO - 
--- 1. Cleaning Daily Trade Prices (Median Imputation) ---
[2025-12-12T22:53:12.772+0000] {logging_mixin.py:190} INFO - before: 0      130.215257
1      127.931982
2      126.531338
3      127.837687
4      127.140842
          ...    
499     69.335735
500     68.121566
501           NaN
502     65.273747
503     64.339639
Name: STK001, Length: 504, dtype: float64
[2025-12-12T22:53:12.775+0000] {logging_mixin.py:190} INFO - after: 0      130.215257
1      127.931982
2      126.531338
3      127.837687
4      127.140842
          ...    
499     69.335735
500     68.121566
501     59.600556
502     65.273747
503     64.339639
Name: STK001, Length: 504, dtype: float64
[2025-12-12T22:53:12.778+0000] {logging_mixin.py:190} INFO - before: 0       41.721087
1       42.372205
2       43.273956
3       43.307331
4       46.389494
          ...    
499    128.916005
500    130.281550
501    140.893661
502    139.516773
503    127.306615
Name: STK004, Length: 504, dtype: float64
[2025-12-12T22:53:12.780+0000] {logging_mixin.py:190} INFO - after: 0       41.721087
1       42.372205
2       43.273956
3       43.307331
4       46.389494
          ...    
499    128.916005
500    130.281550
501    140.893661
502    139.516773
503    127.306615
Name: STK004, Length: 504, dtype: float64
[2025-12-12T22:53:12.782+0000] {logging_mixin.py:190} INFO - before: 0      190.646814
1      188.642260
2      199.054913
3             NaN
4      203.068155
          ...    
499    470.879578
500    461.878269
501    468.931740
502    496.564161
503    481.856328
Name: STK009, Length: 504, dtype: float64
[2025-12-12T22:53:12.785+0000] {logging_mixin.py:190} INFO - after: 0      190.646814
1      188.642260
2      199.054913
3      377.454388
4      203.068155
          ...    
499    470.879578
500    461.878269
501    468.931740
502    496.564161
503    481.856328
Name: STK009, Length: 504, dtype: float64
[2025-12-12T22:53:12.788+0000] {logging_mixin.py:190} INFO - before: 0      30.019335
1            NaN
2      28.336211
3      27.706730
4      27.283299
         ...    
499     6.487325
500     6.159503
501     6.250882
502     6.332681
503     6.292752
Name: STK012, Length: 504, dtype: float64
[2025-12-12T22:53:12.790+0000] {logging_mixin.py:190} INFO - after: 0      30.019335
1      12.273066
2      28.336211
3      27.706730
4      27.283299
         ...    
499     6.487325
500     6.159503
501     6.250882
502     6.332681
503     6.292752
Name: STK012, Length: 504, dtype: float64
[2025-12-12T22:53:12.794+0000] {logging_mixin.py:190} INFO - before: 0      92.218536
1      93.324523
2      93.996184
3      92.687024
4      88.463448
         ...    
499    44.001697
500    42.214965
501          NaN
502    44.198919
503    44.721075
Name: STK019, Length: 504, dtype: float64
[2025-12-12T22:53:12.796+0000] {logging_mixin.py:190} INFO - after: 0      92.218536
1      93.324523
2      93.996184
3      92.687024
4      88.463448
         ...    
499    44.001697
500    42.214965
501    45.974139
502    44.198919
503    44.721075
Name: STK019, Length: 504, dtype: float64
[2025-12-12T22:53:12.798+0000] {logging_mixin.py:190} INFO - before: 0      96.962925
1            NaN
2      96.034921
3      96.281810
4      97.103757
         ...    
499    62.094238
500    61.431741
501    60.360109
502    60.752276
503    60.821082
Name: STK020, Length: 504, dtype: float64
[2025-12-12T22:53:12.801+0000] {logging_mixin.py:190} INFO - after: 0      96.962925
1      58.308000
2      96.034921
3      96.281810
4      97.103757
         ...    
499    62.094238
500    61.431741
501    60.360109
502    60.752276
503    60.821082
Name: STK020, Length: 504, dtype: float64
[2025-12-12T22:53:12.803+0000] {logging_mixin.py:190} INFO - All specified missing values have been successfully imputed.
[2025-12-12T22:53:12.873+0000] {python.py:240} INFO - Done. Returned value was: None
[2025-12-12T22:53:12.907+0000] {taskinstance.py:340} INFO - ::group::Post task execution logs
[2025-12-12T22:53:12.908+0000] {taskinstance.py:352} INFO - Marking task as SUCCESS. dag_id=stock_portfolio_pipeline_datafrogs, task_id=clean_missing_values, run_id=scheduled__2025-12-11T00:00:00+00:00, execution_date=20251211T000000, start_date=20251212T225312, end_date=20251212T225312
[2025-12-12T22:53:13.060+0000] {local_task_job_runner.py:266} INFO - Task exited with return code 0
[2025-12-12T22:53:13.102+0000] {taskinstance.py:3895} INFO - 1 downstream tasks scheduled from follow-on schedule check
[2025-12-12T22:53:13.105+0000] {local_task_job_runner.py:245} INFO - ::endgroup::
