[2025-12-14T09:44:22.379+0000] {local_task_job_runner.py:123} INFO - ::group::Pre task execution logs
[2025-12-14T09:44:22.402+0000] {taskinstance.py:2613} INFO - Dependencies all met for dep_context=non-requeueable deps ti=<TaskInstance: stock_portfolio_pipeline_datafrogs.start_visualization_service manual__2025-12-14T09:37:46.046319+00:00 [queued]>
[2025-12-14T09:44:22.414+0000] {taskinstance.py:2613} INFO - Dependencies all met for dep_context=requeueable deps ti=<TaskInstance: stock_portfolio_pipeline_datafrogs.start_visualization_service manual__2025-12-14T09:37:46.046319+00:00 [queued]>
[2025-12-14T09:44:22.414+0000] {taskinstance.py:2866} INFO - Starting attempt 1 of 2
[2025-12-14T09:44:22.424+0000] {taskinstance.py:2889} INFO - Executing <Task(BashOperator): start_visualization_service> on 2025-12-14 09:37:46.046319+00:00
[2025-12-14T09:44:22.435+0000] {warnings.py:112} WARNING - /home/***/.local/lib/python3.12/site-packages/***/task/task_runner/standard_task_runner.py:70: DeprecationWarning: This process (pid=4202) is multi-threaded, use of fork() may lead to deadlocks in the child.
  pid = os.fork()

[2025-12-14T09:44:22.436+0000] {standard_task_runner.py:72} INFO - Started process 4214 to run task
[2025-12-14T09:44:22.438+0000] {standard_task_runner.py:104} INFO - Running: ['***', 'tasks', 'run', 'stock_portfolio_pipeline_datafrogs', 'start_visualization_service', 'manual__2025-12-14T09:37:46.046319+00:00', '--job-id', '101', '--raw', '--subdir', 'DAGS_FOLDER/***.py', '--cfg-path', '/tmp/tmp_3hkx2ks']
[2025-12-14T09:44:22.442+0000] {standard_task_runner.py:105} INFO - Job 101: Subtask start_visualization_service
[2025-12-14T09:44:22.474+0000] {task_command.py:467} INFO - Running <TaskInstance: stock_portfolio_pipeline_datafrogs.start_visualization_service manual__2025-12-14T09:37:46.046319+00:00 [running]> on host 179bab7085b3
[2025-12-14T09:44:22.535+0000] {taskinstance.py:3132} INFO - Exporting env vars: AIRFLOW_CTX_DAG_OWNER='data_engineering_team' AIRFLOW_CTX_DAG_ID='stock_portfolio_pipeline_datafrogs' AIRFLOW_CTX_TASK_ID='start_visualization_service' AIRFLOW_CTX_EXECUTION_DATE='2025-12-14T09:37:46.046319+00:00' AIRFLOW_CTX_TRY_NUMBER='1' AIRFLOW_CTX_DAG_RUN_ID='manual__2025-12-14T09:37:46.046319+00:00'
[2025-12-14T09:44:22.536+0000] {taskinstance.py:731} INFO - ::endgroup::
[2025-12-14T09:44:22.550+0000] {subprocess.py:78} INFO - Tmp dir root location: /tmp
[2025-12-14T09:44:22.551+0000] {subprocess.py:88} INFO - Running command: ['/usr/bin/bash', '-c', 'streamlit run /opt/***/scripts/dashboard.py --server.port 8501 --server.address 0.0.0.0']
[2025-12-14T09:44:22.562+0000] {subprocess.py:99} INFO - Output:
[2025-12-14T09:44:23.298+0000] {subprocess.py:106} INFO - 
[2025-12-14T09:44:23.299+0000] {subprocess.py:106} INFO - Collecting usage statistics. To deactivate, set browser.gatherUsageStats to false.
[2025-12-14T09:44:23.299+0000] {subprocess.py:106} INFO - 
[2025-12-14T09:44:23.825+0000] {subprocess.py:106} INFO - 
[2025-12-14T09:44:23.826+0000] {subprocess.py:106} INFO -   You can now view your Streamlit app in your browser.
[2025-12-14T09:44:23.826+0000] {subprocess.py:106} INFO - 
[2025-12-14T09:44:23.827+0000] {subprocess.py:106} INFO -   URL: http://0.0.0.0:8501
[2025-12-14T09:44:23.827+0000] {subprocess.py:106} INFO - 
[2025-12-14T09:54:50.840+0000] {job.py:229} INFO - Heartbeat recovered after 18.10 seconds
[2025-12-14T09:55:01.627+0000] {local_task_job_runner.py:346} WARNING - State of this instance has been externally set to success. Terminating instance.
[2025-12-14T09:55:01.674+0000] {local_task_job_runner.py:245} INFO - ::endgroup::
[2025-12-14T09:55:01.690+0000] {process_utils.py:132} INFO - Sending 15 to group 4214. PIDs of all processes in the group: [4216, 4214]
[2025-12-14T09:55:01.693+0000] {process_utils.py:87} INFO - Sending the signal 15 to group 4214
[2025-12-14T09:55:01.695+0000] {taskinstance.py:3093} ERROR - Received SIGTERM. Terminating subprocesses.
[2025-12-14T09:55:01.701+0000] {subprocess.py:117} INFO - Sending SIGTERM signal to process group
[2025-12-14T09:55:01.916+0000] {taskinstance.py:340} INFO - ::group::Post task execution logs
[2025-12-14T09:55:02.028+0000] {process_utils.py:80} INFO - Process psutil.Process(pid=4214, status='terminated', exitcode=0, started='09:44:22') (4214) terminated with exit code 0
[2025-12-14T09:55:02.211+0000] {process_utils.py:80} INFO - Process psutil.Process(pid=4216, status='terminated', started='09:44:22') (4216) terminated with exit code None
