[2025-12-13T18:54:13.246+0000] {local_task_job_runner.py:123} INFO - ::group::Pre task execution logs
[2025-12-13T18:54:13.261+0000] {taskinstance.py:2613} INFO - Dependencies all met for dep_context=non-requeueable deps ti=<TaskInstance: stock_portfolio_pipeline_datafrogs.detect_outliers manual__2025-12-13T18:53:58.177829+00:00 [queued]>
[2025-12-13T18:54:13.266+0000] {taskinstance.py:2613} INFO - Dependencies all met for dep_context=requeueable deps ti=<TaskInstance: stock_portfolio_pipeline_datafrogs.detect_outliers manual__2025-12-13T18:53:58.177829+00:00 [queued]>
[2025-12-13T18:54:13.267+0000] {taskinstance.py:2866} INFO - Starting attempt 1 of 2
[2025-12-13T18:54:13.279+0000] {taskinstance.py:2889} INFO - Executing <Task(PythonOperator): detect_outliers> on 2025-12-13 18:53:58.177829+00:00
[2025-12-13T18:54:13.292+0000] {warnings.py:112} WARNING - /home/***/.local/lib/python3.12/site-packages/***/task/task_runner/standard_task_runner.py:70: DeprecationWarning: This process (pid=4136) is multi-threaded, use of fork() may lead to deadlocks in the child.
  pid = os.fork()

[2025-12-13T18:54:13.295+0000] {standard_task_runner.py:104} INFO - Running: ['***', 'tasks', 'run', 'stock_portfolio_pipeline_datafrogs', 'detect_outliers', 'manual__2025-12-13T18:53:58.177829+00:00', '--job-id', '165', '--raw', '--subdir', 'DAGS_FOLDER/***.py', '--cfg-path', '/tmp/tmpt0l4qduc']
[2025-12-13T18:54:13.301+0000] {standard_task_runner.py:72} INFO - Started process 4164 to run task
[2025-12-13T18:54:13.302+0000] {standard_task_runner.py:105} INFO - Job 165: Subtask detect_outliers
[2025-12-13T18:54:13.373+0000] {task_command.py:467} INFO - Running <TaskInstance: stock_portfolio_pipeline_datafrogs.detect_outliers manual__2025-12-13T18:53:58.177829+00:00 [running]> on host 686b42cad89b
[2025-12-13T18:54:13.590+0000] {taskinstance.py:3132} INFO - Exporting env vars: AIRFLOW_CTX_DAG_OWNER='data_engineering_team' AIRFLOW_CTX_DAG_ID='stock_portfolio_pipeline_datafrogs' AIRFLOW_CTX_TASK_ID='detect_outliers' AIRFLOW_CTX_EXECUTION_DATE='2025-12-13T18:53:58.177829+00:00' AIRFLOW_CTX_TRY_NUMBER='1' AIRFLOW_CTX_DAG_RUN_ID='manual__2025-12-13T18:53:58.177829+00:00'
[2025-12-13T18:54:13.597+0000] {taskinstance.py:731} INFO - ::endgroup::
[2025-12-13T18:54:13.624+0000] {logging_mixin.py:190} INFO - 
--- 2. Handling Outliers ---
[2025-12-13T18:54:13.768+0000] {logging_mixin.py:190} INFO - STK001: 15.476% outliers
[2025-12-13T18:54:13.776+0000] {logging_mixin.py:190} INFO - STK002: 0.000% outliers
[2025-12-13T18:54:13.777+0000] {logging_mixin.py:190} INFO - STK003: 3.770% outliers
[2025-12-13T18:54:13.780+0000] {logging_mixin.py:190} INFO - STK004: 2.778% outliers
[2025-12-13T18:54:13.783+0000] {logging_mixin.py:190} INFO - STK005: 0.000% outliers
[2025-12-13T18:54:13.789+0000] {logging_mixin.py:190} INFO - STK006: 0.000% outliers
[2025-12-13T18:54:13.798+0000] {logging_mixin.py:190} INFO - STK007: 6.349% outliers
[2025-12-13T18:54:13.802+0000] {logging_mixin.py:190} INFO - STK008: 0.000% outliers
[2025-12-13T18:54:13.804+0000] {logging_mixin.py:190} INFO - STK009: 1.190% outliers
[2025-12-13T18:54:13.807+0000] {logging_mixin.py:190} INFO - STK010: 0.000% outliers
[2025-12-13T18:54:13.808+0000] {logging_mixin.py:190} INFO - STK011: 0.198% outliers
[2025-12-13T18:54:13.810+0000] {logging_mixin.py:190} INFO - STK012: 0.000% outliers
[2025-12-13T18:54:13.811+0000] {logging_mixin.py:190} INFO - STK013: 0.000% outliers
[2025-12-13T18:54:13.812+0000] {logging_mixin.py:190} INFO - STK014: 0.198% outliers
[2025-12-13T18:54:13.813+0000] {logging_mixin.py:190} INFO - STK015: 0.000% outliers
[2025-12-13T18:54:13.815+0000] {logging_mixin.py:190} INFO - STK016: 0.000% outliers
[2025-12-13T18:54:13.817+0000] {logging_mixin.py:190} INFO - STK017: 0.000% outliers
[2025-12-13T18:54:13.818+0000] {logging_mixin.py:190} INFO - STK018: 0.000% outliers
[2025-12-13T18:54:13.820+0000] {logging_mixin.py:190} INFO - STK019: 7.341% outliers
[2025-12-13T18:54:13.822+0000] {logging_mixin.py:190} INFO - STK020: 0.397% outliers
[2025-12-13T18:54:13.825+0000] {logging_mixin.py:190} INFO - quantity: 7.650% outliers
[2025-12-13T18:54:13.827+0000] {logging_mixin.py:190} INFO - average_trade_size: 25.250% outliers
[2025-12-13T18:54:13.828+0000] {logging_mixin.py:190} INFO - cumulative_portfolio_value: 10.370% outliers
[2025-12-13T18:54:14.099+0000] {python.py:240} INFO - Done. Returned value was: None
[2025-12-13T18:54:31.895+0000] {taskinstance.py:340} INFO - ::group::Post task execution logs
[2025-12-13T18:54:31.918+0000] {taskinstance.py:352} INFO - Marking task as SUCCESS. dag_id=stock_portfolio_pipeline_datafrogs, task_id=detect_outliers, run_id=manual__2025-12-13T18:53:58.177829+00:00, execution_date=20251213T185358, start_date=20251213T185413, end_date=20251213T185431
[2025-12-13T18:54:31.975+0000] {job.py:229} INFO - Heartbeat recovered after 18.78 seconds
[2025-12-13T18:54:32.234+0000] {local_task_job_runner.py:266} INFO - Task exited with return code 0
[2025-12-13T18:54:32.290+0000] {local_task_job_runner.py:245} INFO - ::endgroup::
