[2025-12-13T11:06:27.526+0000] {local_task_job_runner.py:123} INFO - ::group::Pre task execution logs
[2025-12-13T11:06:27.547+0000] {taskinstance.py:2613} INFO - Dependencies all met for dep_context=non-requeueable deps ti=<TaskInstance: stock_portfolio_pipeline_datafrogs.detect_outliers manual__2025-12-13T11:06:18.086142+00:00 [queued]>
[2025-12-13T11:06:27.555+0000] {taskinstance.py:2613} INFO - Dependencies all met for dep_context=requeueable deps ti=<TaskInstance: stock_portfolio_pipeline_datafrogs.detect_outliers manual__2025-12-13T11:06:18.086142+00:00 [queued]>
[2025-12-13T11:06:27.556+0000] {taskinstance.py:2866} INFO - Starting attempt 1 of 2
[2025-12-13T11:06:27.570+0000] {taskinstance.py:2889} INFO - Executing <Task(PythonOperator): detect_outliers> on 2025-12-13 11:06:18.086142+00:00
[2025-12-13T11:06:27.580+0000] {warnings.py:112} WARNING - /home/***/.local/lib/python3.12/site-packages/***/task/task_runner/standard_task_runner.py:70: DeprecationWarning: This process (pid=139) is multi-threaded, use of fork() may lead to deadlocks in the child.
  pid = os.fork()

[2025-12-13T11:06:27.583+0000] {standard_task_runner.py:72} INFO - Started process 166 to run task
[2025-12-13T11:06:27.583+0000] {standard_task_runner.py:104} INFO - Running: ['***', 'tasks', 'run', 'stock_portfolio_pipeline_datafrogs', 'detect_outliers', 'manual__2025-12-13T11:06:18.086142+00:00', '--job-id', '104', '--raw', '--subdir', 'DAGS_FOLDER/***.py', '--cfg-path', '/tmp/tmp77lq9dzc']
[2025-12-13T11:06:27.586+0000] {standard_task_runner.py:105} INFO - Job 104: Subtask detect_outliers
[2025-12-13T11:06:27.643+0000] {task_command.py:467} INFO - Running <TaskInstance: stock_portfolio_pipeline_datafrogs.detect_outliers manual__2025-12-13T11:06:18.086142+00:00 [running]> on host 30a1c2d5c063
[2025-12-13T11:06:27.751+0000] {taskinstance.py:3132} INFO - Exporting env vars: AIRFLOW_CTX_DAG_OWNER='data_engineering_team' AIRFLOW_CTX_DAG_ID='stock_portfolio_pipeline_datafrogs' AIRFLOW_CTX_TASK_ID='detect_outliers' AIRFLOW_CTX_EXECUTION_DATE='2025-12-13T11:06:18.086142+00:00' AIRFLOW_CTX_TRY_NUMBER='1' AIRFLOW_CTX_DAG_RUN_ID='manual__2025-12-13T11:06:18.086142+00:00'
[2025-12-13T11:06:27.753+0000] {taskinstance.py:731} INFO - ::endgroup::
[2025-12-13T11:06:27.772+0000] {logging_mixin.py:190} INFO - 
--- 2. Handling Outliers ---
[2025-12-13T11:06:27.844+0000] {logging_mixin.py:190} INFO - STK001: 15.476% outliers
[2025-12-13T11:06:27.850+0000] {logging_mixin.py:190} INFO - STK002: 0.000% outliers
[2025-12-13T11:06:27.857+0000] {logging_mixin.py:190} INFO - STK003: 3.770% outliers
[2025-12-13T11:06:27.864+0000] {logging_mixin.py:190} INFO - STK004: 2.778% outliers
[2025-12-13T11:06:27.868+0000] {logging_mixin.py:190} INFO - STK005: 0.000% outliers
[2025-12-13T11:06:27.873+0000] {logging_mixin.py:190} INFO - STK006: 0.000% outliers
[2025-12-13T11:06:27.878+0000] {logging_mixin.py:190} INFO - STK007: 6.349% outliers
[2025-12-13T11:06:27.881+0000] {logging_mixin.py:190} INFO - STK008: 0.000% outliers
[2025-12-13T11:06:27.885+0000] {logging_mixin.py:190} INFO - STK009: 1.190% outliers
[2025-12-13T11:06:27.888+0000] {logging_mixin.py:190} INFO - STK010: 0.000% outliers
[2025-12-13T11:06:27.893+0000] {logging_mixin.py:190} INFO - STK011: 0.198% outliers
[2025-12-13T11:06:27.897+0000] {logging_mixin.py:190} INFO - STK012: 0.000% outliers
[2025-12-13T11:06:27.900+0000] {logging_mixin.py:190} INFO - STK013: 0.000% outliers
[2025-12-13T11:06:27.906+0000] {logging_mixin.py:190} INFO - STK014: 0.198% outliers
[2025-12-13T11:06:27.912+0000] {logging_mixin.py:190} INFO - STK015: 0.000% outliers
[2025-12-13T11:06:27.917+0000] {logging_mixin.py:190} INFO - STK016: 0.000% outliers
[2025-12-13T11:06:27.923+0000] {logging_mixin.py:190} INFO - STK017: 0.000% outliers
[2025-12-13T11:06:27.929+0000] {logging_mixin.py:190} INFO - STK018: 0.000% outliers
[2025-12-13T11:06:27.934+0000] {logging_mixin.py:190} INFO - STK019: 7.341% outliers
[2025-12-13T11:06:27.938+0000] {logging_mixin.py:190} INFO - STK020: 0.397% outliers
[2025-12-13T11:06:27.943+0000] {logging_mixin.py:190} INFO - quantity: 7.650% outliers
[2025-12-13T11:06:27.948+0000] {logging_mixin.py:190} INFO - average_trade_size: 25.250% outliers
[2025-12-13T11:06:27.955+0000] {logging_mixin.py:190} INFO - cumulative_portfolio_value: 10.370% outliers
[2025-12-13T11:06:28.084+0000] {python.py:240} INFO - Done. Returned value was: None
[2025-12-13T11:06:28.096+0000] {taskinstance.py:340} INFO - ::group::Post task execution logs
[2025-12-13T11:06:28.097+0000] {taskinstance.py:352} INFO - Marking task as SUCCESS. dag_id=stock_portfolio_pipeline_datafrogs, task_id=detect_outliers, run_id=manual__2025-12-13T11:06:18.086142+00:00, execution_date=20251213T110618, start_date=20251213T110627, end_date=20251213T110628
[2025-12-13T11:06:28.119+0000] {local_task_job_runner.py:266} INFO - Task exited with return code 0
[2025-12-13T11:06:28.128+0000] {local_task_job_runner.py:245} INFO - ::endgroup::
