[2025-12-14T10:00:42.807+0000] {local_task_job_runner.py:123} INFO - ::group::Pre task execution logs
[2025-12-14T10:00:42.819+0000] {taskinstance.py:2613} INFO - Dependencies all met for dep_context=non-requeueable deps ti=<TaskInstance: stock_portfolio_pipeline_datafrogs.prepare_streaming_data manual__2025-12-14T10:00:39.251529+00:00 [queued]>
[2025-12-14T10:00:42.824+0000] {taskinstance.py:2613} INFO - Dependencies all met for dep_context=requeueable deps ti=<TaskInstance: stock_portfolio_pipeline_datafrogs.prepare_streaming_data manual__2025-12-14T10:00:39.251529+00:00 [queued]>
[2025-12-14T10:00:42.826+0000] {taskinstance.py:2866} INFO - Starting attempt 1 of 2
[2025-12-14T10:00:42.836+0000] {taskinstance.py:2889} INFO - Executing <Task(PythonOperator): prepare_streaming_data> on 2025-12-14 10:00:39.251529+00:00
[2025-12-14T10:00:42.848+0000] {warnings.py:112} WARNING - /home/***/.local/lib/python3.12/site-packages/***/task/task_runner/standard_task_runner.py:70: DeprecationWarning: This process (pid=5401) is multi-threaded, use of fork() may lead to deadlocks in the child.
  pid = os.fork()

[2025-12-14T10:00:42.849+0000] {standard_task_runner.py:72} INFO - Started process 5421 to run task
[2025-12-14T10:00:42.851+0000] {standard_task_runner.py:104} INFO - Running: ['***', 'tasks', 'run', 'stock_portfolio_pipeline_datafrogs', 'prepare_streaming_data', 'manual__2025-12-14T10:00:39.251529+00:00', '--job-id', '126', '--raw', '--subdir', 'DAGS_FOLDER/***.py', '--cfg-path', '/tmp/tmpjwzihy83']
[2025-12-14T10:00:42.853+0000] {standard_task_runner.py:105} INFO - Job 126: Subtask prepare_streaming_data
[2025-12-14T10:00:42.892+0000] {task_command.py:467} INFO - Running <TaskInstance: stock_portfolio_pipeline_datafrogs.prepare_streaming_data manual__2025-12-14T10:00:39.251529+00:00 [running]> on host 179bab7085b3
[2025-12-14T10:00:43.002+0000] {taskinstance.py:3132} INFO - Exporting env vars: AIRFLOW_CTX_DAG_OWNER='data_engineering_team' AIRFLOW_CTX_DAG_ID='stock_portfolio_pipeline_datafrogs' AIRFLOW_CTX_TASK_ID='prepare_streaming_data' AIRFLOW_CTX_EXECUTION_DATE='2025-12-14T10:00:39.251529+00:00' AIRFLOW_CTX_TRY_NUMBER='1' AIRFLOW_CTX_DAG_RUN_ID='manual__2025-12-14T10:00:39.251529+00:00'
[2025-12-14T10:00:43.004+0000] {taskinstance.py:731} INFO - ::endgroup::
[2025-12-14T10:00:43.109+0000] {logging_mixin.py:190} INFO - dataframe length 10000
[2025-12-14T10:00:43.127+0000] {logging_mixin.py:190} INFO - streaming length 500
[2025-12-14T10:00:43.131+0000] {logging_mixin.py:190} INFO - remaining encoded length 9500
[2025-12-14T10:00:43.322+0000] {python.py:240} INFO - Done. Returned value was: None
[2025-12-14T10:00:43.338+0000] {taskinstance.py:340} INFO - ::group::Post task execution logs
[2025-12-14T10:00:43.339+0000] {taskinstance.py:352} INFO - Marking task as SUCCESS. dag_id=stock_portfolio_pipeline_datafrogs, task_id=prepare_streaming_data, run_id=manual__2025-12-14T10:00:39.251529+00:00, execution_date=20251214T100039, start_date=20251214T100042, end_date=20251214T100043
[2025-12-14T10:00:43.391+0000] {local_task_job_runner.py:266} INFO - Task exited with return code 0
[2025-12-14T10:00:43.455+0000] {taskinstance.py:3895} INFO - 1 downstream tasks scheduled from follow-on schedule check
[2025-12-14T10:00:43.459+0000] {local_task_job_runner.py:245} INFO - ::endgroup::
