[2025-12-13T20:22:28.608+0000] {local_task_job_runner.py:123} INFO - ::group::Pre task execution logs
[2025-12-13T20:22:28.641+0000] {taskinstance.py:2613} INFO - Dependencies all met for dep_context=non-requeueable deps ti=<TaskInstance: stock_portfolio_pipeline_datafrogs.initialize_spark_session manual__2025-12-13T20:22:19.151059+00:00 [queued]>
[2025-12-13T20:22:28.649+0000] {taskinstance.py:2613} INFO - Dependencies all met for dep_context=requeueable deps ti=<TaskInstance: stock_portfolio_pipeline_datafrogs.initialize_spark_session manual__2025-12-13T20:22:19.151059+00:00 [queued]>
[2025-12-13T20:22:28.649+0000] {taskinstance.py:2866} INFO - Starting attempt 1 of 2
[2025-12-13T20:22:28.665+0000] {taskinstance.py:2889} INFO - Executing <Task(PythonOperator): initialize_spark_session> on 2025-12-13 20:22:19.151059+00:00
[2025-12-13T20:22:28.691+0000] {warnings.py:112} WARNING - /home/***/.local/lib/python3.12/site-packages/***/task/task_runner/standard_task_runner.py:70: DeprecationWarning: This process (pid=114) is multi-threaded, use of fork() may lead to deadlocks in the child.
  pid = os.fork()

[2025-12-13T20:22:28.696+0000] {standard_task_runner.py:72} INFO - Started process 193 to run task
[2025-12-13T20:22:28.696+0000] {standard_task_runner.py:104} INFO - Running: ['***', 'tasks', 'run', 'stock_portfolio_pipeline_datafrogs', 'initialize_spark_session', 'manual__2025-12-13T20:22:19.151059+00:00', '--job-id', '317', '--raw', '--subdir', 'DAGS_FOLDER/***.py', '--cfg-path', '/tmp/tmphzy90ss_']
[2025-12-13T20:22:28.708+0000] {standard_task_runner.py:105} INFO - Job 317: Subtask initialize_spark_session
[2025-12-13T20:22:28.784+0000] {task_command.py:467} INFO - Running <TaskInstance: stock_portfolio_pipeline_datafrogs.initialize_spark_session manual__2025-12-13T20:22:19.151059+00:00 [running]> on host 139938a689f3
[2025-12-13T20:22:29.069+0000] {taskinstance.py:3132} INFO - Exporting env vars: AIRFLOW_CTX_DAG_OWNER='data_engineering_team' AIRFLOW_CTX_DAG_ID='stock_portfolio_pipeline_datafrogs' AIRFLOW_CTX_TASK_ID='initialize_spark_session' AIRFLOW_CTX_EXECUTION_DATE='2025-12-13T20:22:19.151059+00:00' AIRFLOW_CTX_TRY_NUMBER='1' AIRFLOW_CTX_DAG_RUN_ID='manual__2025-12-13T20:22:19.151059+00:00'
[2025-12-13T20:22:29.075+0000] {taskinstance.py:731} INFO - ::endgroup::
[2025-12-13T20:22:53.560+0000] {job.py:229} INFO - Heartbeat recovered after 12.95 seconds
[2025-12-13T20:23:16.328+0000] {job.py:229} INFO - Heartbeat recovered after 22.85 seconds
[2025-12-13T20:23:59.458+0000] {python.py:240} INFO - Done. Returned value was: None
[2025-12-13T20:24:01.442+0000] {taskinstance.py:340} INFO - ::group::Post task execution logs
[2025-12-13T20:24:01.488+0000] {taskinstance.py:352} INFO - Marking task as SUCCESS. dag_id=stock_portfolio_pipeline_datafrogs, task_id=initialize_spark_session, run_id=manual__2025-12-13T20:22:19.151059+00:00, execution_date=20251213T202219, start_date=20251213T202228, end_date=20251213T202401
[2025-12-13T20:24:03.959+0000] {local_task_job_runner.py:266} INFO - Task exited with return code 0
[2025-12-13T20:24:05.820+0000] {taskinstance.py:3895} INFO - 0 downstream tasks scheduled from follow-on schedule check
[2025-12-13T20:24:06.112+0000] {local_task_job_runner.py:245} INFO - ::endgroup::
