[2025-12-14T12:08:19.967+0000] {local_task_job_runner.py:123} INFO - ::group::Pre task execution logs
[2025-12-14T12:08:19.984+0000] {taskinstance.py:2613} INFO - Dependencies all met for dep_context=non-requeueable deps ti=<TaskInstance: stock_portfolio_pipeline_datafrogs.encode_categorical_data manual__2025-12-14T12:00:39.630043+00:00 [queued]>
[2025-12-14T12:08:19.992+0000] {taskinstance.py:2613} INFO - Dependencies all met for dep_context=requeueable deps ti=<TaskInstance: stock_portfolio_pipeline_datafrogs.encode_categorical_data manual__2025-12-14T12:00:39.630043+00:00 [queued]>
[2025-12-14T12:08:19.993+0000] {taskinstance.py:2866} INFO - Starting attempt 1 of 2
[2025-12-14T12:08:20.007+0000] {taskinstance.py:2889} INFO - Executing <Task(PythonOperator): encode_categorical_data> on 2025-12-14 12:00:39.630043+00:00
[2025-12-14T12:08:20.029+0000] {warnings.py:112} WARNING - /home/***/.local/lib/python3.12/site-packages/***/task/task_runner/standard_task_runner.py:70: DeprecationWarning: This process (pid=4972) is multi-threaded, use of fork() may lead to deadlocks in the child.
  pid = os.fork()

[2025-12-14T12:08:20.036+0000] {standard_task_runner.py:72} INFO - Started process 5025 to run task
[2025-12-14T12:08:20.032+0000] {standard_task_runner.py:104} INFO - Running: ['***', 'tasks', 'run', 'stock_portfolio_pipeline_datafrogs', 'encode_categorical_data', 'manual__2025-12-14T12:00:39.630043+00:00', '--job-id', '305', '--raw', '--subdir', 'DAGS_FOLDER/***.py', '--cfg-path', '/tmp/tmp8zcu5fun']
[2025-12-14T12:08:20.038+0000] {standard_task_runner.py:105} INFO - Job 305: Subtask encode_categorical_data
[2025-12-14T12:08:20.101+0000] {task_command.py:467} INFO - Running <TaskInstance: stock_portfolio_pipeline_datafrogs.encode_categorical_data manual__2025-12-14T12:00:39.630043+00:00 [running]> on host 79a4b2d0a09e
[2025-12-14T12:08:20.174+0000] {taskinstance.py:3132} INFO - Exporting env vars: AIRFLOW_CTX_DAG_OWNER='data_engineering_team' AIRFLOW_CTX_DAG_ID='stock_portfolio_pipeline_datafrogs' AIRFLOW_CTX_TASK_ID='encode_categorical_data' AIRFLOW_CTX_EXECUTION_DATE='2025-12-14T12:00:39.630043+00:00' AIRFLOW_CTX_TRY_NUMBER='1' AIRFLOW_CTX_DAG_RUN_ID='manual__2025-12-14T12:00:39.630043+00:00'
[2025-12-14T12:08:20.176+0000] {taskinstance.py:731} INFO - ::endgroup::
[2025-12-14T12:08:20.475+0000] {logging_mixin.py:190} INFO -     Column Name  ...                                      Encoded Value
0      day_name  ...                                    [0, 1, 2, 3, 4]
1  stock_ticker  ...  [0, 1, 2, 3, 4, 5, 6, 7, 8, 9, 10, 11, 12, 13,...
2    is_weekend  ...                                             [0, 1]
3    is_holiday  ...                                             [0, 1]

[4 rows x 3 columns]
[2025-12-14T12:08:20.476+0000] {python.py:240} INFO - Done. Returned value was: None
[2025-12-14T12:08:20.483+0000] {taskinstance.py:340} INFO - ::group::Post task execution logs
[2025-12-14T12:08:20.483+0000] {taskinstance.py:352} INFO - Marking task as SUCCESS. dag_id=stock_portfolio_pipeline_datafrogs, task_id=encode_categorical_data, run_id=manual__2025-12-14T12:00:39.630043+00:00, execution_date=20251214T120039, start_date=20251214T120819, end_date=20251214T120820
[2025-12-14T12:08:20.501+0000] {local_task_job_runner.py:266} INFO - Task exited with return code 0
[2025-12-14T12:08:20.514+0000] {taskinstance.py:3895} INFO - 0 downstream tasks scheduled from follow-on schedule check
[2025-12-14T12:08:20.515+0000] {local_task_job_runner.py:245} INFO - ::endgroup::
