[2025-12-13T18:09:49.031+0000] {local_task_job_runner.py:123} INFO - ::group::Pre task execution logs
[2025-12-13T18:09:49.041+0000] {taskinstance.py:2613} INFO - Dependencies all met for dep_context=non-requeueable deps ti=<TaskInstance: stock_portfolio_pipeline_datafrogs.integrate_datasets manual__2025-12-13T18:03:25.590117+00:00 [queued]>
[2025-12-13T18:09:49.046+0000] {taskinstance.py:2613} INFO - Dependencies all met for dep_context=requeueable deps ti=<TaskInstance: stock_portfolio_pipeline_datafrogs.integrate_datasets manual__2025-12-13T18:03:25.590117+00:00 [queued]>
[2025-12-13T18:09:49.046+0000] {taskinstance.py:2866} INFO - Starting attempt 1 of 2
[2025-12-13T18:09:49.052+0000] {taskinstance.py:2889} INFO - Executing <Task(PythonOperator): integrate_datasets> on 2025-12-13 18:03:25.590117+00:00
[2025-12-13T18:09:49.061+0000] {warnings.py:112} WARNING - /home/***/.local/lib/python3.12/site-packages/***/task/task_runner/standard_task_runner.py:70: DeprecationWarning: This process (pid=2070) is multi-threaded, use of fork() may lead to deadlocks in the child.
  pid = os.fork()

[2025-12-13T18:09:49.062+0000] {standard_task_runner.py:72} INFO - Started process 2075 to run task
[2025-12-13T18:09:49.063+0000] {standard_task_runner.py:104} INFO - Running: ['***', 'tasks', 'run', 'stock_portfolio_pipeline_datafrogs', 'integrate_datasets', 'manual__2025-12-13T18:03:25.590117+00:00', '--job-id', '125', '--raw', '--subdir', 'DAGS_FOLDER/***.py', '--cfg-path', '/tmp/tmplv9k4p0s']
[2025-12-13T18:09:49.065+0000] {standard_task_runner.py:105} INFO - Job 125: Subtask integrate_datasets
[2025-12-13T18:09:49.089+0000] {task_command.py:467} INFO - Running <TaskInstance: stock_portfolio_pipeline_datafrogs.integrate_datasets manual__2025-12-13T18:03:25.590117+00:00 [running]> on host 686b42cad89b
[2025-12-13T18:09:49.124+0000] {taskinstance.py:3132} INFO - Exporting env vars: AIRFLOW_CTX_DAG_OWNER='data_engineering_team' AIRFLOW_CTX_DAG_ID='stock_portfolio_pipeline_datafrogs' AIRFLOW_CTX_TASK_ID='integrate_datasets' AIRFLOW_CTX_EXECUTION_DATE='2025-12-13T18:03:25.590117+00:00' AIRFLOW_CTX_TRY_NUMBER='1' AIRFLOW_CTX_DAG_RUN_ID='manual__2025-12-13T18:03:25.590117+00:00'
[2025-12-13T18:09:49.125+0000] {taskinstance.py:731} INFO - ::endgroup::
[2025-12-13T18:09:49.134+0000] {logging_mixin.py:190} INFO - 
--- 3. Merging Datasets ---
[2025-12-13T18:09:49.171+0000] {logging_mixin.py:190} INFO -  Final merged DataFrame created with 10000 rows and 16 columns.
[2025-12-13T18:09:49.245+0000] {python.py:240} INFO - Done. Returned value was: None
[2025-12-13T18:09:49.254+0000] {taskinstance.py:340} INFO - ::group::Post task execution logs
[2025-12-13T18:09:49.255+0000] {taskinstance.py:352} INFO - Marking task as SUCCESS. dag_id=stock_portfolio_pipeline_datafrogs, task_id=integrate_datasets, run_id=manual__2025-12-13T18:03:25.590117+00:00, execution_date=20251213T180325, start_date=20251213T180949, end_date=20251213T180949
[2025-12-13T18:09:49.278+0000] {local_task_job_runner.py:266} INFO - Task exited with return code 0
[2025-12-13T18:09:49.291+0000] {taskinstance.py:3895} INFO - 1 downstream tasks scheduled from follow-on schedule check
[2025-12-13T18:09:49.292+0000] {local_task_job_runner.py:245} INFO - ::endgroup::
