[2025-12-14T08:13:19.147+0000] {local_task_job_runner.py:123} INFO - ::group::Pre task execution logs
[2025-12-14T08:13:19.156+0000] {taskinstance.py:2613} INFO - Dependencies all met for dep_context=non-requeueable deps ti=<TaskInstance: stock_portfolio_pipeline_datafrogs.prepare_visualization manual__2025-12-14T08:10:42.184055+00:00 [queued]>
[2025-12-14T08:13:19.160+0000] {taskinstance.py:2613} INFO - Dependencies all met for dep_context=requeueable deps ti=<TaskInstance: stock_portfolio_pipeline_datafrogs.prepare_visualization manual__2025-12-14T08:10:42.184055+00:00 [queued]>
[2025-12-14T08:13:19.160+0000] {taskinstance.py:2866} INFO - Starting attempt 1 of 2
[2025-12-14T08:13:19.166+0000] {taskinstance.py:2889} INFO - Executing <Task(PythonOperator): prepare_visualization> on 2025-12-14 08:10:42.184055+00:00
[2025-12-14T08:13:19.177+0000] {warnings.py:112} WARNING - /home/***/.local/lib/python3.12/site-packages/***/task/task_runner/standard_task_runner.py:70: DeprecationWarning: This process (pid=1213) is multi-threaded, use of fork() may lead to deadlocks in the child.
  pid = os.fork()

[2025-12-14T08:13:19.178+0000] {standard_task_runner.py:72} INFO - Started process 1223 to run task
[2025-12-14T08:13:19.178+0000] {standard_task_runner.py:104} INFO - Running: ['***', 'tasks', 'run', 'stock_portfolio_pipeline_datafrogs', 'prepare_visualization', 'manual__2025-12-14T08:10:42.184055+00:00', '--job-id', '458', '--raw', '--subdir', 'DAGS_FOLDER/***.py', '--cfg-path', '/tmp/tmp6ngvzv8g']
[2025-12-14T08:13:19.181+0000] {standard_task_runner.py:105} INFO - Job 458: Subtask prepare_visualization
[2025-12-14T08:13:19.220+0000] {task_command.py:467} INFO - Running <TaskInstance: stock_portfolio_pipeline_datafrogs.prepare_visualization manual__2025-12-14T08:10:42.184055+00:00 [running]> on host 2211a8f7907d
[2025-12-14T08:13:19.270+0000] {taskinstance.py:3132} INFO - Exporting env vars: AIRFLOW_CTX_DAG_OWNER='data_engineering_team' AIRFLOW_CTX_DAG_ID='stock_portfolio_pipeline_datafrogs' AIRFLOW_CTX_TASK_ID='prepare_visualization' AIRFLOW_CTX_EXECUTION_DATE='2025-12-14T08:10:42.184055+00:00' AIRFLOW_CTX_TRY_NUMBER='1' AIRFLOW_CTX_DAG_RUN_ID='manual__2025-12-14T08:10:42.184055+00:00'
[2025-12-14T08:13:19.271+0000] {taskinstance.py:731} INFO - ::endgroup::
[2025-12-14T08:13:19.286+0000] {logging_mixin.py:190} INFO - === Starting Prepare Visualization Task ===
[2025-12-14T08:13:19.287+0000] {logging_mixin.py:190} INFO - Reading from: /opt/***/data/streaming_dataset/full_stocks.csv
[2025-12-14T08:13:19.323+0000] {logging_mixin.py:190} INFO - Loaded 10000 rows from /opt/***/data/streaming_dataset/full_stocks.csv
[2025-12-14T08:13:19.333+0000] {logging_mixin.py:190} INFO - Reversed label encoding successfully.
[2025-12-14T08:13:19.338+0000] {logging_mixin.py:190} INFO - Reversed one-hot encoding for transaction_type
[2025-12-14T08:13:19.342+0000] {logging_mixin.py:190} INFO - Reversed one-hot encoding for customer_account_type
[2025-12-14T08:13:19.346+0000] {logging_mixin.py:190} INFO - Reversed one-hot encoding for stock_sector
[2025-12-14T08:13:19.351+0000] {logging_mixin.py:190} INFO - Reversed one-hot encoding for stock_industry
[2025-12-14T08:13:19.416+0000] {logging_mixin.py:190} INFO - Saved prepared data to /opt/***/data/visualization/dashboard_data.csv
[2025-12-14T08:13:19.417+0000] {python.py:240} INFO - Done. Returned value was: None
[2025-12-14T08:13:19.424+0000] {taskinstance.py:340} INFO - ::group::Post task execution logs
[2025-12-14T08:13:19.424+0000] {taskinstance.py:352} INFO - Marking task as SUCCESS. dag_id=stock_portfolio_pipeline_datafrogs, task_id=prepare_visualization, run_id=manual__2025-12-14T08:10:42.184055+00:00, execution_date=20251214T081042, start_date=20251214T081319, end_date=20251214T081319
[2025-12-14T08:13:19.476+0000] {local_task_job_runner.py:266} INFO - Task exited with return code 0
[2025-12-14T08:13:19.494+0000] {taskinstance.py:3895} INFO - 1 downstream tasks scheduled from follow-on schedule check
[2025-12-14T08:13:19.495+0000] {local_task_job_runner.py:245} INFO - ::endgroup::
