[2025-12-13T17:32:49.653+0000] {local_task_job_runner.py:123} INFO - ::group::Pre task execution logs
[2025-12-13T17:32:49.705+0000] {taskinstance.py:2613} INFO - Dependencies all met for dep_context=non-requeueable deps ti=<TaskInstance: stock_portfolio_pipeline_datafrogs.integrate_datasets manual__2025-12-13T17:26:03.598095+00:00 [queued]>
[2025-12-13T17:32:49.726+0000] {taskinstance.py:2613} INFO - Dependencies all met for dep_context=requeueable deps ti=<TaskInstance: stock_portfolio_pipeline_datafrogs.integrate_datasets manual__2025-12-13T17:26:03.598095+00:00 [queued]>
[2025-12-13T17:32:49.727+0000] {taskinstance.py:2866} INFO - Starting attempt 1 of 2
[2025-12-13T17:32:49.760+0000] {taskinstance.py:2889} INFO - Executing <Task(PythonOperator): integrate_datasets> on 2025-12-13 17:26:03.598095+00:00
[2025-12-13T17:32:49.819+0000] {warnings.py:112} WARNING - /home/***/.local/lib/python3.12/site-packages/***/task/task_runner/standard_task_runner.py:70: DeprecationWarning: This process (pid=201) is multi-threaded, use of fork() may lead to deadlocks in the child.
  pid = os.fork()

[2025-12-13T17:32:49.826+0000] {standard_task_runner.py:72} INFO - Started process 248 to run task
[2025-12-13T17:32:49.826+0000] {standard_task_runner.py:104} INFO - Running: ['***', 'tasks', 'run', 'stock_portfolio_pipeline_datafrogs', 'integrate_datasets', 'manual__2025-12-13T17:26:03.598095+00:00', '--job-id', '61', '--raw', '--subdir', 'DAGS_FOLDER/***.py', '--cfg-path', '/tmp/tmpbs_4xxmk']
[2025-12-13T17:32:49.846+0000] {standard_task_runner.py:105} INFO - Job 61: Subtask integrate_datasets
[2025-12-13T17:32:50.051+0000] {task_command.py:467} INFO - Running <TaskInstance: stock_portfolio_pipeline_datafrogs.integrate_datasets manual__2025-12-13T17:26:03.598095+00:00 [running]> on host 686b42cad89b
[2025-12-13T17:32:50.168+0000] {taskinstance.py:3132} INFO - Exporting env vars: AIRFLOW_CTX_DAG_OWNER='data_engineering_team' AIRFLOW_CTX_DAG_ID='stock_portfolio_pipeline_datafrogs' AIRFLOW_CTX_TASK_ID='integrate_datasets' AIRFLOW_CTX_EXECUTION_DATE='2025-12-13T17:26:03.598095+00:00' AIRFLOW_CTX_TRY_NUMBER='1' AIRFLOW_CTX_DAG_RUN_ID='manual__2025-12-13T17:26:03.598095+00:00'
[2025-12-13T17:32:50.173+0000] {taskinstance.py:731} INFO - ::endgroup::
[2025-12-13T17:32:50.226+0000] {logging_mixin.py:190} INFO - 
--- 3. Merging Datasets ---
[2025-12-13T17:32:50.416+0000] {logging_mixin.py:190} INFO -  Final merged DataFrame created with 10000 rows and 16 columns.
[2025-12-13T17:32:50.598+0000] {python.py:240} INFO - Done. Returned value was: None
[2025-12-13T17:32:50.625+0000] {taskinstance.py:340} INFO - ::group::Post task execution logs
[2025-12-13T17:32:50.626+0000] {taskinstance.py:352} INFO - Marking task as SUCCESS. dag_id=stock_portfolio_pipeline_datafrogs, task_id=integrate_datasets, run_id=manual__2025-12-13T17:26:03.598095+00:00, execution_date=20251213T172603, start_date=20251213T173249, end_date=20251213T173250
[2025-12-13T17:32:50.695+0000] {local_task_job_runner.py:266} INFO - Task exited with return code 0
[2025-12-13T17:32:50.728+0000] {taskinstance.py:3895} INFO - 1 downstream tasks scheduled from follow-on schedule check
[2025-12-13T17:32:50.735+0000] {local_task_job_runner.py:245} INFO - ::endgroup::
