[2025-12-13T11:06:30.272+0000] {local_task_job_runner.py:123} INFO - ::group::Pre task execution logs
[2025-12-13T11:06:30.288+0000] {taskinstance.py:2613} INFO - Dependencies all met for dep_context=non-requeueable deps ti=<TaskInstance: stock_portfolio_pipeline_datafrogs.integrate_datasets manual__2025-12-13T11:06:18.086142+00:00 [queued]>
[2025-12-13T11:06:30.295+0000] {taskinstance.py:2613} INFO - Dependencies all met for dep_context=requeueable deps ti=<TaskInstance: stock_portfolio_pipeline_datafrogs.integrate_datasets manual__2025-12-13T11:06:18.086142+00:00 [queued]>
[2025-12-13T11:06:30.296+0000] {taskinstance.py:2866} INFO - Starting attempt 1 of 2
[2025-12-13T11:06:30.308+0000] {taskinstance.py:2889} INFO - Executing <Task(PythonOperator): integrate_datasets> on 2025-12-13 11:06:18.086142+00:00
[2025-12-13T11:06:30.316+0000] {warnings.py:112} WARNING - /home/***/.local/lib/python3.12/site-packages/***/task/task_runner/standard_task_runner.py:70: DeprecationWarning: This process (pid=169) is multi-threaded, use of fork() may lead to deadlocks in the child.
  pid = os.fork()

[2025-12-13T11:06:30.318+0000] {standard_task_runner.py:72} INFO - Started process 182 to run task
[2025-12-13T11:06:30.318+0000] {standard_task_runner.py:104} INFO - Running: ['***', 'tasks', 'run', 'stock_portfolio_pipeline_datafrogs', 'integrate_datasets', 'manual__2025-12-13T11:06:18.086142+00:00', '--job-id', '106', '--raw', '--subdir', 'DAGS_FOLDER/***.py', '--cfg-path', '/tmp/tmpljd23zaw']
[2025-12-13T11:06:30.320+0000] {standard_task_runner.py:105} INFO - Job 106: Subtask integrate_datasets
[2025-12-13T11:06:30.372+0000] {task_command.py:467} INFO - Running <TaskInstance: stock_portfolio_pipeline_datafrogs.integrate_datasets manual__2025-12-13T11:06:18.086142+00:00 [running]> on host 30a1c2d5c063
[2025-12-13T11:06:30.452+0000] {taskinstance.py:3132} INFO - Exporting env vars: AIRFLOW_CTX_DAG_OWNER='data_engineering_team' AIRFLOW_CTX_DAG_ID='stock_portfolio_pipeline_datafrogs' AIRFLOW_CTX_TASK_ID='integrate_datasets' AIRFLOW_CTX_EXECUTION_DATE='2025-12-13T11:06:18.086142+00:00' AIRFLOW_CTX_TRY_NUMBER='1' AIRFLOW_CTX_DAG_RUN_ID='manual__2025-12-13T11:06:18.086142+00:00'
[2025-12-13T11:06:30.453+0000] {taskinstance.py:731} INFO - ::endgroup::
[2025-12-13T11:06:30.466+0000] {logging_mixin.py:190} INFO - 
--- 3. Merging Datasets ---
[2025-12-13T11:06:30.534+0000] {logging_mixin.py:190} INFO -  Final merged DataFrame created with 10000 rows and 16 columns.
[2025-12-13T11:06:30.636+0000] {python.py:240} INFO - Done. Returned value was: None
[2025-12-13T11:06:30.653+0000] {taskinstance.py:340} INFO - ::group::Post task execution logs
[2025-12-13T11:06:30.654+0000] {taskinstance.py:352} INFO - Marking task as SUCCESS. dag_id=stock_portfolio_pipeline_datafrogs, task_id=integrate_datasets, run_id=manual__2025-12-13T11:06:18.086142+00:00, execution_date=20251213T110618, start_date=20251213T110630, end_date=20251213T110630
[2025-12-13T11:06:30.694+0000] {local_task_job_runner.py:266} INFO - Task exited with return code 0
[2025-12-13T11:06:30.721+0000] {taskinstance.py:3895} INFO - 1 downstream tasks scheduled from follow-on schedule check
[2025-12-13T11:06:30.724+0000] {local_task_job_runner.py:245} INFO - ::endgroup::
