[2025-12-14T12:04:14.803+0000] {local_task_job_runner.py:123} INFO - ::group::Pre task execution logs
[2025-12-14T12:04:14.823+0000] {taskinstance.py:2613} INFO - Dependencies all met for dep_context=non-requeueable deps ti=<TaskInstance: stock_portfolio_pipeline_datafrogs.save_final_to_postgres manual__2025-12-14T11:57:10.377726+00:00 [queued]>
[2025-12-14T12:04:14.827+0000] {taskinstance.py:2613} INFO - Dependencies all met for dep_context=requeueable deps ti=<TaskInstance: stock_portfolio_pipeline_datafrogs.save_final_to_postgres manual__2025-12-14T11:57:10.377726+00:00 [queued]>
[2025-12-14T12:04:14.828+0000] {taskinstance.py:2866} INFO - Starting attempt 1 of 2
[2025-12-14T12:04:14.839+0000] {taskinstance.py:2889} INFO - Executing <Task(PythonOperator): save_final_to_postgres> on 2025-12-14 11:57:10.377726+00:00
[2025-12-14T12:04:14.847+0000] {warnings.py:112} WARNING - /home/***/.local/lib/python3.12/site-packages/***/task/task_runner/standard_task_runner.py:70: DeprecationWarning: This process (pid=4494) is multi-threaded, use of fork() may lead to deadlocks in the child.
  pid = os.fork()

[2025-12-14T12:04:14.851+0000] {standard_task_runner.py:72} INFO - Started process 4515 to run task
[2025-12-14T12:04:14.853+0000] {standard_task_runner.py:104} INFO - Running: ['***', 'tasks', 'run', 'stock_portfolio_pipeline_datafrogs', 'save_final_to_postgres', 'manual__2025-12-14T11:57:10.377726+00:00', '--job-id', '291', '--raw', '--subdir', 'DAGS_FOLDER/***.py', '--cfg-path', '/tmp/tmphvbkoz9s']
[2025-12-14T12:04:14.856+0000] {standard_task_runner.py:105} INFO - Job 291: Subtask save_final_to_postgres
[2025-12-14T12:04:14.896+0000] {task_command.py:467} INFO - Running <TaskInstance: stock_portfolio_pipeline_datafrogs.save_final_to_postgres manual__2025-12-14T11:57:10.377726+00:00 [running]> on host 79a4b2d0a09e
[2025-12-14T12:04:14.948+0000] {taskinstance.py:3132} INFO - Exporting env vars: AIRFLOW_CTX_DAG_OWNER='data_engineering_team' AIRFLOW_CTX_DAG_ID='stock_portfolio_pipeline_datafrogs' AIRFLOW_CTX_TASK_ID='save_final_to_postgres' AIRFLOW_CTX_EXECUTION_DATE='2025-12-14T11:57:10.377726+00:00' AIRFLOW_CTX_TRY_NUMBER='1' AIRFLOW_CTX_DAG_RUN_ID='manual__2025-12-14T11:57:10.377726+00:00'
[2025-12-14T12:04:14.950+0000] {taskinstance.py:731} INFO - ::endgroup::
[2025-12-14T12:04:15.009+0000] {logging_mixin.py:190} INFO - Database 'stockanalytics' already exists
[2025-12-14T12:04:15.019+0000] {logging_mixin.py:190} INFO - Connected to Database
[2025-12-14T12:04:15.020+0000] {logging_mixin.py:190} INFO - Writing cleaned dataset to database
[2025-12-14T12:04:15.050+0000] {logging_mixin.py:190} INFO - Error: (psycopg2.errors.UniqueViolation) duplicate key value violates unique constraint "pg_type_typname_nsp_index"
DETAIL:  Key (typname, typnamespace)=(stockanalytics_encoded, 2200) already exists.

[SQL: 
CREATE TABLE stockanalytics_encoded (
	transaction_id FLOAT(53), 
	timestamp TEXT, 
	customer_id TEXT, 
	stock_ticker TEXT, 
	quantity TEXT, 
	average_trade_size TEXT, 
	day_name TEXT, 
	is_weekend TEXT, 
	is_holiday TEXT, 
	stock_liquidity_tier TEXT, 
	stock_price TEXT, 
	total_trade_amount FLOAT(53), 
	"transaction_type_BUY" BOOLEAN, 
	"transaction_type_SELL" BOOLEAN, 
	"customer_account_type_Institutional" BOOLEAN, 
	"customer_account_type_Retail" BOOLEAN, 
	"stock_sector_Consumer" BOOLEAN, 
	"stock_sector_Energy" BOOLEAN, 
	"stock_sector_Finance" BOOLEAN, 
	"stock_sector_Healthcare" BOOLEAN, 
	"stock_sector_Technology" BOOLEAN, 
	"stock_industry_Asset Management" BOOLEAN, 
	"stock_industry_Hardware" BOOLEAN, 
	"stock_industry_Oil & Gas" BOOLEAN, 
	"stock_industry_Pharmaceuticals" BOOLEAN, 
	"stock_industry_Renewables" BOOLEAN, 
	"stock_industry_Retail" BOOLEAN, 
	"stock_industry_Software" BOOLEAN, 
	"stock_industry_Utilities" BOOLEAN
)

]
(Background on this error at: https://sqlalche.me/e/14/gkpj)
[2025-12-14T12:04:15.051+0000] {python.py:240} INFO - Done. Returned value was: None
[2025-12-14T12:04:15.059+0000] {taskinstance.py:340} INFO - ::group::Post task execution logs
[2025-12-14T12:04:15.060+0000] {taskinstance.py:352} INFO - Marking task as SUCCESS. dag_id=stock_portfolio_pipeline_datafrogs, task_id=save_final_to_postgres, run_id=manual__2025-12-14T11:57:10.377726+00:00, execution_date=20251214T115710, start_date=20251214T120414, end_date=20251214T120415
[2025-12-14T12:04:15.109+0000] {local_task_job_runner.py:266} INFO - Task exited with return code 0
[2025-12-14T12:04:15.126+0000] {taskinstance.py:3895} INFO - 0 downstream tasks scheduled from follow-on schedule check
[2025-12-14T12:04:15.130+0000] {local_task_job_runner.py:245} INFO - ::endgroup::
