[2025-12-14T08:07:40.744+0000] {local_task_job_runner.py:123} INFO - ::group::Pre task execution logs
[2025-12-14T08:07:40.777+0000] {taskinstance.py:2613} INFO - Dependencies all met for dep_context=non-requeueable deps ti=<TaskInstance: stock_portfolio_pipeline_datafrogs.start_visualization_service manual__2025-12-14T08:07:02.432075+00:00 [queued]>
[2025-12-14T08:07:40.788+0000] {taskinstance.py:2613} INFO - Dependencies all met for dep_context=requeueable deps ti=<TaskInstance: stock_portfolio_pipeline_datafrogs.start_visualization_service manual__2025-12-14T08:07:02.432075+00:00 [queued]>
[2025-12-14T08:07:40.788+0000] {taskinstance.py:2866} INFO - Starting attempt 1 of 2
[2025-12-14T08:07:40.805+0000] {taskinstance.py:2889} INFO - Executing <Task(BashOperator): start_visualization_service> on 2025-12-14 08:07:02.432075+00:00
[2025-12-14T08:07:40.843+0000] {warnings.py:112} WARNING - /home/***/.local/lib/python3.12/site-packages/***/task/task_runner/standard_task_runner.py:70: DeprecationWarning: This process (pid=634) is multi-threaded, use of fork() may lead to deadlocks in the child.
  pid = os.fork()

[2025-12-14T08:07:40.846+0000] {standard_task_runner.py:72} INFO - Started process 639 to run task
[2025-12-14T08:07:40.847+0000] {standard_task_runner.py:104} INFO - Running: ['***', 'tasks', 'run', 'stock_portfolio_pipeline_datafrogs', 'start_visualization_service', 'manual__2025-12-14T08:07:02.432075+00:00', '--job-id', '448', '--raw', '--subdir', 'DAGS_FOLDER/***.py', '--cfg-path', '/tmp/tmpy33uvkbo']
[2025-12-14T08:07:40.857+0000] {standard_task_runner.py:105} INFO - Job 448: Subtask start_visualization_service
[2025-12-14T08:07:40.955+0000] {task_command.py:467} INFO - Running <TaskInstance: stock_portfolio_pipeline_datafrogs.start_visualization_service manual__2025-12-14T08:07:02.432075+00:00 [running]> on host 2211a8f7907d
[2025-12-14T08:07:41.036+0000] {taskinstance.py:3132} INFO - Exporting env vars: AIRFLOW_CTX_DAG_OWNER='data_engineering_team' AIRFLOW_CTX_DAG_ID='stock_portfolio_pipeline_datafrogs' AIRFLOW_CTX_TASK_ID='start_visualization_service' AIRFLOW_CTX_EXECUTION_DATE='2025-12-14T08:07:02.432075+00:00' AIRFLOW_CTX_TRY_NUMBER='1' AIRFLOW_CTX_DAG_RUN_ID='manual__2025-12-14T08:07:02.432075+00:00'
[2025-12-14T08:07:41.039+0000] {taskinstance.py:731} INFO - ::endgroup::
[2025-12-14T08:07:41.060+0000] {subprocess.py:78} INFO - Tmp dir root location: /tmp
[2025-12-14T08:07:41.062+0000] {subprocess.py:88} INFO - Running command: ['/usr/bin/bash', '-c', 'streamlit run /opt/***/scripts/dashboard.py --server.port 8501 --server.address 0.0.0.0']
[2025-12-14T08:07:41.094+0000] {subprocess.py:99} INFO - Output:
[2025-12-14T08:07:42.008+0000] {subprocess.py:106} INFO - 
[2025-12-14T08:07:42.010+0000] {subprocess.py:106} INFO - Collecting usage statistics. To deactivate, set browser.gatherUsageStats to false.
[2025-12-14T08:07:42.010+0000] {subprocess.py:106} INFO - 
[2025-12-14T08:07:42.764+0000] {subprocess.py:106} INFO - 
[2025-12-14T08:07:42.765+0000] {subprocess.py:106} INFO -   You can now view your Streamlit app in your browser.
[2025-12-14T08:07:42.766+0000] {subprocess.py:106} INFO - 
[2025-12-14T08:07:42.766+0000] {subprocess.py:106} INFO -   URL: http://0.0.0.0:8501
[2025-12-14T08:07:42.766+0000] {subprocess.py:106} INFO - 
[2025-12-14T08:11:46.918+0000] {job.py:229} INFO - Heartbeat recovered after 48.37 seconds
[2025-12-14T08:12:00.897+0000] {job.py:229} INFO - Heartbeat recovered after 14.06 seconds
[2025-12-14T08:12:54.030+0000] {job.py:229} INFO - Heartbeat recovered after 37.72 seconds
[2025-12-14T08:13:15.521+0000] {job.py:229} INFO - Heartbeat recovered after 11.06 seconds
