[2025-12-13T17:37:40.281+0000] {local_task_job_runner.py:123} INFO - ::group::Pre task execution logs
[2025-12-13T17:37:40.363+0000] {taskinstance.py:2613} INFO - Dependencies all met for dep_context=non-requeueable deps ti=<TaskInstance: stock_portfolio_pipeline_datafrogs.detect_outliers manual__2025-12-13T17:31:19.971297+00:00 [queued]>
[2025-12-13T17:37:40.417+0000] {taskinstance.py:2613} INFO - Dependencies all met for dep_context=requeueable deps ti=<TaskInstance: stock_portfolio_pipeline_datafrogs.detect_outliers manual__2025-12-13T17:31:19.971297+00:00 [queued]>
[2025-12-13T17:37:40.428+0000] {taskinstance.py:2866} INFO - Starting attempt 1 of 2
[2025-12-13T17:37:40.557+0000] {taskinstance.py:2889} INFO - Executing <Task(PythonOperator): detect_outliers> on 2025-12-13 17:31:19.971297+00:00
[2025-12-13T17:37:40.598+0000] {warnings.py:112} WARNING - /home/***/.local/lib/python3.12/site-packages/***/task/task_runner/standard_task_runner.py:70: DeprecationWarning: This process (pid=76) is multi-threaded, use of fork() may lead to deadlocks in the child.
  pid = os.fork()

[2025-12-13T17:37:40.614+0000] {standard_task_runner.py:72} INFO - Started process 99 to run task
[2025-12-13T17:37:40.621+0000] {standard_task_runner.py:104} INFO - Running: ['***', 'tasks', 'run', 'stock_portfolio_pipeline_datafrogs', 'detect_outliers', 'manual__2025-12-13T17:31:19.971297+00:00', '--job-id', '69', '--raw', '--subdir', 'DAGS_FOLDER/***.py', '--cfg-path', '/tmp/tmp9okkh03y']
[2025-12-13T17:37:40.648+0000] {standard_task_runner.py:105} INFO - Job 69: Subtask detect_outliers
[2025-12-13T17:37:40.955+0000] {task_command.py:467} INFO - Running <TaskInstance: stock_portfolio_pipeline_datafrogs.detect_outliers manual__2025-12-13T17:31:19.971297+00:00 [running]> on host 686b42cad89b
[2025-12-13T17:37:41.192+0000] {taskinstance.py:3132} INFO - Exporting env vars: AIRFLOW_CTX_DAG_OWNER='data_engineering_team' AIRFLOW_CTX_DAG_ID='stock_portfolio_pipeline_datafrogs' AIRFLOW_CTX_TASK_ID='detect_outliers' AIRFLOW_CTX_EXECUTION_DATE='2025-12-13T17:31:19.971297+00:00' AIRFLOW_CTX_TRY_NUMBER='1' AIRFLOW_CTX_DAG_RUN_ID='manual__2025-12-13T17:31:19.971297+00:00'
[2025-12-13T17:37:41.198+0000] {taskinstance.py:731} INFO - ::endgroup::
[2025-12-13T17:37:41.217+0000] {logging_mixin.py:190} INFO - 
--- 2. Handling Outliers ---
[2025-12-13T17:37:41.292+0000] {logging_mixin.py:190} INFO - STK001: 15.476% outliers
[2025-12-13T17:37:41.294+0000] {logging_mixin.py:190} INFO - STK002: 0.000% outliers
[2025-12-13T17:37:41.296+0000] {logging_mixin.py:190} INFO - STK003: 3.770% outliers
[2025-12-13T17:37:41.298+0000] {logging_mixin.py:190} INFO - STK004: 2.778% outliers
[2025-12-13T17:37:41.300+0000] {logging_mixin.py:190} INFO - STK005: 0.000% outliers
[2025-12-13T17:37:41.302+0000] {logging_mixin.py:190} INFO - STK006: 0.000% outliers
[2025-12-13T17:37:41.304+0000] {logging_mixin.py:190} INFO - STK007: 6.349% outliers
[2025-12-13T17:37:41.309+0000] {logging_mixin.py:190} INFO - STK008: 0.000% outliers
[2025-12-13T17:37:41.313+0000] {logging_mixin.py:190} INFO - STK009: 1.190% outliers
[2025-12-13T17:37:41.322+0000] {logging_mixin.py:190} INFO - STK010: 0.000% outliers
[2025-12-13T17:37:41.325+0000] {logging_mixin.py:190} INFO - STK011: 0.198% outliers
[2025-12-13T17:37:41.332+0000] {logging_mixin.py:190} INFO - STK012: 0.000% outliers
[2025-12-13T17:37:41.338+0000] {logging_mixin.py:190} INFO - STK013: 0.000% outliers
[2025-12-13T17:37:41.345+0000] {logging_mixin.py:190} INFO - STK014: 0.198% outliers
[2025-12-13T17:37:41.350+0000] {logging_mixin.py:190} INFO - STK015: 0.000% outliers
[2025-12-13T17:37:41.360+0000] {logging_mixin.py:190} INFO - STK016: 0.000% outliers
[2025-12-13T17:37:41.374+0000] {logging_mixin.py:190} INFO - STK017: 0.000% outliers
[2025-12-13T17:37:41.392+0000] {logging_mixin.py:190} INFO - STK018: 0.000% outliers
[2025-12-13T17:37:41.393+0000] {logging_mixin.py:190} INFO - STK019: 7.341% outliers
[2025-12-13T17:37:41.396+0000] {logging_mixin.py:190} INFO - STK020: 0.397% outliers
[2025-12-13T17:37:41.404+0000] {logging_mixin.py:190} INFO - quantity: 7.650% outliers
[2025-12-13T17:37:41.407+0000] {logging_mixin.py:190} INFO - average_trade_size: 25.250% outliers
[2025-12-13T17:37:41.412+0000] {logging_mixin.py:190} INFO - cumulative_portfolio_value: 10.370% outliers
[2025-12-13T17:37:41.652+0000] {python.py:240} INFO - Done. Returned value was: None
[2025-12-13T17:37:41.667+0000] {taskinstance.py:340} INFO - ::group::Post task execution logs
[2025-12-13T17:37:41.668+0000] {taskinstance.py:352} INFO - Marking task as SUCCESS. dag_id=stock_portfolio_pipeline_datafrogs, task_id=detect_outliers, run_id=manual__2025-12-13T17:31:19.971297+00:00, execution_date=20251213T173119, start_date=20251213T173740, end_date=20251213T173741
[2025-12-13T17:37:41.727+0000] {local_task_job_runner.py:266} INFO - Task exited with return code 0
[2025-12-13T17:37:41.899+0000] {taskinstance.py:3895} INFO - 1 downstream tasks scheduled from follow-on schedule check
[2025-12-13T17:37:41.906+0000] {local_task_job_runner.py:245} INFO - ::endgroup::
