[2025-12-14T14:40:35.063+0000] {local_task_job_runner.py:123} INFO - ::group::Pre task execution logs
[2025-12-14T14:40:35.088+0000] {taskinstance.py:2613} INFO - Dependencies all met for dep_context=non-requeueable deps ti=<TaskInstance: stock_portfolio_pipeline_datafrogs.start_visualization_service manual__2025-12-14T14:30:16.014004+00:00 [queued]>
[2025-12-14T14:40:35.096+0000] {taskinstance.py:2613} INFO - Dependencies all met for dep_context=requeueable deps ti=<TaskInstance: stock_portfolio_pipeline_datafrogs.start_visualization_service manual__2025-12-14T14:30:16.014004+00:00 [queued]>
[2025-12-14T14:40:35.098+0000] {taskinstance.py:2866} INFO - Starting attempt 1 of 2
[2025-12-14T14:40:35.140+0000] {taskinstance.py:2889} INFO - Executing <Task(BashOperator): start_visualization_service> on 2025-12-14 14:30:16.014004+00:00
[2025-12-14T14:40:35.180+0000] {warnings.py:112} WARNING - /home/***/.local/lib/python3.12/site-packages/***/task/task_runner/standard_task_runner.py:70: DeprecationWarning: This process (pid=1174) is multi-threaded, use of fork() may lead to deadlocks in the child.
  pid = os.fork()

[2025-12-14T14:40:35.185+0000] {standard_task_runner.py:72} INFO - Started process 1263 to run task
[2025-12-14T14:40:35.200+0000] {standard_task_runner.py:104} INFO - Running: ['***', 'tasks', 'run', 'stock_portfolio_pipeline_datafrogs', 'start_visualization_service', 'manual__2025-12-14T14:30:16.014004+00:00', '--job-id', '504', '--raw', '--subdir', 'DAGS_FOLDER/***.py', '--cfg-path', '/tmp/tmpg8rglo32']
[2025-12-14T14:40:35.223+0000] {standard_task_runner.py:105} INFO - Job 504: Subtask start_visualization_service
[2025-12-14T14:40:35.348+0000] {task_command.py:467} INFO - Running <TaskInstance: stock_portfolio_pipeline_datafrogs.start_visualization_service manual__2025-12-14T14:30:16.014004+00:00 [running]> on host fa03c3586928
[2025-12-14T14:40:35.646+0000] {taskinstance.py:3132} INFO - Exporting env vars: AIRFLOW_CTX_DAG_OWNER='data_engineering_team' AIRFLOW_CTX_DAG_ID='stock_portfolio_pipeline_datafrogs' AIRFLOW_CTX_TASK_ID='start_visualization_service' AIRFLOW_CTX_EXECUTION_DATE='2025-12-14T14:30:16.014004+00:00' AIRFLOW_CTX_TRY_NUMBER='1' AIRFLOW_CTX_DAG_RUN_ID='manual__2025-12-14T14:30:16.014004+00:00'
[2025-12-14T14:40:35.651+0000] {taskinstance.py:731} INFO - ::endgroup::
[2025-12-14T14:40:35.686+0000] {subprocess.py:78} INFO - Tmp dir root location: /tmp
[2025-12-14T14:40:35.687+0000] {subprocess.py:88} INFO - Running command: ['/usr/bin/bash', '-c', 'streamlit run /opt/***/scripts/dashboard.py --server.port 8501 --server.address 0.0.0.0']
[2025-12-14T14:40:35.753+0000] {subprocess.py:99} INFO - Output:
[2025-12-14T14:40:40.929+0000] {subprocess.py:106} INFO - 
[2025-12-14T14:40:40.950+0000] {subprocess.py:106} INFO - Collecting usage statistics. To deactivate, set browser.gatherUsageStats to false.
[2025-12-14T14:40:40.957+0000] {subprocess.py:106} INFO - 
[2025-12-14T14:40:47.489+0000] {subprocess.py:106} INFO - 
[2025-12-14T14:40:47.494+0000] {subprocess.py:106} INFO -   You can now view your Streamlit app in your browser.
[2025-12-14T14:40:47.494+0000] {subprocess.py:106} INFO - 
[2025-12-14T14:40:47.495+0000] {subprocess.py:106} INFO -   URL: http://0.0.0.0:8501
[2025-12-14T14:40:47.499+0000] {subprocess.py:106} INFO - 
[2025-12-14T14:41:10.372+0000] {subprocess.py:106} INFO - 2025-12-14 14:41:10.362 Please replace `use_container_width` with `width`.
[2025-12-14T14:41:10.433+0000] {subprocess.py:106} INFO - 
[2025-12-14T14:41:10.435+0000] {subprocess.py:106} INFO - `use_container_width` will be removed after 2025-12-31.
[2025-12-14T14:41:10.439+0000] {subprocess.py:106} INFO - 
[2025-12-14T14:41:10.442+0000] {subprocess.py:106} INFO - For `use_container_width=True`, use `width='stretch'`. For `use_container_width=False`, use `width='content'`.
[2025-12-14T14:41:10.488+0000] {subprocess.py:106} INFO - 2025-12-14 14:41:10.488 Please replace `use_container_width` with `width`.
[2025-12-14T14:41:10.489+0000] {subprocess.py:106} INFO - 
[2025-12-14T14:41:10.490+0000] {subprocess.py:106} INFO - `use_container_width` will be removed after 2025-12-31.
[2025-12-14T14:41:10.490+0000] {subprocess.py:106} INFO - 
[2025-12-14T14:41:10.491+0000] {subprocess.py:106} INFO - For `use_container_width=True`, use `width='stretch'`. For `use_container_width=False`, use `width='content'`.
[2025-12-14T14:41:10.549+0000] {subprocess.py:106} INFO - 2025-12-14 14:41:10.549 Please replace `use_container_width` with `width`.
[2025-12-14T14:41:10.549+0000] {subprocess.py:106} INFO - 
[2025-12-14T14:41:10.552+0000] {subprocess.py:106} INFO - `use_container_width` will be removed after 2025-12-31.
[2025-12-14T14:41:10.552+0000] {subprocess.py:106} INFO - 
[2025-12-14T14:41:10.555+0000] {subprocess.py:106} INFO - For `use_container_width=True`, use `width='stretch'`. For `use_container_width=False`, use `width='content'`.
[2025-12-14T14:41:10.560+0000] {subprocess.py:106} INFO - 2025-12-14 14:41:10.560 Please replace `use_container_width` with `width`.
[2025-12-14T14:41:10.565+0000] {subprocess.py:106} INFO - 
[2025-12-14T14:41:10.566+0000] {subprocess.py:106} INFO - `use_container_width` will be removed after 2025-12-31.
[2025-12-14T14:41:10.567+0000] {subprocess.py:106} INFO - 
[2025-12-14T14:41:10.568+0000] {subprocess.py:106} INFO - For `use_container_width=True`, use `width='stretch'`. For `use_container_width=False`, use `width='content'`.
[2025-12-14T14:41:10.587+0000] {subprocess.py:106} INFO - 2025-12-14 14:41:10.587 Please replace `use_container_width` with `width`.
[2025-12-14T14:41:10.587+0000] {subprocess.py:106} INFO - 
[2025-12-14T14:41:10.588+0000] {subprocess.py:106} INFO - `use_container_width` will be removed after 2025-12-31.
[2025-12-14T14:41:10.588+0000] {subprocess.py:106} INFO - 
[2025-12-14T14:41:10.588+0000] {subprocess.py:106} INFO - For `use_container_width=True`, use `width='stretch'`. For `use_container_width=False`, use `width='content'`.
[2025-12-14T14:41:10.643+0000] {subprocess.py:106} INFO - 2025-12-14 14:41:10.641 Please replace `use_container_width` with `width`.
[2025-12-14T14:41:10.646+0000] {subprocess.py:106} INFO - 
[2025-12-14T14:41:10.648+0000] {subprocess.py:106} INFO - `use_container_width` will be removed after 2025-12-31.
[2025-12-14T14:41:10.650+0000] {subprocess.py:106} INFO - 
[2025-12-14T14:41:10.652+0000] {subprocess.py:106} INFO - For `use_container_width=True`, use `width='stretch'`. For `use_container_width=False`, use `width='content'`.
