[2025-12-14T09:04:07.110+0000] {local_task_job_runner.py:123} INFO - ::group::Pre task execution logs
[2025-12-14T09:04:07.125+0000] {taskinstance.py:2613} INFO - Dependencies all met for dep_context=non-requeueable deps ti=<TaskInstance: stock_portfolio_pipeline_datafrogs.start_visualization_service scheduled__2025-12-13T00:00:00+00:00 [queued]>
[2025-12-14T09:04:07.132+0000] {taskinstance.py:2613} INFO - Dependencies all met for dep_context=requeueable deps ti=<TaskInstance: stock_portfolio_pipeline_datafrogs.start_visualization_service scheduled__2025-12-13T00:00:00+00:00 [queued]>
[2025-12-14T09:04:07.132+0000] {taskinstance.py:2866} INFO - Starting attempt 1 of 2
[2025-12-14T09:04:07.148+0000] {taskinstance.py:2889} INFO - Executing <Task(BashOperator): start_visualization_service> on 2025-12-13 00:00:00+00:00
[2025-12-14T09:04:07.168+0000] {warnings.py:112} WARNING - /home/***/.local/lib/python3.12/site-packages/***/task/task_runner/standard_task_runner.py:70: DeprecationWarning: This process (pid=974) is multi-threaded, use of fork() may lead to deadlocks in the child.
  pid = os.fork()

[2025-12-14T09:04:07.170+0000] {standard_task_runner.py:72} INFO - Started process 1000 to run task
[2025-12-14T09:04:07.177+0000] {standard_task_runner.py:104} INFO - Running: ['***', 'tasks', 'run', 'stock_portfolio_pipeline_datafrogs', 'start_visualization_service', 'scheduled__2025-12-13T00:00:00+00:00', '--job-id', '23', '--raw', '--subdir', 'DAGS_FOLDER/***.py', '--cfg-path', '/tmp/tmpl8_d8kkz']
[2025-12-14T09:04:07.187+0000] {standard_task_runner.py:105} INFO - Job 23: Subtask start_visualization_service
[2025-12-14T09:04:07.320+0000] {task_command.py:467} INFO - Running <TaskInstance: stock_portfolio_pipeline_datafrogs.start_visualization_service scheduled__2025-12-13T00:00:00+00:00 [running]> on host 179bab7085b3
[2025-12-14T09:04:07.418+0000] {taskinstance.py:3132} INFO - Exporting env vars: AIRFLOW_CTX_DAG_OWNER='data_engineering_team' AIRFLOW_CTX_DAG_ID='stock_portfolio_pipeline_datafrogs' AIRFLOW_CTX_TASK_ID='start_visualization_service' AIRFLOW_CTX_EXECUTION_DATE='2025-12-13T00:00:00+00:00' AIRFLOW_CTX_TRY_NUMBER='1' AIRFLOW_CTX_DAG_RUN_ID='scheduled__2025-12-13T00:00:00+00:00'
[2025-12-14T09:04:07.426+0000] {taskinstance.py:731} INFO - ::endgroup::
[2025-12-14T09:04:07.445+0000] {subprocess.py:78} INFO - Tmp dir root location: /tmp
[2025-12-14T09:04:07.448+0000] {subprocess.py:88} INFO - Running command: ['/usr/bin/bash', '-c', 'streamlit run /opt/***/scripts/dashboard.py --server.port 8501 --server.address 0.0.0.0']
[2025-12-14T09:04:07.466+0000] {subprocess.py:99} INFO - Output:
[2025-12-14T09:04:09.062+0000] {subprocess.py:106} INFO - 
[2025-12-14T09:04:09.064+0000] {subprocess.py:106} INFO - Collecting usage statistics. To deactivate, set browser.gatherUsageStats to false.
[2025-12-14T09:04:09.065+0000] {subprocess.py:106} INFO - 
[2025-12-14T09:04:10.768+0000] {subprocess.py:106} INFO - 
[2025-12-14T09:04:10.770+0000] {subprocess.py:106} INFO -   You can now view your Streamlit app in your browser.
[2025-12-14T09:04:10.771+0000] {subprocess.py:106} INFO - 
[2025-12-14T09:04:10.771+0000] {subprocess.py:106} INFO -   URL: http://0.0.0.0:8501
[2025-12-14T09:04:10.772+0000] {subprocess.py:106} INFO - 
[2025-12-14T09:05:43.427+0000] {local_task_job_runner.py:346} WARNING - State of this instance has been externally set to removed. Terminating instance.
[2025-12-14T09:05:43.460+0000] {local_task_job_runner.py:245} INFO - ::endgroup::
[2025-12-14T09:05:43.470+0000] {process_utils.py:132} INFO - Sending 15 to group 1000. PIDs of all processes in the group: [1003, 1000]
[2025-12-14T09:05:43.472+0000] {process_utils.py:87} INFO - Sending the signal 15 to group 1000
[2025-12-14T09:05:43.477+0000] {taskinstance.py:3093} ERROR - Received SIGTERM. Terminating subprocesses.
[2025-12-14T09:05:43.494+0000] {subprocess.py:117} INFO - Sending SIGTERM signal to process group
[2025-12-14T09:05:43.662+0000] {taskinstance.py:340} INFO - ::group::Post task execution logs
[2025-12-14T09:05:43.743+0000] {process_utils.py:80} INFO - Process psutil.Process(pid=1000, status='terminated', exitcode=0, started='09:04:06') (1000) terminated with exit code 0
[2025-12-14T09:05:43.878+0000] {process_utils.py:80} INFO - Process psutil.Process(pid=1003, status='terminated', started='09:04:07') (1003) terminated with exit code None
