[2025-12-14T09:10:58.625+0000] {local_task_job_runner.py:123} INFO - ::group::Pre task execution logs
[2025-12-14T09:10:58.634+0000] {taskinstance.py:2613} INFO - Dependencies all met for dep_context=non-requeueable deps ti=<TaskInstance: stock_portfolio_pipeline_datafrogs.start_visualization_service scheduled__2025-12-13T00:00:00+00:00 [queued]>
[2025-12-14T09:10:58.638+0000] {taskinstance.py:2613} INFO - Dependencies all met for dep_context=requeueable deps ti=<TaskInstance: stock_portfolio_pipeline_datafrogs.start_visualization_service scheduled__2025-12-13T00:00:00+00:00 [queued]>
[2025-12-14T09:10:58.638+0000] {taskinstance.py:2866} INFO - Starting attempt 3 of 2
[2025-12-14T09:10:58.643+0000] {taskinstance.py:2889} INFO - Executing <Task(BashOperator): start_visualization_service> on 2025-12-13 00:00:00+00:00
[2025-12-14T09:10:58.649+0000] {warnings.py:112} WARNING - /home/***/.local/lib/python3.12/site-packages/***/task/task_runner/standard_task_runner.py:70: DeprecationWarning: This process (pid=1455) is multi-threaded, use of fork() may lead to deadlocks in the child.
  pid = os.fork()

[2025-12-14T09:10:58.650+0000] {standard_task_runner.py:72} INFO - Started process 1460 to run task
[2025-12-14T09:10:58.651+0000] {standard_task_runner.py:104} INFO - Running: ['***', 'tasks', 'run', 'stock_portfolio_pipeline_datafrogs', 'start_visualization_service', 'scheduled__2025-12-13T00:00:00+00:00', '--job-id', '41', '--raw', '--subdir', 'DAGS_FOLDER/***.py', '--cfg-path', '/tmp/tmpsnpod82j']
[2025-12-14T09:10:58.653+0000] {standard_task_runner.py:105} INFO - Job 41: Subtask start_visualization_service
[2025-12-14T09:10:58.680+0000] {task_command.py:467} INFO - Running <TaskInstance: stock_portfolio_pipeline_datafrogs.start_visualization_service scheduled__2025-12-13T00:00:00+00:00 [running]> on host 179bab7085b3
[2025-12-14T09:10:58.715+0000] {taskinstance.py:3132} INFO - Exporting env vars: AIRFLOW_CTX_DAG_OWNER='data_engineering_team' AIRFLOW_CTX_DAG_ID='stock_portfolio_pipeline_datafrogs' AIRFLOW_CTX_TASK_ID='start_visualization_service' AIRFLOW_CTX_EXECUTION_DATE='2025-12-13T00:00:00+00:00' AIRFLOW_CTX_TRY_NUMBER='3' AIRFLOW_CTX_DAG_RUN_ID='scheduled__2025-12-13T00:00:00+00:00'
[2025-12-14T09:10:58.716+0000] {taskinstance.py:731} INFO - ::endgroup::
[2025-12-14T09:10:58.723+0000] {subprocess.py:78} INFO - Tmp dir root location: /tmp
[2025-12-14T09:10:58.724+0000] {subprocess.py:88} INFO - Running command: ['/usr/bin/bash', '-c', 'streamlit run /opt/***/scripts/dashboard.py --server.port 8501 --server.address 0.0.0.0']
[2025-12-14T09:10:58.734+0000] {subprocess.py:99} INFO - Output:
[2025-12-14T09:10:59.455+0000] {subprocess.py:106} INFO - 
[2025-12-14T09:10:59.455+0000] {subprocess.py:106} INFO - Collecting usage statistics. To deactivate, set browser.gatherUsageStats to false.
[2025-12-14T09:10:59.455+0000] {subprocess.py:106} INFO - 
[2025-12-14T09:11:00.023+0000] {subprocess.py:106} INFO - 
[2025-12-14T09:11:00.023+0000] {subprocess.py:106} INFO -   You can now view your Streamlit app in your browser.
[2025-12-14T09:11:00.024+0000] {subprocess.py:106} INFO - 
[2025-12-14T09:11:00.024+0000] {subprocess.py:106} INFO -   URL: http://0.0.0.0:8501
[2025-12-14T09:11:00.024+0000] {subprocess.py:106} INFO - 
[2025-12-14T09:12:50.772+0000] {subprocess.py:106} INFO - 2025-12-14 09:12:50.772 Please replace `use_container_width` with `width`.
[2025-12-14T09:12:50.774+0000] {subprocess.py:106} INFO - 
[2025-12-14T09:12:50.774+0000] {subprocess.py:106} INFO - `use_container_width` will be removed after 2025-12-31.
[2025-12-14T09:12:50.775+0000] {subprocess.py:106} INFO - 
[2025-12-14T09:12:50.775+0000] {subprocess.py:106} INFO - For `use_container_width=True`, use `width='stretch'`. For `use_container_width=False`, use `width='content'`.
[2025-12-14T09:12:50.791+0000] {subprocess.py:106} INFO - 2025-12-14 09:12:50.791 Please replace `use_container_width` with `width`.
[2025-12-14T09:12:50.791+0000] {subprocess.py:106} INFO - 
[2025-12-14T09:12:50.791+0000] {subprocess.py:106} INFO - `use_container_width` will be removed after 2025-12-31.
[2025-12-14T09:12:50.792+0000] {subprocess.py:106} INFO - 
[2025-12-14T09:12:50.792+0000] {subprocess.py:106} INFO - For `use_container_width=True`, use `width='stretch'`. For `use_container_width=False`, use `width='content'`.
[2025-12-14T09:12:50.841+0000] {subprocess.py:106} INFO - 2025-12-14 09:12:50.841 Please replace `use_container_width` with `width`.
[2025-12-14T09:12:50.841+0000] {subprocess.py:106} INFO - 
[2025-12-14T09:12:50.842+0000] {subprocess.py:106} INFO - `use_container_width` will be removed after 2025-12-31.
[2025-12-14T09:12:50.842+0000] {subprocess.py:106} INFO - 
[2025-12-14T09:12:50.842+0000] {subprocess.py:106} INFO - For `use_container_width=True`, use `width='stretch'`. For `use_container_width=False`, use `width='content'`.
[2025-12-14T09:12:50.855+0000] {subprocess.py:106} INFO - 2025-12-14 09:12:50.855 Please replace `use_container_width` with `width`.
[2025-12-14T09:12:50.855+0000] {subprocess.py:106} INFO - 
[2025-12-14T09:12:50.856+0000] {subprocess.py:106} INFO - `use_container_width` will be removed after 2025-12-31.
[2025-12-14T09:12:50.856+0000] {subprocess.py:106} INFO - 
[2025-12-14T09:12:50.856+0000] {subprocess.py:106} INFO - For `use_container_width=True`, use `width='stretch'`. For `use_container_width=False`, use `width='content'`.
[2025-12-14T09:12:50.865+0000] {subprocess.py:106} INFO - 2025-12-14 09:12:50.865 Please replace `use_container_width` with `width`.
[2025-12-14T09:12:50.866+0000] {subprocess.py:106} INFO - 
[2025-12-14T09:12:50.866+0000] {subprocess.py:106} INFO - `use_container_width` will be removed after 2025-12-31.
[2025-12-14T09:12:50.866+0000] {subprocess.py:106} INFO - 
[2025-12-14T09:12:50.867+0000] {subprocess.py:106} INFO - For `use_container_width=True`, use `width='stretch'`. For `use_container_width=False`, use `width='content'`.
[2025-12-14T09:13:20.978+0000] {subprocess.py:106} INFO - 2025-12-14 09:13:20.978 Please replace `use_container_width` with `width`.
[2025-12-14T09:13:20.979+0000] {subprocess.py:106} INFO - 
[2025-12-14T09:13:20.980+0000] {subprocess.py:106} INFO - `use_container_width` will be removed after 2025-12-31.
[2025-12-14T09:13:20.980+0000] {subprocess.py:106} INFO - 
[2025-12-14T09:13:20.981+0000] {subprocess.py:106} INFO - For `use_container_width=True`, use `width='stretch'`. For `use_container_width=False`, use `width='content'`.
[2025-12-14T09:13:20.995+0000] {subprocess.py:106} INFO - 2025-12-14 09:13:20.995 Please replace `use_container_width` with `width`.
[2025-12-14T09:13:20.996+0000] {subprocess.py:106} INFO - 
[2025-12-14T09:13:20.996+0000] {subprocess.py:106} INFO - `use_container_width` will be removed after 2025-12-31.
[2025-12-14T09:13:20.996+0000] {subprocess.py:106} INFO - 
[2025-12-14T09:13:20.997+0000] {subprocess.py:106} INFO - For `use_container_width=True`, use `width='stretch'`. For `use_container_width=False`, use `width='content'`.
[2025-12-14T09:13:21.008+0000] {subprocess.py:106} INFO - 2025-12-14 09:13:21.008 Please replace `use_container_width` with `width`.
[2025-12-14T09:13:21.008+0000] {subprocess.py:106} INFO - 
[2025-12-14T09:13:21.009+0000] {subprocess.py:106} INFO - `use_container_width` will be removed after 2025-12-31.
[2025-12-14T09:13:21.009+0000] {subprocess.py:106} INFO - 
[2025-12-14T09:13:21.009+0000] {subprocess.py:106} INFO - For `use_container_width=True`, use `width='stretch'`. For `use_container_width=False`, use `width='content'`.
[2025-12-14T09:13:21.017+0000] {subprocess.py:106} INFO - 2025-12-14 09:13:21.017 Please replace `use_container_width` with `width`.
[2025-12-14T09:13:21.018+0000] {subprocess.py:106} INFO - 
[2025-12-14T09:13:21.018+0000] {subprocess.py:106} INFO - `use_container_width` will be removed after 2025-12-31.
[2025-12-14T09:13:21.018+0000] {subprocess.py:106} INFO - 
[2025-12-14T09:13:21.018+0000] {subprocess.py:106} INFO - For `use_container_width=True`, use `width='stretch'`. For `use_container_width=False`, use `width='content'`.
[2025-12-14T09:13:21.026+0000] {subprocess.py:106} INFO - 2025-12-14 09:13:21.026 Please replace `use_container_width` with `width`.
[2025-12-14T09:13:21.026+0000] {subprocess.py:106} INFO - 
[2025-12-14T09:13:21.027+0000] {subprocess.py:106} INFO - `use_container_width` will be removed after 2025-12-31.
[2025-12-14T09:13:21.027+0000] {subprocess.py:106} INFO - 
[2025-12-14T09:13:21.027+0000] {subprocess.py:106} INFO - For `use_container_width=True`, use `width='stretch'`. For `use_container_width=False`, use `width='content'`.
[2025-12-14T09:13:51.112+0000] {subprocess.py:106} INFO - 2025-12-14 09:13:51.112 Please replace `use_container_width` with `width`.
[2025-12-14T09:13:51.113+0000] {subprocess.py:106} INFO - 
[2025-12-14T09:13:51.113+0000] {subprocess.py:106} INFO - `use_container_width` will be removed after 2025-12-31.
[2025-12-14T09:13:51.114+0000] {subprocess.py:106} INFO - 
[2025-12-14T09:13:51.114+0000] {subprocess.py:106} INFO - For `use_container_width=True`, use `width='stretch'`. For `use_container_width=False`, use `width='content'`.
[2025-12-14T09:13:51.126+0000] {subprocess.py:106} INFO - 2025-12-14 09:13:51.126 Please replace `use_container_width` with `width`.
[2025-12-14T09:13:51.127+0000] {subprocess.py:106} INFO - 
[2025-12-14T09:13:51.127+0000] {subprocess.py:106} INFO - `use_container_width` will be removed after 2025-12-31.
[2025-12-14T09:13:51.127+0000] {subprocess.py:106} INFO - 
[2025-12-14T09:13:51.127+0000] {subprocess.py:106} INFO - For `use_container_width=True`, use `width='stretch'`. For `use_container_width=False`, use `width='content'`.
[2025-12-14T09:13:51.137+0000] {subprocess.py:106} INFO - 2025-12-14 09:13:51.137 Please replace `use_container_width` with `width`.
[2025-12-14T09:13:51.137+0000] {subprocess.py:106} INFO - 
[2025-12-14T09:13:51.138+0000] {subprocess.py:106} INFO - `use_container_width` will be removed after 2025-12-31.
[2025-12-14T09:13:51.138+0000] {subprocess.py:106} INFO - 
[2025-12-14T09:13:51.138+0000] {subprocess.py:106} INFO - For `use_container_width=True`, use `width='stretch'`. For `use_container_width=False`, use `width='content'`.
[2025-12-14T09:13:51.146+0000] {subprocess.py:106} INFO - 2025-12-14 09:13:51.146 Please replace `use_container_width` with `width`.
[2025-12-14T09:13:51.146+0000] {subprocess.py:106} INFO - 
[2025-12-14T09:13:51.146+0000] {subprocess.py:106} INFO - `use_container_width` will be removed after 2025-12-31.
[2025-12-14T09:13:51.147+0000] {subprocess.py:106} INFO - 
[2025-12-14T09:13:51.147+0000] {subprocess.py:106} INFO - For `use_container_width=True`, use `width='stretch'`. For `use_container_width=False`, use `width='content'`.
[2025-12-14T09:13:51.155+0000] {subprocess.py:106} INFO - 2025-12-14 09:13:51.154 Please replace `use_container_width` with `width`.
[2025-12-14T09:13:51.155+0000] {subprocess.py:106} INFO - 
[2025-12-14T09:13:51.155+0000] {subprocess.py:106} INFO - `use_container_width` will be removed after 2025-12-31.
[2025-12-14T09:13:51.155+0000] {subprocess.py:106} INFO - 
[2025-12-14T09:13:51.156+0000] {subprocess.py:106} INFO - For `use_container_width=True`, use `width='stretch'`. For `use_container_width=False`, use `width='content'`.
[2025-12-14T09:14:20.129+0000] {local_task_job_runner.py:346} WARNING - State of this instance has been externally set to failed. Terminating instance.
[2025-12-14T09:14:20.132+0000] {local_task_job_runner.py:245} INFO - ::endgroup::
[2025-12-14T09:14:20.134+0000] {process_utils.py:132} INFO - Sending 15 to group 1460. PIDs of all processes in the group: [1462, 1460]
[2025-12-14T09:14:20.134+0000] {process_utils.py:87} INFO - Sending the signal 15 to group 1460
[2025-12-14T09:14:20.135+0000] {taskinstance.py:3093} ERROR - Received SIGTERM. Terminating subprocesses.
[2025-12-14T09:14:20.136+0000] {subprocess.py:117} INFO - Sending SIGTERM signal to process group
[2025-12-14T09:14:20.157+0000] {taskinstance.py:340} INFO - ::group::Post task execution logs
[2025-12-14T09:14:20.640+0000] {process_utils.py:80} INFO - Process psutil.Process(pid=1460, status='terminated', exitcode=0, started='09:10:58') (1460) terminated with exit code 0
[2025-12-14T09:14:21.580+0000] {process_utils.py:80} INFO - Process psutil.Process(pid=1462, status='terminated', started='09:10:58') (1462) terminated with exit code None
