[2025-12-13T19:58:27.993+0000] {local_task_job_runner.py:123} INFO - ::group::Pre task execution logs
[2025-12-13T19:58:28.009+0000] {taskinstance.py:2613} INFO - Dependencies all met for dep_context=non-requeueable deps ti=<TaskInstance: stock_portfolio_pipeline_datafrogs.prepare_streaming_data manual__2025-12-13T19:53:04.257720+00:00 [queued]>
[2025-12-13T19:58:28.021+0000] {taskinstance.py:2613} INFO - Dependencies all met for dep_context=requeueable deps ti=<TaskInstance: stock_portfolio_pipeline_datafrogs.prepare_streaming_data manual__2025-12-13T19:53:04.257720+00:00 [queued]>
[2025-12-13T19:58:28.021+0000] {taskinstance.py:2866} INFO - Starting attempt 2 of 2
[2025-12-13T19:58:28.031+0000] {taskinstance.py:2889} INFO - Executing <Task(PythonOperator): prepare_streaming_data> on 2025-12-13 19:53:04.257720+00:00
[2025-12-13T19:58:28.048+0000] {standard_task_runner.py:104} INFO - Running: ['***', 'tasks', 'run', 'stock_portfolio_pipeline_datafrogs', 'prepare_streaming_data', 'manual__2025-12-13T19:53:04.257720+00:00', '--job-id', '267', '--raw', '--subdir', 'DAGS_FOLDER/***.py', '--cfg-path', '/tmp/tmp3rdwdajk']
[2025-12-13T19:58:28.051+0000] {standard_task_runner.py:105} INFO - Job 267: Subtask prepare_streaming_data
[2025-12-13T19:58:28.054+0000] {warnings.py:112} WARNING - /home/***/.local/lib/python3.12/site-packages/***/task/task_runner/standard_task_runner.py:70: DeprecationWarning: This process (pid=3506) is multi-threaded, use of fork() may lead to deadlocks in the child.
  pid = os.fork()

[2025-12-13T19:58:28.056+0000] {standard_task_runner.py:72} INFO - Started process 3518 to run task
[2025-12-13T19:58:28.241+0000] {task_command.py:467} INFO - Running <TaskInstance: stock_portfolio_pipeline_datafrogs.prepare_streaming_data manual__2025-12-13T19:53:04.257720+00:00 [running]> on host fc66782e0078
[2025-12-13T19:58:38.525+0000] {job.py:229} INFO - Heartbeat recovered after 10.57 seconds
[2025-12-13T19:58:38.734+0000] {taskinstance.py:3132} INFO - Exporting env vars: AIRFLOW_CTX_DAG_OWNER='data_engineering_team' AIRFLOW_CTX_DAG_ID='stock_portfolio_pipeline_datafrogs' AIRFLOW_CTX_TASK_ID='prepare_streaming_data' AIRFLOW_CTX_EXECUTION_DATE='2025-12-13T19:53:04.257720+00:00' AIRFLOW_CTX_TRY_NUMBER='2' AIRFLOW_CTX_DAG_RUN_ID='manual__2025-12-13T19:53:04.257720+00:00'
[2025-12-13T19:58:38.741+0000] {taskinstance.py:731} INFO - ::endgroup::
[2025-12-13T19:58:38.959+0000] {logging_mixin.py:190} INFO - dataframe length 10000
[2025-12-13T19:58:38.968+0000] {logging_mixin.py:190} INFO - streaming length 500
[2025-12-13T19:58:38.970+0000] {logging_mixin.py:190} INFO - remaining encoded length 9500
[2025-12-13T19:58:39.275+0000] {python.py:240} INFO - Done. Returned value was: None
[2025-12-13T19:58:39.426+0000] {taskinstance.py:340} INFO - ::group::Post task execution logs
[2025-12-13T19:58:39.429+0000] {taskinstance.py:352} INFO - Marking task as SUCCESS. dag_id=stock_portfolio_pipeline_datafrogs, task_id=prepare_streaming_data, run_id=manual__2025-12-13T19:53:04.257720+00:00, execution_date=20251213T195304, start_date=20251213T195828, end_date=20251213T195839
[2025-12-13T19:58:39.504+0000] {local_task_job_runner.py:266} INFO - Task exited with return code 0
[2025-12-13T19:58:39.552+0000] {local_task_job_runner.py:245} INFO - ::endgroup::
