[2025-12-14T11:06:02.114+0000] {local_task_job_runner.py:123} INFO - ::group::Pre task execution logs
[2025-12-14T11:06:02.122+0000] {taskinstance.py:2613} INFO - Dependencies all met for dep_context=non-requeueable deps ti=<TaskInstance: stock_portfolio_pipeline_datafrogs.prepare_visualization manual__2025-12-14T11:05:33.064028+00:00 [queued]>
[2025-12-14T11:06:02.126+0000] {taskinstance.py:2613} INFO - Dependencies all met for dep_context=requeueable deps ti=<TaskInstance: stock_portfolio_pipeline_datafrogs.prepare_visualization manual__2025-12-14T11:05:33.064028+00:00 [queued]>
[2025-12-14T11:06:02.127+0000] {taskinstance.py:2866} INFO - Starting attempt 1 of 2
[2025-12-14T11:06:02.132+0000] {taskinstance.py:2889} INFO - Executing <Task(PythonOperator): prepare_visualization> on 2025-12-14 11:05:33.064028+00:00
[2025-12-14T11:06:02.140+0000] {warnings.py:112} WARNING - /home/***/.local/lib/python3.12/site-packages/***/task/task_runner/standard_task_runner.py:70: DeprecationWarning: This process (pid=643) is multi-threaded, use of fork() may lead to deadlocks in the child.
  pid = os.fork()

[2025-12-14T11:06:02.141+0000] {standard_task_runner.py:72} INFO - Started process 653 to run task
[2025-12-14T11:06:02.142+0000] {standard_task_runner.py:104} INFO - Running: ['***', 'tasks', 'run', 'stock_portfolio_pipeline_datafrogs', 'prepare_visualization', 'manual__2025-12-14T11:05:33.064028+00:00', '--job-id', '199', '--raw', '--subdir', 'DAGS_FOLDER/***.py', '--cfg-path', '/tmp/tmp03r2ctwy']
[2025-12-14T11:06:02.144+0000] {standard_task_runner.py:105} INFO - Job 199: Subtask prepare_visualization
[2025-12-14T11:06:02.181+0000] {task_command.py:467} INFO - Running <TaskInstance: stock_portfolio_pipeline_datafrogs.prepare_visualization manual__2025-12-14T11:05:33.064028+00:00 [running]> on host bfbbd4fc455d
[2025-12-14T11:06:02.231+0000] {taskinstance.py:3132} INFO - Exporting env vars: AIRFLOW_CTX_DAG_OWNER='data_engineering_team' AIRFLOW_CTX_DAG_ID='stock_portfolio_pipeline_datafrogs' AIRFLOW_CTX_TASK_ID='prepare_visualization' AIRFLOW_CTX_EXECUTION_DATE='2025-12-14T11:05:33.064028+00:00' AIRFLOW_CTX_TRY_NUMBER='1' AIRFLOW_CTX_DAG_RUN_ID='manual__2025-12-14T11:05:33.064028+00:00'
[2025-12-14T11:06:02.232+0000] {taskinstance.py:731} INFO - ::endgroup::
[2025-12-14T11:06:02.249+0000] {logging_mixin.py:190} INFO - === Starting Prepare Visualization Task ===
[2025-12-14T11:06:02.249+0000] {logging_mixin.py:190} INFO - Reading from: /opt/***/data/streaming_dataset/full_stocks.csv
[2025-12-14T11:06:02.281+0000] {logging_mixin.py:190} INFO - Loaded 9500 rows from /opt/***/data/streaming_dataset/full_stocks.csv
[2025-12-14T11:06:02.287+0000] {logging_mixin.py:190} INFO - Reversed label encoding successfully.
[2025-12-14T11:06:02.291+0000] {logging_mixin.py:190} INFO - Reversed one-hot encoding for transaction_type
[2025-12-14T11:06:02.295+0000] {logging_mixin.py:190} INFO - Reversed one-hot encoding for customer_account_type
[2025-12-14T11:06:02.299+0000] {logging_mixin.py:190} INFO - Reversed one-hot encoding for stock_sector
[2025-12-14T11:06:02.302+0000] {logging_mixin.py:190} INFO - Reversed one-hot encoding for stock_industry
[2025-12-14T11:06:02.362+0000] {logging_mixin.py:190} INFO - Saved prepared data to /opt/***/data/visualization/dashboard_data.csv
[2025-12-14T11:06:02.363+0000] {python.py:240} INFO - Done. Returned value was: None
[2025-12-14T11:06:02.370+0000] {taskinstance.py:340} INFO - ::group::Post task execution logs
[2025-12-14T11:06:02.370+0000] {taskinstance.py:352} INFO - Marking task as SUCCESS. dag_id=stock_portfolio_pipeline_datafrogs, task_id=prepare_visualization, run_id=manual__2025-12-14T11:05:33.064028+00:00, execution_date=20251214T110533, start_date=20251214T110602, end_date=20251214T110602
[2025-12-14T11:06:02.399+0000] {local_task_job_runner.py:266} INFO - Task exited with return code 0
[2025-12-14T11:06:02.414+0000] {taskinstance.py:3895} INFO - 0 downstream tasks scheduled from follow-on schedule check
[2025-12-14T11:06:02.415+0000] {local_task_job_runner.py:245} INFO - ::endgroup::
