[2025-12-12T20:22:35.561+0000] {local_task_job_runner.py:123} INFO - ::group::Pre task execution logs
[2025-12-12T20:22:35.584+0000] {taskinstance.py:2613} INFO - Dependencies all met for dep_context=non-requeueable deps ti=<TaskInstance: stock_portfolio_pipeline_datafrogs.encode_categorical_data manual__2025-12-12T20:22:26.339885+00:00 [queued]>
[2025-12-12T20:22:35.596+0000] {taskinstance.py:2613} INFO - Dependencies all met for dep_context=requeueable deps ti=<TaskInstance: stock_portfolio_pipeline_datafrogs.encode_categorical_data manual__2025-12-12T20:22:26.339885+00:00 [queued]>
[2025-12-12T20:22:35.597+0000] {taskinstance.py:2866} INFO - Starting attempt 1 of 2
[2025-12-12T20:22:35.615+0000] {taskinstance.py:2889} INFO - Executing <Task(PythonOperator): encode_categorical_data> on 2025-12-12 20:22:26.339885+00:00
[2025-12-12T20:22:35.633+0000] {warnings.py:112} WARNING - /home/***/.local/lib/python3.12/site-packages/***/task/task_runner/standard_task_runner.py:70: DeprecationWarning: This process (pid=137) is multi-threaded, use of fork() may lead to deadlocks in the child.
  pid = os.fork()

[2025-12-12T20:22:35.636+0000] {standard_task_runner.py:72} INFO - Started process 170 to run task
[2025-12-12T20:22:35.636+0000] {standard_task_runner.py:104} INFO - Running: ['***', 'tasks', 'run', 'stock_portfolio_pipeline_datafrogs', 'encode_categorical_data', 'manual__2025-12-12T20:22:26.339885+00:00', '--job-id', '137', '--raw', '--subdir', 'DAGS_FOLDER/***.py', '--cfg-path', '/tmp/tmp64a75hdv']
[2025-12-12T20:22:35.640+0000] {standard_task_runner.py:105} INFO - Job 137: Subtask encode_categorical_data
[2025-12-12T20:22:35.737+0000] {task_command.py:467} INFO - Running <TaskInstance: stock_portfolio_pipeline_datafrogs.encode_categorical_data manual__2025-12-12T20:22:26.339885+00:00 [running]> on host 98619c145e51
[2025-12-12T20:22:35.870+0000] {taskinstance.py:3132} INFO - Exporting env vars: AIRFLOW_CTX_DAG_OWNER='data_engineering_team' AIRFLOW_CTX_DAG_ID='stock_portfolio_pipeline_datafrogs' AIRFLOW_CTX_TASK_ID='encode_categorical_data' AIRFLOW_CTX_EXECUTION_DATE='2025-12-12T20:22:26.339885+00:00' AIRFLOW_CTX_TRY_NUMBER='1' AIRFLOW_CTX_DAG_RUN_ID='manual__2025-12-12T20:22:26.339885+00:00'
[2025-12-12T20:22:35.872+0000] {taskinstance.py:731} INFO - ::endgroup::
[2025-12-12T20:22:36.156+0000] {logging_mixin.py:190} INFO -     Column Name  ...                                      Encoded Value
0      day_name  ...                                    [0, 1, 2, 3, 4]
1  stock_ticker  ...  [0, 1, 2, 3, 4, 5, 6, 7, 8, 9, 10, 11, 12, 13,...
2    is_weekend  ...                                             [0, 1]
3    is_holiday  ...                                             [0, 1]

[4 rows x 3 columns]
[2025-12-12T20:22:36.157+0000] {python.py:240} INFO - Done. Returned value was: None
[2025-12-12T20:22:36.172+0000] {taskinstance.py:340} INFO - ::group::Post task execution logs
[2025-12-12T20:22:36.173+0000] {taskinstance.py:352} INFO - Marking task as SUCCESS. dag_id=stock_portfolio_pipeline_datafrogs, task_id=encode_categorical_data, run_id=manual__2025-12-12T20:22:26.339885+00:00, execution_date=20251212T202226, start_date=20251212T202235, end_date=20251212T202236
[2025-12-12T20:22:36.214+0000] {local_task_job_runner.py:266} INFO - Task exited with return code 0
[2025-12-12T20:22:36.240+0000] {taskinstance.py:3895} INFO - 0 downstream tasks scheduled from follow-on schedule check
[2025-12-12T20:22:36.242+0000] {local_task_job_runner.py:245} INFO - ::endgroup::
