[2025-12-13T10:23:11.668+0000] {local_task_job_runner.py:123} INFO - ::group::Pre task execution logs
[2025-12-13T10:23:11.686+0000] {taskinstance.py:2613} INFO - Dependencies all met for dep_context=non-requeueable deps ti=<TaskInstance: stock_portfolio_pipeline_datafrogs.encode_categorical_data manual__2025-12-13T10:23:04.199466+00:00 [queued]>
[2025-12-13T10:23:11.693+0000] {taskinstance.py:2613} INFO - Dependencies all met for dep_context=requeueable deps ti=<TaskInstance: stock_portfolio_pipeline_datafrogs.encode_categorical_data manual__2025-12-13T10:23:04.199466+00:00 [queued]>
[2025-12-13T10:23:11.694+0000] {taskinstance.py:2866} INFO - Starting attempt 1 of 2
[2025-12-13T10:23:11.706+0000] {taskinstance.py:2889} INFO - Executing <Task(PythonOperator): encode_categorical_data> on 2025-12-13 10:23:04.199466+00:00
[2025-12-13T10:23:11.722+0000] {warnings.py:112} WARNING - /home/***/.local/lib/python3.12/site-packages/***/task/task_runner/standard_task_runner.py:70: DeprecationWarning: This process (pid=130) is multi-threaded, use of fork() may lead to deadlocks in the child.
  pid = os.fork()

[2025-12-13T10:23:11.725+0000] {standard_task_runner.py:72} INFO - Started process 158 to run task
[2025-12-13T10:23:11.725+0000] {standard_task_runner.py:104} INFO - Running: ['***', 'tasks', 'run', 'stock_portfolio_pipeline_datafrogs', 'encode_categorical_data', 'manual__2025-12-13T10:23:04.199466+00:00', '--job-id', '69', '--raw', '--subdir', 'DAGS_FOLDER/***.py', '--cfg-path', '/tmp/tmp3_vu6l1v']
[2025-12-13T10:23:11.730+0000] {standard_task_runner.py:105} INFO - Job 69: Subtask encode_categorical_data
[2025-12-13T10:23:11.813+0000] {task_command.py:467} INFO - Running <TaskInstance: stock_portfolio_pipeline_datafrogs.encode_categorical_data manual__2025-12-13T10:23:04.199466+00:00 [running]> on host 448ccd3909ed
[2025-12-13T10:23:11.905+0000] {taskinstance.py:3132} INFO - Exporting env vars: AIRFLOW_CTX_DAG_OWNER='data_engineering_team' AIRFLOW_CTX_DAG_ID='stock_portfolio_pipeline_datafrogs' AIRFLOW_CTX_TASK_ID='encode_categorical_data' AIRFLOW_CTX_EXECUTION_DATE='2025-12-13T10:23:04.199466+00:00' AIRFLOW_CTX_TRY_NUMBER='1' AIRFLOW_CTX_DAG_RUN_ID='manual__2025-12-13T10:23:04.199466+00:00'
[2025-12-13T10:23:11.907+0000] {taskinstance.py:731} INFO - ::endgroup::
[2025-12-13T10:23:12.161+0000] {logging_mixin.py:190} INFO -     Column Name  ...                                      Encoded Value
0      day_name  ...                                    [0, 1, 2, 3, 4]
1  stock_ticker  ...  [0, 1, 2, 3, 4, 5, 6, 7, 8, 9, 10, 11, 12, 13,...
2    is_weekend  ...                                             [0, 1]
3    is_holiday  ...                                             [0, 1]

[4 rows x 3 columns]
[2025-12-13T10:23:12.162+0000] {python.py:240} INFO - Done. Returned value was: None
[2025-12-13T10:23:12.174+0000] {taskinstance.py:340} INFO - ::group::Post task execution logs
[2025-12-13T10:23:12.175+0000] {taskinstance.py:352} INFO - Marking task as SUCCESS. dag_id=stock_portfolio_pipeline_datafrogs, task_id=encode_categorical_data, run_id=manual__2025-12-13T10:23:04.199466+00:00, execution_date=20251213T102304, start_date=20251213T102311, end_date=20251213T102312
[2025-12-13T10:23:12.222+0000] {local_task_job_runner.py:266} INFO - Task exited with return code 0
[2025-12-13T10:23:12.231+0000] {local_task_job_runner.py:245} INFO - ::endgroup::
