[2025-12-13T09:49:34.275+0000] {local_task_job_runner.py:123} INFO - ::group::Pre task execution logs
[2025-12-13T09:49:34.291+0000] {taskinstance.py:2613} INFO - Dependencies all met for dep_context=non-requeueable deps ti=<TaskInstance: stock_portfolio_pipeline_datafrogs.prepare_streaming_data scheduled__2025-12-12T00:00:00+00:00 [queued]>
[2025-12-13T09:49:34.302+0000] {taskinstance.py:2613} INFO - Dependencies all met for dep_context=requeueable deps ti=<TaskInstance: stock_portfolio_pipeline_datafrogs.prepare_streaming_data scheduled__2025-12-12T00:00:00+00:00 [queued]>
[2025-12-13T09:49:34.303+0000] {taskinstance.py:2866} INFO - Starting attempt 1 of 2
[2025-12-13T09:49:34.319+0000] {taskinstance.py:2889} INFO - Executing <Task(PythonOperator): prepare_streaming_data> on 2025-12-12 00:00:00+00:00
[2025-12-13T09:49:34.330+0000] {warnings.py:112} WARNING - /home/***/.local/lib/python3.12/site-packages/***/task/task_runner/standard_task_runner.py:70: DeprecationWarning: This process (pid=623) is multi-threaded, use of fork() may lead to deadlocks in the child.
  pid = os.fork()

[2025-12-13T09:49:34.333+0000] {standard_task_runner.py:72} INFO - Started process 649 to run task
[2025-12-13T09:49:34.332+0000] {standard_task_runner.py:104} INFO - Running: ['***', 'tasks', 'run', 'stock_portfolio_pipeline_datafrogs', 'prepare_streaming_data', 'scheduled__2025-12-12T00:00:00+00:00', '--job-id', '44', '--raw', '--subdir', 'DAGS_FOLDER/***.py', '--cfg-path', '/tmp/tmpsho5s56n']
[2025-12-13T09:49:34.335+0000] {standard_task_runner.py:105} INFO - Job 44: Subtask prepare_streaming_data
[2025-12-13T09:49:34.420+0000] {task_command.py:467} INFO - Running <TaskInstance: stock_portfolio_pipeline_datafrogs.prepare_streaming_data scheduled__2025-12-12T00:00:00+00:00 [running]> on host ed4ae6f68194
[2025-12-13T09:49:34.525+0000] {taskinstance.py:3132} INFO - Exporting env vars: AIRFLOW_CTX_DAG_OWNER='data_engineering_team' AIRFLOW_CTX_DAG_ID='stock_portfolio_pipeline_datafrogs' AIRFLOW_CTX_TASK_ID='prepare_streaming_data' AIRFLOW_CTX_EXECUTION_DATE='2025-12-12T00:00:00+00:00' AIRFLOW_CTX_TRY_NUMBER='1' AIRFLOW_CTX_DAG_RUN_ID='scheduled__2025-12-12T00:00:00+00:00'
[2025-12-13T09:49:34.527+0000] {taskinstance.py:731} INFO - ::endgroup::
[2025-12-13T09:49:34.608+0000] {logging_mixin.py:190} INFO - dataframe length 10000
[2025-12-13T09:49:34.612+0000] {logging_mixin.py:190} INFO - streaming length 500
[2025-12-13T09:49:34.615+0000] {logging_mixin.py:190} INFO - remaining encoded length 9500
[2025-12-13T09:49:34.743+0000] {python.py:240} INFO - Done. Returned value was: None
[2025-12-13T09:49:34.759+0000] {taskinstance.py:340} INFO - ::group::Post task execution logs
[2025-12-13T09:49:34.760+0000] {taskinstance.py:352} INFO - Marking task as SUCCESS. dag_id=stock_portfolio_pipeline_datafrogs, task_id=prepare_streaming_data, run_id=scheduled__2025-12-12T00:00:00+00:00, execution_date=20251212T000000, start_date=20251213T094934, end_date=20251213T094934
[2025-12-13T09:49:34.831+0000] {local_task_job_runner.py:266} INFO - Task exited with return code 0
[2025-12-13T09:49:34.870+0000] {taskinstance.py:3895} INFO - 1 downstream tasks scheduled from follow-on schedule check
[2025-12-13T09:49:34.873+0000] {local_task_job_runner.py:245} INFO - ::endgroup::
