[2025-12-14T07:32:52.756+0000] {local_task_job_runner.py:123} INFO - ::group::Pre task execution logs
[2025-12-14T07:32:52.763+0000] {taskinstance.py:2613} INFO - Dependencies all met for dep_context=non-requeueable deps ti=<TaskInstance: stock_portfolio_pipeline_datafrogs.start_visualization_service manual__2025-12-14T07:31:01.737502+00:00 [queued]>
[2025-12-14T07:32:52.767+0000] {taskinstance.py:2613} INFO - Dependencies all met for dep_context=requeueable deps ti=<TaskInstance: stock_portfolio_pipeline_datafrogs.start_visualization_service manual__2025-12-14T07:31:01.737502+00:00 [queued]>
[2025-12-14T07:32:52.768+0000] {taskinstance.py:2866} INFO - Starting attempt 1 of 2
[2025-12-14T07:32:52.773+0000] {taskinstance.py:2889} INFO - Executing <Task(BashOperator): start_visualization_service> on 2025-12-14 07:31:01.737502+00:00
[2025-12-14T07:32:52.788+0000] {warnings.py:112} WARNING - /home/***/.local/lib/python3.12/site-packages/***/task/task_runner/standard_task_runner.py:70: DeprecationWarning: This process (pid=1219) is multi-threaded, use of fork() may lead to deadlocks in the child.
  pid = os.fork()

[2025-12-14T07:32:52.789+0000] {standard_task_runner.py:72} INFO - Started process 1224 to run task
[2025-12-14T07:32:52.789+0000] {standard_task_runner.py:104} INFO - Running: ['***', 'tasks', 'run', 'stock_portfolio_pipeline_datafrogs', 'start_visualization_service', 'manual__2025-12-14T07:31:01.737502+00:00', '--job-id', '407', '--raw', '--subdir', 'DAGS_FOLDER/***.py', '--cfg-path', '/tmp/tmps5b4gxgx']
[2025-12-14T07:32:52.792+0000] {standard_task_runner.py:105} INFO - Job 407: Subtask start_visualization_service
[2025-12-14T07:32:52.827+0000] {task_command.py:467} INFO - Running <TaskInstance: stock_portfolio_pipeline_datafrogs.start_visualization_service manual__2025-12-14T07:31:01.737502+00:00 [running]> on host 460b7b6f7835
[2025-12-14T07:32:52.876+0000] {taskinstance.py:3132} INFO - Exporting env vars: AIRFLOW_CTX_DAG_OWNER='data_engineering_team' AIRFLOW_CTX_DAG_ID='stock_portfolio_pipeline_datafrogs' AIRFLOW_CTX_TASK_ID='start_visualization_service' AIRFLOW_CTX_EXECUTION_DATE='2025-12-14T07:31:01.737502+00:00' AIRFLOW_CTX_TRY_NUMBER='1' AIRFLOW_CTX_DAG_RUN_ID='manual__2025-12-14T07:31:01.737502+00:00'
[2025-12-14T07:32:52.877+0000] {taskinstance.py:731} INFO - ::endgroup::
[2025-12-14T07:32:52.885+0000] {subprocess.py:78} INFO - Tmp dir root location: /tmp
[2025-12-14T07:32:52.886+0000] {subprocess.py:88} INFO - Running command: ['/usr/bin/bash', '-c', 'streamlit run /opt/***/scripts/dashboard.py']
[2025-12-14T07:32:52.898+0000] {subprocess.py:99} INFO - Output:
[2025-12-14T07:32:53.613+0000] {subprocess.py:106} INFO - 
[2025-12-14T07:32:53.614+0000] {subprocess.py:106} INFO - Collecting usage statistics. To deactivate, set browser.gatherUsageStats to false.
[2025-12-14T07:32:53.614+0000] {subprocess.py:106} INFO - 
[2025-12-14T07:32:54.463+0000] {subprocess.py:106} INFO - 
[2025-12-14T07:32:54.470+0000] {subprocess.py:106} INFO -   You can now view your Streamlit app in your browser.
[2025-12-14T07:32:54.471+0000] {subprocess.py:106} INFO - 
[2025-12-14T07:32:54.471+0000] {subprocess.py:106} INFO -   Local URL: http://localhost:8503
[2025-12-14T07:32:54.472+0000] {subprocess.py:106} INFO -   Network URL: http://172.18.0.6:8503
[2025-12-14T07:32:54.472+0000] {subprocess.py:106} INFO -   External URL: http://197.42.235.81:8503
[2025-12-14T07:32:54.473+0000] {subprocess.py:106} INFO - 
