[2025-12-12T23:00:42.867+0000] {local_task_job_runner.py:123} INFO - ::group::Pre task execution logs
[2025-12-12T23:00:42.886+0000] {taskinstance.py:2613} INFO - Dependencies all met for dep_context=non-requeueable deps ti=<TaskInstance: stock_portfolio_pipeline_datafrogs.start_kafka_producer manual__2025-12-12T22:55:51.787158+00:00 [queued]>
[2025-12-12T23:00:42.896+0000] {taskinstance.py:2613} INFO - Dependencies all met for dep_context=requeueable deps ti=<TaskInstance: stock_portfolio_pipeline_datafrogs.start_kafka_producer manual__2025-12-12T22:55:51.787158+00:00 [queued]>
[2025-12-12T23:00:42.896+0000] {taskinstance.py:2866} INFO - Starting attempt 2 of 2
[2025-12-12T23:00:42.912+0000] {taskinstance.py:2889} INFO - Executing <Task(BashOperator): start_kafka_producer> on 2025-12-12 22:55:51.787158+00:00
[2025-12-12T23:00:42.923+0000] {warnings.py:112} WARNING - /home/***/.local/lib/python3.12/site-packages/***/task/task_runner/standard_task_runner.py:70: DeprecationWarning: This process (pid=72) is multi-threaded, use of fork() may lead to deadlocks in the child.
  pid = os.fork()

[2025-12-12T23:00:42.926+0000] {standard_task_runner.py:72} INFO - Started process 85 to run task
[2025-12-12T23:00:42.926+0000] {standard_task_runner.py:104} INFO - Running: ['***', 'tasks', 'run', 'stock_portfolio_pipeline_datafrogs', 'start_kafka_producer', 'manual__2025-12-12T22:55:51.787158+00:00', '--job-id', '34', '--raw', '--subdir', 'DAGS_FOLDER/***.py', '--cfg-path', '/tmp/tmpr7ee7a2q']
[2025-12-12T23:00:42.931+0000] {standard_task_runner.py:105} INFO - Job 34: Subtask start_kafka_producer
[2025-12-12T23:00:43.004+0000] {task_command.py:467} INFO - Running <TaskInstance: stock_portfolio_pipeline_datafrogs.start_kafka_producer manual__2025-12-12T22:55:51.787158+00:00 [running]> on host ed4ae6f68194
[2025-12-12T23:00:43.105+0000] {taskinstance.py:3132} INFO - Exporting env vars: AIRFLOW_CTX_DAG_OWNER='data_engineering_team' AIRFLOW_CTX_DAG_ID='stock_portfolio_pipeline_datafrogs' AIRFLOW_CTX_TASK_ID='start_kafka_producer' AIRFLOW_CTX_EXECUTION_DATE='2025-12-12T22:55:51.787158+00:00' AIRFLOW_CTX_TRY_NUMBER='2' AIRFLOW_CTX_DAG_RUN_ID='manual__2025-12-12T22:55:51.787158+00:00'
[2025-12-12T23:00:43.107+0000] {taskinstance.py:731} INFO - ::endgroup::
[2025-12-12T23:00:43.147+0000] {subprocess.py:78} INFO - Tmp dir root location: /tmp
[2025-12-12T23:00:43.149+0000] {subprocess.py:88} INFO - Running command: ['/usr/bin/bash', '-c', 'python3 /opt/***/scripts/start_kafka_producer.py']
[2025-12-12T23:00:43.165+0000] {subprocess.py:99} INFO - Output:
[2025-12-12T23:01:38.412+0000] {local_task_job_runner.py:346} WARNING - State of this instance has been externally set to restarting. Terminating instance.
[2025-12-12T23:01:38.414+0000] {local_task_job_runner.py:245} INFO - ::endgroup::
[2025-12-12T23:01:38.416+0000] {process_utils.py:132} INFO - Sending 15 to group 85. PIDs of all processes in the group: [87, 85]
[2025-12-12T23:01:38.417+0000] {process_utils.py:87} INFO - Sending the signal 15 to group 85
[2025-12-12T23:01:38.417+0000] {taskinstance.py:3093} ERROR - Received SIGTERM. Terminating subprocesses.
[2025-12-12T23:01:38.418+0000] {subprocess.py:117} INFO - Sending SIGTERM signal to process group
[2025-12-12T23:01:38.432+0000] {taskinstance.py:3311} ERROR - Task failed with exception
Traceback (most recent call last):
  File "/home/airflow/.local/lib/python3.12/site-packages/airflow/models/taskinstance.py", line 767, in _execute_task
    result = _execute_callable(context=context, **execute_callable_kwargs)
             ^^^^^^^^^^^^^^^^^^^^^^^^^^^^^^^^^^^^^^^^^^^^^^^^^^^^^^^^^^^^^
  File "/home/airflow/.local/lib/python3.12/site-packages/airflow/models/taskinstance.py", line 733, in _execute_callable
    return ExecutionCallableRunner(
           ^^^^^^^^^^^^^^^^^^^^^^^^
  File "/home/airflow/.local/lib/python3.12/site-packages/airflow/utils/operator_helpers.py", line 252, in run
    return self.func(*args, **kwargs)
           ^^^^^^^^^^^^^^^^^^^^^^^^^^
  File "/home/airflow/.local/lib/python3.12/site-packages/airflow/models/baseoperator.py", line 417, in wrapper
    return func(self, *args, **kwargs)
           ^^^^^^^^^^^^^^^^^^^^^^^^^^^
  File "/home/airflow/.local/lib/python3.12/site-packages/airflow/operators/bash.py", line 257, in execute
    result = self._run_inline_command(bash_path=bash_path, env=env)
             ^^^^^^^^^^^^^^^^^^^^^^^^^^^^^^^^^^^^^^^^^^^^^^^^^^^^^^
  File "/home/airflow/.local/lib/python3.12/site-packages/airflow/operators/bash.py", line 284, in _run_inline_command
    return self.subprocess_hook.run_command(
           ^^^^^^^^^^^^^^^^^^^^^^^^^^^^^^^^^
  File "/home/airflow/.local/lib/python3.12/site-packages/airflow/hooks/subprocess.py", line 104, in run_command
    for raw_line in iter(self.sub_process.stdout.readline, b""):
                    ^^^^^^^^^^^^^^^^^^^^^^^^^^^^^^^^^^^^^^^^^^^
  File "/home/airflow/.local/lib/python3.12/site-packages/airflow/models/taskinstance.py", line 3095, in signal_handler
    raise AirflowTaskTerminated("Task received SIGTERM signal")
airflow.exceptions.AirflowTaskTerminated: Task received SIGTERM signal
[2025-12-12T23:01:38.438+0000] {taskinstance.py:1225} INFO - Marking task as UP_FOR_RETRY. dag_id=stock_portfolio_pipeline_datafrogs, task_id=start_kafka_producer, run_id=manual__2025-12-12T22:55:51.787158+00:00, execution_date=20251212T225551, start_date=20251212T230042, end_date=20251212T230138
[2025-12-12T23:01:38.453+0000] {taskinstance.py:340} INFO - ::group::Post task execution logs
[2025-12-12T23:01:38.470+0000] {process_utils.py:80} INFO - Process psutil.Process(pid=87, status='terminated', started='23:00:42') (87) terminated with exit code None
[2025-12-12T23:01:38.470+0000] {process_utils.py:80} INFO - Process psutil.Process(pid=85, status='terminated', exitcode=2, started='23:00:42') (85) terminated with exit code 2
