[2025-12-14T12:37:24.925+0000] {local_task_job_runner.py:123} INFO - ::group::Pre task execution logs
[2025-12-14T12:37:24.943+0000] {taskinstance.py:2613} INFO - Dependencies all met for dep_context=non-requeueable deps ti=<TaskInstance: stock_portfolio_pipeline_datafrogs.prepare_visualization manual__2025-12-14T12:37:02.933372+00:00 [queued]>
[2025-12-14T12:37:24.949+0000] {taskinstance.py:2613} INFO - Dependencies all met for dep_context=requeueable deps ti=<TaskInstance: stock_portfolio_pipeline_datafrogs.prepare_visualization manual__2025-12-14T12:37:02.933372+00:00 [queued]>
[2025-12-14T12:37:24.949+0000] {taskinstance.py:2866} INFO - Starting attempt 1 of 2
[2025-12-14T12:37:24.962+0000] {taskinstance.py:2889} INFO - Executing <Task(PythonOperator): prepare_visualization> on 2025-12-14 12:37:02.933372+00:00
[2025-12-14T12:37:24.980+0000] {warnings.py:112} WARNING - /home/***/.local/lib/python3.12/site-packages/***/task/task_runner/standard_task_runner.py:70: DeprecationWarning: This process (pid=9692) is multi-threaded, use of fork() may lead to deadlocks in the child.
  pid = os.fork()

[2025-12-14T12:37:24.981+0000] {standard_task_runner.py:72} INFO - Started process 9718 to run task
[2025-12-14T12:37:24.986+0000] {standard_task_runner.py:104} INFO - Running: ['***', 'tasks', 'run', 'stock_portfolio_pipeline_datafrogs', 'prepare_visualization', 'manual__2025-12-14T12:37:02.933372+00:00', '--job-id', '396', '--raw', '--subdir', 'DAGS_FOLDER/***.py', '--cfg-path', '/tmp/tmpmkc9y0i7']
[2025-12-14T12:37:24.987+0000] {standard_task_runner.py:105} INFO - Job 396: Subtask prepare_visualization
[2025-12-14T12:37:25.027+0000] {task_command.py:467} INFO - Running <TaskInstance: stock_portfolio_pipeline_datafrogs.prepare_visualization manual__2025-12-14T12:37:02.933372+00:00 [running]> on host 79a4b2d0a09e
[2025-12-14T12:37:25.079+0000] {taskinstance.py:3132} INFO - Exporting env vars: AIRFLOW_CTX_DAG_OWNER='data_engineering_team' AIRFLOW_CTX_DAG_ID='stock_portfolio_pipeline_datafrogs' AIRFLOW_CTX_TASK_ID='prepare_visualization' AIRFLOW_CTX_EXECUTION_DATE='2025-12-14T12:37:02.933372+00:00' AIRFLOW_CTX_TRY_NUMBER='1' AIRFLOW_CTX_DAG_RUN_ID='manual__2025-12-14T12:37:02.933372+00:00'
[2025-12-14T12:37:25.081+0000] {taskinstance.py:731} INFO - ::endgroup::
[2025-12-14T12:37:25.091+0000] {logging_mixin.py:190} INFO - === Starting Prepare Visualization Task ===
[2025-12-14T12:37:25.091+0000] {logging_mixin.py:190} INFO - Reading from: /opt/***/data/streaming_dataset/full_stocks.csv
[2025-12-14T12:37:25.111+0000] {logging_mixin.py:190} INFO - Loaded 9500 rows from /opt/***/data/streaming_dataset/full_stocks.csv
[2025-12-14T12:37:25.115+0000] {logging_mixin.py:190} INFO - Reversed label encoding successfully.
[2025-12-14T12:37:25.120+0000] {logging_mixin.py:190} INFO - Reversed one-hot encoding for transaction_type
[2025-12-14T12:37:25.123+0000] {logging_mixin.py:190} INFO - Reversed one-hot encoding for customer_account_type
[2025-12-14T12:37:25.128+0000] {logging_mixin.py:190} INFO - Reversed one-hot encoding for stock_sector
[2025-12-14T12:37:25.132+0000] {logging_mixin.py:190} INFO - Reversed one-hot encoding for stock_industry
[2025-12-14T12:37:25.196+0000] {logging_mixin.py:190} INFO - Saved prepared data to /opt/***/data/visualization/dashboard_data.csv
[2025-12-14T12:37:25.197+0000] {python.py:240} INFO - Done. Returned value was: None
[2025-12-14T12:37:25.203+0000] {taskinstance.py:340} INFO - ::group::Post task execution logs
[2025-12-14T12:37:25.204+0000] {taskinstance.py:352} INFO - Marking task as SUCCESS. dag_id=stock_portfolio_pipeline_datafrogs, task_id=prepare_visualization, run_id=manual__2025-12-14T12:37:02.933372+00:00, execution_date=20251214T123702, start_date=20251214T123724, end_date=20251214T123725
[2025-12-14T12:37:25.238+0000] {local_task_job_runner.py:266} INFO - Task exited with return code 0
[2025-12-14T12:37:25.254+0000] {taskinstance.py:3895} INFO - 1 downstream tasks scheduled from follow-on schedule check
[2025-12-14T12:37:25.254+0000] {local_task_job_runner.py:245} INFO - ::endgroup::
