[2025-12-13T09:48:05.366+0000] {local_task_job_runner.py:123} INFO - ::group::Pre task execution logs
[2025-12-13T09:48:05.385+0000] {taskinstance.py:2613} INFO - Dependencies all met for dep_context=non-requeueable deps ti=<TaskInstance: stock_portfolio_pipeline_datafrogs.detect_outliers scheduled__2025-12-12T00:00:00+00:00 [queued]>
[2025-12-13T09:48:05.395+0000] {taskinstance.py:2613} INFO - Dependencies all met for dep_context=requeueable deps ti=<TaskInstance: stock_portfolio_pipeline_datafrogs.detect_outliers scheduled__2025-12-12T00:00:00+00:00 [queued]>
[2025-12-13T09:48:05.396+0000] {taskinstance.py:2866} INFO - Starting attempt 1 of 2
[2025-12-13T09:48:05.429+0000] {taskinstance.py:2889} INFO - Executing <Task(PythonOperator): detect_outliers> on 2025-12-12 00:00:00+00:00
[2025-12-13T09:48:05.534+0000] {warnings.py:112} WARNING - /home/***/.local/lib/python3.12/site-packages/***/task/task_runner/standard_task_runner.py:70: DeprecationWarning: This process (pid=653) is multi-threaded, use of fork() may lead to deadlocks in the child.
  pid = os.fork()

[2025-12-13T09:48:05.542+0000] {standard_task_runner.py:72} INFO - Started process 681 to run task
[2025-12-13T09:48:05.538+0000] {standard_task_runner.py:104} INFO - Running: ['***', 'tasks', 'run', 'stock_portfolio_pipeline_datafrogs', 'detect_outliers', 'scheduled__2025-12-12T00:00:00+00:00', '--job-id', '47', '--raw', '--subdir', 'DAGS_FOLDER/***.py', '--cfg-path', '/tmp/tmpjjf2h8ng']
[2025-12-13T09:48:05.555+0000] {standard_task_runner.py:105} INFO - Job 47: Subtask detect_outliers
[2025-12-13T09:48:05.712+0000] {task_command.py:467} INFO - Running <TaskInstance: stock_portfolio_pipeline_datafrogs.detect_outliers scheduled__2025-12-12T00:00:00+00:00 [running]> on host ed4ae6f68194
[2025-12-13T09:48:05.816+0000] {taskinstance.py:3132} INFO - Exporting env vars: AIRFLOW_CTX_DAG_OWNER='data_engineering_team' AIRFLOW_CTX_DAG_ID='stock_portfolio_pipeline_datafrogs' AIRFLOW_CTX_TASK_ID='detect_outliers' AIRFLOW_CTX_EXECUTION_DATE='2025-12-12T00:00:00+00:00' AIRFLOW_CTX_TRY_NUMBER='1' AIRFLOW_CTX_DAG_RUN_ID='scheduled__2025-12-12T00:00:00+00:00'
[2025-12-13T09:48:05.818+0000] {taskinstance.py:731} INFO - ::endgroup::
[2025-12-13T09:48:05.835+0000] {logging_mixin.py:190} INFO - 
--- 2. Handling Outliers ---
[2025-12-13T09:48:05.924+0000] {logging_mixin.py:190} INFO - STK001: 15.476% outliers
[2025-12-13T09:48:05.928+0000] {logging_mixin.py:190} INFO - STK002: 0.000% outliers
[2025-12-13T09:48:05.932+0000] {logging_mixin.py:190} INFO - STK003: 3.770% outliers
[2025-12-13T09:48:05.936+0000] {logging_mixin.py:190} INFO - STK004: 2.778% outliers
[2025-12-13T09:48:05.939+0000] {logging_mixin.py:190} INFO - STK005: 0.000% outliers
[2025-12-13T09:48:05.943+0000] {logging_mixin.py:190} INFO - STK006: 0.000% outliers
[2025-12-13T09:48:05.946+0000] {logging_mixin.py:190} INFO - STK007: 6.349% outliers
[2025-12-13T09:48:05.952+0000] {logging_mixin.py:190} INFO - STK008: 0.000% outliers
[2025-12-13T09:48:05.958+0000] {logging_mixin.py:190} INFO - STK009: 1.190% outliers
[2025-12-13T09:48:05.963+0000] {logging_mixin.py:190} INFO - STK010: 0.000% outliers
[2025-12-13T09:48:05.967+0000] {logging_mixin.py:190} INFO - STK011: 0.198% outliers
[2025-12-13T09:48:05.972+0000] {logging_mixin.py:190} INFO - STK012: 0.000% outliers
[2025-12-13T09:48:05.975+0000] {logging_mixin.py:190} INFO - STK013: 0.000% outliers
[2025-12-13T09:48:05.980+0000] {logging_mixin.py:190} INFO - STK014: 0.198% outliers
[2025-12-13T09:48:05.984+0000] {logging_mixin.py:190} INFO - STK015: 0.000% outliers
[2025-12-13T09:48:05.988+0000] {logging_mixin.py:190} INFO - STK016: 0.000% outliers
[2025-12-13T09:48:05.992+0000] {logging_mixin.py:190} INFO - STK017: 0.000% outliers
[2025-12-13T09:48:05.996+0000] {logging_mixin.py:190} INFO - STK018: 0.000% outliers
[2025-12-13T09:48:05.999+0000] {logging_mixin.py:190} INFO - STK019: 7.341% outliers
[2025-12-13T09:48:06.003+0000] {logging_mixin.py:190} INFO - STK020: 0.397% outliers
[2025-12-13T09:48:06.007+0000] {logging_mixin.py:190} INFO - quantity: 7.650% outliers
[2025-12-13T09:48:06.015+0000] {logging_mixin.py:190} INFO - average_trade_size: 25.250% outliers
[2025-12-13T09:48:06.020+0000] {logging_mixin.py:190} INFO - cumulative_portfolio_value: 10.370% outliers
[2025-12-13T09:48:06.201+0000] {python.py:240} INFO - Done. Returned value was: None
[2025-12-13T09:48:06.220+0000] {taskinstance.py:340} INFO - ::group::Post task execution logs
[2025-12-13T09:48:06.221+0000] {taskinstance.py:352} INFO - Marking task as SUCCESS. dag_id=stock_portfolio_pipeline_datafrogs, task_id=detect_outliers, run_id=scheduled__2025-12-12T00:00:00+00:00, execution_date=20251212T000000, start_date=20251213T094805, end_date=20251213T094806
[2025-12-13T09:48:06.248+0000] {local_task_job_runner.py:266} INFO - Task exited with return code 0
[2025-12-13T09:48:06.258+0000] {local_task_job_runner.py:245} INFO - ::endgroup::
