[2025-12-14T11:57:13.168+0000] {local_task_job_runner.py:123} INFO - ::group::Pre task execution logs
[2025-12-14T11:57:13.178+0000] {taskinstance.py:2613} INFO - Dependencies all met for dep_context=non-requeueable deps ti=<TaskInstance: stock_portfolio_pipeline_datafrogs.prepare_streaming_data manual__2025-12-14T11:57:10.377726+00:00 [queued]>
[2025-12-14T11:57:13.184+0000] {taskinstance.py:2613} INFO - Dependencies all met for dep_context=requeueable deps ti=<TaskInstance: stock_portfolio_pipeline_datafrogs.prepare_streaming_data manual__2025-12-14T11:57:10.377726+00:00 [queued]>
[2025-12-14T11:57:13.184+0000] {taskinstance.py:2866} INFO - Starting attempt 1 of 2
[2025-12-14T11:57:13.205+0000] {taskinstance.py:2889} INFO - Executing <Task(PythonOperator): prepare_streaming_data> on 2025-12-14 11:57:10.377726+00:00
[2025-12-14T11:57:13.217+0000] {warnings.py:112} WARNING - /home/***/.local/lib/python3.12/site-packages/***/task/task_runner/standard_task_runner.py:70: DeprecationWarning: This process (pid=2153) is multi-threaded, use of fork() may lead to deadlocks in the child.
  pid = os.fork()

[2025-12-14T11:57:13.218+0000] {standard_task_runner.py:72} INFO - Started process 2175 to run task
[2025-12-14T11:57:13.224+0000] {standard_task_runner.py:104} INFO - Running: ['***', 'tasks', 'run', 'stock_portfolio_pipeline_datafrogs', 'prepare_streaming_data', 'manual__2025-12-14T11:57:10.377726+00:00', '--job-id', '259', '--raw', '--subdir', 'DAGS_FOLDER/***.py', '--cfg-path', '/tmp/tmpz5v1bpx8']
[2025-12-14T11:57:13.234+0000] {standard_task_runner.py:105} INFO - Job 259: Subtask prepare_streaming_data
[2025-12-14T11:57:13.414+0000] {task_command.py:467} INFO - Running <TaskInstance: stock_portfolio_pipeline_datafrogs.prepare_streaming_data manual__2025-12-14T11:57:10.377726+00:00 [running]> on host 79a4b2d0a09e
[2025-12-14T11:57:13.592+0000] {taskinstance.py:3132} INFO - Exporting env vars: AIRFLOW_CTX_DAG_OWNER='data_engineering_team' AIRFLOW_CTX_DAG_ID='stock_portfolio_pipeline_datafrogs' AIRFLOW_CTX_TASK_ID='prepare_streaming_data' AIRFLOW_CTX_EXECUTION_DATE='2025-12-14T11:57:10.377726+00:00' AIRFLOW_CTX_TRY_NUMBER='1' AIRFLOW_CTX_DAG_RUN_ID='manual__2025-12-14T11:57:10.377726+00:00'
[2025-12-14T11:57:13.595+0000] {taskinstance.py:731} INFO - ::endgroup::
[2025-12-14T11:57:13.695+0000] {logging_mixin.py:190} INFO - dataframe length 10000
[2025-12-14T11:57:13.703+0000] {logging_mixin.py:190} INFO - streaming length 500
[2025-12-14T11:57:13.705+0000] {logging_mixin.py:190} INFO - remaining encoded length 9500
[2025-12-14T11:57:13.918+0000] {python.py:240} INFO - Done. Returned value was: None
[2025-12-14T11:57:13.935+0000] {taskinstance.py:340} INFO - ::group::Post task execution logs
[2025-12-14T11:57:13.940+0000] {taskinstance.py:352} INFO - Marking task as SUCCESS. dag_id=stock_portfolio_pipeline_datafrogs, task_id=prepare_streaming_data, run_id=manual__2025-12-14T11:57:10.377726+00:00, execution_date=20251214T115710, start_date=20251214T115713, end_date=20251214T115713
[2025-12-14T11:57:14.026+0000] {local_task_job_runner.py:266} INFO - Task exited with return code 0
[2025-12-14T11:57:14.104+0000] {local_task_job_runner.py:245} INFO - ::endgroup::
