[2025-12-13T17:32:54.583+0000] {local_task_job_runner.py:123} INFO - ::group::Pre task execution logs
[2025-12-13T17:32:54.664+0000] {taskinstance.py:2613} INFO - Dependencies all met for dep_context=non-requeueable deps ti=<TaskInstance: stock_portfolio_pipeline_datafrogs.load_to_postgres manual__2025-12-13T17:26:03.598095+00:00 [queued]>
[2025-12-13T17:32:54.683+0000] {taskinstance.py:2613} INFO - Dependencies all met for dep_context=requeueable deps ti=<TaskInstance: stock_portfolio_pipeline_datafrogs.load_to_postgres manual__2025-12-13T17:26:03.598095+00:00 [queued]>
[2025-12-13T17:32:54.688+0000] {taskinstance.py:2866} INFO - Starting attempt 1 of 2
[2025-12-13T17:32:54.737+0000] {taskinstance.py:2889} INFO - Executing <Task(PythonOperator): load_to_postgres> on 2025-12-13 17:26:03.598095+00:00
[2025-12-13T17:32:54.777+0000] {warnings.py:112} WARNING - /home/***/.local/lib/python3.12/site-packages/***/task/task_runner/standard_task_runner.py:70: DeprecationWarning: This process (pid=260) is multi-threaded, use of fork() may lead to deadlocks in the child.
  pid = os.fork()

[2025-12-13T17:32:54.792+0000] {standard_task_runner.py:72} INFO - Started process 266 to run task
[2025-12-13T17:32:54.782+0000] {standard_task_runner.py:104} INFO - Running: ['***', 'tasks', 'run', 'stock_portfolio_pipeline_datafrogs', 'load_to_postgres', 'manual__2025-12-13T17:26:03.598095+00:00', '--job-id', '62', '--raw', '--subdir', 'DAGS_FOLDER/***.py', '--cfg-path', '/tmp/tmphyvloxl6']
[2025-12-13T17:32:54.802+0000] {standard_task_runner.py:105} INFO - Job 62: Subtask load_to_postgres
[2025-12-13T17:32:54.952+0000] {task_command.py:467} INFO - Running <TaskInstance: stock_portfolio_pipeline_datafrogs.load_to_postgres manual__2025-12-13T17:26:03.598095+00:00 [running]> on host 686b42cad89b
[2025-12-13T17:32:55.103+0000] {taskinstance.py:3132} INFO - Exporting env vars: AIRFLOW_CTX_DAG_OWNER='data_engineering_team' AIRFLOW_CTX_DAG_ID='stock_portfolio_pipeline_datafrogs' AIRFLOW_CTX_TASK_ID='load_to_postgres' AIRFLOW_CTX_EXECUTION_DATE='2025-12-13T17:26:03.598095+00:00' AIRFLOW_CTX_TRY_NUMBER='1' AIRFLOW_CTX_DAG_RUN_ID='manual__2025-12-13T17:26:03.598095+00:00'
[2025-12-13T17:32:55.104+0000] {taskinstance.py:731} INFO - ::endgroup::
[2025-12-13T17:32:55.371+0000] {logging_mixin.py:190} INFO - Error creating database: could not translate host name "pgdatabase" to address: Name or service not known
[2025-12-13T17:32:55.383+0000] {logging_mixin.py:190} INFO - Error: (psycopg2.OperationalError) could not translate host name "pgdatabase" to address: Name or service not known

(Background on this error at: https://sqlalche.me/e/14/e3q8)
[2025-12-13T17:32:55.386+0000] {python.py:240} INFO - Done. Returned value was: None
[2025-12-13T17:33:00.798+0000] {taskinstance.py:340} INFO - ::group::Post task execution logs
[2025-12-13T17:33:01.381+0000] {taskinstance.py:352} INFO - Marking task as SUCCESS. dag_id=stock_portfolio_pipeline_datafrogs, task_id=load_to_postgres, run_id=manual__2025-12-13T17:26:03.598095+00:00, execution_date=20251213T172603, start_date=20251213T173254, end_date=20251213T173301
[2025-12-13T17:33:01.741+0000] {local_task_job_runner.py:266} INFO - Task exited with return code 0
[2025-12-13T17:33:01.804+0000] {taskinstance.py:3895} INFO - 0 downstream tasks scheduled from follow-on schedule check
[2025-12-13T17:33:01.807+0000] {local_task_job_runner.py:245} INFO - ::endgroup::
