[2025-12-14T07:37:48.959+0000] {local_task_job_runner.py:123} INFO - ::group::Pre task execution logs
[2025-12-14T07:37:48.971+0000] {taskinstance.py:2613} INFO - Dependencies all met for dep_context=non-requeueable deps ti=<TaskInstance: stock_portfolio_pipeline_datafrogs.prepare_streaming_data manual__2025-12-14T07:31:01.737502+00:00 [queued]>
[2025-12-14T07:37:48.978+0000] {taskinstance.py:2613} INFO - Dependencies all met for dep_context=requeueable deps ti=<TaskInstance: stock_portfolio_pipeline_datafrogs.prepare_streaming_data manual__2025-12-14T07:31:01.737502+00:00 [queued]>
[2025-12-14T07:37:48.978+0000] {taskinstance.py:2866} INFO - Starting attempt 2 of 2
[2025-12-14T07:37:48.988+0000] {taskinstance.py:2889} INFO - Executing <Task(PythonOperator): prepare_streaming_data> on 2025-12-14 07:31:01.737502+00:00
[2025-12-14T07:37:48.998+0000] {warnings.py:112} WARNING - /home/***/.local/lib/python3.12/site-packages/***/task/task_runner/standard_task_runner.py:70: DeprecationWarning: This process (pid=91) is multi-threaded, use of fork() may lead to deadlocks in the child.
  pid = os.fork()

[2025-12-14T07:37:49.000+0000] {standard_task_runner.py:72} INFO - Started process 101 to run task
[2025-12-14T07:37:49.001+0000] {standard_task_runner.py:104} INFO - Running: ['***', 'tasks', 'run', 'stock_portfolio_pipeline_datafrogs', 'prepare_streaming_data', 'manual__2025-12-14T07:31:01.737502+00:00', '--job-id', '416', '--raw', '--subdir', 'DAGS_FOLDER/***.py', '--cfg-path', '/tmp/tmpqbmx9jj6']
[2025-12-14T07:37:49.003+0000] {standard_task_runner.py:105} INFO - Job 416: Subtask prepare_streaming_data
[2025-12-14T07:37:49.049+0000] {task_command.py:467} INFO - Running <TaskInstance: stock_portfolio_pipeline_datafrogs.prepare_streaming_data manual__2025-12-14T07:31:01.737502+00:00 [running]> on host 8b68be65d550
[2025-12-14T07:37:49.115+0000] {taskinstance.py:3132} INFO - Exporting env vars: AIRFLOW_CTX_DAG_OWNER='data_engineering_team' AIRFLOW_CTX_DAG_ID='stock_portfolio_pipeline_datafrogs' AIRFLOW_CTX_TASK_ID='prepare_streaming_data' AIRFLOW_CTX_EXECUTION_DATE='2025-12-14T07:31:01.737502+00:00' AIRFLOW_CTX_TRY_NUMBER='2' AIRFLOW_CTX_DAG_RUN_ID='manual__2025-12-14T07:31:01.737502+00:00'
[2025-12-14T07:37:49.117+0000] {taskinstance.py:731} INFO - ::endgroup::
[2025-12-14T07:37:49.159+0000] {logging_mixin.py:190} INFO - dataframe length 10000
[2025-12-14T07:37:49.163+0000] {logging_mixin.py:190} INFO - streaming length 500
[2025-12-14T07:37:49.165+0000] {logging_mixin.py:190} INFO - remaining encoded length 9500
[2025-12-14T07:37:49.244+0000] {python.py:240} INFO - Done. Returned value was: None
[2025-12-14T07:37:49.251+0000] {taskinstance.py:340} INFO - ::group::Post task execution logs
[2025-12-14T07:37:49.252+0000] {taskinstance.py:352} INFO - Marking task as SUCCESS. dag_id=stock_portfolio_pipeline_datafrogs, task_id=prepare_streaming_data, run_id=manual__2025-12-14T07:31:01.737502+00:00, execution_date=20251214T073101, start_date=20251214T073748, end_date=20251214T073749
[2025-12-14T07:37:49.297+0000] {local_task_job_runner.py:266} INFO - Task exited with return code 0
[2025-12-14T07:37:49.347+0000] {taskinstance.py:3895} INFO - 1 downstream tasks scheduled from follow-on schedule check
[2025-12-14T07:37:49.352+0000] {local_task_job_runner.py:245} INFO - ::endgroup::
