[2025-12-14T10:48:30.863+0000] {local_task_job_runner.py:123} INFO - ::group::Pre task execution logs
[2025-12-14T10:48:30.871+0000] {taskinstance.py:2613} INFO - Dependencies all met for dep_context=non-requeueable deps ti=<TaskInstance: stock_portfolio_pipeline_datafrogs.integrate_datasets manual__2025-12-14T10:46:59.772206+00:00 [queued]>
[2025-12-14T10:48:30.875+0000] {taskinstance.py:2613} INFO - Dependencies all met for dep_context=requeueable deps ti=<TaskInstance: stock_portfolio_pipeline_datafrogs.integrate_datasets manual__2025-12-14T10:46:59.772206+00:00 [queued]>
[2025-12-14T10:48:30.875+0000] {taskinstance.py:2866} INFO - Starting attempt 1 of 2
[2025-12-14T10:48:30.883+0000] {taskinstance.py:2889} INFO - Executing <Task(PythonOperator): integrate_datasets> on 2025-12-14 10:46:59.772206+00:00
[2025-12-14T10:48:30.890+0000] {warnings.py:112} WARNING - /home/***/.local/lib/python3.12/site-packages/***/task/task_runner/standard_task_runner.py:70: DeprecationWarning: This process (pid=1251) is multi-threaded, use of fork() may lead to deadlocks in the child.
  pid = os.fork()

[2025-12-14T10:48:30.891+0000] {standard_task_runner.py:72} INFO - Started process 1261 to run task
[2025-12-14T10:48:30.892+0000] {standard_task_runner.py:104} INFO - Running: ['***', 'tasks', 'run', 'stock_portfolio_pipeline_datafrogs', 'integrate_datasets', 'manual__2025-12-14T10:46:59.772206+00:00', '--job-id', '179', '--raw', '--subdir', 'DAGS_FOLDER/***.py', '--cfg-path', '/tmp/tmpa0hl89tq']
[2025-12-14T10:48:30.894+0000] {standard_task_runner.py:105} INFO - Job 179: Subtask integrate_datasets
[2025-12-14T10:48:30.923+0000] {task_command.py:467} INFO - Running <TaskInstance: stock_portfolio_pipeline_datafrogs.integrate_datasets manual__2025-12-14T10:46:59.772206+00:00 [running]> on host 2c07a78d0b27
[2025-12-14T10:48:30.963+0000] {taskinstance.py:3132} INFO - Exporting env vars: AIRFLOW_CTX_DAG_OWNER='data_engineering_team' AIRFLOW_CTX_DAG_ID='stock_portfolio_pipeline_datafrogs' AIRFLOW_CTX_TASK_ID='integrate_datasets' AIRFLOW_CTX_EXECUTION_DATE='2025-12-14T10:46:59.772206+00:00' AIRFLOW_CTX_TRY_NUMBER='1' AIRFLOW_CTX_DAG_RUN_ID='manual__2025-12-14T10:46:59.772206+00:00'
[2025-12-14T10:48:30.964+0000] {taskinstance.py:731} INFO - ::endgroup::
[2025-12-14T10:48:30.973+0000] {logging_mixin.py:190} INFO - 
--- 3. Merging Datasets ---
[2025-12-14T10:48:31.013+0000] {logging_mixin.py:190} INFO -  Final merged DataFrame created with 10000 rows and 16 columns.
[2025-12-14T10:48:31.077+0000] {python.py:240} INFO - Done. Returned value was: None
[2025-12-14T10:48:31.084+0000] {taskinstance.py:340} INFO - ::group::Post task execution logs
[2025-12-14T10:48:31.084+0000] {taskinstance.py:352} INFO - Marking task as SUCCESS. dag_id=stock_portfolio_pipeline_datafrogs, task_id=integrate_datasets, run_id=manual__2025-12-14T10:46:59.772206+00:00, execution_date=20251214T104659, start_date=20251214T104830, end_date=20251214T104831
[2025-12-14T10:48:31.106+0000] {local_task_job_runner.py:266} INFO - Task exited with return code 0
[2025-12-14T10:48:31.120+0000] {taskinstance.py:3895} INFO - 1 downstream tasks scheduled from follow-on schedule check
[2025-12-14T10:48:31.121+0000] {local_task_job_runner.py:245} INFO - ::endgroup::
