[2025-12-14T09:43:34.271+0000] {local_task_job_runner.py:123} INFO - ::group::Pre task execution logs
[2025-12-14T09:43:34.278+0000] {taskinstance.py:2613} INFO - Dependencies all met for dep_context=non-requeueable deps ti=<TaskInstance: stock_portfolio_pipeline_datafrogs.run_spark_analytics manual__2025-12-14T09:37:46.046319+00:00 [queued]>
[2025-12-14T09:43:34.282+0000] {taskinstance.py:2613} INFO - Dependencies all met for dep_context=requeueable deps ti=<TaskInstance: stock_portfolio_pipeline_datafrogs.run_spark_analytics manual__2025-12-14T09:37:46.046319+00:00 [queued]>
[2025-12-14T09:43:34.283+0000] {taskinstance.py:2866} INFO - Starting attempt 1 of 2
[2025-12-14T09:43:34.288+0000] {taskinstance.py:2889} INFO - Executing <Task(PythonOperator): run_spark_analytics> on 2025-12-14 09:37:46.046319+00:00
[2025-12-14T09:43:34.295+0000] {warnings.py:112} WARNING - /home/***/.local/lib/python3.12/site-packages/***/task/task_runner/standard_task_runner.py:70: DeprecationWarning: This process (pid=3827) is multi-threaded, use of fork() may lead to deadlocks in the child.
  pid = os.fork()

[2025-12-14T09:43:34.296+0000] {standard_task_runner.py:72} INFO - Started process 3832 to run task
[2025-12-14T09:43:34.296+0000] {standard_task_runner.py:104} INFO - Running: ['***', 'tasks', 'run', 'stock_portfolio_pipeline_datafrogs', 'run_spark_analytics', 'manual__2025-12-14T09:37:46.046319+00:00', '--job-id', '95', '--raw', '--subdir', 'DAGS_FOLDER/***.py', '--cfg-path', '/tmp/tmp6zqtrjdr']
[2025-12-14T09:43:34.298+0000] {standard_task_runner.py:105} INFO - Job 95: Subtask run_spark_analytics
[2025-12-14T09:43:34.326+0000] {task_command.py:467} INFO - Running <TaskInstance: stock_portfolio_pipeline_datafrogs.run_spark_analytics manual__2025-12-14T09:37:46.046319+00:00 [running]> on host 179bab7085b3
[2025-12-14T09:43:34.366+0000] {taskinstance.py:3132} INFO - Exporting env vars: AIRFLOW_CTX_DAG_OWNER='data_engineering_team' AIRFLOW_CTX_DAG_ID='stock_portfolio_pipeline_datafrogs' AIRFLOW_CTX_TASK_ID='run_spark_analytics' AIRFLOW_CTX_EXECUTION_DATE='2025-12-14T09:37:46.046319+00:00' AIRFLOW_CTX_TRY_NUMBER='1' AIRFLOW_CTX_DAG_RUN_ID='manual__2025-12-14T09:37:46.046319+00:00'
[2025-12-14T09:43:34.367+0000] {taskinstance.py:731} INFO - ::endgroup::
[2025-12-14T09:43:34.376+0000] {logging_mixin.py:190} INFO - === Starting Spark Analytics Task ===
[2025-12-14T09:43:34.376+0000] {logging_mixin.py:190} INFO - No existing SparkContext found, continuing.
[2025-12-14T09:43:34.376+0000] {logging_mixin.py:190} INFO - Attempting to create SparkSession...
[2025-12-14T09:43:36.108+0000] {logging_mixin.py:190} INFO - SparkSession created successfully.
[2025-12-14T09:43:36.112+0000] {logging_mixin.py:190} INFO - Checking for file at: /opt/***/data/streaming_dataset/full_stocks.csv
[2025-12-14T09:43:36.113+0000] {logging_mixin.py:190} INFO - SUCCESS: File found.
[2025-12-14T09:43:44.839+0000] {logging_mixin.py:190} INFO - CSV loaded successfully, showing first 5 rows:
[2025-12-14T09:43:45.113+0000] {logging_mixin.py:190} INFO - +--------------+----------+-----------+------------+--------+------------------+--------+----------+----------+--------------------+------------------+------------------+--------------------+---------------------+-----------------------------------+----------------------------+---------------------+-------------------+--------------------+-----------------------+-----------------------+-------------------------------+-----------------------+------------------------+------------------------------+-------------------------+---------------------+-----------------------+------------------------+
|transaction_id| timestamp|customer_id|stock_ticker|quantity|average_trade_size|day_name|is_weekend|is_holiday|stock_liquidity_tier|       stock_price|total_trade_amount|transaction_type_BUY|transaction_type_SELL|customer_account_type_Institutional|customer_account_type_Retail|stock_sector_Consumer|stock_sector_Energy|stock_sector_Finance|stock_sector_Healthcare|stock_sector_Technology|stock_industry_Asset Management|stock_industry_Hardware|stock_industry_Oil & Gas|stock_industry_Pharmaceuticals|stock_industry_Renewables|stock_industry_Retail|stock_industry_Software|stock_industry_Utilities|
+--------------+----------+-----------+------------+--------+------------------+--------+----------+----------+--------------------+------------------+------------------+--------------------+---------------------+-----------------------------------+----------------------------+---------------------+-------------------+--------------------+-----------------------+-----------------------+-------------------------------+-----------------------+------------------------+------------------------------+-------------------------+---------------------+-----------------------+------------------------+
|             1|2023-01-02|       4747|           1|      15|  2.70805020110221|       0|         0|         0|                 Low|143.73284741052294| 2155.992711157844|                true|                false|                              false|                        true|                 true|              false|               false|                  false|                  false|                          false|                  false|                   false|                         false|                    false|                 true|                  false|                   false|
|             2|2023-01-02|       4747|           3|      68| 3.725693427236653|       0|         0|         0|                 Low| 41.72108686196776| 2837.033906613808|                true|                false|                              false|                        true|                false|              false|                true|                  false|                  false|                           true|                  false|                   false|                         false|                    false|                false|                  false|                   false|
|             3|2023-01-02|        227|           5|      49|3.8918202981106265|       0|         0|         0|                High|136.61322857985922| 6694.048200413102|                true|                false|                              false|                        true|                false|               true|               false|                  false|                  false|                          false|                  false|                    true|                         false|                    false|                false|                  false|                   false|
|             5|2023-01-02|       3938|           5|     203| 5.313205979041787|       0|         0|         0|                High|136.61322857985922|27732.485401711423|                true|                false|                              false|                        true|                false|               true|               false|                  false|                  false|                          false|                  false|                    true|                         false|                    false|                false|                  false|                   false|
|             6|2023-01-02|       1513|           5|     114| 4.736198448394496|       0|         0|         0|                High|136.61322857985922|15573.908058103952|                true|                false|                              false|                        true|                false|               true|               false|                  false|                  false|                          false|                  false|                    true|                         false|                    false|                false|                  false|                   false|
+--------------+----------+-----------+------------+--------+------------------+--------+----------+----------+--------------------+------------------+------------------+--------------------+---------------------+-----------------------------------+----------------------------+---------------------+-------------------+--------------------+-----------------------+-----------------------+-------------------------------+-----------------------+------------------------+------------------------------+-------------------------+---------------------+-----------------------+------------------------+
only showing top 5 rows
[2025-12-14T09:43:45.944+0000] {logging_mixin.py:190} INFO - +------------+--------------------+
|stock_ticker|total_trading_volume|
+------------+--------------------+
|      STK001|                3505|
|      STK002|                4254|
|      STK003|                8339|
|      STK004|                2680|
|      STK005|                6590|
|      STK006|              580139|
|      STK007|               27106|
|      STK008|              100328|
|      STK009|              295361|
|      STK010|              119891|
|      STK011|               30871|
|      STK012|              405355|
|      STK013|              142507|
|      STK014|                1384|
|      STK015|                3242|
|      STK016|                3028|
|      STK017|               34021|
|      STK018|              149273|
|      STK019|               32347|
|      STK020|               48237|
+------------+--------------------+
[2025-12-14T09:43:45.945+0000] {logging_mixin.py:190} INFO - Saving 'spark_analytics_1' to Postgres...
[2025-12-14T09:43:46.510+0000] {logging_mixin.py:190} INFO - Saved 'spark_analytics_1' successfully!
[2025-12-14T09:43:46.864+0000] {logging_mixin.py:190} INFO - +------------+------------------+
|stock_sector|     average_price|
+------------+------------------+
|      Energy|100.62256005331076|
|  Healthcare|152.36014652219362|
|     Finance| 79.78100894741678|
|    Consumer| 214.0935026041121|
|  Technology|   153.32374229729|
+------------+------------------+
[2025-12-14T09:43:46.866+0000] {logging_mixin.py:190} INFO - Saving 'spark_analytics_2' to Postgres...
[2025-12-14T09:43:47.887+0000] {logging_mixin.py:190} INFO - Saved 'spark_analytics_2' successfully!
[2025-12-14T09:43:48.093+0000] {logging_mixin.py:190} INFO - +----------------+-----+
|transaction_type|count|
+----------------+-----+
+----------------+-----+
[2025-12-14T09:43:48.094+0000] {logging_mixin.py:190} INFO - Saving 'spark_analytics_3' to Postgres...
[2025-12-14T09:43:48.341+0000] {logging_mixin.py:190} INFO - Saved 'spark_analytics_3' successfully!
[2025-12-14T09:43:48.627+0000] {logging_mixin.py:190} INFO - +-----------+-----------------+
|customer_id|transaction_count|
+-----------+-----------------+
|       4519|              276|
|       1157|              215|
|       4697|               17|
|       3087|               11|
|        193|              394|
|       1243|               13|
|       1816|               81|
|       4700|               60|
|       2871|               27|
|       2750|               13|
|        192|               40|
|       4354|               14|
|        336|               20|
|       2920|               18|
|        319|               17|
|       3498|               38|
|       4987|               12|
|        363|               14|
|        182|              152|
|        280|               14|
+-----------+-----------------+
only showing top 20 rows
[2025-12-14T09:43:48.628+0000] {logging_mixin.py:190} INFO - Saving 'spark_analytics_4' to Postgres...
[2025-12-14T09:43:49.739+0000] {logging_mixin.py:190} INFO - Saved 'spark_analytics_4' successfully!
[2025-12-14T09:43:51.691+0000] {logging_mixin.py:190} INFO - +--------+-------------------+
|day_name|       total_amount|
+--------+-------------------+
|       3|5.829796875008588E7|
|       2|5.612063536688559E7|
|       4|5.495004356551078E7|
|       0|5.448965043763535E7|
|       1|4.964633063004339E7|
+--------+-------------------+
[2025-12-14T09:43:51.695+0000] {logging_mixin.py:190} INFO - Saving 'spark_analytics_5' to Postgres...
[2025-12-14T09:43:56.485+0000] {logging_mixin.py:190} INFO - Saved 'spark_analytics_5' successfully!
[2025-12-14T09:44:02.009+0000] {logging_mixin.py:190} INFO - +------------+--------------+
|stock_ticker|total_quantity|
+------------+--------------+
|      STK006|        580139|
|      STK012|        405355|
|      STK009|        295361|
|      STK018|        149273|
|      STK013|        142507|
+------------+--------------+
[2025-12-14T09:44:02.012+0000] {logging_mixin.py:190} INFO - Saving 'spark_sql_1' to Postgres...
[2025-12-14T09:44:16.160+0000] {job.py:229} INFO - Heartbeat recovered after 20.07 seconds
[2025-12-14T09:44:16.264+0000] {logging_mixin.py:190} INFO - Saved 'spark_sql_1' successfully!
[2025-12-14T09:44:16.269+0000] {clientserver.py:538} INFO - Error while receiving.
Traceback (most recent call last):
  File "/home/airflow/.local/lib/python3.12/site-packages/py4j/clientserver.py", line 516, in send_command
    raise Py4JNetworkError("Answer from Java side is empty")
py4j.protocol.Py4JNetworkError: Answer from Java side is empty
[2025-12-14T09:44:16.275+0000] {clientserver.py:543} INFO - Closing down clientserver connection
[2025-12-14T09:44:16.277+0000] {java_gateway.py:1055} ERROR - Exception while sending command.
Traceback (most recent call last):
  File "/home/airflow/.local/lib/python3.12/site-packages/py4j/clientserver.py", line 516, in send_command
    raise Py4JNetworkError("Answer from Java side is empty")
py4j.protocol.Py4JNetworkError: Answer from Java side is empty

During handling of the above exception, another exception occurred:

Traceback (most recent call last):
  File "/home/airflow/.local/lib/python3.12/site-packages/py4j/java_gateway.py", line 1038, in send_command
    response = connection.send_command(command)
               ^^^^^^^^^^^^^^^^^^^^^^^^^^^^^^^^
  File "/home/airflow/.local/lib/python3.12/site-packages/py4j/clientserver.py", line 539, in send_command
    raise Py4JNetworkError(
py4j.protocol.Py4JNetworkError: Error while sending or receiving
[2025-12-14T09:44:16.279+0000] {clientserver.py:543} INFO - Closing down clientserver connection
[2025-12-14T09:44:16.280+0000] {logging_mixin.py:190} INFO - ERROR in spark_sql_2: PythonUtils does not exist in the JVM
[2025-12-14T09:44:16.281+0000] {clientserver.py:543} INFO - Closing down clientserver connection
[2025-12-14T09:44:16.281+0000] {logging_mixin.py:190} INFO - ERROR in spark_sql_3: [Errno 111] Connection refused
[2025-12-14T09:44:16.282+0000] {clientserver.py:543} INFO - Closing down clientserver connection
[2025-12-14T09:44:16.283+0000] {clientserver.py:543} INFO - Closing down clientserver connection
[2025-12-14T09:44:16.283+0000] {logging_mixin.py:190} INFO - ERROR in spark_sql_4: [Errno 111] Connection refused
[2025-12-14T09:44:16.284+0000] {clientserver.py:543} INFO - Closing down clientserver connection
[2025-12-14T09:44:16.284+0000] {clientserver.py:543} INFO - Closing down clientserver connection
[2025-12-14T09:44:16.285+0000] {logging_mixin.py:190} INFO - ERROR in spark_sql_5: [Errno 111] Connection refused
[2025-12-14T09:44:16.285+0000] {clientserver.py:543} INFO - Closing down clientserver connection
[2025-12-14T09:44:16.285+0000] {logging_mixin.py:190} INFO - === Spark Analytics Task Completed ===
[2025-12-14T09:44:16.286+0000] {logging_mixin.py:190} INFO - Stopping SparkSession...
[2025-12-14T09:44:16.287+0000] {clientserver.py:543} INFO - Closing down clientserver connection
[2025-12-14T09:44:16.288+0000] {logging_mixin.py:190} INFO - WARNING: Failed to stop SparkSession: [Errno 111] Connection refused
[2025-12-14T09:44:16.289+0000] {clientserver.py:543} INFO - Closing down clientserver connection
[2025-12-14T09:44:16.291+0000] {python.py:240} INFO - Done. Returned value was: None
[2025-12-14T09:44:16.322+0000] {taskinstance.py:340} INFO - ::group::Post task execution logs
[2025-12-14T09:44:16.323+0000] {taskinstance.py:352} INFO - Marking task as SUCCESS. dag_id=stock_portfolio_pipeline_datafrogs, task_id=run_spark_analytics, run_id=manual__2025-12-14T09:37:46.046319+00:00, execution_date=20251214T093746, start_date=20251214T094334, end_date=20251214T094416
[2025-12-14T09:44:16.400+0000] {local_task_job_runner.py:266} INFO - Task exited with return code 0
[2025-12-14T09:44:16.434+0000] {taskinstance.py:3895} INFO - 2 downstream tasks scheduled from follow-on schedule check
[2025-12-14T09:44:16.437+0000] {local_task_job_runner.py:245} INFO - ::endgroup::
