[2025-12-14T12:16:32.267+0000] {local_task_job_runner.py:123} INFO - ::group::Pre task execution logs
[2025-12-14T12:16:32.278+0000] {taskinstance.py:2613} INFO - Dependencies all met for dep_context=non-requeueable deps ti=<TaskInstance: stock_portfolio_pipeline_datafrogs.prepare_visualization manual__2025-12-14T12:13:57.995115+00:00 [queued]>
[2025-12-14T12:16:32.282+0000] {taskinstance.py:2613} INFO - Dependencies all met for dep_context=requeueable deps ti=<TaskInstance: stock_portfolio_pipeline_datafrogs.prepare_visualization manual__2025-12-14T12:13:57.995115+00:00 [queued]>
[2025-12-14T12:16:32.282+0000] {taskinstance.py:2866} INFO - Starting attempt 1 of 2
[2025-12-14T12:16:32.290+0000] {taskinstance.py:2889} INFO - Executing <Task(PythonOperator): prepare_visualization> on 2025-12-14 12:13:57.995115+00:00
[2025-12-14T12:16:32.297+0000] {warnings.py:112} WARNING - /home/***/.local/lib/python3.12/site-packages/***/task/task_runner/standard_task_runner.py:70: DeprecationWarning: This process (pid=6889) is multi-threaded, use of fork() may lead to deadlocks in the child.
  pid = os.fork()

[2025-12-14T12:16:32.298+0000] {standard_task_runner.py:72} INFO - Started process 6902 to run task
[2025-12-14T12:16:32.304+0000] {standard_task_runner.py:104} INFO - Running: ['***', 'tasks', 'run', 'stock_portfolio_pipeline_datafrogs', 'prepare_visualization', 'manual__2025-12-14T12:13:57.995115+00:00', '--job-id', '335', '--raw', '--subdir', 'DAGS_FOLDER/***.py', '--cfg-path', '/tmp/tmphlrl5fw5']
[2025-12-14T12:16:32.307+0000] {standard_task_runner.py:105} INFO - Job 335: Subtask prepare_visualization
[2025-12-14T12:16:32.357+0000] {task_command.py:467} INFO - Running <TaskInstance: stock_portfolio_pipeline_datafrogs.prepare_visualization manual__2025-12-14T12:13:57.995115+00:00 [running]> on host 79a4b2d0a09e
[2025-12-14T12:16:32.421+0000] {taskinstance.py:3132} INFO - Exporting env vars: AIRFLOW_CTX_DAG_OWNER='data_engineering_team' AIRFLOW_CTX_DAG_ID='stock_portfolio_pipeline_datafrogs' AIRFLOW_CTX_TASK_ID='prepare_visualization' AIRFLOW_CTX_EXECUTION_DATE='2025-12-14T12:13:57.995115+00:00' AIRFLOW_CTX_TRY_NUMBER='1' AIRFLOW_CTX_DAG_RUN_ID='manual__2025-12-14T12:13:57.995115+00:00'
[2025-12-14T12:16:32.423+0000] {taskinstance.py:731} INFO - ::endgroup::
[2025-12-14T12:16:32.434+0000] {logging_mixin.py:190} INFO - === Starting Prepare Visualization Task ===
[2025-12-14T12:16:32.435+0000] {logging_mixin.py:190} INFO - Reading from: /opt/***/data/streaming_dataset/full_stocks.csv
[2025-12-14T12:16:32.469+0000] {logging_mixin.py:190} INFO - Loaded 9500 rows from /opt/***/data/streaming_dataset/full_stocks.csv
[2025-12-14T12:16:32.477+0000] {logging_mixin.py:190} INFO - Reversed label encoding successfully.
[2025-12-14T12:16:32.483+0000] {logging_mixin.py:190} INFO - Reversed one-hot encoding for transaction_type
[2025-12-14T12:16:32.487+0000] {logging_mixin.py:190} INFO - Reversed one-hot encoding for customer_account_type
[2025-12-14T12:16:32.492+0000] {logging_mixin.py:190} INFO - Reversed one-hot encoding for stock_sector
[2025-12-14T12:16:32.496+0000] {logging_mixin.py:190} INFO - Reversed one-hot encoding for stock_industry
[2025-12-14T12:16:32.563+0000] {logging_mixin.py:190} INFO - Saved prepared data to /opt/***/data/visualization/dashboard_data.csv
[2025-12-14T12:16:32.564+0000] {python.py:240} INFO - Done. Returned value was: None
[2025-12-14T12:16:32.573+0000] {taskinstance.py:340} INFO - ::group::Post task execution logs
[2025-12-14T12:16:32.574+0000] {taskinstance.py:352} INFO - Marking task as SUCCESS. dag_id=stock_portfolio_pipeline_datafrogs, task_id=prepare_visualization, run_id=manual__2025-12-14T12:13:57.995115+00:00, execution_date=20251214T121357, start_date=20251214T121632, end_date=20251214T121632
[2025-12-14T12:16:32.592+0000] {local_task_job_runner.py:266} INFO - Task exited with return code 0
[2025-12-14T12:16:32.609+0000] {taskinstance.py:3895} INFO - 1 downstream tasks scheduled from follow-on schedule check
[2025-12-14T12:16:32.610+0000] {local_task_job_runner.py:245} INFO - ::endgroup::
