[2025-12-13T17:37:27.503+0000] {local_task_job_runner.py:123} INFO - ::group::Pre task execution logs
[2025-12-13T17:37:27.523+0000] {taskinstance.py:2613} INFO - Dependencies all met for dep_context=non-requeueable deps ti=<TaskInstance: stock_portfolio_pipeline_datafrogs.prepare_streaming_data manual__2025-12-13T17:31:19.971297+00:00 [queued]>
[2025-12-13T17:37:27.532+0000] {taskinstance.py:2613} INFO - Dependencies all met for dep_context=requeueable deps ti=<TaskInstance: stock_portfolio_pipeline_datafrogs.prepare_streaming_data manual__2025-12-13T17:31:19.971297+00:00 [queued]>
[2025-12-13T17:37:27.533+0000] {taskinstance.py:2866} INFO - Starting attempt 2 of 2
[2025-12-13T17:37:27.548+0000] {taskinstance.py:2889} INFO - Executing <Task(PythonOperator): prepare_streaming_data> on 2025-12-13 17:31:19.971297+00:00
[2025-12-13T17:37:27.559+0000] {warnings.py:112} WARNING - /home/***/.local/lib/python3.12/site-packages/***/task/task_runner/standard_task_runner.py:70: DeprecationWarning: This process (pid=49) is multi-threaded, use of fork() may lead to deadlocks in the child.
  pid = os.fork()

[2025-12-13T17:37:27.562+0000] {standard_task_runner.py:72} INFO - Started process 67 to run task
[2025-12-13T17:37:27.565+0000] {standard_task_runner.py:104} INFO - Running: ['***', 'tasks', 'run', 'stock_portfolio_pipeline_datafrogs', 'prepare_streaming_data', 'manual__2025-12-13T17:31:19.971297+00:00', '--job-id', '66', '--raw', '--subdir', 'DAGS_FOLDER/***.py', '--cfg-path', '/tmp/tmpkjp3n9tp']
[2025-12-13T17:37:27.568+0000] {standard_task_runner.py:105} INFO - Job 66: Subtask prepare_streaming_data
[2025-12-13T17:37:27.630+0000] {task_command.py:467} INFO - Running <TaskInstance: stock_portfolio_pipeline_datafrogs.prepare_streaming_data manual__2025-12-13T17:31:19.971297+00:00 [running]> on host 686b42cad89b
[2025-12-13T17:37:27.753+0000] {taskinstance.py:3132} INFO - Exporting env vars: AIRFLOW_CTX_DAG_OWNER='data_engineering_team' AIRFLOW_CTX_DAG_ID='stock_portfolio_pipeline_datafrogs' AIRFLOW_CTX_TASK_ID='prepare_streaming_data' AIRFLOW_CTX_EXECUTION_DATE='2025-12-13T17:31:19.971297+00:00' AIRFLOW_CTX_TRY_NUMBER='2' AIRFLOW_CTX_DAG_RUN_ID='manual__2025-12-13T17:31:19.971297+00:00'
[2025-12-13T17:37:27.755+0000] {taskinstance.py:731} INFO - ::endgroup::
[2025-12-13T17:37:27.820+0000] {logging_mixin.py:190} INFO - dataframe length 10000
[2025-12-13T17:37:27.826+0000] {logging_mixin.py:190} INFO - streaming length 500
[2025-12-13T17:37:27.831+0000] {logging_mixin.py:190} INFO - remaining encoded length 9500
[2025-12-13T17:37:28.316+0000] {python.py:240} INFO - Done. Returned value was: None
[2025-12-13T17:37:28.364+0000] {taskinstance.py:340} INFO - ::group::Post task execution logs
[2025-12-13T17:37:28.367+0000] {taskinstance.py:352} INFO - Marking task as SUCCESS. dag_id=stock_portfolio_pipeline_datafrogs, task_id=prepare_streaming_data, run_id=manual__2025-12-13T17:31:19.971297+00:00, execution_date=20251213T173119, start_date=20251213T173727, end_date=20251213T173728
[2025-12-13T17:37:28.432+0000] {local_task_job_runner.py:266} INFO - Task exited with return code 0
[2025-12-13T17:37:28.486+0000] {taskinstance.py:3895} INFO - 0 downstream tasks scheduled from follow-on schedule check
[2025-12-13T17:37:28.493+0000] {local_task_job_runner.py:245} INFO - ::endgroup::
