[2025-12-14T12:28:30.187+0000] {local_task_job_runner.py:123} INFO - ::group::Pre task execution logs
[2025-12-14T12:28:30.206+0000] {taskinstance.py:2613} INFO - Dependencies all met for dep_context=non-requeueable deps ti=<TaskInstance: stock_portfolio_pipeline_datafrogs.initialize_spark_session manual__2025-12-14T12:28:16.486136+00:00 [queued]>
[2025-12-14T12:28:30.212+0000] {taskinstance.py:2613} INFO - Dependencies all met for dep_context=requeueable deps ti=<TaskInstance: stock_portfolio_pipeline_datafrogs.initialize_spark_session manual__2025-12-14T12:28:16.486136+00:00 [queued]>
[2025-12-14T12:28:30.212+0000] {taskinstance.py:2866} INFO - Starting attempt 1 of 2
[2025-12-14T12:28:30.238+0000] {taskinstance.py:2889} INFO - Executing <Task(PythonOperator): initialize_spark_session> on 2025-12-14 12:28:16.486136+00:00
[2025-12-14T12:28:30.257+0000] {warnings.py:112} WARNING - /home/***/.local/lib/python3.12/site-packages/***/task/task_runner/standard_task_runner.py:70: DeprecationWarning: This process (pid=8287) is multi-threaded, use of fork() may lead to deadlocks in the child.
  pid = os.fork()

[2025-12-14T12:28:30.258+0000] {standard_task_runner.py:72} INFO - Started process 8314 to run task
[2025-12-14T12:28:30.263+0000] {standard_task_runner.py:104} INFO - Running: ['***', 'tasks', 'run', 'stock_portfolio_pipeline_datafrogs', 'initialize_spark_session', 'manual__2025-12-14T12:28:16.486136+00:00', '--job-id', '370', '--raw', '--subdir', 'DAGS_FOLDER/***.py', '--cfg-path', '/tmp/tmp9h7sb8n9']
[2025-12-14T12:28:30.266+0000] {standard_task_runner.py:105} INFO - Job 370: Subtask initialize_spark_session
[2025-12-14T12:28:30.317+0000] {task_command.py:467} INFO - Running <TaskInstance: stock_portfolio_pipeline_datafrogs.initialize_spark_session manual__2025-12-14T12:28:16.486136+00:00 [running]> on host 79a4b2d0a09e
[2025-12-14T12:28:42.623+0000] {taskinstance.py:3132} INFO - Exporting env vars: AIRFLOW_CTX_DAG_OWNER='data_engineering_team' AIRFLOW_CTX_DAG_ID='stock_portfolio_pipeline_datafrogs' AIRFLOW_CTX_TASK_ID='initialize_spark_session' AIRFLOW_CTX_EXECUTION_DATE='2025-12-14T12:28:16.486136+00:00' AIRFLOW_CTX_TRY_NUMBER='1' AIRFLOW_CTX_DAG_RUN_ID='manual__2025-12-14T12:28:16.486136+00:00'
[2025-12-14T12:28:42.641+0000] {job.py:229} INFO - Heartbeat recovered after 12.53 seconds
[2025-12-14T12:28:42.712+0000] {taskinstance.py:731} INFO - ::endgroup::
[2025-12-14T12:28:50.105+0000] {python.py:240} INFO - Done. Returned value was: None
[2025-12-14T12:28:50.167+0000] {taskinstance.py:340} INFO - ::group::Post task execution logs
[2025-12-14T12:28:50.170+0000] {taskinstance.py:352} INFO - Marking task as SUCCESS. dag_id=stock_portfolio_pipeline_datafrogs, task_id=initialize_spark_session, run_id=manual__2025-12-14T12:28:16.486136+00:00, execution_date=20251214T122816, start_date=20251214T122830, end_date=20251214T122850
[2025-12-14T12:28:50.247+0000] {local_task_job_runner.py:266} INFO - Task exited with return code 0
[2025-12-14T12:28:50.305+0000] {taskinstance.py:3895} INFO - 1 downstream tasks scheduled from follow-on schedule check
[2025-12-14T12:28:50.310+0000] {local_task_job_runner.py:245} INFO - ::endgroup::
