[2025-12-14T07:24:58.802+0000] {local_task_job_runner.py:123} INFO - ::group::Pre task execution logs
[2025-12-14T07:24:58.849+0000] {taskinstance.py:2613} INFO - Dependencies all met for dep_context=non-requeueable deps ti=<TaskInstance: stock_portfolio_pipeline_datafrogs.prepare_streaming_data manual__2025-12-14T07:24:51.923717+00:00 [queued]>
[2025-12-14T07:24:58.872+0000] {taskinstance.py:2613} INFO - Dependencies all met for dep_context=requeueable deps ti=<TaskInstance: stock_portfolio_pipeline_datafrogs.prepare_streaming_data manual__2025-12-14T07:24:51.923717+00:00 [queued]>
[2025-12-14T07:24:58.873+0000] {taskinstance.py:2866} INFO - Starting attempt 1 of 2
[2025-12-14T07:24:59.071+0000] {taskinstance.py:2889} INFO - Executing <Task(PythonOperator): prepare_streaming_data> on 2025-12-14 07:24:51.923717+00:00
[2025-12-14T07:24:59.140+0000] {warnings.py:112} WARNING - /home/***/.local/lib/python3.12/site-packages/***/task/task_runner/standard_task_runner.py:70: DeprecationWarning: This process (pid=70) is multi-threaded, use of fork() may lead to deadlocks in the child.
  pid = os.fork()

[2025-12-14T07:24:59.154+0000] {standard_task_runner.py:72} INFO - Started process 98 to run task
[2025-12-14T07:24:59.174+0000] {standard_task_runner.py:104} INFO - Running: ['***', 'tasks', 'run', 'stock_portfolio_pipeline_datafrogs', 'prepare_streaming_data', 'manual__2025-12-14T07:24:51.923717+00:00', '--job-id', '386', '--raw', '--subdir', 'DAGS_FOLDER/***.py', '--cfg-path', '/tmp/tmp6e15pe5w']
[2025-12-14T07:24:59.182+0000] {standard_task_runner.py:105} INFO - Job 386: Subtask prepare_streaming_data
[2025-12-14T07:24:59.388+0000] {task_command.py:467} INFO - Running <TaskInstance: stock_portfolio_pipeline_datafrogs.prepare_streaming_data manual__2025-12-14T07:24:51.923717+00:00 [running]> on host 460b7b6f7835
[2025-12-14T07:24:59.810+0000] {taskinstance.py:3132} INFO - Exporting env vars: AIRFLOW_CTX_DAG_OWNER='data_engineering_team' AIRFLOW_CTX_DAG_ID='stock_portfolio_pipeline_datafrogs' AIRFLOW_CTX_TASK_ID='prepare_streaming_data' AIRFLOW_CTX_EXECUTION_DATE='2025-12-14T07:24:51.923717+00:00' AIRFLOW_CTX_TRY_NUMBER='1' AIRFLOW_CTX_DAG_RUN_ID='manual__2025-12-14T07:24:51.923717+00:00'
[2025-12-14T07:24:59.812+0000] {taskinstance.py:731} INFO - ::endgroup::
[2025-12-14T07:24:59.962+0000] {logging_mixin.py:190} INFO - dataframe length 10000
[2025-12-14T07:24:59.970+0000] {logging_mixin.py:190} INFO - streaming length 500
[2025-12-14T07:24:59.973+0000] {logging_mixin.py:190} INFO - remaining encoded length 9500
[2025-12-14T07:25:00.286+0000] {python.py:240} INFO - Done. Returned value was: None
[2025-12-14T07:25:00.311+0000] {taskinstance.py:340} INFO - ::group::Post task execution logs
[2025-12-14T07:25:00.312+0000] {taskinstance.py:352} INFO - Marking task as SUCCESS. dag_id=stock_portfolio_pipeline_datafrogs, task_id=prepare_streaming_data, run_id=manual__2025-12-14T07:24:51.923717+00:00, execution_date=20251214T072451, start_date=20251214T072458, end_date=20251214T072500
[2025-12-14T07:25:00.768+0000] {local_task_job_runner.py:266} INFO - Task exited with return code 0
[2025-12-14T07:25:00.798+0000] {taskinstance.py:3895} INFO - 1 downstream tasks scheduled from follow-on schedule check
[2025-12-14T07:25:00.855+0000] {local_task_job_runner.py:245} INFO - ::endgroup::
