[2025-12-14T06:56:43.981+0000] {local_task_job_runner.py:123} INFO - ::group::Pre task execution logs
[2025-12-14T06:56:43.990+0000] {taskinstance.py:2613} INFO - Dependencies all met for dep_context=non-requeueable deps ti=<TaskInstance: stock_portfolio_pipeline_datafrogs.load_to_postgres manual__2025-12-14T06:56:19.171173+00:00 [queued]>
[2025-12-14T06:56:43.995+0000] {taskinstance.py:2613} INFO - Dependencies all met for dep_context=requeueable deps ti=<TaskInstance: stock_portfolio_pipeline_datafrogs.load_to_postgres manual__2025-12-14T06:56:19.171173+00:00 [queued]>
[2025-12-14T06:56:43.996+0000] {taskinstance.py:2866} INFO - Starting attempt 1 of 2
[2025-12-14T06:56:44.004+0000] {taskinstance.py:2889} INFO - Executing <Task(PythonOperator): load_to_postgres> on 2025-12-14 06:56:19.171173+00:00
[2025-12-14T06:56:44.013+0000] {warnings.py:112} WARNING - /home/***/.local/lib/python3.12/site-packages/***/task/task_runner/standard_task_runner.py:70: DeprecationWarning: This process (pid=6175) is multi-threaded, use of fork() may lead to deadlocks in the child.
  pid = os.fork()

[2025-12-14T06:56:44.015+0000] {standard_task_runner.py:72} INFO - Started process 6208 to run task
[2025-12-14T06:56:44.016+0000] {standard_task_runner.py:104} INFO - Running: ['***', 'tasks', 'run', 'stock_portfolio_pipeline_datafrogs', 'load_to_postgres', 'manual__2025-12-14T06:56:19.171173+00:00', '--job-id', '362', '--raw', '--subdir', 'DAGS_FOLDER/***.py', '--cfg-path', '/tmp/tmp631lfxxb']
[2025-12-14T06:56:44.019+0000] {standard_task_runner.py:105} INFO - Job 362: Subtask load_to_postgres
[2025-12-14T06:56:44.053+0000] {task_command.py:467} INFO - Running <TaskInstance: stock_portfolio_pipeline_datafrogs.load_to_postgres manual__2025-12-14T06:56:19.171173+00:00 [running]> on host 139938a689f3
[2025-12-14T06:56:44.163+0000] {taskinstance.py:3132} INFO - Exporting env vars: AIRFLOW_CTX_DAG_OWNER='data_engineering_team' AIRFLOW_CTX_DAG_ID='stock_portfolio_pipeline_datafrogs' AIRFLOW_CTX_TASK_ID='load_to_postgres' AIRFLOW_CTX_EXECUTION_DATE='2025-12-14T06:56:19.171173+00:00' AIRFLOW_CTX_TRY_NUMBER='1' AIRFLOW_CTX_DAG_RUN_ID='manual__2025-12-14T06:56:19.171173+00:00'
[2025-12-14T06:56:44.166+0000] {taskinstance.py:731} INFO - ::endgroup::
[2025-12-14T06:56:44.316+0000] {logging_mixin.py:190} INFO - Error creating database: could not translate host name "pgdatabase" to address: Temporary failure in name resolution
[2025-12-14T06:56:44.322+0000] {logging_mixin.py:190} INFO - Error: (psycopg2.OperationalError) could not translate host name "pgdatabase" to address: Temporary failure in name resolution

(Background on this error at: https://sqlalche.me/e/14/e3q8)
[2025-12-14T06:56:44.324+0000] {python.py:240} INFO - Done. Returned value was: None
[2025-12-14T06:56:44.339+0000] {taskinstance.py:340} INFO - ::group::Post task execution logs
[2025-12-14T06:56:44.340+0000] {taskinstance.py:352} INFO - Marking task as SUCCESS. dag_id=stock_portfolio_pipeline_datafrogs, task_id=load_to_postgres, run_id=manual__2025-12-14T06:56:19.171173+00:00, execution_date=20251214T065619, start_date=20251214T065643, end_date=20251214T065644
[2025-12-14T06:56:44.393+0000] {local_task_job_runner.py:266} INFO - Task exited with return code 0
[2025-12-14T06:56:44.533+0000] {taskinstance.py:3895} INFO - 0 downstream tasks scheduled from follow-on schedule check
[2025-12-14T06:56:44.541+0000] {local_task_job_runner.py:245} INFO - ::endgroup::
