[2025-12-14T09:08:46.836+0000] {local_task_job_runner.py:123} INFO - ::group::Pre task execution logs
[2025-12-14T09:08:46.844+0000] {taskinstance.py:2613} INFO - Dependencies all met for dep_context=non-requeueable deps ti=<TaskInstance: stock_portfolio_pipeline_datafrogs.start_visualization_service manual__2025-12-14T09:02:15.528818+00:00 [queued]>
[2025-12-14T09:08:46.848+0000] {taskinstance.py:2613} INFO - Dependencies all met for dep_context=requeueable deps ti=<TaskInstance: stock_portfolio_pipeline_datafrogs.start_visualization_service manual__2025-12-14T09:02:15.528818+00:00 [queued]>
[2025-12-14T09:08:46.848+0000] {taskinstance.py:2866} INFO - Starting attempt 2 of 2
[2025-12-14T09:08:46.854+0000] {taskinstance.py:2889} INFO - Executing <Task(BashOperator): start_visualization_service> on 2025-12-14 09:02:15.528818+00:00
[2025-12-14T09:08:46.860+0000] {warnings.py:112} WARNING - /home/***/.local/lib/python3.12/site-packages/***/task/task_runner/standard_task_runner.py:70: DeprecationWarning: This process (pid=1368) is multi-threaded, use of fork() may lead to deadlocks in the child.
  pid = os.fork()

[2025-12-14T09:08:46.861+0000] {standard_task_runner.py:72} INFO - Started process 1377 to run task
[2025-12-14T09:08:46.862+0000] {standard_task_runner.py:104} INFO - Running: ['***', 'tasks', 'run', 'stock_portfolio_pipeline_datafrogs', 'start_visualization_service', 'manual__2025-12-14T09:02:15.528818+00:00', '--job-id', '33', '--raw', '--subdir', 'DAGS_FOLDER/***.py', '--cfg-path', '/tmp/tmpkkcpdcrt']
[2025-12-14T09:08:46.864+0000] {standard_task_runner.py:105} INFO - Job 33: Subtask start_visualization_service
[2025-12-14T09:08:46.890+0000] {task_command.py:467} INFO - Running <TaskInstance: stock_portfolio_pipeline_datafrogs.start_visualization_service manual__2025-12-14T09:02:15.528818+00:00 [running]> on host 179bab7085b3
[2025-12-14T09:08:46.925+0000] {taskinstance.py:3132} INFO - Exporting env vars: AIRFLOW_CTX_DAG_OWNER='data_engineering_team' AIRFLOW_CTX_DAG_ID='stock_portfolio_pipeline_datafrogs' AIRFLOW_CTX_TASK_ID='start_visualization_service' AIRFLOW_CTX_EXECUTION_DATE='2025-12-14T09:02:15.528818+00:00' AIRFLOW_CTX_TRY_NUMBER='2' AIRFLOW_CTX_DAG_RUN_ID='manual__2025-12-14T09:02:15.528818+00:00'
[2025-12-14T09:08:46.926+0000] {taskinstance.py:731} INFO - ::endgroup::
[2025-12-14T09:08:46.940+0000] {subprocess.py:78} INFO - Tmp dir root location: /tmp
[2025-12-14T09:08:46.941+0000] {subprocess.py:88} INFO - Running command: ['/usr/bin/bash', '-c', 'streamlit run /opt/***/scripts/dashboard.py --server.port 8501 --server.address 0.0.0.0']
[2025-12-14T09:08:46.954+0000] {subprocess.py:99} INFO - Output:
[2025-12-14T09:08:47.695+0000] {subprocess.py:106} INFO - 
[2025-12-14T09:08:47.695+0000] {subprocess.py:106} INFO - Collecting usage statistics. To deactivate, set browser.gatherUsageStats to false.
[2025-12-14T09:08:47.696+0000] {subprocess.py:106} INFO - 
[2025-12-14T09:08:48.260+0000] {subprocess.py:106} INFO - 
[2025-12-14T09:08:48.261+0000] {subprocess.py:106} INFO -   You can now view your Streamlit app in your browser.
[2025-12-14T09:08:48.261+0000] {subprocess.py:106} INFO - 
[2025-12-14T09:08:48.262+0000] {subprocess.py:106} INFO -   URL: http://0.0.0.0:8501
[2025-12-14T09:08:48.262+0000] {subprocess.py:106} INFO - 
[2025-12-14T09:10:55.580+0000] {local_task_job_runner.py:346} WARNING - State of this instance has been externally set to None. Terminating instance.
[2025-12-14T09:10:55.635+0000] {local_task_job_runner.py:245} INFO - ::endgroup::
[2025-12-14T09:10:55.666+0000] {process_utils.py:132} INFO - Sending 15 to group 1377. PIDs of all processes in the group: [1381, 1377]
[2025-12-14T09:10:55.673+0000] {process_utils.py:87} INFO - Sending the signal 15 to group 1377
[2025-12-14T09:10:55.684+0000] {taskinstance.py:3093} ERROR - Received SIGTERM. Terminating subprocesses.
[2025-12-14T09:10:55.684+0000] {subprocess.py:117} INFO - Sending SIGTERM signal to process group
[2025-12-14T09:10:56.094+0000] {taskinstance.py:3311} ERROR - Task failed with exception
Traceback (most recent call last):
  File "/home/airflow/.local/lib/python3.12/site-packages/airflow/models/taskinstance.py", line 767, in _execute_task
    result = _execute_callable(context=context, **execute_callable_kwargs)
             ^^^^^^^^^^^^^^^^^^^^^^^^^^^^^^^^^^^^^^^^^^^^^^^^^^^^^^^^^^^^^
  File "/home/airflow/.local/lib/python3.12/site-packages/airflow/models/taskinstance.py", line 733, in _execute_callable
    return ExecutionCallableRunner(
           ^^^^^^^^^^^^^^^^^^^^^^^^
  File "/home/airflow/.local/lib/python3.12/site-packages/airflow/utils/operator_helpers.py", line 252, in run
    return self.func(*args, **kwargs)
           ^^^^^^^^^^^^^^^^^^^^^^^^^^
  File "/home/airflow/.local/lib/python3.12/site-packages/airflow/models/baseoperator.py", line 417, in wrapper
    return func(self, *args, **kwargs)
           ^^^^^^^^^^^^^^^^^^^^^^^^^^^
  File "/home/airflow/.local/lib/python3.12/site-packages/airflow/operators/bash.py", line 257, in execute
    result = self._run_inline_command(bash_path=bash_path, env=env)
             ^^^^^^^^^^^^^^^^^^^^^^^^^^^^^^^^^^^^^^^^^^^^^^^^^^^^^^
  File "/home/airflow/.local/lib/python3.12/site-packages/airflow/operators/bash.py", line 284, in _run_inline_command
    return self.subprocess_hook.run_command(
           ^^^^^^^^^^^^^^^^^^^^^^^^^^^^^^^^^
  File "/home/airflow/.local/lib/python3.12/site-packages/airflow/hooks/subprocess.py", line 104, in run_command
    for raw_line in iter(self.sub_process.stdout.readline, b""):
                    ^^^^^^^^^^^^^^^^^^^^^^^^^^^^^^^^^^^^^^^^^^^
  File "/home/airflow/.local/lib/python3.12/site-packages/airflow/models/taskinstance.py", line 3095, in signal_handler
    raise AirflowTaskTerminated("Task received SIGTERM signal")
airflow.exceptions.AirflowTaskTerminated: Task received SIGTERM signal
[2025-12-14T09:10:56.138+0000] {taskinstance.py:1225} INFO - Marking task as FAILED. dag_id=stock_portfolio_pipeline_datafrogs, task_id=start_visualization_service, run_id=manual__2025-12-14T09:02:15.528818+00:00, execution_date=20251214T090215, start_date=20251214T090846, end_date=20251214T091056
[2025-12-14T09:10:56.145+0000] {taskinstance.py:340} INFO - ::group::Post task execution logs
[2025-12-14T09:10:56.189+0000] {process_utils.py:80} INFO - Process psutil.Process(pid=1377, status='terminated', exitcode=2, started='09:08:46') (1377) terminated with exit code 2
[2025-12-14T09:10:56.191+0000] {process_utils.py:80} INFO - Process psutil.Process(pid=1381, status='terminated', started='09:08:46') (1381) terminated with exit code None
