[2025-12-12T22:53:17.889+0000] {local_task_job_runner.py:123} INFO - ::group::Pre task execution logs
[2025-12-12T22:53:17.907+0000] {taskinstance.py:2613} INFO - Dependencies all met for dep_context=non-requeueable deps ti=<TaskInstance: stock_portfolio_pipeline_datafrogs.detect_outliers scheduled__2025-12-11T00:00:00+00:00 [queued]>
[2025-12-12T22:53:17.915+0000] {taskinstance.py:2613} INFO - Dependencies all met for dep_context=requeueable deps ti=<TaskInstance: stock_portfolio_pipeline_datafrogs.detect_outliers scheduled__2025-12-11T00:00:00+00:00 [queued]>
[2025-12-12T22:53:17.916+0000] {taskinstance.py:2866} INFO - Starting attempt 1 of 2
[2025-12-12T22:53:17.934+0000] {taskinstance.py:2889} INFO - Executing <Task(PythonOperator): detect_outliers> on 2025-12-11 00:00:00+00:00
[2025-12-12T22:53:17.946+0000] {warnings.py:112} WARNING - /home/***/.local/lib/python3.12/site-packages/***/task/task_runner/standard_task_runner.py:70: DeprecationWarning: This process (pid=193) is multi-threaded, use of fork() may lead to deadlocks in the child.
  pid = os.fork()

[2025-12-12T22:53:17.949+0000] {standard_task_runner.py:72} INFO - Started process 252 to run task
[2025-12-12T22:53:17.948+0000] {standard_task_runner.py:104} INFO - Running: ['***', 'tasks', 'run', 'stock_portfolio_pipeline_datafrogs', 'detect_outliers', 'scheduled__2025-12-11T00:00:00+00:00', '--job-id', '15', '--raw', '--subdir', 'DAGS_FOLDER/***.py', '--cfg-path', '/tmp/tmppg4pj7vs']
[2025-12-12T22:53:17.951+0000] {standard_task_runner.py:105} INFO - Job 15: Subtask detect_outliers
[2025-12-12T22:53:18.015+0000] {task_command.py:467} INFO - Running <TaskInstance: stock_portfolio_pipeline_datafrogs.detect_outliers scheduled__2025-12-11T00:00:00+00:00 [running]> on host 27674bca182e
[2025-12-12T22:53:18.099+0000] {taskinstance.py:3132} INFO - Exporting env vars: AIRFLOW_CTX_DAG_OWNER='data_engineering_team' AIRFLOW_CTX_DAG_ID='stock_portfolio_pipeline_datafrogs' AIRFLOW_CTX_TASK_ID='detect_outliers' AIRFLOW_CTX_EXECUTION_DATE='2025-12-11T00:00:00+00:00' AIRFLOW_CTX_TRY_NUMBER='1' AIRFLOW_CTX_DAG_RUN_ID='scheduled__2025-12-11T00:00:00+00:00'
[2025-12-12T22:53:18.101+0000] {taskinstance.py:731} INFO - ::endgroup::
[2025-12-12T22:53:18.115+0000] {logging_mixin.py:190} INFO - 
--- 2. Handling Outliers ---
[2025-12-12T22:53:18.155+0000] {logging_mixin.py:190} INFO - STK001: 14.286% outliers
[2025-12-12T22:53:18.159+0000] {logging_mixin.py:190} INFO - STK002: 0.000% outliers
[2025-12-12T22:53:18.161+0000] {logging_mixin.py:190} INFO - STK003: 3.770% outliers
[2025-12-12T22:53:18.164+0000] {logging_mixin.py:190} INFO - STK004: 2.778% outliers
[2025-12-12T22:53:18.167+0000] {logging_mixin.py:190} INFO - STK005: 0.000% outliers
[2025-12-12T22:53:18.170+0000] {logging_mixin.py:190} INFO - STK006: 0.000% outliers
[2025-12-12T22:53:18.174+0000] {logging_mixin.py:190} INFO - STK007: 6.349% outliers
[2025-12-12T22:53:18.178+0000] {logging_mixin.py:190} INFO - STK008: 0.000% outliers
[2025-12-12T22:53:18.182+0000] {logging_mixin.py:190} INFO - STK009: 1.190% outliers
[2025-12-12T22:53:18.186+0000] {logging_mixin.py:190} INFO - STK010: 0.000% outliers
[2025-12-12T22:53:18.190+0000] {logging_mixin.py:190} INFO - STK011: 0.198% outliers
[2025-12-12T22:53:18.193+0000] {logging_mixin.py:190} INFO - STK012: 0.000% outliers
[2025-12-12T22:53:18.197+0000] {logging_mixin.py:190} INFO - STK013: 0.000% outliers
[2025-12-12T22:53:18.200+0000] {logging_mixin.py:190} INFO - STK014: 0.198% outliers
[2025-12-12T22:53:18.203+0000] {logging_mixin.py:190} INFO - STK015: 0.000% outliers
[2025-12-12T22:53:18.207+0000] {logging_mixin.py:190} INFO - STK016: 0.000% outliers
[2025-12-12T22:53:18.211+0000] {logging_mixin.py:190} INFO - STK017: 0.000% outliers
[2025-12-12T22:53:18.215+0000] {logging_mixin.py:190} INFO - STK018: 0.000% outliers
[2025-12-12T22:53:18.219+0000] {logging_mixin.py:190} INFO - STK019: 7.341% outliers
[2025-12-12T22:53:18.230+0000] {logging_mixin.py:190} INFO - STK020: 0.397% outliers
[2025-12-12T22:53:18.236+0000] {logging_mixin.py:190} INFO - quantity: 7.650% outliers
[2025-12-12T22:53:18.241+0000] {logging_mixin.py:190} INFO - average_trade_size: 25.250% outliers
[2025-12-12T22:53:18.248+0000] {logging_mixin.py:190} INFO - cumulative_portfolio_value: 10.370% outliers
[2025-12-12T22:53:18.401+0000] {python.py:240} INFO - Done. Returned value was: None
[2025-12-12T22:53:18.414+0000] {taskinstance.py:340} INFO - ::group::Post task execution logs
[2025-12-12T22:53:18.415+0000] {taskinstance.py:352} INFO - Marking task as SUCCESS. dag_id=stock_portfolio_pipeline_datafrogs, task_id=detect_outliers, run_id=scheduled__2025-12-11T00:00:00+00:00, execution_date=20251211T000000, start_date=20251212T225317, end_date=20251212T225318
[2025-12-12T22:53:18.445+0000] {local_task_job_runner.py:266} INFO - Task exited with return code 0
[2025-12-12T22:53:18.471+0000] {taskinstance.py:3895} INFO - 1 downstream tasks scheduled from follow-on schedule check
[2025-12-12T22:53:18.473+0000] {local_task_job_runner.py:245} INFO - ::endgroup::
