[2025-12-12T23:01:24.481+0000] {local_task_job_runner.py:123} INFO - ::group::Pre task execution logs
[2025-12-12T23:01:24.496+0000] {taskinstance.py:2613} INFO - Dependencies all met for dep_context=non-requeueable deps ti=<TaskInstance: stock_portfolio_pipeline_datafrogs.detect_outliers manual__2025-12-12T23:01:19.236229+00:00 [queued]>
[2025-12-12T23:01:24.503+0000] {taskinstance.py:2613} INFO - Dependencies all met for dep_context=requeueable deps ti=<TaskInstance: stock_portfolio_pipeline_datafrogs.detect_outliers manual__2025-12-12T23:01:19.236229+00:00 [queued]>
[2025-12-12T23:01:24.504+0000] {taskinstance.py:2866} INFO - Starting attempt 1 of 2
[2025-12-12T23:01:24.517+0000] {taskinstance.py:2889} INFO - Executing <Task(PythonOperator): detect_outliers> on 2025-12-12 23:01:19.236229+00:00
[2025-12-12T23:01:24.527+0000] {warnings.py:112} WARNING - /home/***/.local/lib/python3.12/site-packages/***/task/task_runner/standard_task_runner.py:70: DeprecationWarning: This process (pid=139) is multi-threaded, use of fork() may lead to deadlocks in the child.
  pid = os.fork()

[2025-12-12T23:01:24.530+0000] {standard_task_runner.py:72} INFO - Started process 166 to run task
[2025-12-12T23:01:24.530+0000] {standard_task_runner.py:104} INFO - Running: ['***', 'tasks', 'run', 'stock_portfolio_pipeline_datafrogs', 'detect_outliers', 'manual__2025-12-12T23:01:19.236229+00:00', '--job-id', '38', '--raw', '--subdir', 'DAGS_FOLDER/***.py', '--cfg-path', '/tmp/tmpf4qbogcw']
[2025-12-12T23:01:24.533+0000] {standard_task_runner.py:105} INFO - Job 38: Subtask detect_outliers
[2025-12-12T23:01:24.594+0000] {task_command.py:467} INFO - Running <TaskInstance: stock_portfolio_pipeline_datafrogs.detect_outliers manual__2025-12-12T23:01:19.236229+00:00 [running]> on host ed4ae6f68194
[2025-12-12T23:01:24.686+0000] {taskinstance.py:3132} INFO - Exporting env vars: AIRFLOW_CTX_DAG_OWNER='data_engineering_team' AIRFLOW_CTX_DAG_ID='stock_portfolio_pipeline_datafrogs' AIRFLOW_CTX_TASK_ID='detect_outliers' AIRFLOW_CTX_EXECUTION_DATE='2025-12-12T23:01:19.236229+00:00' AIRFLOW_CTX_TRY_NUMBER='1' AIRFLOW_CTX_DAG_RUN_ID='manual__2025-12-12T23:01:19.236229+00:00'
[2025-12-12T23:01:24.689+0000] {taskinstance.py:731} INFO - ::endgroup::
[2025-12-12T23:02:55.683+0000] {logging_mixin.py:190} INFO - 
--- 2. Handling Outliers ---
[2025-12-12T23:02:55.722+0000] {logging_mixin.py:190} INFO - STK001: 15.476% outliers
[2025-12-12T23:02:55.725+0000] {logging_mixin.py:190} INFO - STK002: 0.000% outliers
[2025-12-12T23:02:55.727+0000] {logging_mixin.py:190} INFO - STK003: 3.770% outliers
[2025-12-12T23:02:55.729+0000] {logging_mixin.py:190} INFO - STK004: 2.778% outliers
[2025-12-12T23:02:55.732+0000] {logging_mixin.py:190} INFO - STK005: 0.000% outliers
[2025-12-12T23:02:55.734+0000] {logging_mixin.py:190} INFO - STK006: 0.000% outliers
[2025-12-12T23:02:55.736+0000] {logging_mixin.py:190} INFO - STK007: 6.349% outliers
[2025-12-12T23:02:55.739+0000] {logging_mixin.py:190} INFO - STK008: 0.000% outliers
[2025-12-12T23:02:55.741+0000] {logging_mixin.py:190} INFO - STK009: 1.190% outliers
[2025-12-12T23:02:55.743+0000] {logging_mixin.py:190} INFO - STK010: 0.000% outliers
[2025-12-12T23:02:55.745+0000] {logging_mixin.py:190} INFO - STK011: 0.198% outliers
[2025-12-12T23:02:55.748+0000] {logging_mixin.py:190} INFO - STK012: 0.000% outliers
[2025-12-12T23:02:55.750+0000] {logging_mixin.py:190} INFO - STK013: 0.000% outliers
[2025-12-12T23:02:55.752+0000] {logging_mixin.py:190} INFO - STK014: 0.198% outliers
[2025-12-12T23:02:55.755+0000] {logging_mixin.py:190} INFO - STK015: 0.000% outliers
[2025-12-12T23:02:55.757+0000] {logging_mixin.py:190} INFO - STK016: 0.000% outliers
[2025-12-12T23:02:55.759+0000] {logging_mixin.py:190} INFO - STK017: 0.000% outliers
[2025-12-12T23:02:55.761+0000] {logging_mixin.py:190} INFO - STK018: 0.000% outliers
[2025-12-12T23:02:55.764+0000] {logging_mixin.py:190} INFO - STK019: 7.341% outliers
[2025-12-12T23:02:55.766+0000] {logging_mixin.py:190} INFO - STK020: 0.397% outliers
[2025-12-12T23:02:55.768+0000] {logging_mixin.py:190} INFO - quantity: 7.650% outliers
[2025-12-12T23:02:55.771+0000] {logging_mixin.py:190} INFO - average_trade_size: 25.250% outliers
[2025-12-12T23:02:55.774+0000] {logging_mixin.py:190} INFO - cumulative_portfolio_value: 10.370% outliers
[2025-12-12T23:01:24.919+0000] {python.py:240} INFO - Done. Returned value was: None
[2025-12-12T23:01:24.930+0000] {taskinstance.py:340} INFO - ::group::Post task execution logs
[2025-12-12T23:01:24.931+0000] {taskinstance.py:352} INFO - Marking task as SUCCESS. dag_id=stock_portfolio_pipeline_datafrogs, task_id=detect_outliers, run_id=manual__2025-12-12T23:01:19.236229+00:00, execution_date=20251212T230119, start_date=20251212T230124, end_date=20251212T230124
[2025-12-12T23:01:24.989+0000] {local_task_job_runner.py:266} INFO - Task exited with return code 0
[2025-12-12T23:01:25.016+0000] {taskinstance.py:3895} INFO - 0 downstream tasks scheduled from follow-on schedule check
[2025-12-12T23:01:25.018+0000] {local_task_job_runner.py:245} INFO - ::endgroup::
