[2025-12-14T00:00:04.157+0000] {local_task_job_runner.py:123} INFO - ::group::Pre task execution logs
[2025-12-14T00:00:04.205+0000] {taskinstance.py:2613} INFO - Dependencies all met for dep_context=non-requeueable deps ti=<TaskInstance: stock_portfolio_pipeline_datafrogs.prepare_streaming_data scheduled__2025-12-13T00:00:00+00:00 [queued]>
[2025-12-14T00:00:04.213+0000] {taskinstance.py:2613} INFO - Dependencies all met for dep_context=requeueable deps ti=<TaskInstance: stock_portfolio_pipeline_datafrogs.prepare_streaming_data scheduled__2025-12-13T00:00:00+00:00 [queued]>
[2025-12-14T00:00:04.214+0000] {taskinstance.py:2866} INFO - Starting attempt 1 of 2
[2025-12-14T00:00:04.247+0000] {taskinstance.py:2889} INFO - Executing <Task(PythonOperator): prepare_streaming_data> on 2025-12-13 00:00:00+00:00
[2025-12-14T00:00:04.313+0000] {warnings.py:112} WARNING - /home/***/.local/lib/python3.12/site-packages/***/task/task_runner/standard_task_runner.py:70: DeprecationWarning: This process (pid=2696) is multi-threaded, use of fork() may lead to deadlocks in the child.
  pid = os.fork()

[2025-12-14T00:00:04.321+0000] {standard_task_runner.py:72} INFO - Started process 2714 to run task
[2025-12-14T00:00:04.328+0000] {standard_task_runner.py:104} INFO - Running: ['***', 'tasks', 'run', 'stock_portfolio_pipeline_datafrogs', 'prepare_streaming_data', 'scheduled__2025-12-13T00:00:00+00:00', '--job-id', '331', '--raw', '--subdir', 'DAGS_FOLDER/***.py', '--cfg-path', '/tmp/tmp9mglpbog']
[2025-12-14T00:00:04.336+0000] {standard_task_runner.py:105} INFO - Job 331: Subtask prepare_streaming_data
[2025-12-14T00:00:04.522+0000] {task_command.py:467} INFO - Running <TaskInstance: stock_portfolio_pipeline_datafrogs.prepare_streaming_data scheduled__2025-12-13T00:00:00+00:00 [running]> on host 139938a689f3
[2025-12-14T00:00:04.730+0000] {taskinstance.py:3132} INFO - Exporting env vars: AIRFLOW_CTX_DAG_OWNER='data_engineering_team' AIRFLOW_CTX_DAG_ID='stock_portfolio_pipeline_datafrogs' AIRFLOW_CTX_TASK_ID='prepare_streaming_data' AIRFLOW_CTX_EXECUTION_DATE='2025-12-13T00:00:00+00:00' AIRFLOW_CTX_TRY_NUMBER='1' AIRFLOW_CTX_DAG_RUN_ID='scheduled__2025-12-13T00:00:00+00:00'
[2025-12-14T00:00:04.734+0000] {taskinstance.py:731} INFO - ::endgroup::
[2025-12-14T00:00:04.884+0000] {logging_mixin.py:190} INFO - dataframe length 10000
[2025-12-14T00:00:04.894+0000] {logging_mixin.py:190} INFO - streaming length 500
[2025-12-14T00:00:04.897+0000] {logging_mixin.py:190} INFO - remaining encoded length 9500
[2025-12-14T00:00:05.037+0000] {python.py:240} INFO - Done. Returned value was: None
[2025-12-14T00:00:05.062+0000] {taskinstance.py:340} INFO - ::group::Post task execution logs
[2025-12-14T00:00:05.063+0000] {taskinstance.py:352} INFO - Marking task as SUCCESS. dag_id=stock_portfolio_pipeline_datafrogs, task_id=prepare_streaming_data, run_id=scheduled__2025-12-13T00:00:00+00:00, execution_date=20251213T000000, start_date=20251214T000004, end_date=20251214T000005
[2025-12-14T00:00:05.089+0000] {local_task_job_runner.py:266} INFO - Task exited with return code 0
[2025-12-14T00:00:05.132+0000] {taskinstance.py:3895} INFO - 1 downstream tasks scheduled from follow-on schedule check
[2025-12-14T00:00:05.134+0000] {local_task_job_runner.py:245} INFO - ::endgroup::
[2025-12-14T09:02:58.377+0000] {local_task_job_runner.py:123} INFO - ::group::Pre task execution logs
[2025-12-14T09:02:58.507+0000] {taskinstance.py:2613} INFO - Dependencies all met for dep_context=non-requeueable deps ti=<TaskInstance: stock_portfolio_pipeline_datafrogs.prepare_streaming_data scheduled__2025-12-13T00:00:00+00:00 [queued]>
[2025-12-14T09:02:58.532+0000] {taskinstance.py:2613} INFO - Dependencies all met for dep_context=requeueable deps ti=<TaskInstance: stock_portfolio_pipeline_datafrogs.prepare_streaming_data scheduled__2025-12-13T00:00:00+00:00 [queued]>
[2025-12-14T09:02:58.548+0000] {taskinstance.py:2866} INFO - Starting attempt 1 of 2
[2025-12-14T09:02:58.637+0000] {taskinstance.py:2889} INFO - Executing <Task(PythonOperator): prepare_streaming_data> on 2025-12-13 00:00:00+00:00
[2025-12-14T09:02:58.668+0000] {warnings.py:112} WARNING - /home/***/.local/lib/python3.12/site-packages/***/task/task_runner/standard_task_runner.py:70: DeprecationWarning: This process (pid=84) is multi-threaded, use of fork() may lead to deadlocks in the child.
  pid = os.fork()

[2025-12-14T09:02:58.679+0000] {standard_task_runner.py:72} INFO - Started process 231 to run task
[2025-12-14T09:02:58.858+0000] {standard_task_runner.py:104} INFO - Running: ['***', 'tasks', 'run', 'stock_portfolio_pipeline_datafrogs', 'prepare_streaming_data', 'scheduled__2025-12-13T00:00:00+00:00', '--job-id', '9', '--raw', '--subdir', 'DAGS_FOLDER/***.py', '--cfg-path', '/tmp/tmpd8jt3lx9']
[2025-12-14T09:02:58.866+0000] {standard_task_runner.py:105} INFO - Job 9: Subtask prepare_streaming_data
[2025-12-14T09:02:59.820+0000] {task_command.py:467} INFO - Running <TaskInstance: stock_portfolio_pipeline_datafrogs.prepare_streaming_data scheduled__2025-12-13T00:00:00+00:00 [running]> on host 179bab7085b3
[2025-12-14T09:03:01.350+0000] {taskinstance.py:3132} INFO - Exporting env vars: AIRFLOW_CTX_DAG_OWNER='data_engineering_team' AIRFLOW_CTX_DAG_ID='stock_portfolio_pipeline_datafrogs' AIRFLOW_CTX_TASK_ID='prepare_streaming_data' AIRFLOW_CTX_EXECUTION_DATE='2025-12-13T00:00:00+00:00' AIRFLOW_CTX_TRY_NUMBER='1' AIRFLOW_CTX_DAG_RUN_ID='scheduled__2025-12-13T00:00:00+00:00'
[2025-12-14T09:03:01.354+0000] {taskinstance.py:731} INFO - ::endgroup::
[2025-12-14T09:03:01.619+0000] {logging_mixin.py:190} INFO - dataframe length 10000
[2025-12-14T09:03:01.682+0000] {logging_mixin.py:190} INFO - streaming length 500
[2025-12-14T09:03:01.704+0000] {logging_mixin.py:190} INFO - remaining encoded length 9500
[2025-12-14T09:03:02.173+0000] {python.py:240} INFO - Done. Returned value was: None
[2025-12-14T09:03:02.302+0000] {taskinstance.py:340} INFO - ::group::Post task execution logs
[2025-12-14T09:03:02.306+0000] {taskinstance.py:352} INFO - Marking task as SUCCESS. dag_id=stock_portfolio_pipeline_datafrogs, task_id=prepare_streaming_data, run_id=scheduled__2025-12-13T00:00:00+00:00, execution_date=20251213T000000, start_date=20251214T090258, end_date=20251214T090302
[2025-12-14T09:03:02.526+0000] {local_task_job_runner.py:266} INFO - Task exited with return code 0
[2025-12-14T09:03:03.078+0000] {taskinstance.py:3895} INFO - 0 downstream tasks scheduled from follow-on schedule check
[2025-12-14T09:03:03.086+0000] {local_task_job_runner.py:245} INFO - ::endgroup::
