[2025-12-13T19:38:47.242+0000] {local_task_job_runner.py:123} INFO - ::group::Pre task execution logs
[2025-12-13T19:38:47.298+0000] {taskinstance.py:2613} INFO - Dependencies all met for dep_context=non-requeueable deps ti=<TaskInstance: stock_portfolio_pipeline_datafrogs.initialize_spark_session manual__2025-12-13T19:32:59.290471+00:00 [queued]>
[2025-12-13T19:38:47.319+0000] {taskinstance.py:2613} INFO - Dependencies all met for dep_context=requeueable deps ti=<TaskInstance: stock_portfolio_pipeline_datafrogs.initialize_spark_session manual__2025-12-13T19:32:59.290471+00:00 [queued]>
[2025-12-13T19:38:47.320+0000] {taskinstance.py:2866} INFO - Starting attempt 2 of 2
[2025-12-13T19:38:47.330+0000] {taskinstance.py:2889} INFO - Executing <Task(PythonOperator): initialize_spark_session> on 2025-12-13 19:32:59.290471+00:00
[2025-12-13T19:38:47.362+0000] {warnings.py:112} WARNING - /home/***/.local/lib/python3.12/site-packages/***/task/task_runner/standard_task_runner.py:70: DeprecationWarning: This process (pid=1014) is multi-threaded, use of fork() may lead to deadlocks in the child.
  pid = os.fork()

[2025-12-13T19:38:47.370+0000] {standard_task_runner.py:72} INFO - Started process 1024 to run task
[2025-12-13T19:38:47.366+0000] {standard_task_runner.py:104} INFO - Running: ['***', 'tasks', 'run', 'stock_portfolio_pipeline_datafrogs', 'initialize_spark_session', 'manual__2025-12-13T19:32:59.290471+00:00', '--job-id', '204', '--raw', '--subdir', 'DAGS_FOLDER/***.py', '--cfg-path', '/tmp/tmpv6ocw07a']
[2025-12-13T19:38:47.371+0000] {standard_task_runner.py:105} INFO - Job 204: Subtask initialize_spark_session
[2025-12-13T19:38:47.479+0000] {task_command.py:467} INFO - Running <TaskInstance: stock_portfolio_pipeline_datafrogs.initialize_spark_session manual__2025-12-13T19:32:59.290471+00:00 [running]> on host fc66782e0078
[2025-12-13T19:38:47.609+0000] {taskinstance.py:3132} INFO - Exporting env vars: AIRFLOW_CTX_DAG_OWNER='data_engineering_team' AIRFLOW_CTX_DAG_ID='stock_portfolio_pipeline_datafrogs' AIRFLOW_CTX_TASK_ID='initialize_spark_session' AIRFLOW_CTX_EXECUTION_DATE='2025-12-13T19:32:59.290471+00:00' AIRFLOW_CTX_TRY_NUMBER='2' AIRFLOW_CTX_DAG_RUN_ID='manual__2025-12-13T19:32:59.290471+00:00'
[2025-12-13T19:38:47.610+0000] {taskinstance.py:731} INFO - ::endgroup::
[2025-12-13T19:38:56.892+0000] {python.py:240} INFO - Done. Returned value was: None
[2025-12-13T19:38:57.082+0000] {taskinstance.py:340} INFO - ::group::Post task execution logs
[2025-12-13T19:38:57.084+0000] {taskinstance.py:352} INFO - Marking task as SUCCESS. dag_id=stock_portfolio_pipeline_datafrogs, task_id=initialize_spark_session, run_id=manual__2025-12-13T19:32:59.290471+00:00, execution_date=20251213T193259, start_date=20251213T193847, end_date=20251213T193857
[2025-12-13T19:38:57.304+0000] {local_task_job_runner.py:266} INFO - Task exited with return code 0
[2025-12-13T19:38:57.460+0000] {standard_task_runner.py:217} INFO - Process not found (most likely exited), stop collecting metrics
[2025-12-13T19:38:57.614+0000] {taskinstance.py:3895} INFO - 1 downstream tasks scheduled from follow-on schedule check
[2025-12-13T19:38:57.637+0000] {local_task_job_runner.py:245} INFO - ::endgroup::
