[2025-12-12T17:47:55.682+0000] {local_task_job_runner.py:123} INFO - ::group::Pre task execution logs
[2025-12-12T17:47:55.701+0000] {taskinstance.py:2613} INFO - Dependencies all met for dep_context=non-requeueable deps ti=<TaskInstance: stock_portfolio_pipeline_datafrogs.prepare_streaming_data manual__2025-12-12T17:42:48.056096+00:00 [queued]>
[2025-12-12T17:47:55.712+0000] {taskinstance.py:2613} INFO - Dependencies all met for dep_context=requeueable deps ti=<TaskInstance: stock_portfolio_pipeline_datafrogs.prepare_streaming_data manual__2025-12-12T17:42:48.056096+00:00 [queued]>
[2025-12-12T17:47:55.712+0000] {taskinstance.py:2866} INFO - Starting attempt 2 of 2
[2025-12-12T17:47:55.730+0000] {taskinstance.py:2889} INFO - Executing <Task(PythonOperator): prepare_streaming_data> on 2025-12-12 17:42:48.056096+00:00
[2025-12-12T17:47:55.744+0000] {warnings.py:112} WARNING - /home/***/.local/lib/python3.12/site-packages/***/task/task_runner/standard_task_runner.py:70: DeprecationWarning: This process (pid=76) is multi-threaded, use of fork() may lead to deadlocks in the child.
  pid = os.fork()

[2025-12-12T17:47:55.749+0000] {standard_task_runner.py:72} INFO - Started process 113 to run task
[2025-12-12T17:47:55.755+0000] {standard_task_runner.py:104} INFO - Running: ['***', 'tasks', 'run', 'stock_portfolio_pipeline_datafrogs', 'prepare_streaming_data', 'manual__2025-12-12T17:42:48.056096+00:00', '--job-id', '76', '--raw', '--subdir', 'DAGS_FOLDER/***.py', '--cfg-path', '/tmp/tmp6tvwa6hq']
[2025-12-12T17:47:55.769+0000] {standard_task_runner.py:105} INFO - Job 76: Subtask prepare_streaming_data
[2025-12-12T17:47:55.933+0000] {task_command.py:467} INFO - Running <TaskInstance: stock_portfolio_pipeline_datafrogs.prepare_streaming_data manual__2025-12-12T17:42:48.056096+00:00 [running]> on host 4839c99900fa
[2025-12-12T17:47:56.095+0000] {taskinstance.py:3132} INFO - Exporting env vars: AIRFLOW_CTX_DAG_OWNER='data_engineering_team' AIRFLOW_CTX_DAG_ID='stock_portfolio_pipeline_datafrogs' AIRFLOW_CTX_TASK_ID='prepare_streaming_data' AIRFLOW_CTX_EXECUTION_DATE='2025-12-12T17:42:48.056096+00:00' AIRFLOW_CTX_TRY_NUMBER='2' AIRFLOW_CTX_DAG_RUN_ID='manual__2025-12-12T17:42:48.056096+00:00'
[2025-12-12T17:47:56.098+0000] {taskinstance.py:731} INFO - ::endgroup::
[2025-12-12T17:47:56.297+0000] {logging_mixin.py:190} INFO - dataframe length 10000
[2025-12-12T17:47:56.303+0000] {logging_mixin.py:190} INFO - streaming length 500
[2025-12-12T17:47:56.305+0000] {logging_mixin.py:190} INFO - remaining encoded length 9500
[2025-12-12T17:47:56.482+0000] {python.py:240} INFO - Done. Returned value was: None
[2025-12-12T17:47:56.508+0000] {taskinstance.py:340} INFO - ::group::Post task execution logs
[2025-12-12T17:47:56.509+0000] {taskinstance.py:352} INFO - Marking task as SUCCESS. dag_id=stock_portfolio_pipeline_datafrogs, task_id=prepare_streaming_data, run_id=manual__2025-12-12T17:42:48.056096+00:00, execution_date=20251212T174248, start_date=20251212T174755, end_date=20251212T174756
[2025-12-12T17:47:56.572+0000] {local_task_job_runner.py:266} INFO - Task exited with return code 0
[2025-12-12T17:47:56.601+0000] {taskinstance.py:3895} INFO - 1 downstream tasks scheduled from follow-on schedule check
[2025-12-12T17:47:56.604+0000] {local_task_job_runner.py:245} INFO - ::endgroup::
