[2025-12-12T15:21:27.537+0000] {local_task_job_runner.py:123} INFO - ::group::Pre task execution logs
[2025-12-12T15:21:27.554+0000] {taskinstance.py:2613} INFO - Dependencies all met for dep_context=non-requeueable deps ti=<TaskInstance: stock_portfolio_pipeline_datafrogs.detect_outliers manual__2025-12-12T15:21:21.989760+00:00 [queued]>
[2025-12-12T15:21:27.562+0000] {taskinstance.py:2613} INFO - Dependencies all met for dep_context=requeueable deps ti=<TaskInstance: stock_portfolio_pipeline_datafrogs.detect_outliers manual__2025-12-12T15:21:21.989760+00:00 [queued]>
[2025-12-12T15:21:27.563+0000] {taskinstance.py:2866} INFO - Starting attempt 1 of 2
[2025-12-12T15:21:27.577+0000] {taskinstance.py:2889} INFO - Executing <Task(PythonOperator): detect_outliers> on 2025-12-12 15:21:21.989760+00:00
[2025-12-12T15:21:27.585+0000] {warnings.py:112} WARNING - /home/***/.local/lib/python3.12/site-packages/***/task/task_runner/standard_task_runner.py:70: DeprecationWarning: This process (pid=87) is multi-threaded, use of fork() may lead to deadlocks in the child.
  pid = os.fork()

[2025-12-12T15:21:27.587+0000] {standard_task_runner.py:72} INFO - Started process 100 to run task
[2025-12-12T15:21:27.587+0000] {standard_task_runner.py:104} INFO - Running: ['***', 'tasks', 'run', 'stock_portfolio_pipeline_datafrogs', 'detect_outliers', 'manual__2025-12-12T15:21:21.989760+00:00', '--job-id', '45', '--raw', '--subdir', 'DAGS_FOLDER/***.py', '--cfg-path', '/tmp/tmpdwi2y4_z']
[2025-12-12T15:21:27.590+0000] {standard_task_runner.py:105} INFO - Job 45: Subtask detect_outliers
[2025-12-12T15:21:27.650+0000] {task_command.py:467} INFO - Running <TaskInstance: stock_portfolio_pipeline_datafrogs.detect_outliers manual__2025-12-12T15:21:21.989760+00:00 [running]> on host d05c051355a7
[2025-12-12T15:21:27.725+0000] {taskinstance.py:3132} INFO - Exporting env vars: AIRFLOW_CTX_DAG_OWNER='data_engineering_team' AIRFLOW_CTX_DAG_ID='stock_portfolio_pipeline_datafrogs' AIRFLOW_CTX_TASK_ID='detect_outliers' AIRFLOW_CTX_EXECUTION_DATE='2025-12-12T15:21:21.989760+00:00' AIRFLOW_CTX_TRY_NUMBER='1' AIRFLOW_CTX_DAG_RUN_ID='manual__2025-12-12T15:21:21.989760+00:00'
[2025-12-12T15:21:27.726+0000] {taskinstance.py:731} INFO - ::endgroup::
[2025-12-12T15:21:27.740+0000] {logging_mixin.py:190} INFO - 
--- 2. Handling Outliers ---
[2025-12-12T15:21:27.787+0000] {logging_mixin.py:190} INFO - STK001: 15.476% outliers
[2025-12-12T15:21:27.789+0000] {logging_mixin.py:190} INFO - STK002: 0.000% outliers
[2025-12-12T15:21:27.792+0000] {logging_mixin.py:190} INFO - STK003: 3.770% outliers
[2025-12-12T15:21:27.794+0000] {logging_mixin.py:190} INFO - STK004: 2.778% outliers
[2025-12-12T15:21:27.796+0000] {logging_mixin.py:190} INFO - STK005: 0.000% outliers
[2025-12-12T15:21:27.798+0000] {logging_mixin.py:190} INFO - STK006: 0.000% outliers
[2025-12-12T15:21:27.800+0000] {logging_mixin.py:190} INFO - STK007: 6.349% outliers
[2025-12-12T15:21:27.802+0000] {logging_mixin.py:190} INFO - STK008: 0.000% outliers
[2025-12-12T15:21:27.804+0000] {logging_mixin.py:190} INFO - STK009: 1.190% outliers
[2025-12-12T15:21:27.806+0000] {logging_mixin.py:190} INFO - STK010: 0.000% outliers
[2025-12-12T15:21:27.808+0000] {logging_mixin.py:190} INFO - STK011: 0.198% outliers
[2025-12-12T15:21:27.810+0000] {logging_mixin.py:190} INFO - STK012: 0.000% outliers
[2025-12-12T15:21:27.812+0000] {logging_mixin.py:190} INFO - STK013: 0.000% outliers
[2025-12-12T15:21:27.814+0000] {logging_mixin.py:190} INFO - STK014: 0.198% outliers
[2025-12-12T15:21:27.816+0000] {logging_mixin.py:190} INFO - STK015: 0.000% outliers
[2025-12-12T15:21:27.818+0000] {logging_mixin.py:190} INFO - STK016: 0.000% outliers
[2025-12-12T15:21:27.820+0000] {logging_mixin.py:190} INFO - STK017: 0.000% outliers
[2025-12-12T15:21:27.822+0000] {logging_mixin.py:190} INFO - STK018: 0.000% outliers
[2025-12-12T15:21:27.824+0000] {logging_mixin.py:190} INFO - STK019: 7.341% outliers
[2025-12-12T15:21:27.826+0000] {logging_mixin.py:190} INFO - STK020: 0.397% outliers
[2025-12-12T15:21:27.829+0000] {logging_mixin.py:190} INFO - quantity: 7.650% outliers
[2025-12-12T15:21:27.831+0000] {logging_mixin.py:190} INFO - average_trade_size: 25.250% outliers
[2025-12-12T15:21:27.834+0000] {logging_mixin.py:190} INFO - cumulative_portfolio_value: 10.370% outliers
[2025-12-12T15:21:27.973+0000] {python.py:240} INFO - Done. Returned value was: None
[2025-12-12T15:21:27.983+0000] {taskinstance.py:340} INFO - ::group::Post task execution logs
[2025-12-12T15:21:27.984+0000] {taskinstance.py:352} INFO - Marking task as SUCCESS. dag_id=stock_portfolio_pipeline_datafrogs, task_id=detect_outliers, run_id=manual__2025-12-12T15:21:21.989760+00:00, execution_date=20251212T152121, start_date=20251212T152127, end_date=20251212T152127
[2025-12-12T15:21:28.002+0000] {local_task_job_runner.py:266} INFO - Task exited with return code 0
[2025-12-12T15:21:28.020+0000] {taskinstance.py:3895} INFO - 1 downstream tasks scheduled from follow-on schedule check
[2025-12-12T15:21:28.022+0000] {local_task_job_runner.py:245} INFO - ::endgroup::
