[2025-12-14T08:10:50.360+0000] {local_task_job_runner.py:123} INFO - ::group::Pre task execution logs
[2025-12-14T08:10:50.381+0000] {taskinstance.py:2613} INFO - Dependencies all met for dep_context=non-requeueable deps ti=<TaskInstance: stock_portfolio_pipeline_datafrogs.start_kafka_producer manual__2025-12-14T08:10:42.184055+00:00 [queued]>
[2025-12-14T08:10:50.395+0000] {taskinstance.py:2613} INFO - Dependencies all met for dep_context=requeueable deps ti=<TaskInstance: stock_portfolio_pipeline_datafrogs.start_kafka_producer manual__2025-12-14T08:10:42.184055+00:00 [queued]>
[2025-12-14T08:10:50.395+0000] {taskinstance.py:2866} INFO - Starting attempt 1 of 2
[2025-12-14T08:10:50.412+0000] {taskinstance.py:2889} INFO - Executing <Task(BashOperator): start_kafka_producer> on 2025-12-14 08:10:42.184055+00:00
[2025-12-14T08:10:50.424+0000] {warnings.py:112} WARNING - /home/***/.local/lib/python3.12/site-packages/***/task/task_runner/standard_task_runner.py:70: DeprecationWarning: This process (pid=708) is multi-threaded, use of fork() may lead to deadlocks in the child.
  pid = os.fork()

[2025-12-14T08:10:50.429+0000] {standard_task_runner.py:72} INFO - Started process 734 to run task
[2025-12-14T08:10:50.441+0000] {standard_task_runner.py:104} INFO - Running: ['***', 'tasks', 'run', 'stock_portfolio_pipeline_datafrogs', 'start_kafka_producer', 'manual__2025-12-14T08:10:42.184055+00:00', '--job-id', '454', '--raw', '--subdir', 'DAGS_FOLDER/***.py', '--cfg-path', '/tmp/tmpcc9oiqvs']
[2025-12-14T08:10:50.445+0000] {standard_task_runner.py:105} INFO - Job 454: Subtask start_kafka_producer
[2025-12-14T08:10:53.220+0000] {task_command.py:467} INFO - Running <TaskInstance: stock_portfolio_pipeline_datafrogs.start_kafka_producer manual__2025-12-14T08:10:42.184055+00:00 [running]> on host 2211a8f7907d
[2025-12-14T08:11:01.529+0000] {taskinstance.py:3132} INFO - Exporting env vars: AIRFLOW_CTX_DAG_OWNER='data_engineering_team' AIRFLOW_CTX_DAG_ID='stock_portfolio_pipeline_datafrogs' AIRFLOW_CTX_TASK_ID='start_kafka_producer' AIRFLOW_CTX_EXECUTION_DATE='2025-12-14T08:10:42.184055+00:00' AIRFLOW_CTX_TRY_NUMBER='1' AIRFLOW_CTX_DAG_RUN_ID='manual__2025-12-14T08:10:42.184055+00:00'
[2025-12-14T08:11:01.577+0000] {taskinstance.py:731} INFO - ::endgroup::
[2025-12-14T08:11:01.669+0000] {subprocess.py:78} INFO - Tmp dir root location: /tmp
[2025-12-14T08:11:01.677+0000] {subprocess.py:88} INFO - Running command: ['/usr/bin/bash', '-c', 'python3 /opt/***/scripts/start_kafka_producer.py']
[2025-12-14T08:11:01.838+0000] {subprocess.py:99} INFO - Output:
[2025-12-14T08:11:46.947+0000] {job.py:229} INFO - Heartbeat recovered after 48.24 seconds
[2025-12-14T08:11:59.825+0000] {subprocess.py:106} INFO - Traceback (most recent call last):
[2025-12-14T08:11:59.846+0000] {subprocess.py:106} INFO -   File "/opt/***/scripts/start_kafka_producer.py", line 6, in <module>
[2025-12-14T08:11:59.877+0000] {subprocess.py:106} INFO -     producer = KafkaProducer(
[2025-12-14T08:11:59.884+0000] {subprocess.py:106} INFO -                ^^^^^^^^^^^^^^
[2025-12-14T08:11:59.885+0000] {subprocess.py:106} INFO -   File "/home/***/.local/lib/python3.12/site-packages/kafka/producer/kafka.py", line 485, in __init__
[2025-12-14T08:11:59.897+0000] {subprocess.py:106} INFO -     client = self.config['kafka_client'](
[2025-12-14T08:11:59.900+0000] {subprocess.py:106} INFO -              ^^^^^^^^^^^^^^^^^^^^^^^^^^^^
[2025-12-14T08:11:59.902+0000] {subprocess.py:106} INFO -   File "/home/***/.local/lib/python3.12/site-packages/kafka/client_async.py", line 262, in __init__
[2025-12-14T08:11:59.907+0000] {subprocess.py:106} INFO -     self.config['api_version'] = self.check_version()
[2025-12-14T08:11:59.908+0000] {subprocess.py:106} INFO -                                  ^^^^^^^^^^^^^^^^^^^^
[2025-12-14T08:11:59.909+0000] {subprocess.py:106} INFO -   File "/home/***/.local/lib/python3.12/site-packages/kafka/client_async.py", line 1076, in check_version
[2025-12-14T08:11:59.910+0000] {subprocess.py:106} INFO -     raise Errors.NoBrokersAvailable()
[2025-12-14T08:11:59.911+0000] {subprocess.py:106} INFO - kafka.errors.NoBrokersAvailable: NoBrokersAvailable
[2025-12-14T08:12:00.624+0000] {subprocess.py:110} INFO - Command exited with return code 1
[2025-12-14T08:12:00.890+0000] {job.py:229} INFO - Heartbeat recovered after 14.06 seconds
[2025-12-14T08:12:00.914+0000] {taskinstance.py:3311} ERROR - Task failed with exception
Traceback (most recent call last):
  File "/home/airflow/.local/lib/python3.12/site-packages/airflow/models/taskinstance.py", line 767, in _execute_task
    result = _execute_callable(context=context, **execute_callable_kwargs)
             ^^^^^^^^^^^^^^^^^^^^^^^^^^^^^^^^^^^^^^^^^^^^^^^^^^^^^^^^^^^^^
  File "/home/airflow/.local/lib/python3.12/site-packages/airflow/models/taskinstance.py", line 733, in _execute_callable
    return ExecutionCallableRunner(
           ^^^^^^^^^^^^^^^^^^^^^^^^
  File "/home/airflow/.local/lib/python3.12/site-packages/airflow/utils/operator_helpers.py", line 252, in run
    return self.func(*args, **kwargs)
           ^^^^^^^^^^^^^^^^^^^^^^^^^^
  File "/home/airflow/.local/lib/python3.12/site-packages/airflow/models/baseoperator.py", line 417, in wrapper
    return func(self, *args, **kwargs)
           ^^^^^^^^^^^^^^^^^^^^^^^^^^^
  File "/home/airflow/.local/lib/python3.12/site-packages/airflow/operators/bash.py", line 276, in execute
    raise AirflowException(
airflow.exceptions.AirflowException: Bash command failed. The command returned a non-zero exit code 1.
[2025-12-14T08:12:00.992+0000] {taskinstance.py:1225} INFO - Marking task as UP_FOR_RETRY. dag_id=stock_portfolio_pipeline_datafrogs, task_id=start_kafka_producer, run_id=manual__2025-12-14T08:10:42.184055+00:00, execution_date=20251214T081042, start_date=20251214T081050, end_date=20251214T081200
[2025-12-14T08:12:01.037+0000] {taskinstance.py:340} INFO - ::group::Post task execution logs
[2025-12-14T08:12:01.042+0000] {standard_task_runner.py:124} ERROR - Failed to execute job 454 for task start_kafka_producer (Bash command failed. The command returned a non-zero exit code 1.; 734)
Traceback (most recent call last):
  File "/home/airflow/.local/lib/python3.12/site-packages/airflow/task/task_runner/standard_task_runner.py", line 117, in _start_by_fork
    ret = args.func(args, dag=self.dag)
          ^^^^^^^^^^^^^^^^^^^^^^^^^^^^^
  File "/home/airflow/.local/lib/python3.12/site-packages/airflow/cli/cli_config.py", line 49, in command
    return func(*args, **kwargs)
           ^^^^^^^^^^^^^^^^^^^^^
  File "/home/airflow/.local/lib/python3.12/site-packages/airflow/utils/cli.py", line 116, in wrapper
    return f(*args, **kwargs)
           ^^^^^^^^^^^^^^^^^^
  File "/home/airflow/.local/lib/python3.12/site-packages/airflow/cli/commands/task_command.py", line 483, in task_run
    task_return_code = _run_task_by_selected_method(args, _dag, ti)
                       ^^^^^^^^^^^^^^^^^^^^^^^^^^^^^^^^^^^^^^^^^^^^
  File "/home/airflow/.local/lib/python3.12/site-packages/airflow/cli/commands/task_command.py", line 256, in _run_task_by_selected_method
    return _run_raw_task(args, ti)
           ^^^^^^^^^^^^^^^^^^^^^^^
  File "/home/airflow/.local/lib/python3.12/site-packages/airflow/cli/commands/task_command.py", line 341, in _run_raw_task
    return ti._run_raw_task(
           ^^^^^^^^^^^^^^^^^
  File "/home/airflow/.local/lib/python3.12/site-packages/airflow/utils/session.py", line 97, in wrapper
    return func(*args, session=session, **kwargs)
           ^^^^^^^^^^^^^^^^^^^^^^^^^^^^^^^^^^^^^^
  File "/home/airflow/.local/lib/python3.12/site-packages/airflow/models/taskinstance.py", line 3005, in _run_raw_task
    return _run_raw_task(
           ^^^^^^^^^^^^^^
  File "/home/airflow/.local/lib/python3.12/site-packages/airflow/models/taskinstance.py", line 273, in _run_raw_task
    TaskInstance._execute_task_with_callbacks(
  File "/home/airflow/.local/lib/python3.12/site-packages/airflow/models/taskinstance.py", line 3159, in _execute_task_with_callbacks
    result = self._execute_task(context, task_orig)
             ^^^^^^^^^^^^^^^^^^^^^^^^^^^^^^^^^^^^^^
  File "/home/airflow/.local/lib/python3.12/site-packages/airflow/models/taskinstance.py", line 3183, in _execute_task
    return _execute_task(self, context, task_orig)
           ^^^^^^^^^^^^^^^^^^^^^^^^^^^^^^^^^^^^^^^
  File "/home/airflow/.local/lib/python3.12/site-packages/airflow/models/taskinstance.py", line 767, in _execute_task
    result = _execute_callable(context=context, **execute_callable_kwargs)
             ^^^^^^^^^^^^^^^^^^^^^^^^^^^^^^^^^^^^^^^^^^^^^^^^^^^^^^^^^^^^^
  File "/home/airflow/.local/lib/python3.12/site-packages/airflow/models/taskinstance.py", line 733, in _execute_callable
    return ExecutionCallableRunner(
           ^^^^^^^^^^^^^^^^^^^^^^^^
  File "/home/airflow/.local/lib/python3.12/site-packages/airflow/utils/operator_helpers.py", line 252, in run
    return self.func(*args, **kwargs)
           ^^^^^^^^^^^^^^^^^^^^^^^^^^
  File "/home/airflow/.local/lib/python3.12/site-packages/airflow/models/baseoperator.py", line 417, in wrapper
    return func(self, *args, **kwargs)
           ^^^^^^^^^^^^^^^^^^^^^^^^^^^
  File "/home/airflow/.local/lib/python3.12/site-packages/airflow/operators/bash.py", line 276, in execute
    raise AirflowException(
airflow.exceptions.AirflowException: Bash command failed. The command returned a non-zero exit code 1.
[2025-12-14T08:12:01.113+0000] {local_task_job_runner.py:266} INFO - Task exited with return code 1
[2025-12-14T08:12:01.143+0000] {local_task_job_runner.py:245} INFO - ::endgroup::
