[2025-12-14T12:16:31.828+0000] {local_task_job_runner.py:123} INFO - ::group::Pre task execution logs
[2025-12-14T12:16:31.845+0000] {taskinstance.py:2613} INFO - Dependencies all met for dep_context=non-requeueable deps ti=<TaskInstance: stock_portfolio_pipeline_datafrogs.start_visualization_service manual__2025-12-14T12:09:30.992645+00:00 [queued]>
[2025-12-14T12:16:31.863+0000] {taskinstance.py:2613} INFO - Dependencies all met for dep_context=requeueable deps ti=<TaskInstance: stock_portfolio_pipeline_datafrogs.start_visualization_service manual__2025-12-14T12:09:30.992645+00:00 [queued]>
[2025-12-14T12:16:31.864+0000] {taskinstance.py:2866} INFO - Starting attempt 2 of 2
[2025-12-14T12:16:31.892+0000] {taskinstance.py:2889} INFO - Executing <Task(BashOperator): start_visualization_service> on 2025-12-14 12:09:30.992645+00:00
[2025-12-14T12:16:31.905+0000] {warnings.py:112} WARNING - /home/***/.local/lib/python3.12/site-packages/***/task/task_runner/standard_task_runner.py:70: DeprecationWarning: This process (pid=6863) is multi-threaded, use of fork() may lead to deadlocks in the child.
  pid = os.fork()

[2025-12-14T12:16:31.907+0000] {standard_task_runner.py:72} INFO - Started process 6899 to run task
[2025-12-14T12:16:31.908+0000] {standard_task_runner.py:104} INFO - Running: ['***', 'tasks', 'run', 'stock_portfolio_pipeline_datafrogs', 'start_visualization_service', 'manual__2025-12-14T12:09:30.992645+00:00', '--job-id', '334', '--raw', '--subdir', 'DAGS_FOLDER/***.py', '--cfg-path', '/tmp/tmp7i8smdjd']
[2025-12-14T12:16:31.910+0000] {standard_task_runner.py:105} INFO - Job 334: Subtask start_visualization_service
[2025-12-14T12:16:31.951+0000] {task_command.py:467} INFO - Running <TaskInstance: stock_portfolio_pipeline_datafrogs.start_visualization_service manual__2025-12-14T12:09:30.992645+00:00 [running]> on host 79a4b2d0a09e
[2025-12-14T12:16:32.030+0000] {taskinstance.py:3132} INFO - Exporting env vars: AIRFLOW_CTX_DAG_OWNER='data_engineering_team' AIRFLOW_CTX_DAG_ID='stock_portfolio_pipeline_datafrogs' AIRFLOW_CTX_TASK_ID='start_visualization_service' AIRFLOW_CTX_EXECUTION_DATE='2025-12-14T12:09:30.992645+00:00' AIRFLOW_CTX_TRY_NUMBER='2' AIRFLOW_CTX_DAG_RUN_ID='manual__2025-12-14T12:09:30.992645+00:00'
[2025-12-14T12:16:32.032+0000] {taskinstance.py:731} INFO - ::endgroup::
[2025-12-14T12:16:32.053+0000] {subprocess.py:78} INFO - Tmp dir root location: /tmp
[2025-12-14T12:16:32.055+0000] {subprocess.py:88} INFO - Running command: ['/usr/bin/bash', '-c', 'streamlit run /opt/***/scripts/dashboard.py --server.port 8501 --server.address 0.0.0.0']
[2025-12-14T12:16:32.093+0000] {subprocess.py:99} INFO - Output:
[2025-12-14T12:16:32.923+0000] {subprocess.py:106} INFO - 
[2025-12-14T12:16:32.923+0000] {subprocess.py:106} INFO - Collecting usage statistics. To deactivate, set browser.gatherUsageStats to false.
[2025-12-14T12:16:32.924+0000] {subprocess.py:106} INFO - 
[2025-12-14T12:16:33.575+0000] {subprocess.py:106} INFO - 2025-12-14 12:16:33.575 Port 8501 is already in use
[2025-12-14T12:16:33.665+0000] {subprocess.py:110} INFO - Command exited with return code 1
[2025-12-14T12:16:33.678+0000] {taskinstance.py:3311} ERROR - Task failed with exception
Traceback (most recent call last):
  File "/home/airflow/.local/lib/python3.12/site-packages/airflow/models/taskinstance.py", line 767, in _execute_task
    result = _execute_callable(context=context, **execute_callable_kwargs)
             ^^^^^^^^^^^^^^^^^^^^^^^^^^^^^^^^^^^^^^^^^^^^^^^^^^^^^^^^^^^^^
  File "/home/airflow/.local/lib/python3.12/site-packages/airflow/models/taskinstance.py", line 733, in _execute_callable
    return ExecutionCallableRunner(
           ^^^^^^^^^^^^^^^^^^^^^^^^
  File "/home/airflow/.local/lib/python3.12/site-packages/airflow/utils/operator_helpers.py", line 252, in run
    return self.func(*args, **kwargs)
           ^^^^^^^^^^^^^^^^^^^^^^^^^^
  File "/home/airflow/.local/lib/python3.12/site-packages/airflow/models/baseoperator.py", line 417, in wrapper
    return func(self, *args, **kwargs)
           ^^^^^^^^^^^^^^^^^^^^^^^^^^^
  File "/home/airflow/.local/lib/python3.12/site-packages/airflow/operators/bash.py", line 276, in execute
    raise AirflowException(
airflow.exceptions.AirflowException: Bash command failed. The command returned a non-zero exit code 1.
[2025-12-14T12:16:33.682+0000] {taskinstance.py:1225} INFO - Marking task as FAILED. dag_id=stock_portfolio_pipeline_datafrogs, task_id=start_visualization_service, run_id=manual__2025-12-14T12:09:30.992645+00:00, execution_date=20251214T120930, start_date=20251214T121631, end_date=20251214T121633
[2025-12-14T12:16:33.689+0000] {taskinstance.py:340} INFO - ::group::Post task execution logs
[2025-12-14T12:16:33.690+0000] {standard_task_runner.py:124} ERROR - Failed to execute job 334 for task start_visualization_service (Bash command failed. The command returned a non-zero exit code 1.; 6899)
Traceback (most recent call last):
  File "/home/airflow/.local/lib/python3.12/site-packages/airflow/task/task_runner/standard_task_runner.py", line 117, in _start_by_fork
    ret = args.func(args, dag=self.dag)
          ^^^^^^^^^^^^^^^^^^^^^^^^^^^^^
  File "/home/airflow/.local/lib/python3.12/site-packages/airflow/cli/cli_config.py", line 49, in command
    return func(*args, **kwargs)
           ^^^^^^^^^^^^^^^^^^^^^
  File "/home/airflow/.local/lib/python3.12/site-packages/airflow/utils/cli.py", line 116, in wrapper
    return f(*args, **kwargs)
           ^^^^^^^^^^^^^^^^^^
  File "/home/airflow/.local/lib/python3.12/site-packages/airflow/cli/commands/task_command.py", line 483, in task_run
    task_return_code = _run_task_by_selected_method(args, _dag, ti)
                       ^^^^^^^^^^^^^^^^^^^^^^^^^^^^^^^^^^^^^^^^^^^^
  File "/home/airflow/.local/lib/python3.12/site-packages/airflow/cli/commands/task_command.py", line 256, in _run_task_by_selected_method
    return _run_raw_task(args, ti)
           ^^^^^^^^^^^^^^^^^^^^^^^
  File "/home/airflow/.local/lib/python3.12/site-packages/airflow/cli/commands/task_command.py", line 341, in _run_raw_task
    return ti._run_raw_task(
           ^^^^^^^^^^^^^^^^^
  File "/home/airflow/.local/lib/python3.12/site-packages/airflow/utils/session.py", line 97, in wrapper
    return func(*args, session=session, **kwargs)
           ^^^^^^^^^^^^^^^^^^^^^^^^^^^^^^^^^^^^^^
  File "/home/airflow/.local/lib/python3.12/site-packages/airflow/models/taskinstance.py", line 3005, in _run_raw_task
    return _run_raw_task(
           ^^^^^^^^^^^^^^
  File "/home/airflow/.local/lib/python3.12/site-packages/airflow/models/taskinstance.py", line 273, in _run_raw_task
    TaskInstance._execute_task_with_callbacks(
  File "/home/airflow/.local/lib/python3.12/site-packages/airflow/models/taskinstance.py", line 3159, in _execute_task_with_callbacks
    result = self._execute_task(context, task_orig)
             ^^^^^^^^^^^^^^^^^^^^^^^^^^^^^^^^^^^^^^
  File "/home/airflow/.local/lib/python3.12/site-packages/airflow/models/taskinstance.py", line 3183, in _execute_task
    return _execute_task(self, context, task_orig)
           ^^^^^^^^^^^^^^^^^^^^^^^^^^^^^^^^^^^^^^^
  File "/home/airflow/.local/lib/python3.12/site-packages/airflow/models/taskinstance.py", line 767, in _execute_task
    result = _execute_callable(context=context, **execute_callable_kwargs)
             ^^^^^^^^^^^^^^^^^^^^^^^^^^^^^^^^^^^^^^^^^^^^^^^^^^^^^^^^^^^^^
  File "/home/airflow/.local/lib/python3.12/site-packages/airflow/models/taskinstance.py", line 733, in _execute_callable
    return ExecutionCallableRunner(
           ^^^^^^^^^^^^^^^^^^^^^^^^
  File "/home/airflow/.local/lib/python3.12/site-packages/airflow/utils/operator_helpers.py", line 252, in run
    return self.func(*args, **kwargs)
           ^^^^^^^^^^^^^^^^^^^^^^^^^^
  File "/home/airflow/.local/lib/python3.12/site-packages/airflow/models/baseoperator.py", line 417, in wrapper
    return func(self, *args, **kwargs)
           ^^^^^^^^^^^^^^^^^^^^^^^^^^^
  File "/home/airflow/.local/lib/python3.12/site-packages/airflow/operators/bash.py", line 276, in execute
    raise AirflowException(
airflow.exceptions.AirflowException: Bash command failed. The command returned a non-zero exit code 1.
[2025-12-14T12:16:33.738+0000] {local_task_job_runner.py:266} INFO - Task exited with return code 1
[2025-12-14T12:16:33.757+0000] {taskinstance.py:3895} INFO - 0 downstream tasks scheduled from follow-on schedule check
[2025-12-14T12:16:33.758+0000] {local_task_job_runner.py:245} INFO - ::endgroup::
