[2025-12-13T18:48:32.294+0000] {local_task_job_runner.py:123} INFO - ::group::Pre task execution logs
[2025-12-13T18:48:32.304+0000] {taskinstance.py:2613} INFO - Dependencies all met for dep_context=non-requeueable deps ti=<TaskInstance: stock_portfolio_pipeline_datafrogs.save_final_to_postgres manual__2025-12-13T18:44:31.141511+00:00 [queued]>
[2025-12-13T18:48:32.307+0000] {taskinstance.py:2613} INFO - Dependencies all met for dep_context=requeueable deps ti=<TaskInstance: stock_portfolio_pipeline_datafrogs.save_final_to_postgres manual__2025-12-13T18:44:31.141511+00:00 [queued]>
[2025-12-13T18:48:32.308+0000] {taskinstance.py:2866} INFO - Starting attempt 1 of 2
[2025-12-13T18:48:32.314+0000] {taskinstance.py:2889} INFO - Executing <Task(PythonOperator): save_final_to_postgres> on 2025-12-13 18:44:31.141511+00:00
[2025-12-13T18:48:32.322+0000] {warnings.py:112} WARNING - /home/***/.local/lib/python3.12/site-packages/***/task/task_runner/standard_task_runner.py:70: DeprecationWarning: This process (pid=3521) is multi-threaded, use of fork() may lead to deadlocks in the child.
  pid = os.fork()

[2025-12-13T18:48:32.324+0000] {standard_task_runner.py:72} INFO - Started process 3526 to run task
[2025-12-13T18:48:32.324+0000] {standard_task_runner.py:104} INFO - Running: ['***', 'tasks', 'run', 'stock_portfolio_pipeline_datafrogs', 'save_final_to_postgres', 'manual__2025-12-13T18:44:31.141511+00:00', '--job-id', '148', '--raw', '--subdir', 'DAGS_FOLDER/***.py', '--cfg-path', '/tmp/tmpg0wkl0lx']
[2025-12-13T18:48:32.327+0000] {standard_task_runner.py:105} INFO - Job 148: Subtask save_final_to_postgres
[2025-12-13T18:48:32.354+0000] {task_command.py:467} INFO - Running <TaskInstance: stock_portfolio_pipeline_datafrogs.save_final_to_postgres manual__2025-12-13T18:44:31.141511+00:00 [running]> on host 686b42cad89b
[2025-12-13T18:48:32.389+0000] {taskinstance.py:3132} INFO - Exporting env vars: AIRFLOW_CTX_DAG_OWNER='data_engineering_team' AIRFLOW_CTX_DAG_ID='stock_portfolio_pipeline_datafrogs' AIRFLOW_CTX_TASK_ID='save_final_to_postgres' AIRFLOW_CTX_EXECUTION_DATE='2025-12-13T18:44:31.141511+00:00' AIRFLOW_CTX_TRY_NUMBER='1' AIRFLOW_CTX_DAG_RUN_ID='manual__2025-12-13T18:44:31.141511+00:00'
[2025-12-13T18:48:32.390+0000] {taskinstance.py:731} INFO - ::endgroup::
[2025-12-13T18:48:32.459+0000] {logging_mixin.py:190} INFO - Error creating database: could not translate host name "pgdatabase" to address: Name or service not known
[2025-12-13T18:48:32.466+0000] {logging_mixin.py:190} INFO - Error: (psycopg2.OperationalError) could not translate host name "pgdatabase" to address: Name or service not known

(Background on this error at: https://sqlalche.me/e/14/e3q8)
[2025-12-13T18:48:32.466+0000] {python.py:240} INFO - Done. Returned value was: None
[2025-12-13T18:48:32.473+0000] {taskinstance.py:340} INFO - ::group::Post task execution logs
[2025-12-13T18:48:32.473+0000] {taskinstance.py:352} INFO - Marking task as SUCCESS. dag_id=stock_portfolio_pipeline_datafrogs, task_id=save_final_to_postgres, run_id=manual__2025-12-13T18:44:31.141511+00:00, execution_date=20251213T184431, start_date=20251213T184832, end_date=20251213T184832
[2025-12-13T18:48:32.499+0000] {local_task_job_runner.py:266} INFO - Task exited with return code 0
[2025-12-13T18:48:32.512+0000] {taskinstance.py:3895} INFO - 0 downstream tasks scheduled from follow-on schedule check
[2025-12-13T18:48:32.513+0000] {local_task_job_runner.py:245} INFO - ::endgroup::
