[2025-12-14T10:01:36.298+0000] {local_task_job_runner.py:123} INFO - ::group::Pre task execution logs
[2025-12-14T10:01:36.308+0000] {taskinstance.py:2613} INFO - Dependencies all met for dep_context=non-requeueable deps ti=<TaskInstance: stock_portfolio_pipeline_datafrogs.start_visualization_service manual__2025-12-14T10:00:39.251529+00:00 [queued]>
[2025-12-14T10:01:36.312+0000] {taskinstance.py:2613} INFO - Dependencies all met for dep_context=requeueable deps ti=<TaskInstance: stock_portfolio_pipeline_datafrogs.start_visualization_service manual__2025-12-14T10:00:39.251529+00:00 [queued]>
[2025-12-14T10:01:36.312+0000] {taskinstance.py:2866} INFO - Starting attempt 1 of 2
[2025-12-14T10:01:36.318+0000] {taskinstance.py:2889} INFO - Executing <Task(BashOperator): start_visualization_service> on 2025-12-14 10:00:39.251529+00:00
[2025-12-14T10:01:36.328+0000] {warnings.py:112} WARNING - /home/***/.local/lib/python3.12/site-packages/***/task/task_runner/standard_task_runner.py:70: DeprecationWarning: This process (pid=5907) is multi-threaded, use of fork() may lead to deadlocks in the child.
  pid = os.fork()

[2025-12-14T10:01:36.336+0000] {standard_task_runner.py:72} INFO - Started process 5912 to run task
[2025-12-14T10:01:36.334+0000] {standard_task_runner.py:104} INFO - Running: ['***', 'tasks', 'run', 'stock_portfolio_pipeline_datafrogs', 'start_visualization_service', 'manual__2025-12-14T10:00:39.251529+00:00', '--job-id', '137', '--raw', '--subdir', 'DAGS_FOLDER/***.py', '--cfg-path', '/tmp/tmpljkqk6kk']
[2025-12-14T10:01:36.342+0000] {standard_task_runner.py:105} INFO - Job 137: Subtask start_visualization_service
[2025-12-14T10:01:36.380+0000] {task_command.py:467} INFO - Running <TaskInstance: stock_portfolio_pipeline_datafrogs.start_visualization_service manual__2025-12-14T10:00:39.251529+00:00 [running]> on host 179bab7085b3
[2025-12-14T10:01:36.441+0000] {taskinstance.py:3132} INFO - Exporting env vars: AIRFLOW_CTX_DAG_OWNER='data_engineering_team' AIRFLOW_CTX_DAG_ID='stock_portfolio_pipeline_datafrogs' AIRFLOW_CTX_TASK_ID='start_visualization_service' AIRFLOW_CTX_EXECUTION_DATE='2025-12-14T10:00:39.251529+00:00' AIRFLOW_CTX_TRY_NUMBER='1' AIRFLOW_CTX_DAG_RUN_ID='manual__2025-12-14T10:00:39.251529+00:00'
[2025-12-14T10:01:36.442+0000] {taskinstance.py:731} INFO - ::endgroup::
[2025-12-14T10:01:36.464+0000] {subprocess.py:78} INFO - Tmp dir root location: /tmp
[2025-12-14T10:01:36.465+0000] {subprocess.py:88} INFO - Running command: ['/usr/bin/bash', '-c', 'streamlit run /opt/***/scripts/dashboard.py --server.port 8501 --server.address 0.0.0.0']
[2025-12-14T10:01:36.479+0000] {subprocess.py:99} INFO - Output:
[2025-12-14T10:01:37.425+0000] {subprocess.py:106} INFO - 
[2025-12-14T10:01:37.427+0000] {subprocess.py:106} INFO - Collecting usage statistics. To deactivate, set browser.gatherUsageStats to false.
[2025-12-14T10:01:37.427+0000] {subprocess.py:106} INFO - 
[2025-12-14T10:01:37.962+0000] {subprocess.py:106} INFO - 
[2025-12-14T10:01:37.962+0000] {subprocess.py:106} INFO -   You can now view your Streamlit app in your browser.
[2025-12-14T10:01:37.963+0000] {subprocess.py:106} INFO - 
[2025-12-14T10:01:37.963+0000] {subprocess.py:106} INFO -   URL: http://0.0.0.0:8501
[2025-12-14T10:01:37.963+0000] {subprocess.py:106} INFO - 
[2025-12-14T10:04:35.674+0000] {job.py:229} INFO - Heartbeat recovered after 16.43 seconds
[2025-12-14T10:04:39.359+0000] {subprocess.py:106} INFO - 2025-12-14 10:04:39.358 Please replace `use_container_width` with `width`.
[2025-12-14T10:04:39.399+0000] {subprocess.py:106} INFO - 
[2025-12-14T10:04:39.405+0000] {subprocess.py:106} INFO - `use_container_width` will be removed after 2025-12-31.
[2025-12-14T10:04:39.407+0000] {subprocess.py:106} INFO - 
[2025-12-14T10:04:39.408+0000] {subprocess.py:106} INFO - For `use_container_width=True`, use `width='stretch'`. For `use_container_width=False`, use `width='content'`.
[2025-12-14T10:04:39.596+0000] {subprocess.py:106} INFO - 2025-12-14 10:04:39.595 Please replace `use_container_width` with `width`.
[2025-12-14T10:04:39.597+0000] {subprocess.py:106} INFO - 
[2025-12-14T10:04:39.598+0000] {subprocess.py:106} INFO - `use_container_width` will be removed after 2025-12-31.
[2025-12-14T10:04:39.599+0000] {subprocess.py:106} INFO - 
[2025-12-14T10:04:39.599+0000] {subprocess.py:106} INFO - For `use_container_width=True`, use `width='stretch'`. For `use_container_width=False`, use `width='content'`.
[2025-12-14T10:04:39.671+0000] {subprocess.py:106} INFO - 2025-12-14 10:04:39.670 Please replace `use_container_width` with `width`.
[2025-12-14T10:04:39.672+0000] {subprocess.py:106} INFO - 
[2025-12-14T10:04:39.673+0000] {subprocess.py:106} INFO - `use_container_width` will be removed after 2025-12-31.
[2025-12-14T10:04:39.674+0000] {subprocess.py:106} INFO - 
[2025-12-14T10:04:39.674+0000] {subprocess.py:106} INFO - For `use_container_width=True`, use `width='stretch'`. For `use_container_width=False`, use `width='content'`.
[2025-12-14T10:04:39.734+0000] {subprocess.py:106} INFO - 2025-12-14 10:04:39.730 Please replace `use_container_width` with `width`.
[2025-12-14T10:04:39.738+0000] {subprocess.py:106} INFO - 
[2025-12-14T10:04:39.744+0000] {subprocess.py:106} INFO - `use_container_width` will be removed after 2025-12-31.
[2025-12-14T10:04:39.745+0000] {subprocess.py:106} INFO - 
[2025-12-14T10:04:39.747+0000] {subprocess.py:106} INFO - For `use_container_width=True`, use `width='stretch'`. For `use_container_width=False`, use `width='content'`.
[2025-12-14T10:04:39.763+0000] {subprocess.py:106} INFO - 2025-12-14 10:04:39.763 Please replace `use_container_width` with `width`.
[2025-12-14T10:04:39.763+0000] {subprocess.py:106} INFO - 
[2025-12-14T10:04:39.764+0000] {subprocess.py:106} INFO - `use_container_width` will be removed after 2025-12-31.
[2025-12-14T10:04:39.764+0000] {subprocess.py:106} INFO - 
[2025-12-14T10:04:39.764+0000] {subprocess.py:106} INFO - For `use_container_width=True`, use `width='stretch'`. For `use_container_width=False`, use `width='content'`.
[2025-12-14T10:05:11.285+0000] {subprocess.py:106} INFO - 2025-12-14 10:05:11.282 Please replace `use_container_width` with `width`.
[2025-12-14T10:05:11.299+0000] {subprocess.py:106} INFO - 
[2025-12-14T10:05:11.300+0000] {subprocess.py:106} INFO - `use_container_width` will be removed after 2025-12-31.
[2025-12-14T10:05:11.300+0000] {subprocess.py:106} INFO - 
[2025-12-14T10:05:11.306+0000] {subprocess.py:106} INFO - For `use_container_width=True`, use `width='stretch'`. For `use_container_width=False`, use `width='content'`.
[2025-12-14T10:05:11.398+0000] {subprocess.py:106} INFO - 2025-12-14 10:05:11.397 Please replace `use_container_width` with `width`.
[2025-12-14T10:05:11.399+0000] {subprocess.py:106} INFO - 
[2025-12-14T10:05:11.400+0000] {subprocess.py:106} INFO - `use_container_width` will be removed after 2025-12-31.
[2025-12-14T10:05:11.401+0000] {subprocess.py:106} INFO - 
[2025-12-14T10:05:11.403+0000] {subprocess.py:106} INFO - For `use_container_width=True`, use `width='stretch'`. For `use_container_width=False`, use `width='content'`.
[2025-12-14T10:05:11.460+0000] {subprocess.py:106} INFO - 2025-12-14 10:05:11.459 Please replace `use_container_width` with `width`.
[2025-12-14T10:05:11.464+0000] {subprocess.py:106} INFO - 
[2025-12-14T10:05:11.466+0000] {subprocess.py:106} INFO - `use_container_width` will be removed after 2025-12-31.
[2025-12-14T10:05:11.468+0000] {subprocess.py:106} INFO - 
[2025-12-14T10:05:11.469+0000] {subprocess.py:106} INFO - For `use_container_width=True`, use `width='stretch'`. For `use_container_width=False`, use `width='content'`.
[2025-12-14T10:05:11.500+0000] {subprocess.py:106} INFO - 2025-12-14 10:05:11.499 Please replace `use_container_width` with `width`.
[2025-12-14T10:05:11.501+0000] {subprocess.py:106} INFO - 
[2025-12-14T10:05:11.502+0000] {subprocess.py:106} INFO - `use_container_width` will be removed after 2025-12-31.
[2025-12-14T10:05:11.503+0000] {subprocess.py:106} INFO - 
[2025-12-14T10:05:11.503+0000] {subprocess.py:106} INFO - For `use_container_width=True`, use `width='stretch'`. For `use_container_width=False`, use `width='content'`.
[2025-12-14T10:05:11.540+0000] {subprocess.py:106} INFO - 2025-12-14 10:05:11.539 Please replace `use_container_width` with `width`.
[2025-12-14T10:05:11.542+0000] {subprocess.py:106} INFO - 
[2025-12-14T10:05:11.543+0000] {subprocess.py:106} INFO - `use_container_width` will be removed after 2025-12-31.
[2025-12-14T10:05:11.543+0000] {subprocess.py:106} INFO - 
[2025-12-14T10:05:11.544+0000] {subprocess.py:106} INFO - For `use_container_width=True`, use `width='stretch'`. For `use_container_width=False`, use `width='content'`.
[2025-12-14T10:05:52.547+0000] {job.py:239} ERROR - Job heartbeat failed with error
Traceback (most recent call last):
  File "/home/airflow/.local/lib/python3.12/site-packages/sqlalchemy/engine/base.py", line 3371, in _wrap_pool_connect
    return fn()
           ^^^^
  File "/home/airflow/.local/lib/python3.12/site-packages/sqlalchemy/pool/base.py", line 327, in connect
    return _ConnectionFairy._checkout(self)
           ^^^^^^^^^^^^^^^^^^^^^^^^^^^^^^^^
  File "/home/airflow/.local/lib/python3.12/site-packages/sqlalchemy/pool/base.py", line 894, in _checkout
    fairy = _ConnectionRecord.checkout(pool)
            ^^^^^^^^^^^^^^^^^^^^^^^^^^^^^^^^
  File "/home/airflow/.local/lib/python3.12/site-packages/sqlalchemy/pool/base.py", line 493, in checkout
    rec = pool._do_get()
          ^^^^^^^^^^^^^^
  File "/home/airflow/.local/lib/python3.12/site-packages/sqlalchemy/pool/impl.py", line 256, in _do_get
    return self._create_connection()
           ^^^^^^^^^^^^^^^^^^^^^^^^^
  File "/home/airflow/.local/lib/python3.12/site-packages/sqlalchemy/pool/base.py", line 273, in _create_connection
    return _ConnectionRecord(self)
           ^^^^^^^^^^^^^^^^^^^^^^^
  File "/home/airflow/.local/lib/python3.12/site-packages/sqlalchemy/pool/base.py", line 388, in __init__
    self.__connect()
  File "/home/airflow/.local/lib/python3.12/site-packages/sqlalchemy/pool/base.py", line 690, in __connect
    with util.safe_reraise():
         ^^^^^^^^^^^^^^^^^^^
  File "/home/airflow/.local/lib/python3.12/site-packages/sqlalchemy/util/langhelpers.py", line 70, in __exit__
    compat.raise_(
  File "/home/airflow/.local/lib/python3.12/site-packages/sqlalchemy/util/compat.py", line 211, in raise_
    raise exception
  File "/home/airflow/.local/lib/python3.12/site-packages/sqlalchemy/pool/base.py", line 686, in __connect
    self.dbapi_connection = connection = pool._invoke_creator(self)
                                         ^^^^^^^^^^^^^^^^^^^^^^^^^^
  File "/home/airflow/.local/lib/python3.12/site-packages/sqlalchemy/engine/create.py", line 574, in connect
    return dialect.connect(*cargs, **cparams)
           ^^^^^^^^^^^^^^^^^^^^^^^^^^^^^^^^^^
  File "/home/airflow/.local/lib/python3.12/site-packages/sqlalchemy/engine/default.py", line 598, in connect
    return self.dbapi.connect(*cargs, **cparams)
           ^^^^^^^^^^^^^^^^^^^^^^^^^^^^^^^^^^^^^
  File "/home/airflow/.local/lib/python3.12/site-packages/psycopg2/__init__.py", line 122, in connect
    conn = _connect(dsn, connection_factory=connection_factory, **kwasync)
           ^^^^^^^^^^^^^^^^^^^^^^^^^^^^^^^^^^^^^^^^^^^^^^^^^^^^^^^^^^^^^^^
psycopg2.OperationalError: could not translate host name "postgres" to address: Temporary failure in name resolution


The above exception was the direct cause of the following exception:

Traceback (most recent call last):
  File "/home/airflow/.local/lib/python3.12/site-packages/airflow/jobs/job.py", line 207, in heartbeat
    self._merge_from(Job._fetch_from_db(self, session))
                     ^^^^^^^^^^^^^^^^^^^^^^^^^^^^^^^^^
  File "/home/airflow/.local/lib/python3.12/site-packages/airflow/api_internal/internal_api_call.py", line 166, in wrapper
    return func(*args, **kwargs)
           ^^^^^^^^^^^^^^^^^^^^^
  File "/home/airflow/.local/lib/python3.12/site-packages/airflow/utils/session.py", line 94, in wrapper
    return func(*args, **kwargs)
           ^^^^^^^^^^^^^^^^^^^^^
  File "/home/airflow/.local/lib/python3.12/site-packages/airflow/utils/retries.py", line 93, in wrapped_function
    for attempt in run_with_db_retries(max_retries=retries, logger=logger, **retry_kwargs):
                   ^^^^^^^^^^^^^^^^^^^^^^^^^^^^^^^^^^^^^^^^^^^^^^^^^^^^^^^^^^^^^^^^^^^^^^^
  File "/home/airflow/.local/lib/python3.12/site-packages/tenacity/__init__.py", line 443, in __iter__
    do = self.iter(retry_state=retry_state)
         ^^^^^^^^^^^^^^^^^^^^^^^^^^^^^^^^^^
  File "/home/airflow/.local/lib/python3.12/site-packages/tenacity/__init__.py", line 376, in iter
    result = action(retry_state)
             ^^^^^^^^^^^^^^^^^^^
  File "/home/airflow/.local/lib/python3.12/site-packages/tenacity/__init__.py", line 418, in exc_check
    raise retry_exc.reraise()
          ^^^^^^^^^^^^^^^^^^^
  File "/home/airflow/.local/lib/python3.12/site-packages/tenacity/__init__.py", line 185, in reraise
    raise self.last_attempt.result()
          ^^^^^^^^^^^^^^^^^^^^^^^^^^
  File "/usr/local/lib/python3.12/concurrent/futures/_base.py", line 449, in result
    return self.__get_result()
           ^^^^^^^^^^^^^^^^^^^
  File "/usr/local/lib/python3.12/concurrent/futures/_base.py", line 401, in __get_result
    raise self._exception
  File "/home/airflow/.local/lib/python3.12/site-packages/airflow/utils/retries.py", line 102, in wrapped_function
    return func(*args, **kwargs)
           ^^^^^^^^^^^^^^^^^^^^^
  File "/home/airflow/.local/lib/python3.12/site-packages/airflow/jobs/job.py", line 335, in _fetch_from_db
    session.merge(job)
  File "/home/airflow/.local/lib/python3.12/site-packages/sqlalchemy/orm/session.py", line 3056, in merge
    return self._merge(
           ^^^^^^^^^^^^
  File "/home/airflow/.local/lib/python3.12/site-packages/sqlalchemy/orm/session.py", line 3136, in _merge
    merged = self.get(
             ^^^^^^^^^
  File "/home/airflow/.local/lib/python3.12/site-packages/sqlalchemy/orm/session.py", line 2853, in get
    return self._get_impl(
           ^^^^^^^^^^^^^^^
  File "/home/airflow/.local/lib/python3.12/site-packages/sqlalchemy/orm/session.py", line 2975, in _get_impl
    return db_load_fn(
           ^^^^^^^^^^^
  File "/home/airflow/.local/lib/python3.12/site-packages/sqlalchemy/orm/loading.py", line 530, in load_on_pk_identity
    session.execute(
  File "/home/airflow/.local/lib/python3.12/site-packages/sqlalchemy/orm/session.py", line 1716, in execute
    conn = self._connection_for_bind(bind)
           ^^^^^^^^^^^^^^^^^^^^^^^^^^^^^^^
  File "/home/airflow/.local/lib/python3.12/site-packages/sqlalchemy/orm/session.py", line 1555, in _connection_for_bind
    return self._transaction._connection_for_bind(
           ^^^^^^^^^^^^^^^^^^^^^^^^^^^^^^^^^^^^^^^
  File "/home/airflow/.local/lib/python3.12/site-packages/sqlalchemy/orm/session.py", line 750, in _connection_for_bind
    conn = bind.connect()
           ^^^^^^^^^^^^^^
  File "/home/airflow/.local/lib/python3.12/site-packages/sqlalchemy/future/engine.py", line 412, in connect
    return super(Engine, self).connect()
           ^^^^^^^^^^^^^^^^^^^^^^^^^^^^^
  File "/home/airflow/.local/lib/python3.12/site-packages/sqlalchemy/engine/base.py", line 3325, in connect
    return self._connection_cls(self, close_with_result=close_with_result)
           ^^^^^^^^^^^^^^^^^^^^^^^^^^^^^^^^^^^^^^^^^^^^^^^^^^^^^^^^^^^^^^^
  File "/home/airflow/.local/lib/python3.12/site-packages/sqlalchemy/engine/base.py", line 96, in __init__
    else engine.raw_connection()
         ^^^^^^^^^^^^^^^^^^^^^^^
  File "/home/airflow/.local/lib/python3.12/site-packages/sqlalchemy/engine/base.py", line 3404, in raw_connection
    return self._wrap_pool_connect(self.pool.connect, _connection)
           ^^^^^^^^^^^^^^^^^^^^^^^^^^^^^^^^^^^^^^^^^^^^^^^^^^^^^^^
  File "/home/airflow/.local/lib/python3.12/site-packages/sqlalchemy/engine/base.py", line 3374, in _wrap_pool_connect
    Connection._handle_dbapi_exception_noconnection(
  File "/home/airflow/.local/lib/python3.12/site-packages/sqlalchemy/engine/base.py", line 2208, in _handle_dbapi_exception_noconnection
    util.raise_(
  File "/home/airflow/.local/lib/python3.12/site-packages/sqlalchemy/util/compat.py", line 211, in raise_
    raise exception
  File "/home/airflow/.local/lib/python3.12/site-packages/sqlalchemy/engine/base.py", line 3371, in _wrap_pool_connect
    return fn()
           ^^^^
  File "/home/airflow/.local/lib/python3.12/site-packages/sqlalchemy/pool/base.py", line 327, in connect
    return _ConnectionFairy._checkout(self)
           ^^^^^^^^^^^^^^^^^^^^^^^^^^^^^^^^
  File "/home/airflow/.local/lib/python3.12/site-packages/sqlalchemy/pool/base.py", line 894, in _checkout
    fairy = _ConnectionRecord.checkout(pool)
            ^^^^^^^^^^^^^^^^^^^^^^^^^^^^^^^^
  File "/home/airflow/.local/lib/python3.12/site-packages/sqlalchemy/pool/base.py", line 493, in checkout
    rec = pool._do_get()
          ^^^^^^^^^^^^^^
  File "/home/airflow/.local/lib/python3.12/site-packages/sqlalchemy/pool/impl.py", line 256, in _do_get
    return self._create_connection()
           ^^^^^^^^^^^^^^^^^^^^^^^^^
  File "/home/airflow/.local/lib/python3.12/site-packages/sqlalchemy/pool/base.py", line 273, in _create_connection
    return _ConnectionRecord(self)
           ^^^^^^^^^^^^^^^^^^^^^^^
  File "/home/airflow/.local/lib/python3.12/site-packages/sqlalchemy/pool/base.py", line 388, in __init__
    self.__connect()
  File "/home/airflow/.local/lib/python3.12/site-packages/sqlalchemy/pool/base.py", line 690, in __connect
    with util.safe_reraise():
         ^^^^^^^^^^^^^^^^^^^
  File "/home/airflow/.local/lib/python3.12/site-packages/sqlalchemy/util/langhelpers.py", line 70, in __exit__
    compat.raise_(
  File "/home/airflow/.local/lib/python3.12/site-packages/sqlalchemy/util/compat.py", line 211, in raise_
    raise exception
  File "/home/airflow/.local/lib/python3.12/site-packages/sqlalchemy/pool/base.py", line 686, in __connect
    self.dbapi_connection = connection = pool._invoke_creator(self)
                                         ^^^^^^^^^^^^^^^^^^^^^^^^^^
  File "/home/airflow/.local/lib/python3.12/site-packages/sqlalchemy/engine/create.py", line 574, in connect
    return dialect.connect(*cargs, **cparams)
           ^^^^^^^^^^^^^^^^^^^^^^^^^^^^^^^^^^
  File "/home/airflow/.local/lib/python3.12/site-packages/sqlalchemy/engine/default.py", line 598, in connect
    return self.dbapi.connect(*cargs, **cparams)
           ^^^^^^^^^^^^^^^^^^^^^^^^^^^^^^^^^^^^^
  File "/home/airflow/.local/lib/python3.12/site-packages/psycopg2/__init__.py", line 122, in connect
    conn = _connect(dsn, connection_factory=connection_factory, **kwasync)
           ^^^^^^^^^^^^^^^^^^^^^^^^^^^^^^^^^^^^^^^^^^^^^^^^^^^^^^^^^^^^^^^
sqlalchemy.exc.OperationalError: (psycopg2.OperationalError) could not translate host name "postgres" to address: Temporary failure in name resolution

(Background on this error at: https://sqlalche.me/e/14/e3q8)
[2025-12-14T10:05:58.513+0000] {job.py:254} ERROR - Job heartbeat failed with error. Scheduler is in unhealthy state
[2025-12-14T10:06:02.266+0000] {subprocess.py:106} INFO - 2025-12-14 10:06:02.255 Please replace `use_container_width` with `width`.
[2025-12-14T10:06:02.273+0000] {subprocess.py:106} INFO - 
[2025-12-14T10:06:02.278+0000] {subprocess.py:106} INFO - `use_container_width` will be removed after 2025-12-31.
[2025-12-14T10:06:02.281+0000] {subprocess.py:106} INFO - 
[2025-12-14T10:06:02.283+0000] {subprocess.py:106} INFO - For `use_container_width=True`, use `width='stretch'`. For `use_container_width=False`, use `width='content'`.
[2025-12-14T10:06:02.324+0000] {subprocess.py:106} INFO - 2025-12-14 10:06:02.323 Please replace `use_container_width` with `width`.
[2025-12-14T10:06:02.333+0000] {subprocess.py:106} INFO - 
[2025-12-14T10:06:02.337+0000] {subprocess.py:106} INFO - `use_container_width` will be removed after 2025-12-31.
[2025-12-14T10:06:02.344+0000] {subprocess.py:106} INFO - 
[2025-12-14T10:06:02.344+0000] {subprocess.py:106} INFO - For `use_container_width=True`, use `width='stretch'`. For `use_container_width=False`, use `width='content'`.
[2025-12-14T10:06:02.375+0000] {subprocess.py:106} INFO - 2025-12-14 10:06:02.374 Please replace `use_container_width` with `width`.
[2025-12-14T10:06:02.396+0000] {subprocess.py:106} INFO - 
[2025-12-14T10:06:02.415+0000] {subprocess.py:106} INFO - `use_container_width` will be removed after 2025-12-31.
[2025-12-14T10:06:02.419+0000] {subprocess.py:106} INFO - 
[2025-12-14T10:06:02.423+0000] {subprocess.py:106} INFO - For `use_container_width=True`, use `width='stretch'`. For `use_container_width=False`, use `width='content'`.
[2025-12-14T10:06:02.488+0000] {subprocess.py:106} INFO - 2025-12-14 10:06:02.480 Please replace `use_container_width` with `width`.
[2025-12-14T10:06:02.490+0000] {subprocess.py:106} INFO - 
[2025-12-14T10:06:02.495+0000] {subprocess.py:106} INFO - `use_container_width` will be removed after 2025-12-31.
[2025-12-14T10:06:02.498+0000] {subprocess.py:106} INFO - 
[2025-12-14T10:06:02.498+0000] {subprocess.py:106} INFO - For `use_container_width=True`, use `width='stretch'`. For `use_container_width=False`, use `width='content'`.
[2025-12-14T10:06:02.515+0000] {subprocess.py:106} INFO - 2025-12-14 10:06:02.515 Please replace `use_container_width` with `width`.
[2025-12-14T10:06:02.516+0000] {subprocess.py:106} INFO - 
[2025-12-14T10:06:02.517+0000] {subprocess.py:106} INFO - `use_container_width` will be removed after 2025-12-31.
[2025-12-14T10:06:02.519+0000] {subprocess.py:106} INFO - 
[2025-12-14T10:06:02.520+0000] {subprocess.py:106} INFO - For `use_container_width=True`, use `width='stretch'`. For `use_container_width=False`, use `width='content'`.
[2025-12-14T10:06:06.514+0000] {job.py:229} INFO - Heartbeat recovered after 56.10 seconds
[2025-12-14T10:06:32.995+0000] {subprocess.py:106} INFO - 2025-12-14 10:06:32.993 Please replace `use_container_width` with `width`.
[2025-12-14T10:06:32.998+0000] {subprocess.py:106} INFO - 
[2025-12-14T10:06:32.999+0000] {subprocess.py:106} INFO - `use_container_width` will be removed after 2025-12-31.
[2025-12-14T10:06:32.999+0000] {subprocess.py:106} INFO - 
[2025-12-14T10:06:33.000+0000] {subprocess.py:106} INFO - For `use_container_width=True`, use `width='stretch'`. For `use_container_width=False`, use `width='content'`.
[2025-12-14T10:06:33.016+0000] {subprocess.py:106} INFO - 2025-12-14 10:06:33.016 Please replace `use_container_width` with `width`.
[2025-12-14T10:06:33.016+0000] {subprocess.py:106} INFO - 
[2025-12-14T10:06:33.017+0000] {subprocess.py:106} INFO - `use_container_width` will be removed after 2025-12-31.
[2025-12-14T10:06:33.017+0000] {subprocess.py:106} INFO - 
[2025-12-14T10:06:33.017+0000] {subprocess.py:106} INFO - For `use_container_width=True`, use `width='stretch'`. For `use_container_width=False`, use `width='content'`.
[2025-12-14T10:06:33.033+0000] {subprocess.py:106} INFO - 2025-12-14 10:06:33.033 Please replace `use_container_width` with `width`.
[2025-12-14T10:06:33.034+0000] {subprocess.py:106} INFO - 
[2025-12-14T10:06:33.034+0000] {subprocess.py:106} INFO - `use_container_width` will be removed after 2025-12-31.
[2025-12-14T10:06:33.035+0000] {subprocess.py:106} INFO - 
[2025-12-14T10:06:33.035+0000] {subprocess.py:106} INFO - For `use_container_width=True`, use `width='stretch'`. For `use_container_width=False`, use `width='content'`.
[2025-12-14T10:06:33.049+0000] {subprocess.py:106} INFO - 2025-12-14 10:06:33.049 Please replace `use_container_width` with `width`.
[2025-12-14T10:06:33.049+0000] {subprocess.py:106} INFO - 
[2025-12-14T10:06:33.050+0000] {subprocess.py:106} INFO - `use_container_width` will be removed after 2025-12-31.
[2025-12-14T10:06:33.050+0000] {subprocess.py:106} INFO - 
[2025-12-14T10:06:33.051+0000] {subprocess.py:106} INFO - For `use_container_width=True`, use `width='stretch'`. For `use_container_width=False`, use `width='content'`.
[2025-12-14T10:07:03.313+0000] {subprocess.py:106} INFO - 2025-12-14 10:07:03.312 Please replace `use_container_width` with `width`.
[2025-12-14T10:07:03.316+0000] {subprocess.py:106} INFO - 
[2025-12-14T10:07:03.317+0000] {subprocess.py:106} INFO - `use_container_width` will be removed after 2025-12-31.
[2025-12-14T10:07:03.317+0000] {subprocess.py:106} INFO - 
[2025-12-14T10:07:03.317+0000] {subprocess.py:106} INFO - For `use_container_width=True`, use `width='stretch'`. For `use_container_width=False`, use `width='content'`.
[2025-12-14T10:07:03.327+0000] {subprocess.py:106} INFO - 2025-12-14 10:07:03.327 Please replace `use_container_width` with `width`.
[2025-12-14T10:07:03.327+0000] {subprocess.py:106} INFO - 
[2025-12-14T10:07:03.327+0000] {subprocess.py:106} INFO - `use_container_width` will be removed after 2025-12-31.
[2025-12-14T10:07:03.328+0000] {subprocess.py:106} INFO - 
[2025-12-14T10:07:03.328+0000] {subprocess.py:106} INFO - For `use_container_width=True`, use `width='stretch'`. For `use_container_width=False`, use `width='content'`.
[2025-12-14T10:07:03.337+0000] {subprocess.py:106} INFO - 2025-12-14 10:07:03.337 Please replace `use_container_width` with `width`.
[2025-12-14T10:07:03.338+0000] {subprocess.py:106} INFO - 
[2025-12-14T10:07:03.338+0000] {subprocess.py:106} INFO - `use_container_width` will be removed after 2025-12-31.
[2025-12-14T10:07:03.339+0000] {subprocess.py:106} INFO - 
[2025-12-14T10:07:03.339+0000] {subprocess.py:106} INFO - For `use_container_width=True`, use `width='stretch'`. For `use_container_width=False`, use `width='content'`.
[2025-12-14T10:07:03.348+0000] {subprocess.py:106} INFO - 2025-12-14 10:07:03.348 Please replace `use_container_width` with `width`.
[2025-12-14T10:07:03.348+0000] {subprocess.py:106} INFO - 
[2025-12-14T10:07:03.349+0000] {subprocess.py:106} INFO - `use_container_width` will be removed after 2025-12-31.
[2025-12-14T10:07:03.349+0000] {subprocess.py:106} INFO - 
[2025-12-14T10:07:03.349+0000] {subprocess.py:106} INFO - For `use_container_width=True`, use `width='stretch'`. For `use_container_width=False`, use `width='content'`.
[2025-12-14T10:07:33.621+0000] {subprocess.py:106} INFO - 2025-12-14 10:07:33.620 Please replace `use_container_width` with `width`.
[2025-12-14T10:07:33.624+0000] {subprocess.py:106} INFO - 
[2025-12-14T10:07:33.625+0000] {subprocess.py:106} INFO - `use_container_width` will be removed after 2025-12-31.
[2025-12-14T10:07:33.625+0000] {subprocess.py:106} INFO - 
[2025-12-14T10:07:33.625+0000] {subprocess.py:106} INFO - For `use_container_width=True`, use `width='stretch'`. For `use_container_width=False`, use `width='content'`.
[2025-12-14T10:07:33.634+0000] {subprocess.py:106} INFO - 2025-12-14 10:07:33.634 Please replace `use_container_width` with `width`.
[2025-12-14T10:07:33.634+0000] {subprocess.py:106} INFO - 
[2025-12-14T10:07:33.635+0000] {subprocess.py:106} INFO - `use_container_width` will be removed after 2025-12-31.
[2025-12-14T10:07:33.635+0000] {subprocess.py:106} INFO - 
[2025-12-14T10:07:33.635+0000] {subprocess.py:106} INFO - For `use_container_width=True`, use `width='stretch'`. For `use_container_width=False`, use `width='content'`.
[2025-12-14T10:07:33.650+0000] {subprocess.py:106} INFO - 2025-12-14 10:07:33.650 Please replace `use_container_width` with `width`.
[2025-12-14T10:07:33.652+0000] {subprocess.py:106} INFO - 
[2025-12-14T10:07:33.652+0000] {subprocess.py:106} INFO - `use_container_width` will be removed after 2025-12-31.
[2025-12-14T10:07:33.653+0000] {subprocess.py:106} INFO - 
[2025-12-14T10:07:33.653+0000] {subprocess.py:106} INFO - For `use_container_width=True`, use `width='stretch'`. For `use_container_width=False`, use `width='content'`.
[2025-12-14T10:07:33.665+0000] {subprocess.py:106} INFO - 2025-12-14 10:07:33.665 Please replace `use_container_width` with `width`.
[2025-12-14T10:07:33.665+0000] {subprocess.py:106} INFO - 
[2025-12-14T10:07:33.666+0000] {subprocess.py:106} INFO - `use_container_width` will be removed after 2025-12-31.
[2025-12-14T10:07:33.666+0000] {subprocess.py:106} INFO - 
[2025-12-14T10:07:33.667+0000] {subprocess.py:106} INFO - For `use_container_width=True`, use `width='stretch'`. For `use_container_width=False`, use `width='content'`.
[2025-12-14T10:08:03.955+0000] {subprocess.py:106} INFO - 2025-12-14 10:08:03.953 Please replace `use_container_width` with `width`.
[2025-12-14T10:08:03.959+0000] {subprocess.py:106} INFO - 
[2025-12-14T10:08:03.960+0000] {subprocess.py:106} INFO - `use_container_width` will be removed after 2025-12-31.
[2025-12-14T10:08:03.960+0000] {subprocess.py:106} INFO - 
[2025-12-14T10:08:03.961+0000] {subprocess.py:106} INFO - For `use_container_width=True`, use `width='stretch'`. For `use_container_width=False`, use `width='content'`.
[2025-12-14T10:08:03.967+0000] {subprocess.py:106} INFO - 2025-12-14 10:08:03.966 Please replace `use_container_width` with `width`.
[2025-12-14T10:08:03.967+0000] {subprocess.py:106} INFO - 
[2025-12-14T10:08:03.967+0000] {subprocess.py:106} INFO - `use_container_width` will be removed after 2025-12-31.
[2025-12-14T10:08:03.968+0000] {subprocess.py:106} INFO - 
[2025-12-14T10:08:03.968+0000] {subprocess.py:106} INFO - For `use_container_width=True`, use `width='stretch'`. For `use_container_width=False`, use `width='content'`.
[2025-12-14T10:08:03.977+0000] {subprocess.py:106} INFO - 2025-12-14 10:08:03.977 Please replace `use_container_width` with `width`.
[2025-12-14T10:08:03.978+0000] {subprocess.py:106} INFO - 
[2025-12-14T10:08:03.978+0000] {subprocess.py:106} INFO - `use_container_width` will be removed after 2025-12-31.
[2025-12-14T10:08:03.978+0000] {subprocess.py:106} INFO - 
[2025-12-14T10:08:03.979+0000] {subprocess.py:106} INFO - For `use_container_width=True`, use `width='stretch'`. For `use_container_width=False`, use `width='content'`.
[2025-12-14T10:08:03.986+0000] {subprocess.py:106} INFO - 2025-12-14 10:08:03.986 Please replace `use_container_width` with `width`.
[2025-12-14T10:08:03.987+0000] {subprocess.py:106} INFO - 
[2025-12-14T10:08:03.987+0000] {subprocess.py:106} INFO - `use_container_width` will be removed after 2025-12-31.
[2025-12-14T10:08:03.987+0000] {subprocess.py:106} INFO - 
[2025-12-14T10:08:03.988+0000] {subprocess.py:106} INFO - For `use_container_width=True`, use `width='stretch'`. For `use_container_width=False`, use `width='content'`.
[2025-12-14T10:08:34.202+0000] {subprocess.py:106} INFO - 2025-12-14 10:08:34.201 Please replace `use_container_width` with `width`.
[2025-12-14T10:08:34.205+0000] {subprocess.py:106} INFO - 
[2025-12-14T10:08:34.206+0000] {subprocess.py:106} INFO - `use_container_width` will be removed after 2025-12-31.
[2025-12-14T10:08:34.206+0000] {subprocess.py:106} INFO - 
[2025-12-14T10:08:34.206+0000] {subprocess.py:106} INFO - For `use_container_width=True`, use `width='stretch'`. For `use_container_width=False`, use `width='content'`.
[2025-12-14T10:08:34.213+0000] {subprocess.py:106} INFO - 2025-12-14 10:08:34.212 Please replace `use_container_width` with `width`.
[2025-12-14T10:08:34.213+0000] {subprocess.py:106} INFO - 
[2025-12-14T10:08:34.213+0000] {subprocess.py:106} INFO - `use_container_width` will be removed after 2025-12-31.
[2025-12-14T10:08:34.214+0000] {subprocess.py:106} INFO - 
[2025-12-14T10:08:34.214+0000] {subprocess.py:106} INFO - For `use_container_width=True`, use `width='stretch'`. For `use_container_width=False`, use `width='content'`.
[2025-12-14T10:08:34.223+0000] {subprocess.py:106} INFO - 2025-12-14 10:08:34.223 Please replace `use_container_width` with `width`.
[2025-12-14T10:08:34.224+0000] {subprocess.py:106} INFO - 
[2025-12-14T10:08:34.224+0000] {subprocess.py:106} INFO - `use_container_width` will be removed after 2025-12-31.
[2025-12-14T10:08:34.224+0000] {subprocess.py:106} INFO - 
[2025-12-14T10:08:34.225+0000] {subprocess.py:106} INFO - For `use_container_width=True`, use `width='stretch'`. For `use_container_width=False`, use `width='content'`.
[2025-12-14T10:08:34.236+0000] {subprocess.py:106} INFO - 2025-12-14 10:08:34.236 Please replace `use_container_width` with `width`.
[2025-12-14T10:08:34.237+0000] {subprocess.py:106} INFO - 
[2025-12-14T10:08:34.237+0000] {subprocess.py:106} INFO - `use_container_width` will be removed after 2025-12-31.
[2025-12-14T10:08:34.237+0000] {subprocess.py:106} INFO - 
[2025-12-14T10:08:34.237+0000] {subprocess.py:106} INFO - For `use_container_width=True`, use `width='stretch'`. For `use_container_width=False`, use `width='content'`.
[2025-12-14T10:09:04.474+0000] {subprocess.py:106} INFO - 2025-12-14 10:09:04.473 Please replace `use_container_width` with `width`.
[2025-12-14T10:09:04.478+0000] {subprocess.py:106} INFO - 
[2025-12-14T10:09:04.479+0000] {subprocess.py:106} INFO - `use_container_width` will be removed after 2025-12-31.
[2025-12-14T10:09:04.479+0000] {subprocess.py:106} INFO - 
[2025-12-14T10:09:04.480+0000] {subprocess.py:106} INFO - For `use_container_width=True`, use `width='stretch'`. For `use_container_width=False`, use `width='content'`.
[2025-12-14T10:09:04.486+0000] {subprocess.py:106} INFO - 2025-12-14 10:09:04.486 Please replace `use_container_width` with `width`.
[2025-12-14T10:09:04.486+0000] {subprocess.py:106} INFO - 
[2025-12-14T10:09:04.486+0000] {subprocess.py:106} INFO - `use_container_width` will be removed after 2025-12-31.
[2025-12-14T10:09:04.486+0000] {subprocess.py:106} INFO - 
[2025-12-14T10:09:04.487+0000] {subprocess.py:106} INFO - For `use_container_width=True`, use `width='stretch'`. For `use_container_width=False`, use `width='content'`.
[2025-12-14T10:09:04.495+0000] {subprocess.py:106} INFO - 2025-12-14 10:09:04.495 Please replace `use_container_width` with `width`.
[2025-12-14T10:09:04.495+0000] {subprocess.py:106} INFO - 
[2025-12-14T10:09:04.495+0000] {subprocess.py:106} INFO - `use_container_width` will be removed after 2025-12-31.
[2025-12-14T10:09:04.495+0000] {subprocess.py:106} INFO - 
[2025-12-14T10:09:04.495+0000] {subprocess.py:106} INFO - For `use_container_width=True`, use `width='stretch'`. For `use_container_width=False`, use `width='content'`.
[2025-12-14T10:09:04.504+0000] {subprocess.py:106} INFO - 2025-12-14 10:09:04.504 Please replace `use_container_width` with `width`.
[2025-12-14T10:09:04.504+0000] {subprocess.py:106} INFO - 
[2025-12-14T10:09:04.505+0000] {subprocess.py:106} INFO - `use_container_width` will be removed after 2025-12-31.
[2025-12-14T10:09:04.505+0000] {subprocess.py:106} INFO - 
[2025-12-14T10:09:04.505+0000] {subprocess.py:106} INFO - For `use_container_width=True`, use `width='stretch'`. For `use_container_width=False`, use `width='content'`.
[2025-12-14T10:09:34.796+0000] {subprocess.py:106} INFO - 2025-12-14 10:09:34.794 Please replace `use_container_width` with `width`.
[2025-12-14T10:09:34.803+0000] {subprocess.py:106} INFO - 
[2025-12-14T10:09:34.805+0000] {subprocess.py:106} INFO - `use_container_width` will be removed after 2025-12-31.
[2025-12-14T10:09:34.805+0000] {subprocess.py:106} INFO - 
[2025-12-14T10:09:34.805+0000] {subprocess.py:106} INFO - For `use_container_width=True`, use `width='stretch'`. For `use_container_width=False`, use `width='content'`.
[2025-12-14T10:09:34.809+0000] {subprocess.py:106} INFO - 2025-12-14 10:09:34.809 Please replace `use_container_width` with `width`.
[2025-12-14T10:09:34.809+0000] {subprocess.py:106} INFO - 
[2025-12-14T10:09:34.810+0000] {subprocess.py:106} INFO - `use_container_width` will be removed after 2025-12-31.
[2025-12-14T10:09:34.810+0000] {subprocess.py:106} INFO - 
[2025-12-14T10:09:34.810+0000] {subprocess.py:106} INFO - For `use_container_width=True`, use `width='stretch'`. For `use_container_width=False`, use `width='content'`.
[2025-12-14T10:09:34.820+0000] {subprocess.py:106} INFO - 2025-12-14 10:09:34.820 Please replace `use_container_width` with `width`.
[2025-12-14T10:09:34.820+0000] {subprocess.py:106} INFO - 
[2025-12-14T10:09:34.821+0000] {subprocess.py:106} INFO - `use_container_width` will be removed after 2025-12-31.
[2025-12-14T10:09:34.821+0000] {subprocess.py:106} INFO - 
[2025-12-14T10:09:34.821+0000] {subprocess.py:106} INFO - For `use_container_width=True`, use `width='stretch'`. For `use_container_width=False`, use `width='content'`.
[2025-12-14T10:09:34.832+0000] {subprocess.py:106} INFO - 2025-12-14 10:09:34.832 Please replace `use_container_width` with `width`.
[2025-12-14T10:09:34.833+0000] {subprocess.py:106} INFO - 
[2025-12-14T10:09:34.833+0000] {subprocess.py:106} INFO - `use_container_width` will be removed after 2025-12-31.
[2025-12-14T10:09:34.834+0000] {subprocess.py:106} INFO - 
[2025-12-14T10:09:34.834+0000] {subprocess.py:106} INFO - For `use_container_width=True`, use `width='stretch'`. For `use_container_width=False`, use `width='content'`.
[2025-12-14T10:10:05.157+0000] {subprocess.py:106} INFO - 2025-12-14 10:10:05.154 Please replace `use_container_width` with `width`.
[2025-12-14T10:10:05.162+0000] {subprocess.py:106} INFO - 
[2025-12-14T10:10:05.163+0000] {subprocess.py:106} INFO - `use_container_width` will be removed after 2025-12-31.
[2025-12-14T10:10:05.163+0000] {subprocess.py:106} INFO - 
[2025-12-14T10:10:05.163+0000] {subprocess.py:106} INFO - For `use_container_width=True`, use `width='stretch'`. For `use_container_width=False`, use `width='content'`.
[2025-12-14T10:10:05.170+0000] {subprocess.py:106} INFO - 2025-12-14 10:10:05.170 Please replace `use_container_width` with `width`.
[2025-12-14T10:10:05.170+0000] {subprocess.py:106} INFO - 
[2025-12-14T10:10:05.171+0000] {subprocess.py:106} INFO - `use_container_width` will be removed after 2025-12-31.
[2025-12-14T10:10:05.171+0000] {subprocess.py:106} INFO - 
[2025-12-14T10:10:05.172+0000] {subprocess.py:106} INFO - For `use_container_width=True`, use `width='stretch'`. For `use_container_width=False`, use `width='content'`.
[2025-12-14T10:10:05.181+0000] {subprocess.py:106} INFO - 2025-12-14 10:10:05.181 Please replace `use_container_width` with `width`.
[2025-12-14T10:10:05.181+0000] {subprocess.py:106} INFO - 
[2025-12-14T10:10:05.182+0000] {subprocess.py:106} INFO - `use_container_width` will be removed after 2025-12-31.
[2025-12-14T10:10:05.182+0000] {subprocess.py:106} INFO - 
[2025-12-14T10:10:05.182+0000] {subprocess.py:106} INFO - For `use_container_width=True`, use `width='stretch'`. For `use_container_width=False`, use `width='content'`.
[2025-12-14T10:10:05.195+0000] {subprocess.py:106} INFO - 2025-12-14 10:10:05.195 Please replace `use_container_width` with `width`.
[2025-12-14T10:10:05.195+0000] {subprocess.py:106} INFO - 
[2025-12-14T10:10:05.195+0000] {subprocess.py:106} INFO - `use_container_width` will be removed after 2025-12-31.
[2025-12-14T10:10:05.196+0000] {subprocess.py:106} INFO - 
[2025-12-14T10:10:05.196+0000] {subprocess.py:106} INFO - For `use_container_width=True`, use `width='stretch'`. For `use_container_width=False`, use `width='content'`.
[2025-12-14T10:10:35.486+0000] {subprocess.py:106} INFO - 2025-12-14 10:10:35.485 Please replace `use_container_width` with `width`.
[2025-12-14T10:10:35.489+0000] {subprocess.py:106} INFO - 
[2025-12-14T10:10:35.489+0000] {subprocess.py:106} INFO - `use_container_width` will be removed after 2025-12-31.
[2025-12-14T10:10:35.490+0000] {subprocess.py:106} INFO - 
[2025-12-14T10:10:35.490+0000] {subprocess.py:106} INFO - For `use_container_width=True`, use `width='stretch'`. For `use_container_width=False`, use `width='content'`.
[2025-12-14T10:10:35.498+0000] {subprocess.py:106} INFO - 2025-12-14 10:10:35.497 Please replace `use_container_width` with `width`.
[2025-12-14T10:10:35.498+0000] {subprocess.py:106} INFO - 
[2025-12-14T10:10:35.498+0000] {subprocess.py:106} INFO - `use_container_width` will be removed after 2025-12-31.
[2025-12-14T10:10:35.499+0000] {subprocess.py:106} INFO - 
[2025-12-14T10:10:35.499+0000] {subprocess.py:106} INFO - For `use_container_width=True`, use `width='stretch'`. For `use_container_width=False`, use `width='content'`.
[2025-12-14T10:10:35.513+0000] {subprocess.py:106} INFO - 2025-12-14 10:10:35.513 Please replace `use_container_width` with `width`.
[2025-12-14T10:10:35.514+0000] {subprocess.py:106} INFO - 
[2025-12-14T10:10:35.514+0000] {subprocess.py:106} INFO - `use_container_width` will be removed after 2025-12-31.
[2025-12-14T10:10:35.514+0000] {subprocess.py:106} INFO - 
[2025-12-14T10:10:35.515+0000] {subprocess.py:106} INFO - For `use_container_width=True`, use `width='stretch'`. For `use_container_width=False`, use `width='content'`.
[2025-12-14T10:10:35.529+0000] {subprocess.py:106} INFO - 2025-12-14 10:10:35.529 Please replace `use_container_width` with `width`.
[2025-12-14T10:10:35.529+0000] {subprocess.py:106} INFO - 
[2025-12-14T10:10:35.530+0000] {subprocess.py:106} INFO - `use_container_width` will be removed after 2025-12-31.
[2025-12-14T10:10:35.530+0000] {subprocess.py:106} INFO - 
[2025-12-14T10:10:35.530+0000] {subprocess.py:106} INFO - For `use_container_width=True`, use `width='stretch'`. For `use_container_width=False`, use `width='content'`.
[2025-12-14T10:11:05.701+0000] {subprocess.py:106} INFO - 2025-12-14 10:11:05.699 Please replace `use_container_width` with `width`.
[2025-12-14T10:11:05.704+0000] {subprocess.py:106} INFO - 
[2025-12-14T10:11:05.704+0000] {subprocess.py:106} INFO - `use_container_width` will be removed after 2025-12-31.
[2025-12-14T10:11:05.704+0000] {subprocess.py:106} INFO - 
[2025-12-14T10:11:05.704+0000] {subprocess.py:106} INFO - For `use_container_width=True`, use `width='stretch'`. For `use_container_width=False`, use `width='content'`.
[2025-12-14T10:11:05.711+0000] {subprocess.py:106} INFO - 2025-12-14 10:11:05.711 Please replace `use_container_width` with `width`.
[2025-12-14T10:11:05.712+0000] {subprocess.py:106} INFO - 
[2025-12-14T10:11:05.712+0000] {subprocess.py:106} INFO - `use_container_width` will be removed after 2025-12-31.
[2025-12-14T10:11:05.712+0000] {subprocess.py:106} INFO - 
[2025-12-14T10:11:05.766+0000] {subprocess.py:106} INFO - For `use_container_width=True`, use `width='stretch'`. For `use_container_width=False`, use `width='content'`.
[2025-12-14T10:11:05.767+0000] {subprocess.py:106} INFO - 2025-12-14 10:11:05.726 Please replace `use_container_width` with `width`.
[2025-12-14T10:11:05.767+0000] {subprocess.py:106} INFO - 
[2025-12-14T10:11:05.767+0000] {subprocess.py:106} INFO - `use_container_width` will be removed after 2025-12-31.
[2025-12-14T10:11:05.767+0000] {subprocess.py:106} INFO - 
[2025-12-14T10:11:05.767+0000] {subprocess.py:106} INFO - For `use_container_width=True`, use `width='stretch'`. For `use_container_width=False`, use `width='content'`.
[2025-12-14T10:11:05.767+0000] {subprocess.py:106} INFO - 2025-12-14 10:11:05.734 Please replace `use_container_width` with `width`.
[2025-12-14T10:11:05.768+0000] {subprocess.py:106} INFO - 
[2025-12-14T10:11:05.768+0000] {subprocess.py:106} INFO - `use_container_width` will be removed after 2025-12-31.
[2025-12-14T10:11:05.768+0000] {subprocess.py:106} INFO - 
[2025-12-14T10:11:05.768+0000] {subprocess.py:106} INFO - For `use_container_width=True`, use `width='stretch'`. For `use_container_width=False`, use `width='content'`.
