[2025-12-14T12:17:22.693+0000] {local_task_job_runner.py:123} INFO - ::group::Pre task execution logs
[2025-12-14T12:17:22.701+0000] {taskinstance.py:2613} INFO - Dependencies all met for dep_context=non-requeueable deps ti=<TaskInstance: stock_portfolio_pipeline_datafrogs.detect_outliers manual__2025-12-14T12:17:10.495881+00:00 [queued]>
[2025-12-14T12:17:22.708+0000] {taskinstance.py:2613} INFO - Dependencies all met for dep_context=requeueable deps ti=<TaskInstance: stock_portfolio_pipeline_datafrogs.detect_outliers manual__2025-12-14T12:17:10.495881+00:00 [queued]>
[2025-12-14T12:17:22.709+0000] {taskinstance.py:2866} INFO - Starting attempt 1 of 2
[2025-12-14T12:17:22.718+0000] {taskinstance.py:2889} INFO - Executing <Task(PythonOperator): detect_outliers> on 2025-12-14 12:17:10.495881+00:00
[2025-12-14T12:17:22.735+0000] {warnings.py:112} WARNING - /home/***/.local/lib/python3.12/site-packages/***/task/task_runner/standard_task_runner.py:70: DeprecationWarning: This process (pid=7005) is multi-threaded, use of fork() may lead to deadlocks in the child.
  pid = os.fork()

[2025-12-14T12:17:22.736+0000] {standard_task_runner.py:72} INFO - Started process 7024 to run task
[2025-12-14T12:17:22.738+0000] {standard_task_runner.py:104} INFO - Running: ['***', 'tasks', 'run', 'stock_portfolio_pipeline_datafrogs', 'detect_outliers', 'manual__2025-12-14T12:17:10.495881+00:00', '--job-id', '343', '--raw', '--subdir', 'DAGS_FOLDER/***.py', '--cfg-path', '/tmp/tmpo37nv9cd']
[2025-12-14T12:17:22.740+0000] {standard_task_runner.py:105} INFO - Job 343: Subtask detect_outliers
[2025-12-14T12:17:22.793+0000] {task_command.py:467} INFO - Running <TaskInstance: stock_portfolio_pipeline_datafrogs.detect_outliers manual__2025-12-14T12:17:10.495881+00:00 [running]> on host 79a4b2d0a09e
[2025-12-14T12:17:22.872+0000] {taskinstance.py:3132} INFO - Exporting env vars: AIRFLOW_CTX_DAG_OWNER='data_engineering_team' AIRFLOW_CTX_DAG_ID='stock_portfolio_pipeline_datafrogs' AIRFLOW_CTX_TASK_ID='detect_outliers' AIRFLOW_CTX_EXECUTION_DATE='2025-12-14T12:17:10.495881+00:00' AIRFLOW_CTX_TRY_NUMBER='1' AIRFLOW_CTX_DAG_RUN_ID='manual__2025-12-14T12:17:10.495881+00:00'
[2025-12-14T12:17:22.878+0000] {taskinstance.py:731} INFO - ::endgroup::
[2025-12-14T12:17:22.897+0000] {logging_mixin.py:190} INFO - 
--- 2. Handling Outliers ---
[2025-12-14T12:17:22.929+0000] {logging_mixin.py:190} INFO - STK001: 15.476% outliers
[2025-12-14T12:17:22.932+0000] {logging_mixin.py:190} INFO - STK002: 0.000% outliers
[2025-12-14T12:17:22.934+0000] {logging_mixin.py:190} INFO - STK003: 3.770% outliers
[2025-12-14T12:17:22.935+0000] {logging_mixin.py:190} INFO - STK004: 2.778% outliers
[2025-12-14T12:17:22.936+0000] {logging_mixin.py:190} INFO - STK005: 0.000% outliers
[2025-12-14T12:17:22.937+0000] {logging_mixin.py:190} INFO - STK006: 0.000% outliers
[2025-12-14T12:17:22.938+0000] {logging_mixin.py:190} INFO - STK007: 6.349% outliers
[2025-12-14T12:17:22.939+0000] {logging_mixin.py:190} INFO - STK008: 0.000% outliers
[2025-12-14T12:17:22.940+0000] {logging_mixin.py:190} INFO - STK009: 1.190% outliers
[2025-12-14T12:17:22.941+0000] {logging_mixin.py:190} INFO - STK010: 0.000% outliers
[2025-12-14T12:17:22.942+0000] {logging_mixin.py:190} INFO - STK011: 0.198% outliers
[2025-12-14T12:17:22.943+0000] {logging_mixin.py:190} INFO - STK012: 0.000% outliers
[2025-12-14T12:17:22.944+0000] {logging_mixin.py:190} INFO - STK013: 0.000% outliers
[2025-12-14T12:17:22.945+0000] {logging_mixin.py:190} INFO - STK014: 0.198% outliers
[2025-12-14T12:17:22.946+0000] {logging_mixin.py:190} INFO - STK015: 0.000% outliers
[2025-12-14T12:17:22.947+0000] {logging_mixin.py:190} INFO - STK016: 0.000% outliers
[2025-12-14T12:17:22.948+0000] {logging_mixin.py:190} INFO - STK017: 0.000% outliers
[2025-12-14T12:17:22.949+0000] {logging_mixin.py:190} INFO - STK018: 0.000% outliers
[2025-12-14T12:17:22.950+0000] {logging_mixin.py:190} INFO - STK019: 7.341% outliers
[2025-12-14T12:17:22.951+0000] {logging_mixin.py:190} INFO - STK020: 0.397% outliers
[2025-12-14T12:17:22.953+0000] {logging_mixin.py:190} INFO - quantity: 7.650% outliers
[2025-12-14T12:17:22.954+0000] {logging_mixin.py:190} INFO - average_trade_size: 25.250% outliers
[2025-12-14T12:17:22.956+0000] {logging_mixin.py:190} INFO - cumulative_portfolio_value: 10.370% outliers
[2025-12-14T12:17:23.134+0000] {python.py:240} INFO - Done. Returned value was: None
[2025-12-14T12:17:23.269+0000] {taskinstance.py:340} INFO - ::group::Post task execution logs
[2025-12-14T12:17:23.273+0000] {taskinstance.py:352} INFO - Marking task as SUCCESS. dag_id=stock_portfolio_pipeline_datafrogs, task_id=detect_outliers, run_id=manual__2025-12-14T12:17:10.495881+00:00, execution_date=20251214T121710, start_date=20251214T121722, end_date=20251214T121723
[2025-12-14T12:17:23.436+0000] {local_task_job_runner.py:266} INFO - Task exited with return code 0
[2025-12-14T12:17:23.567+0000] {taskinstance.py:3895} INFO - 1 downstream tasks scheduled from follow-on schedule check
[2025-12-14T12:17:23.571+0000] {local_task_job_runner.py:245} INFO - ::endgroup::
