[2025-12-12T23:01:31.102+0000] {local_task_job_runner.py:123} INFO - ::group::Pre task execution logs
[2025-12-12T23:01:31.120+0000] {taskinstance.py:2613} INFO - Dependencies all met for dep_context=non-requeueable deps ti=<TaskInstance: stock_portfolio_pipeline_datafrogs.load_to_postgres manual__2025-12-12T23:01:19.236229+00:00 [queued]>
[2025-12-12T23:01:31.128+0000] {taskinstance.py:2613} INFO - Dependencies all met for dep_context=requeueable deps ti=<TaskInstance: stock_portfolio_pipeline_datafrogs.load_to_postgres manual__2025-12-12T23:01:19.236229+00:00 [queued]>
[2025-12-12T23:01:31.129+0000] {taskinstance.py:2866} INFO - Starting attempt 1 of 2
[2025-12-12T23:01:31.141+0000] {taskinstance.py:2889} INFO - Executing <Task(PythonOperator): load_to_postgres> on 2025-12-12 23:01:19.236229+00:00
[2025-12-12T23:01:31.150+0000] {warnings.py:112} WARNING - /home/***/.local/lib/python3.12/site-packages/***/task/task_runner/standard_task_runner.py:70: DeprecationWarning: This process (pid=211) is multi-threaded, use of fork() may lead to deadlocks in the child.
  pid = os.fork()

[2025-12-12T23:01:31.152+0000] {standard_task_runner.py:72} INFO - Started process 225 to run task
[2025-12-12T23:01:31.151+0000] {standard_task_runner.py:104} INFO - Running: ['***', 'tasks', 'run', 'stock_portfolio_pipeline_datafrogs', 'load_to_postgres', 'manual__2025-12-12T23:01:19.236229+00:00', '--job-id', '41', '--raw', '--subdir', 'DAGS_FOLDER/***.py', '--cfg-path', '/tmp/tmp8m3jelpg']
[2025-12-12T23:01:31.155+0000] {standard_task_runner.py:105} INFO - Job 41: Subtask load_to_postgres
[2025-12-12T23:01:31.238+0000] {task_command.py:467} INFO - Running <TaskInstance: stock_portfolio_pipeline_datafrogs.load_to_postgres manual__2025-12-12T23:01:19.236229+00:00 [running]> on host ed4ae6f68194
[2025-12-12T23:01:31.329+0000] {taskinstance.py:3132} INFO - Exporting env vars: AIRFLOW_CTX_DAG_OWNER='data_engineering_team' AIRFLOW_CTX_DAG_ID='stock_portfolio_pipeline_datafrogs' AIRFLOW_CTX_TASK_ID='load_to_postgres' AIRFLOW_CTX_EXECUTION_DATE='2025-12-12T23:01:19.236229+00:00' AIRFLOW_CTX_TRY_NUMBER='1' AIRFLOW_CTX_DAG_RUN_ID='manual__2025-12-12T23:01:19.236229+00:00'
[2025-12-12T23:01:31.330+0000] {taskinstance.py:731} INFO - ::endgroup::
[2025-12-12T23:01:31.449+0000] {logging_mixin.py:190} INFO - Database 'stockanalytics' already exists
[2025-12-12T23:01:31.494+0000] {logging_mixin.py:190} INFO - Connected to Database
[2025-12-12T23:01:31.494+0000] {logging_mixin.py:190} INFO - Writing cleaned dataset to database
[2025-12-12T23:01:33.019+0000] {logging_mixin.py:190} INFO - Done writing to database
[2025-12-12T23:01:33.020+0000] {python.py:240} INFO - Done. Returned value was: None
[2025-12-12T23:01:33.034+0000] {taskinstance.py:340} INFO - ::group::Post task execution logs
[2025-12-12T23:01:33.035+0000] {taskinstance.py:352} INFO - Marking task as SUCCESS. dag_id=stock_portfolio_pipeline_datafrogs, task_id=load_to_postgres, run_id=manual__2025-12-12T23:01:19.236229+00:00, execution_date=20251212T230119, start_date=20251212T230131, end_date=20251212T230133
[2025-12-12T23:01:33.094+0000] {local_task_job_runner.py:266} INFO - Task exited with return code 0
[2025-12-12T23:01:33.115+0000] {taskinstance.py:3895} INFO - 0 downstream tasks scheduled from follow-on schedule check
[2025-12-12T23:01:33.116+0000] {local_task_job_runner.py:245} INFO - ::endgroup::
