[2025-12-14T09:10:48.587+0000] {local_task_job_runner.py:123} INFO - ::group::Pre task execution logs
[2025-12-14T09:10:48.597+0000] {taskinstance.py:2613} INFO - Dependencies all met for dep_context=non-requeueable deps ti=<TaskInstance: stock_portfolio_pipeline_datafrogs.prepare_visualization scheduled__2025-12-13T00:00:00+00:00 [queued]>
[2025-12-14T09:10:48.602+0000] {taskinstance.py:2613} INFO - Dependencies all met for dep_context=requeueable deps ti=<TaskInstance: stock_portfolio_pipeline_datafrogs.prepare_visualization scheduled__2025-12-13T00:00:00+00:00 [queued]>
[2025-12-14T09:10:48.602+0000] {taskinstance.py:2866} INFO - Starting attempt 3 of 2
[2025-12-14T09:10:48.609+0000] {taskinstance.py:2889} INFO - Executing <Task(PythonOperator): prepare_visualization> on 2025-12-13 00:00:00+00:00
[2025-12-14T09:10:48.622+0000] {warnings.py:112} WARNING - /home/***/.local/lib/python3.12/site-packages/***/task/task_runner/standard_task_runner.py:70: DeprecationWarning: This process (pid=1416) is multi-threaded, use of fork() may lead to deadlocks in the child.
  pid = os.fork()

[2025-12-14T09:10:48.625+0000] {standard_task_runner.py:72} INFO - Started process 1443 to run task
[2025-12-14T09:10:48.628+0000] {standard_task_runner.py:104} INFO - Running: ['***', 'tasks', 'run', 'stock_portfolio_pipeline_datafrogs', 'prepare_visualization', 'scheduled__2025-12-13T00:00:00+00:00', '--job-id', '35', '--raw', '--subdir', 'DAGS_FOLDER/***.py', '--cfg-path', '/tmp/tmpmhja5kyu']
[2025-12-14T09:10:48.636+0000] {standard_task_runner.py:105} INFO - Job 35: Subtask prepare_visualization
[2025-12-14T09:10:48.721+0000] {task_command.py:467} INFO - Running <TaskInstance: stock_portfolio_pipeline_datafrogs.prepare_visualization scheduled__2025-12-13T00:00:00+00:00 [running]> on host 179bab7085b3
[2025-12-14T09:10:55.771+0000] {taskinstance.py:3132} INFO - Exporting env vars: AIRFLOW_CTX_DAG_OWNER='data_engineering_team' AIRFLOW_CTX_DAG_ID='stock_portfolio_pipeline_datafrogs' AIRFLOW_CTX_TASK_ID='prepare_visualization' AIRFLOW_CTX_EXECUTION_DATE='2025-12-13T00:00:00+00:00' AIRFLOW_CTX_TRY_NUMBER='3' AIRFLOW_CTX_DAG_RUN_ID='scheduled__2025-12-13T00:00:00+00:00'
[2025-12-14T09:10:55.776+0000] {taskinstance.py:731} INFO - ::endgroup::
[2025-12-14T09:10:55.805+0000] {logging_mixin.py:190} INFO - === Starting Prepare Visualization Task ===
[2025-12-14T09:10:55.808+0000] {logging_mixin.py:190} INFO - Reading from: /opt/***/data/streaming_dataset/full_stocks.csv
[2025-12-14T09:10:55.922+0000] {logging_mixin.py:190} INFO - Loaded 9500 rows from /opt/***/data/streaming_dataset/full_stocks.csv
[2025-12-14T09:10:56.004+0000] {logging_mixin.py:190} INFO - Reversed label encoding successfully.
[2025-12-14T09:10:56.015+0000] {logging_mixin.py:190} INFO - Reversed one-hot encoding for transaction_type
[2025-12-14T09:10:56.019+0000] {logging_mixin.py:190} INFO - Reversed one-hot encoding for customer_account_type
[2025-12-14T09:10:56.027+0000] {logging_mixin.py:190} INFO - Reversed one-hot encoding for stock_sector
[2025-12-14T09:10:56.031+0000] {logging_mixin.py:190} INFO - Reversed one-hot encoding for stock_industry
[2025-12-14T09:10:56.200+0000] {logging_mixin.py:190} INFO - Saved prepared data to /opt/***/data/visualization/dashboard_data.csv
[2025-12-14T09:10:56.202+0000] {python.py:240} INFO - Done. Returned value was: None
[2025-12-14T09:10:56.248+0000] {taskinstance.py:340} INFO - ::group::Post task execution logs
[2025-12-14T09:10:56.251+0000] {taskinstance.py:352} INFO - Marking task as SUCCESS. dag_id=stock_portfolio_pipeline_datafrogs, task_id=prepare_visualization, run_id=scheduled__2025-12-13T00:00:00+00:00, execution_date=20251213T000000, start_date=20251214T091048, end_date=20251214T091056
[2025-12-14T09:10:56.334+0000] {local_task_job_runner.py:266} INFO - Task exited with return code 0
[2025-12-14T09:10:56.355+0000] {taskinstance.py:3895} INFO - 1 downstream tasks scheduled from follow-on schedule check
[2025-12-14T09:10:56.356+0000] {local_task_job_runner.py:245} INFO - ::endgroup::
