[2025-12-12T17:42:59.320+0000] {local_task_job_runner.py:123} INFO - ::group::Pre task execution logs
[2025-12-12T17:42:59.335+0000] {taskinstance.py:2613} INFO - Dependencies all met for dep_context=non-requeueable deps ti=<TaskInstance: stock_portfolio_pipeline_datafrogs.load_to_postgres manual__2025-12-12T17:42:48.056096+00:00 [queued]>
[2025-12-12T17:42:59.346+0000] {taskinstance.py:2613} INFO - Dependencies all met for dep_context=requeueable deps ti=<TaskInstance: stock_portfolio_pipeline_datafrogs.load_to_postgres manual__2025-12-12T17:42:48.056096+00:00 [queued]>
[2025-12-12T17:42:59.346+0000] {taskinstance.py:2866} INFO - Starting attempt 1 of 2
[2025-12-12T17:42:59.359+0000] {taskinstance.py:2889} INFO - Executing <Task(PythonOperator): load_to_postgres> on 2025-12-12 17:42:48.056096+00:00
[2025-12-12T17:42:59.367+0000] {warnings.py:112} WARNING - /home/***/.local/lib/python3.12/site-packages/***/task/task_runner/standard_task_runner.py:70: DeprecationWarning: This process (pid=146) is multi-threaded, use of fork() may lead to deadlocks in the child.
  pid = os.fork()

[2025-12-12T17:42:59.370+0000] {standard_task_runner.py:72} INFO - Started process 159 to run task
[2025-12-12T17:42:59.369+0000] {standard_task_runner.py:104} INFO - Running: ['***', 'tasks', 'run', 'stock_portfolio_pipeline_datafrogs', 'load_to_postgres', 'manual__2025-12-12T17:42:48.056096+00:00', '--job-id', '73', '--raw', '--subdir', 'DAGS_FOLDER/***.py', '--cfg-path', '/tmp/tmpz27ofuq5']
[2025-12-12T17:42:59.372+0000] {standard_task_runner.py:105} INFO - Job 73: Subtask load_to_postgres
[2025-12-12T17:42:59.428+0000] {task_command.py:467} INFO - Running <TaskInstance: stock_portfolio_pipeline_datafrogs.load_to_postgres manual__2025-12-12T17:42:48.056096+00:00 [running]> on host 2e925dc6ae7f
[2025-12-12T17:42:59.518+0000] {taskinstance.py:3132} INFO - Exporting env vars: AIRFLOW_CTX_DAG_OWNER='data_engineering_team' AIRFLOW_CTX_DAG_ID='stock_portfolio_pipeline_datafrogs' AIRFLOW_CTX_TASK_ID='load_to_postgres' AIRFLOW_CTX_EXECUTION_DATE='2025-12-12T17:42:48.056096+00:00' AIRFLOW_CTX_TRY_NUMBER='1' AIRFLOW_CTX_DAG_RUN_ID='manual__2025-12-12T17:42:48.056096+00:00'
[2025-12-12T17:42:59.519+0000] {taskinstance.py:731} INFO - ::endgroup::
[2025-12-12T17:42:59.615+0000] {logging_mixin.py:190} INFO - Database 'stockanalytics' already exists
[2025-12-12T17:42:59.664+0000] {logging_mixin.py:190} INFO - Connected to Database
[2025-12-12T17:42:59.665+0000] {logging_mixin.py:190} INFO - Writing cleaned dataset to database
[2025-12-12T17:43:00.692+0000] {logging_mixin.py:190} INFO - Done writing to database
[2025-12-12T17:43:00.693+0000] {python.py:240} INFO - Done. Returned value was: None
[2025-12-12T17:43:00.706+0000] {taskinstance.py:340} INFO - ::group::Post task execution logs
[2025-12-12T17:43:00.707+0000] {taskinstance.py:352} INFO - Marking task as SUCCESS. dag_id=stock_portfolio_pipeline_datafrogs, task_id=load_to_postgres, run_id=manual__2025-12-12T17:42:48.056096+00:00, execution_date=20251212T174248, start_date=20251212T174259, end_date=20251212T174300
[2025-12-12T17:43:00.749+0000] {local_task_job_runner.py:266} INFO - Task exited with return code 0
[2025-12-12T17:43:00.769+0000] {taskinstance.py:3895} INFO - 0 downstream tasks scheduled from follow-on schedule check
[2025-12-12T17:43:00.771+0000] {local_task_job_runner.py:245} INFO - ::endgroup::
