[2025-12-14T10:17:27.564+0000] {local_task_job_runner.py:123} INFO - ::group::Pre task execution logs
[2025-12-14T10:17:27.579+0000] {taskinstance.py:2613} INFO - Dependencies all met for dep_context=non-requeueable deps ti=<TaskInstance: stock_portfolio_pipeline_datafrogs.load_to_postgres manual__2025-12-14T10:17:06.783311+00:00 [queued]>
[2025-12-14T10:17:27.586+0000] {taskinstance.py:2613} INFO - Dependencies all met for dep_context=requeueable deps ti=<TaskInstance: stock_portfolio_pipeline_datafrogs.load_to_postgres manual__2025-12-14T10:17:06.783311+00:00 [queued]>
[2025-12-14T10:17:27.586+0000] {taskinstance.py:2866} INFO - Starting attempt 1 of 2
[2025-12-14T10:17:27.597+0000] {taskinstance.py:2889} INFO - Executing <Task(PythonOperator): load_to_postgres> on 2025-12-14 10:17:06.783311+00:00
[2025-12-14T10:17:27.613+0000] {warnings.py:112} WARNING - /home/***/.local/lib/python3.12/site-packages/***/task/task_runner/standard_task_runner.py:70: DeprecationWarning: This process (pid=255) is multi-threaded, use of fork() may lead to deadlocks in the child.
  pid = os.fork()

[2025-12-14T10:17:27.614+0000] {standard_task_runner.py:72} INFO - Started process 267 to run task
[2025-12-14T10:17:27.618+0000] {standard_task_runner.py:104} INFO - Running: ['***', 'tasks', 'run', 'stock_portfolio_pipeline_datafrogs', 'load_to_postgres', 'manual__2025-12-14T10:17:06.783311+00:00', '--job-id', '163', '--raw', '--subdir', 'DAGS_FOLDER/***.py', '--cfg-path', '/tmp/tmpaf6bnq5k']
[2025-12-14T10:17:27.622+0000] {standard_task_runner.py:105} INFO - Job 163: Subtask load_to_postgres
[2025-12-14T10:17:27.696+0000] {task_command.py:467} INFO - Running <TaskInstance: stock_portfolio_pipeline_datafrogs.load_to_postgres manual__2025-12-14T10:17:06.783311+00:00 [running]> on host 2c07a78d0b27
[2025-12-14T10:17:27.800+0000] {taskinstance.py:3132} INFO - Exporting env vars: AIRFLOW_CTX_DAG_OWNER='data_engineering_team' AIRFLOW_CTX_DAG_ID='stock_portfolio_pipeline_datafrogs' AIRFLOW_CTX_TASK_ID='load_to_postgres' AIRFLOW_CTX_EXECUTION_DATE='2025-12-14T10:17:06.783311+00:00' AIRFLOW_CTX_TRY_NUMBER='1' AIRFLOW_CTX_DAG_RUN_ID='manual__2025-12-14T10:17:06.783311+00:00'
[2025-12-14T10:17:27.803+0000] {taskinstance.py:731} INFO - ::endgroup::
[2025-12-14T10:17:27.948+0000] {logging_mixin.py:190} INFO - Database 'stockanalytics' already exists
[2025-12-14T10:17:28.013+0000] {logging_mixin.py:190} INFO - Connected to Database
[2025-12-14T10:17:28.013+0000] {logging_mixin.py:190} INFO - Writing cleaned dataset to database
[2025-12-14T10:17:32.094+0000] {logging_mixin.py:190} INFO - Done writing to database
[2025-12-14T10:17:32.113+0000] {python.py:240} INFO - Done. Returned value was: None
[2025-12-14T10:17:32.140+0000] {taskinstance.py:340} INFO - ::group::Post task execution logs
[2025-12-14T10:17:32.141+0000] {taskinstance.py:352} INFO - Marking task as SUCCESS. dag_id=stock_portfolio_pipeline_datafrogs, task_id=load_to_postgres, run_id=manual__2025-12-14T10:17:06.783311+00:00, execution_date=20251214T101706, start_date=20251214T101727, end_date=20251214T101732
[2025-12-14T10:17:32.231+0000] {local_task_job_runner.py:266} INFO - Task exited with return code 0
[2025-12-14T10:17:32.302+0000] {taskinstance.py:3895} INFO - 0 downstream tasks scheduled from follow-on schedule check
[2025-12-14T10:17:32.308+0000] {local_task_job_runner.py:245} INFO - ::endgroup::
