[2025-12-14T12:45:27.435+0000] {local_task_job_runner.py:123} INFO - ::group::Pre task execution logs
[2025-12-14T12:45:27.444+0000] {taskinstance.py:2613} INFO - Dependencies all met for dep_context=non-requeueable deps ti=<TaskInstance: stock_portfolio_pipeline_datafrogs.save_final_to_postgres manual__2025-12-14T12:41:52.953730+00:00 [queued]>
[2025-12-14T12:45:27.448+0000] {taskinstance.py:2613} INFO - Dependencies all met for dep_context=requeueable deps ti=<TaskInstance: stock_portfolio_pipeline_datafrogs.save_final_to_postgres manual__2025-12-14T12:41:52.953730+00:00 [queued]>
[2025-12-14T12:45:27.448+0000] {taskinstance.py:2866} INFO - Starting attempt 1 of 2
[2025-12-14T12:45:27.455+0000] {taskinstance.py:2889} INFO - Executing <Task(PythonOperator): save_final_to_postgres> on 2025-12-14 12:41:52.953730+00:00
[2025-12-14T12:45:27.464+0000] {warnings.py:112} WARNING - /home/***/.local/lib/python3.12/site-packages/***/task/task_runner/standard_task_runner.py:70: DeprecationWarning: This process (pid=11203) is multi-threaded, use of fork() may lead to deadlocks in the child.
  pid = os.fork()

[2025-12-14T12:45:27.470+0000] {standard_task_runner.py:72} INFO - Started process 11208 to run task
[2025-12-14T12:45:27.472+0000] {standard_task_runner.py:104} INFO - Running: ['***', 'tasks', 'run', 'stock_portfolio_pipeline_datafrogs', 'save_final_to_postgres', 'manual__2025-12-14T12:41:52.953730+00:00', '--job-id', '430', '--raw', '--subdir', 'DAGS_FOLDER/***.py', '--cfg-path', '/tmp/tmp_7kqd688']
[2025-12-14T12:45:27.475+0000] {standard_task_runner.py:105} INFO - Job 430: Subtask save_final_to_postgres
[2025-12-14T12:45:27.512+0000] {task_command.py:467} INFO - Running <TaskInstance: stock_portfolio_pipeline_datafrogs.save_final_to_postgres manual__2025-12-14T12:41:52.953730+00:00 [running]> on host 79a4b2d0a09e
[2025-12-14T12:45:27.565+0000] {taskinstance.py:3132} INFO - Exporting env vars: AIRFLOW_CTX_DAG_OWNER='data_engineering_team' AIRFLOW_CTX_DAG_ID='stock_portfolio_pipeline_datafrogs' AIRFLOW_CTX_TASK_ID='save_final_to_postgres' AIRFLOW_CTX_EXECUTION_DATE='2025-12-14T12:41:52.953730+00:00' AIRFLOW_CTX_TRY_NUMBER='1' AIRFLOW_CTX_DAG_RUN_ID='manual__2025-12-14T12:41:52.953730+00:00'
[2025-12-14T12:45:27.566+0000] {taskinstance.py:731} INFO - ::endgroup::
[2025-12-14T12:45:27.625+0000] {logging_mixin.py:190} INFO - Database 'stockanalytics' already exists
[2025-12-14T12:45:27.647+0000] {logging_mixin.py:190} INFO - Connected to Database
[2025-12-14T12:45:27.648+0000] {logging_mixin.py:190} INFO - Writing cleaned dataset to database
[2025-12-14T12:45:29.288+0000] {logging_mixin.py:190} INFO - Done writing to database
[2025-12-14T12:45:29.288+0000] {python.py:240} INFO - Done. Returned value was: None
[2025-12-14T12:45:29.295+0000] {taskinstance.py:340} INFO - ::group::Post task execution logs
[2025-12-14T12:45:29.295+0000] {taskinstance.py:352} INFO - Marking task as SUCCESS. dag_id=stock_portfolio_pipeline_datafrogs, task_id=save_final_to_postgres, run_id=manual__2025-12-14T12:41:52.953730+00:00, execution_date=20251214T124152, start_date=20251214T124527, end_date=20251214T124529
[2025-12-14T12:45:29.350+0000] {local_task_job_runner.py:266} INFO - Task exited with return code 0
[2025-12-14T12:45:29.360+0000] {taskinstance.py:3895} INFO - 0 downstream tasks scheduled from follow-on schedule check
[2025-12-14T12:45:29.362+0000] {local_task_job_runner.py:245} INFO - ::endgroup::
