[2025-12-14T00:00:41.001+0000] {local_task_job_runner.py:123} INFO - ::group::Pre task execution logs
[2025-12-14T00:00:41.084+0000] {taskinstance.py:2613} INFO - Dependencies all met for dep_context=non-requeueable deps ti=<TaskInstance: stock_portfolio_pipeline_datafrogs.encode_categorical_data scheduled__2025-12-13T00:00:00+00:00 [queued]>
[2025-12-14T00:00:41.131+0000] {taskinstance.py:2613} INFO - Dependencies all met for dep_context=requeueable deps ti=<TaskInstance: stock_portfolio_pipeline_datafrogs.encode_categorical_data scheduled__2025-12-13T00:00:00+00:00 [queued]>
[2025-12-14T00:00:41.136+0000] {taskinstance.py:2866} INFO - Starting attempt 1 of 2
[2025-12-14T00:00:41.192+0000] {taskinstance.py:2889} INFO - Executing <Task(PythonOperator): encode_categorical_data> on 2025-12-13 00:00:00+00:00
[2025-12-14T00:00:41.221+0000] {warnings.py:112} WARNING - /home/***/.local/lib/python3.12/site-packages/***/task/task_runner/standard_task_runner.py:70: DeprecationWarning: This process (pid=2775) is multi-threaded, use of fork() may lead to deadlocks in the child.
  pid = os.fork()

[2025-12-14T00:00:41.223+0000] {standard_task_runner.py:72} INFO - Started process 2847 to run task
[2025-12-14T00:00:41.234+0000] {standard_task_runner.py:104} INFO - Running: ['***', 'tasks', 'run', 'stock_portfolio_pipeline_datafrogs', 'encode_categorical_data', 'scheduled__2025-12-13T00:00:00+00:00', '--job-id', '335', '--raw', '--subdir', 'DAGS_FOLDER/***.py', '--cfg-path', '/tmp/tmpaop0tbbr']
[2025-12-14T00:00:41.240+0000] {standard_task_runner.py:105} INFO - Job 335: Subtask encode_categorical_data
[2025-12-14T00:00:41.345+0000] {task_command.py:467} INFO - Running <TaskInstance: stock_portfolio_pipeline_datafrogs.encode_categorical_data scheduled__2025-12-13T00:00:00+00:00 [running]> on host 139938a689f3
[2025-12-14T00:00:41.437+0000] {taskinstance.py:3132} INFO - Exporting env vars: AIRFLOW_CTX_DAG_OWNER='data_engineering_team' AIRFLOW_CTX_DAG_ID='stock_portfolio_pipeline_datafrogs' AIRFLOW_CTX_TASK_ID='encode_categorical_data' AIRFLOW_CTX_EXECUTION_DATE='2025-12-13T00:00:00+00:00' AIRFLOW_CTX_TRY_NUMBER='1' AIRFLOW_CTX_DAG_RUN_ID='scheduled__2025-12-13T00:00:00+00:00'
[2025-12-14T00:00:41.440+0000] {taskinstance.py:731} INFO - ::endgroup::
[2025-12-14T00:00:42.872+0000] {logging_mixin.py:190} INFO -     Column Name  ...                                      Encoded Value
0      day_name  ...                                    [0, 1, 2, 3, 4]
1  stock_ticker  ...  [0, 1, 2, 3, 4, 5, 6, 7, 8, 9, 10, 11, 12, 13,...
2    is_weekend  ...                                             [0, 1]
3    is_holiday  ...                                             [0, 1]

[4 rows x 3 columns]
[2025-12-14T00:00:42.888+0000] {python.py:240} INFO - Done. Returned value was: None
[2025-12-14T00:00:43.043+0000] {taskinstance.py:340} INFO - ::group::Post task execution logs
[2025-12-14T00:00:43.054+0000] {taskinstance.py:352} INFO - Marking task as SUCCESS. dag_id=stock_portfolio_pipeline_datafrogs, task_id=encode_categorical_data, run_id=scheduled__2025-12-13T00:00:00+00:00, execution_date=20251213T000000, start_date=20251214T000041, end_date=20251214T000043
[2025-12-14T00:00:43.213+0000] {local_task_job_runner.py:266} INFO - Task exited with return code 0
[2025-12-14T00:00:43.263+0000] {taskinstance.py:3895} INFO - 0 downstream tasks scheduled from follow-on schedule check
[2025-12-14T00:00:43.269+0000] {local_task_job_runner.py:245} INFO - ::endgroup::
[2025-12-14T09:03:13.050+0000] {local_task_job_runner.py:123} INFO - ::group::Pre task execution logs
[2025-12-14T09:03:13.114+0000] {taskinstance.py:2613} INFO - Dependencies all met for dep_context=non-requeueable deps ti=<TaskInstance: stock_portfolio_pipeline_datafrogs.encode_categorical_data scheduled__2025-12-13T00:00:00+00:00 [queued]>
[2025-12-14T09:03:13.125+0000] {taskinstance.py:2613} INFO - Dependencies all met for dep_context=requeueable deps ti=<TaskInstance: stock_portfolio_pipeline_datafrogs.encode_categorical_data scheduled__2025-12-13T00:00:00+00:00 [queued]>
[2025-12-14T09:03:13.126+0000] {taskinstance.py:2866} INFO - Starting attempt 1 of 2
[2025-12-14T09:03:13.202+0000] {taskinstance.py:2889} INFO - Executing <Task(PythonOperator): encode_categorical_data> on 2025-12-13 00:00:00+00:00
[2025-12-14T09:03:13.239+0000] {warnings.py:112} WARNING - /home/***/.local/lib/python3.12/site-packages/***/task/task_runner/standard_task_runner.py:70: DeprecationWarning: This process (pid=267) is multi-threaded, use of fork() may lead to deadlocks in the child.
  pid = os.fork()

[2025-12-14T09:03:13.262+0000] {standard_task_runner.py:72} INFO - Started process 374 to run task
[2025-12-14T09:03:13.240+0000] {standard_task_runner.py:104} INFO - Running: ['***', 'tasks', 'run', 'stock_portfolio_pipeline_datafrogs', 'encode_categorical_data', 'scheduled__2025-12-13T00:00:00+00:00', '--job-id', '16', '--raw', '--subdir', 'DAGS_FOLDER/***.py', '--cfg-path', '/tmp/tmpq_j1c9c2']
[2025-12-14T09:03:13.279+0000] {standard_task_runner.py:105} INFO - Job 16: Subtask encode_categorical_data
[2025-12-14T09:03:13.487+0000] {task_command.py:467} INFO - Running <TaskInstance: stock_portfolio_pipeline_datafrogs.encode_categorical_data scheduled__2025-12-13T00:00:00+00:00 [running]> on host 179bab7085b3
[2025-12-14T09:03:13.643+0000] {taskinstance.py:3132} INFO - Exporting env vars: AIRFLOW_CTX_DAG_OWNER='data_engineering_team' AIRFLOW_CTX_DAG_ID='stock_portfolio_pipeline_datafrogs' AIRFLOW_CTX_TASK_ID='encode_categorical_data' AIRFLOW_CTX_EXECUTION_DATE='2025-12-13T00:00:00+00:00' AIRFLOW_CTX_TRY_NUMBER='1' AIRFLOW_CTX_DAG_RUN_ID='scheduled__2025-12-13T00:00:00+00:00'
[2025-12-14T09:03:13.644+0000] {taskinstance.py:731} INFO - ::endgroup::
[2025-12-14T09:03:14.045+0000] {logging_mixin.py:190} INFO -     Column Name  ...                                      Encoded Value
0      day_name  ...                                    [0, 1, 2, 3, 4]
1  stock_ticker  ...  [0, 1, 2, 3, 4, 5, 6, 7, 8, 9, 10, 11, 12, 13,...
2    is_weekend  ...                                             [0, 1]
3    is_holiday  ...                                             [0, 1]

[4 rows x 3 columns]
[2025-12-14T09:03:14.047+0000] {python.py:240} INFO - Done. Returned value was: None
[2025-12-14T09:03:14.058+0000] {taskinstance.py:340} INFO - ::group::Post task execution logs
[2025-12-14T09:03:14.059+0000] {taskinstance.py:352} INFO - Marking task as SUCCESS. dag_id=stock_portfolio_pipeline_datafrogs, task_id=encode_categorical_data, run_id=scheduled__2025-12-13T00:00:00+00:00, execution_date=20251213T000000, start_date=20251214T090313, end_date=20251214T090314
[2025-12-14T09:03:14.096+0000] {local_task_job_runner.py:266} INFO - Task exited with return code 0
[2025-12-14T09:03:14.117+0000] {taskinstance.py:3895} INFO - 0 downstream tasks scheduled from follow-on schedule check
[2025-12-14T09:03:14.119+0000] {local_task_job_runner.py:245} INFO - ::endgroup::
