[2025-12-12T15:23:39.388+0000] {local_task_job_runner.py:123} INFO - ::group::Pre task execution logs
[2025-12-12T15:23:39.407+0000] {taskinstance.py:2613} INFO - Dependencies all met for dep_context=non-requeueable deps ti=<TaskInstance: stock_portfolio_pipeline_datafrogs.detect_outliers manual__2025-12-12T15:18:47.453240+00:00 [queued]>
[2025-12-12T15:23:39.415+0000] {taskinstance.py:2613} INFO - Dependencies all met for dep_context=requeueable deps ti=<TaskInstance: stock_portfolio_pipeline_datafrogs.detect_outliers manual__2025-12-12T15:18:47.453240+00:00 [queued]>
[2025-12-12T15:23:39.416+0000] {taskinstance.py:2866} INFO - Starting attempt 2 of 2
[2025-12-12T15:23:39.429+0000] {taskinstance.py:2889} INFO - Executing <Task(PythonOperator): detect_outliers> on 2025-12-12 15:18:47.453240+00:00
[2025-12-12T15:23:39.437+0000] {warnings.py:112} WARNING - /home/***/.local/lib/python3.12/site-packages/***/task/task_runner/standard_task_runner.py:70: DeprecationWarning: This process (pid=145) is multi-threaded, use of fork() may lead to deadlocks in the child.
  pid = os.fork()

[2025-12-12T15:23:39.440+0000] {standard_task_runner.py:72} INFO - Started process 158 to run task
[2025-12-12T15:23:39.439+0000] {standard_task_runner.py:104} INFO - Running: ['***', 'tasks', 'run', 'stock_portfolio_pipeline_datafrogs', 'detect_outliers', 'manual__2025-12-12T15:18:47.453240+00:00', '--job-id', '47', '--raw', '--subdir', 'DAGS_FOLDER/***.py', '--cfg-path', '/tmp/tmp7jjhca6s']
[2025-12-12T15:23:39.442+0000] {standard_task_runner.py:105} INFO - Job 47: Subtask detect_outliers
[2025-12-12T15:23:39.504+0000] {task_command.py:467} INFO - Running <TaskInstance: stock_portfolio_pipeline_datafrogs.detect_outliers manual__2025-12-12T15:18:47.453240+00:00 [running]> on host d05c051355a7
[2025-12-12T15:23:39.585+0000] {taskinstance.py:3132} INFO - Exporting env vars: AIRFLOW_CTX_DAG_OWNER='data_engineering_team' AIRFLOW_CTX_DAG_ID='stock_portfolio_pipeline_datafrogs' AIRFLOW_CTX_TASK_ID='detect_outliers' AIRFLOW_CTX_EXECUTION_DATE='2025-12-12T15:18:47.453240+00:00' AIRFLOW_CTX_TRY_NUMBER='2' AIRFLOW_CTX_DAG_RUN_ID='manual__2025-12-12T15:18:47.453240+00:00'
[2025-12-12T15:23:39.587+0000] {taskinstance.py:731} INFO - ::endgroup::
[2025-12-12T15:23:39.601+0000] {logging_mixin.py:190} INFO - 
--- 2. Handling Outliers ---
[2025-12-12T15:23:39.640+0000] {logging_mixin.py:190} INFO - STK001: 14.286% outliers
[2025-12-12T15:23:39.642+0000] {logging_mixin.py:190} INFO - STK002: 0.000% outliers
[2025-12-12T15:23:39.644+0000] {logging_mixin.py:190} INFO - STK003: 3.770% outliers
[2025-12-12T15:23:39.646+0000] {logging_mixin.py:190} INFO - STK004: 2.778% outliers
[2025-12-12T15:23:39.649+0000] {logging_mixin.py:190} INFO - STK005: 0.000% outliers
[2025-12-12T15:23:39.651+0000] {logging_mixin.py:190} INFO - STK006: 0.000% outliers
[2025-12-12T15:23:39.653+0000] {logging_mixin.py:190} INFO - STK007: 6.349% outliers
[2025-12-12T15:23:39.655+0000] {logging_mixin.py:190} INFO - STK008: 0.000% outliers
[2025-12-12T15:23:39.657+0000] {logging_mixin.py:190} INFO - STK009: 1.190% outliers
[2025-12-12T15:23:39.659+0000] {logging_mixin.py:190} INFO - STK010: 0.000% outliers
[2025-12-12T15:23:39.661+0000] {logging_mixin.py:190} INFO - STK011: 0.198% outliers
[2025-12-12T15:23:39.663+0000] {logging_mixin.py:190} INFO - STK012: 0.000% outliers
[2025-12-12T15:23:39.665+0000] {logging_mixin.py:190} INFO - STK013: 0.000% outliers
[2025-12-12T15:23:39.667+0000] {logging_mixin.py:190} INFO - STK014: 0.198% outliers
[2025-12-12T15:23:39.669+0000] {logging_mixin.py:190} INFO - STK015: 0.000% outliers
[2025-12-12T15:23:39.671+0000] {logging_mixin.py:190} INFO - STK016: 0.000% outliers
[2025-12-12T15:23:39.673+0000] {logging_mixin.py:190} INFO - STK017: 0.000% outliers
[2025-12-12T15:23:39.675+0000] {logging_mixin.py:190} INFO - STK018: 0.000% outliers
[2025-12-12T15:23:39.677+0000] {logging_mixin.py:190} INFO - STK019: 7.341% outliers
[2025-12-12T15:23:39.680+0000] {logging_mixin.py:190} INFO - STK020: 0.397% outliers
[2025-12-12T15:23:39.682+0000] {logging_mixin.py:190} INFO - quantity: 7.650% outliers
[2025-12-12T15:23:39.685+0000] {logging_mixin.py:190} INFO - average_trade_size: 25.250% outliers
[2025-12-12T15:23:39.687+0000] {logging_mixin.py:190} INFO - cumulative_portfolio_value: 10.370% outliers
[2025-12-12T15:23:39.806+0000] {python.py:240} INFO - Done. Returned value was: None
[2025-12-12T15:23:39.816+0000] {taskinstance.py:340} INFO - ::group::Post task execution logs
[2025-12-12T15:23:39.817+0000] {taskinstance.py:352} INFO - Marking task as SUCCESS. dag_id=stock_portfolio_pipeline_datafrogs, task_id=detect_outliers, run_id=manual__2025-12-12T15:18:47.453240+00:00, execution_date=20251212T151847, start_date=20251212T152339, end_date=20251212T152339
[2025-12-12T15:23:39.856+0000] {local_task_job_runner.py:266} INFO - Task exited with return code 0
[2025-12-12T15:23:39.874+0000] {taskinstance.py:3895} INFO - 1 downstream tasks scheduled from follow-on schedule check
[2025-12-12T15:23:39.876+0000] {local_task_job_runner.py:245} INFO - ::endgroup::
