[2025-12-13T17:57:13.025+0000] {local_task_job_runner.py:123} INFO - ::group::Pre task execution logs
[2025-12-13T17:57:13.045+0000] {taskinstance.py:2613} INFO - Dependencies all met for dep_context=non-requeueable deps ti=<TaskInstance: stock_portfolio_pipeline_datafrogs.save_final_to_postgres manual__2025-12-13T17:51:02.667371+00:00 [queued]>
[2025-12-13T17:57:13.051+0000] {taskinstance.py:2613} INFO - Dependencies all met for dep_context=requeueable deps ti=<TaskInstance: stock_portfolio_pipeline_datafrogs.save_final_to_postgres manual__2025-12-13T17:51:02.667371+00:00 [queued]>
[2025-12-13T17:57:13.051+0000] {taskinstance.py:2866} INFO - Starting attempt 1 of 2
[2025-12-13T17:57:13.058+0000] {taskinstance.py:2889} INFO - Executing <Task(PythonOperator): save_final_to_postgres> on 2025-12-13 17:51:02.667371+00:00
[2025-12-13T17:57:13.079+0000] {warnings.py:112} WARNING - /home/***/.local/lib/python3.12/site-packages/***/task/task_runner/standard_task_runner.py:70: DeprecationWarning: This process (pid=890) is multi-threaded, use of fork() may lead to deadlocks in the child.
  pid = os.fork()

[2025-12-13T17:57:13.082+0000] {standard_task_runner.py:72} INFO - Started process 895 to run task
[2025-12-13T17:57:13.080+0000] {standard_task_runner.py:104} INFO - Running: ['***', 'tasks', 'run', 'stock_portfolio_pipeline_datafrogs', 'save_final_to_postgres', 'manual__2025-12-13T17:51:02.667371+00:00', '--job-id', '93', '--raw', '--subdir', 'DAGS_FOLDER/***.py', '--cfg-path', '/tmp/tmpwb_avbn_']
[2025-12-13T17:57:13.084+0000] {standard_task_runner.py:105} INFO - Job 93: Subtask save_final_to_postgres
[2025-12-13T17:57:13.138+0000] {task_command.py:467} INFO - Running <TaskInstance: stock_portfolio_pipeline_datafrogs.save_final_to_postgres manual__2025-12-13T17:51:02.667371+00:00 [running]> on host 686b42cad89b
[2025-12-13T17:57:13.210+0000] {taskinstance.py:3132} INFO - Exporting env vars: AIRFLOW_CTX_DAG_OWNER='data_engineering_team' AIRFLOW_CTX_DAG_ID='stock_portfolio_pipeline_datafrogs' AIRFLOW_CTX_TASK_ID='save_final_to_postgres' AIRFLOW_CTX_EXECUTION_DATE='2025-12-13T17:51:02.667371+00:00' AIRFLOW_CTX_TRY_NUMBER='1' AIRFLOW_CTX_DAG_RUN_ID='manual__2025-12-13T17:51:02.667371+00:00'
[2025-12-13T17:57:13.211+0000] {taskinstance.py:731} INFO - ::endgroup::
[2025-12-13T17:57:13.565+0000] {logging_mixin.py:190} INFO - Error creating database: could not translate host name "pgdatabase" to address: Name or service not known
[2025-12-13T17:57:13.582+0000] {logging_mixin.py:190} INFO - Error: (psycopg2.OperationalError) could not translate host name "pgdatabase" to address: Name or service not known

(Background on this error at: https://sqlalche.me/e/14/e3q8)
[2025-12-13T17:57:13.583+0000] {python.py:240} INFO - Done. Returned value was: None
[2025-12-13T17:57:13.610+0000] {taskinstance.py:340} INFO - ::group::Post task execution logs
[2025-12-13T17:57:13.611+0000] {taskinstance.py:352} INFO - Marking task as SUCCESS. dag_id=stock_portfolio_pipeline_datafrogs, task_id=save_final_to_postgres, run_id=manual__2025-12-13T17:51:02.667371+00:00, execution_date=20251213T175102, start_date=20251213T175713, end_date=20251213T175713
[2025-12-13T17:57:13.659+0000] {local_task_job_runner.py:266} INFO - Task exited with return code 0
[2025-12-13T17:57:13.688+0000] {taskinstance.py:3895} INFO - 0 downstream tasks scheduled from follow-on schedule check
[2025-12-13T17:57:13.689+0000] {local_task_job_runner.py:245} INFO - ::endgroup::
