[2025-12-14T08:15:44.250+0000] {local_task_job_runner.py:123} INFO - ::group::Pre task execution logs
[2025-12-14T08:15:44.508+0000] {taskinstance.py:2613} INFO - Dependencies all met for dep_context=non-requeueable deps ti=<TaskInstance: stock_portfolio_pipeline_datafrogs.detect_outliers manual__2025-12-14T08:15:30.314370+00:00 [queued]>
[2025-12-14T08:15:44.665+0000] {taskinstance.py:2613} INFO - Dependencies all met for dep_context=requeueable deps ti=<TaskInstance: stock_portfolio_pipeline_datafrogs.detect_outliers manual__2025-12-14T08:15:30.314370+00:00 [queued]>
[2025-12-14T08:15:44.667+0000] {taskinstance.py:2866} INFO - Starting attempt 1 of 2
[2025-12-14T08:15:44.834+0000] {taskinstance.py:2889} INFO - Executing <Task(PythonOperator): detect_outliers> on 2025-12-14 08:15:30.314370+00:00
[2025-12-14T08:15:44.880+0000] {warnings.py:112} WARNING - /home/***/.local/lib/python3.12/site-packages/***/task/task_runner/standard_task_runner.py:70: DeprecationWarning: This process (pid=167) is multi-threaded, use of fork() may lead to deadlocks in the child.
  pid = os.fork()

[2025-12-14T08:15:44.893+0000] {standard_task_runner.py:72} INFO - Started process 221 to run task
[2025-12-14T08:15:44.933+0000] {standard_task_runner.py:104} INFO - Running: ['***', 'tasks', 'run', 'stock_portfolio_pipeline_datafrogs', 'detect_outliers', 'manual__2025-12-14T08:15:30.314370+00:00', '--job-id', '469', '--raw', '--subdir', 'DAGS_FOLDER/***.py', '--cfg-path', '/tmp/tmpupwnu5z3']
[2025-12-14T08:15:44.970+0000] {standard_task_runner.py:105} INFO - Job 469: Subtask detect_outliers
[2025-12-14T08:15:45.422+0000] {task_command.py:467} INFO - Running <TaskInstance: stock_portfolio_pipeline_datafrogs.detect_outliers manual__2025-12-14T08:15:30.314370+00:00 [running]> on host cefd55ca9f9f
[2025-12-14T08:16:01.407+0000] {job.py:229} INFO - Heartbeat recovered after 17.78 seconds
[2025-12-14T08:16:02.520+0000] {taskinstance.py:3132} INFO - Exporting env vars: AIRFLOW_CTX_DAG_OWNER='data_engineering_team' AIRFLOW_CTX_DAG_ID='stock_portfolio_pipeline_datafrogs' AIRFLOW_CTX_TASK_ID='detect_outliers' AIRFLOW_CTX_EXECUTION_DATE='2025-12-14T08:15:30.314370+00:00' AIRFLOW_CTX_TRY_NUMBER='1' AIRFLOW_CTX_DAG_RUN_ID='manual__2025-12-14T08:15:30.314370+00:00'
[2025-12-14T08:16:02.609+0000] {taskinstance.py:731} INFO - ::endgroup::
[2025-12-14T08:16:03.702+0000] {logging_mixin.py:190} INFO - 
--- 2. Handling Outliers ---
[2025-12-14T08:16:04.710+0000] {logging_mixin.py:190} INFO - STK001: 15.476% outliers
[2025-12-14T08:16:04.733+0000] {logging_mixin.py:190} INFO - STK002: 0.000% outliers
[2025-12-14T08:16:04.744+0000] {logging_mixin.py:190} INFO - STK003: 3.770% outliers
[2025-12-14T08:16:04.771+0000] {logging_mixin.py:190} INFO - STK004: 2.778% outliers
[2025-12-14T08:16:04.778+0000] {logging_mixin.py:190} INFO - STK005: 0.000% outliers
[2025-12-14T08:16:04.786+0000] {logging_mixin.py:190} INFO - STK006: 0.000% outliers
[2025-12-14T08:16:04.799+0000] {logging_mixin.py:190} INFO - STK007: 6.349% outliers
[2025-12-14T08:16:04.804+0000] {logging_mixin.py:190} INFO - STK008: 0.000% outliers
[2025-12-14T08:16:04.807+0000] {logging_mixin.py:190} INFO - STK009: 1.190% outliers
[2025-12-14T08:16:04.809+0000] {logging_mixin.py:190} INFO - STK010: 0.000% outliers
[2025-12-14T08:16:04.812+0000] {logging_mixin.py:190} INFO - STK011: 0.198% outliers
[2025-12-14T08:16:04.817+0000] {logging_mixin.py:190} INFO - STK012: 0.000% outliers
[2025-12-14T08:16:04.819+0000] {logging_mixin.py:190} INFO - STK013: 0.000% outliers
[2025-12-14T08:16:04.823+0000] {logging_mixin.py:190} INFO - STK014: 0.198% outliers
[2025-12-14T08:16:04.841+0000] {logging_mixin.py:190} INFO - STK015: 0.000% outliers
[2025-12-14T08:16:04.845+0000] {logging_mixin.py:190} INFO - STK016: 0.000% outliers
[2025-12-14T08:16:04.851+0000] {logging_mixin.py:190} INFO - STK017: 0.000% outliers
[2025-12-14T08:16:04.864+0000] {logging_mixin.py:190} INFO - STK018: 0.000% outliers
[2025-12-14T08:16:04.869+0000] {logging_mixin.py:190} INFO - STK019: 7.341% outliers
[2025-12-14T08:16:04.878+0000] {logging_mixin.py:190} INFO - STK020: 0.397% outliers
[2025-12-14T08:16:04.885+0000] {logging_mixin.py:190} INFO - quantity: 7.650% outliers
[2025-12-14T08:16:04.890+0000] {logging_mixin.py:190} INFO - average_trade_size: 25.250% outliers
[2025-12-14T08:16:04.894+0000] {logging_mixin.py:190} INFO - cumulative_portfolio_value: 10.370% outliers
[2025-12-14T08:16:05.126+0000] {python.py:240} INFO - Done. Returned value was: None
[2025-12-14T08:16:05.206+0000] {taskinstance.py:340} INFO - ::group::Post task execution logs
[2025-12-14T08:16:05.207+0000] {taskinstance.py:352} INFO - Marking task as SUCCESS. dag_id=stock_portfolio_pipeline_datafrogs, task_id=detect_outliers, run_id=manual__2025-12-14T08:15:30.314370+00:00, execution_date=20251214T081530, start_date=20251214T081544, end_date=20251214T081605
[2025-12-14T08:16:05.316+0000] {local_task_job_runner.py:266} INFO - Task exited with return code 0
[2025-12-14T08:16:05.386+0000] {local_task_job_runner.py:245} INFO - ::endgroup::
