[2025-12-13T17:55:10.332+0000] {local_task_job_runner.py:123} INFO - ::group::Pre task execution logs
[2025-12-13T17:55:10.345+0000] {taskinstance.py:2613} INFO - Dependencies all met for dep_context=non-requeueable deps ti=<TaskInstance: stock_portfolio_pipeline_datafrogs.encode_categorical_data manual__2025-12-13T17:54:17.484782+00:00 [queued]>
[2025-12-13T17:55:10.353+0000] {taskinstance.py:2613} INFO - Dependencies all met for dep_context=requeueable deps ti=<TaskInstance: stock_portfolio_pipeline_datafrogs.encode_categorical_data manual__2025-12-13T17:54:17.484782+00:00 [queued]>
[2025-12-13T17:55:10.353+0000] {taskinstance.py:2866} INFO - Starting attempt 1 of 2
[2025-12-13T17:55:10.368+0000] {taskinstance.py:2889} INFO - Executing <Task(PythonOperator): encode_categorical_data> on 2025-12-13 17:54:17.484782+00:00
[2025-12-13T17:55:10.379+0000] {warnings.py:112} WARNING - /home/***/.local/lib/python3.12/site-packages/***/task/task_runner/standard_task_runner.py:70: DeprecationWarning: This process (pid=772) is multi-threaded, use of fork() may lead to deadlocks in the child.
  pid = os.fork()

[2025-12-13T17:55:10.381+0000] {standard_task_runner.py:72} INFO - Started process 831 to run task
[2025-12-13T17:55:10.383+0000] {standard_task_runner.py:104} INFO - Running: ['***', 'tasks', 'run', 'stock_portfolio_pipeline_datafrogs', 'encode_categorical_data', 'manual__2025-12-13T17:54:17.484782+00:00', '--job-id', '92', '--raw', '--subdir', 'DAGS_FOLDER/***.py', '--cfg-path', '/tmp/tmp6hba9w91']
[2025-12-13T17:55:10.387+0000] {standard_task_runner.py:105} INFO - Job 92: Subtask encode_categorical_data
[2025-12-13T17:55:10.469+0000] {task_command.py:467} INFO - Running <TaskInstance: stock_portfolio_pipeline_datafrogs.encode_categorical_data manual__2025-12-13T17:54:17.484782+00:00 [running]> on host 686b42cad89b
[2025-12-13T17:55:10.763+0000] {taskinstance.py:3132} INFO - Exporting env vars: AIRFLOW_CTX_DAG_OWNER='data_engineering_team' AIRFLOW_CTX_DAG_ID='stock_portfolio_pipeline_datafrogs' AIRFLOW_CTX_TASK_ID='encode_categorical_data' AIRFLOW_CTX_EXECUTION_DATE='2025-12-13T17:54:17.484782+00:00' AIRFLOW_CTX_TRY_NUMBER='1' AIRFLOW_CTX_DAG_RUN_ID='manual__2025-12-13T17:54:17.484782+00:00'
[2025-12-13T17:55:10.766+0000] {taskinstance.py:731} INFO - ::endgroup::
[2025-12-13T17:56:05.747+0000] {job.py:229} INFO - Heartbeat recovered after 55.44 seconds
[2025-12-13T17:56:07.577+0000] {logging_mixin.py:190} INFO -     Column Name  ...                                      Encoded Value
0      day_name  ...                                    [0, 1, 2, 3, 4]
1  stock_ticker  ...  [0, 1, 2, 3, 4, 5, 6, 7, 8, 9, 10, 11, 12, 13,...
2    is_weekend  ...                                             [0, 1]
3    is_holiday  ...                                             [0, 1]

[4 rows x 3 columns]
[2025-12-13T17:56:07.641+0000] {python.py:240} INFO - Done. Returned value was: None
[2025-12-13T17:56:08.043+0000] {taskinstance.py:340} INFO - ::group::Post task execution logs
[2025-12-13T17:56:08.048+0000] {taskinstance.py:352} INFO - Marking task as SUCCESS. dag_id=stock_portfolio_pipeline_datafrogs, task_id=encode_categorical_data, run_id=manual__2025-12-13T17:54:17.484782+00:00, execution_date=20251213T175417, start_date=20251213T175510, end_date=20251213T175608
[2025-12-13T17:56:08.279+0000] {local_task_job_runner.py:266} INFO - Task exited with return code 0
[2025-12-13T17:56:08.502+0000] {local_task_job_runner.py:245} INFO - ::endgroup::
