[2025-12-12T20:22:30.690+0000] {local_task_job_runner.py:123} INFO - ::group::Pre task execution logs
[2025-12-12T20:22:30.730+0000] {taskinstance.py:2613} INFO - Dependencies all met for dep_context=non-requeueable deps ti=<TaskInstance: stock_portfolio_pipeline_datafrogs.prepare_streaming_data manual__2025-12-12T20:22:26.339885+00:00 [queued]>
[2025-12-12T20:22:30.744+0000] {taskinstance.py:2613} INFO - Dependencies all met for dep_context=requeueable deps ti=<TaskInstance: stock_portfolio_pipeline_datafrogs.prepare_streaming_data manual__2025-12-12T20:22:26.339885+00:00 [queued]>
[2025-12-12T20:22:30.745+0000] {taskinstance.py:2866} INFO - Starting attempt 1 of 2
[2025-12-12T20:22:30.760+0000] {taskinstance.py:2889} INFO - Executing <Task(PythonOperator): prepare_streaming_data> on 2025-12-12 20:22:26.339885+00:00
[2025-12-12T20:22:30.774+0000] {warnings.py:112} WARNING - /home/***/.local/lib/python3.12/site-packages/***/task/task_runner/standard_task_runner.py:70: DeprecationWarning: This process (pid=79) is multi-threaded, use of fork() may lead to deadlocks in the child.
  pid = os.fork()

[2025-12-12T20:22:30.778+0000] {standard_task_runner.py:72} INFO - Started process 122 to run task
[2025-12-12T20:22:30.778+0000] {standard_task_runner.py:104} INFO - Running: ['***', 'tasks', 'run', 'stock_portfolio_pipeline_datafrogs', 'prepare_streaming_data', 'manual__2025-12-12T20:22:26.339885+00:00', '--job-id', '136', '--raw', '--subdir', 'DAGS_FOLDER/***.py', '--cfg-path', '/tmp/tmpij242evb']
[2025-12-12T20:22:30.782+0000] {standard_task_runner.py:105} INFO - Job 136: Subtask prepare_streaming_data
[2025-12-12T20:22:30.859+0000] {task_command.py:467} INFO - Running <TaskInstance: stock_portfolio_pipeline_datafrogs.prepare_streaming_data manual__2025-12-12T20:22:26.339885+00:00 [running]> on host 98619c145e51
[2025-12-12T20:22:30.965+0000] {taskinstance.py:3132} INFO - Exporting env vars: AIRFLOW_CTX_DAG_OWNER='data_engineering_team' AIRFLOW_CTX_DAG_ID='stock_portfolio_pipeline_datafrogs' AIRFLOW_CTX_TASK_ID='prepare_streaming_data' AIRFLOW_CTX_EXECUTION_DATE='2025-12-12T20:22:26.339885+00:00' AIRFLOW_CTX_TRY_NUMBER='1' AIRFLOW_CTX_DAG_RUN_ID='manual__2025-12-12T20:22:26.339885+00:00'
[2025-12-12T20:22:30.966+0000] {taskinstance.py:731} INFO - ::endgroup::
[2025-12-12T20:22:31.056+0000] {logging_mixin.py:190} INFO - dataframe length 10000
[2025-12-12T20:22:31.060+0000] {logging_mixin.py:190} INFO - streaming length 500
[2025-12-12T20:22:31.064+0000] {logging_mixin.py:190} INFO - remaining encoded length 9500
[2025-12-12T20:22:31.299+0000] {python.py:240} INFO - Done. Returned value was: None
[2025-12-12T20:22:31.312+0000] {taskinstance.py:340} INFO - ::group::Post task execution logs
[2025-12-12T20:22:31.312+0000] {taskinstance.py:352} INFO - Marking task as SUCCESS. dag_id=stock_portfolio_pipeline_datafrogs, task_id=prepare_streaming_data, run_id=manual__2025-12-12T20:22:26.339885+00:00, execution_date=20251212T202226, start_date=20251212T202230, end_date=20251212T202231
[2025-12-12T20:22:31.359+0000] {local_task_job_runner.py:266} INFO - Task exited with return code 0
[2025-12-12T20:22:31.383+0000] {taskinstance.py:3895} INFO - 1 downstream tasks scheduled from follow-on schedule check
[2025-12-12T20:22:31.385+0000] {local_task_job_runner.py:245} INFO - ::endgroup::
