[2025-12-14T14:11:49.367+0000] {local_task_job_runner.py:123} INFO - ::group::Pre task execution logs
[2025-12-14T14:11:49.374+0000] {taskinstance.py:2613} INFO - Dependencies all met for dep_context=non-requeueable deps ti=<TaskInstance: stock_portfolio_pipeline_datafrogs.start_visualization_service manual__2025-12-14T14:11:15.246631+00:00 [queued]>
[2025-12-14T14:11:49.378+0000] {taskinstance.py:2613} INFO - Dependencies all met for dep_context=requeueable deps ti=<TaskInstance: stock_portfolio_pipeline_datafrogs.start_visualization_service manual__2025-12-14T14:11:15.246631+00:00 [queued]>
[2025-12-14T14:11:49.378+0000] {taskinstance.py:2866} INFO - Starting attempt 1 of 2
[2025-12-14T14:11:49.384+0000] {taskinstance.py:2889} INFO - Executing <Task(BashOperator): start_visualization_service> on 2025-12-14 14:11:15.246631+00:00
[2025-12-14T14:11:49.395+0000] {warnings.py:112} WARNING - /home/***/.local/lib/python3.12/site-packages/***/task/task_runner/standard_task_runner.py:70: DeprecationWarning: This process (pid=745) is multi-threaded, use of fork() may lead to deadlocks in the child.
  pid = os.fork()

[2025-12-14T14:11:49.397+0000] {standard_task_runner.py:72} INFO - Started process 750 to run task
[2025-12-14T14:11:49.401+0000] {standard_task_runner.py:104} INFO - Running: ['***', 'tasks', 'run', 'stock_portfolio_pipeline_datafrogs', 'start_visualization_service', 'manual__2025-12-14T14:11:15.246631+00:00', '--job-id', '475', '--raw', '--subdir', 'DAGS_FOLDER/***.py', '--cfg-path', '/tmp/tmp3gtu9x2a']
[2025-12-14T14:11:49.403+0000] {standard_task_runner.py:105} INFO - Job 475: Subtask start_visualization_service
[2025-12-14T14:11:49.447+0000] {task_command.py:467} INFO - Running <TaskInstance: stock_portfolio_pipeline_datafrogs.start_visualization_service manual__2025-12-14T14:11:15.246631+00:00 [running]> on host 39379ec8de24
[2025-12-14T14:11:49.491+0000] {taskinstance.py:3132} INFO - Exporting env vars: AIRFLOW_CTX_DAG_OWNER='data_engineering_team' AIRFLOW_CTX_DAG_ID='stock_portfolio_pipeline_datafrogs' AIRFLOW_CTX_TASK_ID='start_visualization_service' AIRFLOW_CTX_EXECUTION_DATE='2025-12-14T14:11:15.246631+00:00' AIRFLOW_CTX_TRY_NUMBER='1' AIRFLOW_CTX_DAG_RUN_ID='manual__2025-12-14T14:11:15.246631+00:00'
[2025-12-14T14:11:49.492+0000] {taskinstance.py:731} INFO - ::endgroup::
[2025-12-14T14:11:49.501+0000] {subprocess.py:78} INFO - Tmp dir root location: /tmp
[2025-12-14T14:11:49.501+0000] {subprocess.py:88} INFO - Running command: ['/usr/bin/bash', '-c', 'streamlit run /opt/***/scripts/dashboard.py --server.port 8501 --server.address 0.0.0.0']
[2025-12-14T14:11:49.515+0000] {subprocess.py:99} INFO - Output:
[2025-12-14T14:11:50.195+0000] {subprocess.py:106} INFO - 
[2025-12-14T14:11:50.196+0000] {subprocess.py:106} INFO - Collecting usage statistics. To deactivate, set browser.gatherUsageStats to false.
[2025-12-14T14:11:50.196+0000] {subprocess.py:106} INFO - 
[2025-12-14T14:11:50.673+0000] {subprocess.py:106} INFO - 
[2025-12-14T14:11:50.675+0000] {subprocess.py:106} INFO -   You can now view your Streamlit app in your browser.
[2025-12-14T14:11:50.676+0000] {subprocess.py:106} INFO - 
[2025-12-14T14:11:50.676+0000] {subprocess.py:106} INFO -   URL: http://0.0.0.0:8501
[2025-12-14T14:11:50.677+0000] {subprocess.py:106} INFO - 
