[2025-12-14T12:07:38.849+0000] {local_task_job_runner.py:123} INFO - ::group::Pre task execution logs
[2025-12-14T12:07:38.856+0000] {taskinstance.py:2613} INFO - Dependencies all met for dep_context=non-requeueable deps ti=<TaskInstance: stock_portfolio_pipeline_datafrogs.integrate_datasets manual__2025-12-14T12:00:39.630043+00:00 [queued]>
[2025-12-14T12:07:38.859+0000] {taskinstance.py:2613} INFO - Dependencies all met for dep_context=requeueable deps ti=<TaskInstance: stock_portfolio_pipeline_datafrogs.integrate_datasets manual__2025-12-14T12:00:39.630043+00:00 [queued]>
[2025-12-14T12:07:38.859+0000] {taskinstance.py:2866} INFO - Starting attempt 1 of 2
[2025-12-14T12:07:38.865+0000] {taskinstance.py:2889} INFO - Executing <Task(PythonOperator): integrate_datasets> on 2025-12-14 12:00:39.630043+00:00
[2025-12-14T12:07:38.871+0000] {warnings.py:112} WARNING - /home/***/.local/lib/python3.12/site-packages/***/task/task_runner/standard_task_runner.py:70: DeprecationWarning: This process (pid=4887) is multi-threaded, use of fork() may lead to deadlocks in the child.
  pid = os.fork()

[2025-12-14T12:07:38.872+0000] {standard_task_runner.py:72} INFO - Started process 4893 to run task
[2025-12-14T12:07:38.873+0000] {standard_task_runner.py:104} INFO - Running: ['***', 'tasks', 'run', 'stock_portfolio_pipeline_datafrogs', 'integrate_datasets', 'manual__2025-12-14T12:00:39.630043+00:00', '--job-id', '301', '--raw', '--subdir', 'DAGS_FOLDER/***.py', '--cfg-path', '/tmp/tmp1z9bexns']
[2025-12-14T12:07:38.875+0000] {standard_task_runner.py:105} INFO - Job 301: Subtask integrate_datasets
[2025-12-14T12:07:38.899+0000] {task_command.py:467} INFO - Running <TaskInstance: stock_portfolio_pipeline_datafrogs.integrate_datasets manual__2025-12-14T12:00:39.630043+00:00 [running]> on host 79a4b2d0a09e
[2025-12-14T12:07:38.941+0000] {taskinstance.py:3132} INFO - Exporting env vars: AIRFLOW_CTX_DAG_OWNER='data_engineering_team' AIRFLOW_CTX_DAG_ID='stock_portfolio_pipeline_datafrogs' AIRFLOW_CTX_TASK_ID='integrate_datasets' AIRFLOW_CTX_EXECUTION_DATE='2025-12-14T12:00:39.630043+00:00' AIRFLOW_CTX_TRY_NUMBER='1' AIRFLOW_CTX_DAG_RUN_ID='manual__2025-12-14T12:00:39.630043+00:00'
[2025-12-14T12:07:38.942+0000] {taskinstance.py:731} INFO - ::endgroup::
[2025-12-14T12:07:38.948+0000] {logging_mixin.py:190} INFO - 
--- 3. Merging Datasets ---
[2025-12-14T12:07:38.985+0000] {logging_mixin.py:190} INFO -  Final merged DataFrame created with 10000 rows and 16 columns.
[2025-12-14T12:07:39.050+0000] {python.py:240} INFO - Done. Returned value was: None
[2025-12-14T12:07:39.056+0000] {taskinstance.py:340} INFO - ::group::Post task execution logs
[2025-12-14T12:07:39.056+0000] {taskinstance.py:352} INFO - Marking task as SUCCESS. dag_id=stock_portfolio_pipeline_datafrogs, task_id=integrate_datasets, run_id=manual__2025-12-14T12:00:39.630043+00:00, execution_date=20251214T120039, start_date=20251214T120738, end_date=20251214T120739
[2025-12-14T12:07:39.087+0000] {local_task_job_runner.py:266} INFO - Task exited with return code 0
[2025-12-14T12:07:39.104+0000] {taskinstance.py:3895} INFO - 1 downstream tasks scheduled from follow-on schedule check
[2025-12-14T12:07:39.105+0000] {local_task_job_runner.py:245} INFO - ::endgroup::
