[2025-12-14T14:39:38.477+0000] {local_task_job_runner.py:123} INFO - ::group::Pre task execution logs
[2025-12-14T14:39:38.807+0000] {taskinstance.py:2613} INFO - Dependencies all met for dep_context=non-requeueable deps ti=<TaskInstance: stock_portfolio_pipeline_datafrogs.detect_outliers manual__2025-12-14T14:38:32.719426+00:00 [queued]>
[2025-12-14T14:39:38.901+0000] {taskinstance.py:2613} INFO - Dependencies all met for dep_context=requeueable deps ti=<TaskInstance: stock_portfolio_pipeline_datafrogs.detect_outliers manual__2025-12-14T14:38:32.719426+00:00 [queued]>
[2025-12-14T14:39:38.922+0000] {taskinstance.py:2866} INFO - Starting attempt 1 of 2
[2025-12-14T14:39:39.482+0000] {taskinstance.py:2889} INFO - Executing <Task(PythonOperator): detect_outliers> on 2025-12-14 14:38:32.719426+00:00
[2025-12-14T14:39:39.795+0000] {warnings.py:112} WARNING - /home/***/.local/lib/python3.12/site-packages/***/task/task_runner/standard_task_runner.py:70: DeprecationWarning: This process (pid=700) is multi-threaded, use of fork() may lead to deadlocks in the child.
  pid = os.fork()

[2025-12-14T14:39:40.041+0000] {standard_task_runner.py:72} INFO - Started process 884 to run task
[2025-12-14T14:39:40.069+0000] {standard_task_runner.py:104} INFO - Running: ['***', 'tasks', 'run', 'stock_portfolio_pipeline_datafrogs', 'detect_outliers', 'manual__2025-12-14T14:38:32.719426+00:00', '--job-id', '497', '--raw', '--subdir', 'DAGS_FOLDER/***.py', '--cfg-path', '/tmp/tmpjmhxfega']
[2025-12-14T14:39:40.229+0000] {standard_task_runner.py:105} INFO - Job 497: Subtask detect_outliers
[2025-12-14T14:39:41.034+0000] {task_command.py:467} INFO - Running <TaskInstance: stock_portfolio_pipeline_datafrogs.detect_outliers manual__2025-12-14T14:38:32.719426+00:00 [running]> on host fa03c3586928
[2025-12-14T14:39:41.456+0000] {taskinstance.py:3132} INFO - Exporting env vars: AIRFLOW_CTX_DAG_OWNER='data_engineering_team' AIRFLOW_CTX_DAG_ID='stock_portfolio_pipeline_datafrogs' AIRFLOW_CTX_TASK_ID='detect_outliers' AIRFLOW_CTX_EXECUTION_DATE='2025-12-14T14:38:32.719426+00:00' AIRFLOW_CTX_TRY_NUMBER='1' AIRFLOW_CTX_DAG_RUN_ID='manual__2025-12-14T14:38:32.719426+00:00'
[2025-12-14T14:39:41.469+0000] {taskinstance.py:731} INFO - ::endgroup::
[2025-12-14T14:39:41.521+0000] {logging_mixin.py:190} INFO - 
--- 2. Handling Outliers ---
[2025-12-14T14:39:41.875+0000] {logging_mixin.py:190} INFO - STK001: 15.476% outliers
[2025-12-14T14:39:41.883+0000] {logging_mixin.py:190} INFO - STK002: 0.000% outliers
[2025-12-14T14:39:41.890+0000] {logging_mixin.py:190} INFO - STK003: 3.770% outliers
[2025-12-14T14:39:41.893+0000] {logging_mixin.py:190} INFO - STK004: 2.778% outliers
[2025-12-14T14:39:41.899+0000] {logging_mixin.py:190} INFO - STK005: 0.000% outliers
[2025-12-14T14:39:41.904+0000] {logging_mixin.py:190} INFO - STK006: 0.000% outliers
[2025-12-14T14:39:41.911+0000] {logging_mixin.py:190} INFO - STK007: 6.349% outliers
[2025-12-14T14:39:41.915+0000] {logging_mixin.py:190} INFO - STK008: 0.000% outliers
[2025-12-14T14:39:41.919+0000] {logging_mixin.py:190} INFO - STK009: 1.190% outliers
[2025-12-14T14:39:41.922+0000] {logging_mixin.py:190} INFO - STK010: 0.000% outliers
[2025-12-14T14:39:41.930+0000] {logging_mixin.py:190} INFO - STK011: 0.198% outliers
[2025-12-14T14:39:41.932+0000] {logging_mixin.py:190} INFO - STK012: 0.000% outliers
[2025-12-14T14:39:41.956+0000] {logging_mixin.py:190} INFO - STK013: 0.000% outliers
[2025-12-14T14:39:41.959+0000] {logging_mixin.py:190} INFO - STK014: 0.198% outliers
[2025-12-14T14:39:41.975+0000] {logging_mixin.py:190} INFO - STK015: 0.000% outliers
[2025-12-14T14:39:41.980+0000] {logging_mixin.py:190} INFO - STK016: 0.000% outliers
[2025-12-14T14:39:41.982+0000] {logging_mixin.py:190} INFO - STK017: 0.000% outliers
[2025-12-14T14:39:41.989+0000] {logging_mixin.py:190} INFO - STK018: 0.000% outliers
[2025-12-14T14:39:42.011+0000] {logging_mixin.py:190} INFO - STK019: 7.341% outliers
[2025-12-14T14:39:42.013+0000] {logging_mixin.py:190} INFO - STK020: 0.397% outliers
[2025-12-14T14:39:42.025+0000] {logging_mixin.py:190} INFO - quantity: 7.650% outliers
[2025-12-14T14:39:42.029+0000] {logging_mixin.py:190} INFO - average_trade_size: 25.250% outliers
[2025-12-14T14:39:42.042+0000] {logging_mixin.py:190} INFO - cumulative_portfolio_value: 10.370% outliers
[2025-12-14T14:39:42.440+0000] {python.py:240} INFO - Done. Returned value was: None
[2025-12-14T14:39:42.575+0000] {taskinstance.py:340} INFO - ::group::Post task execution logs
[2025-12-14T14:39:42.579+0000] {taskinstance.py:352} INFO - Marking task as SUCCESS. dag_id=stock_portfolio_pipeline_datafrogs, task_id=detect_outliers, run_id=manual__2025-12-14T14:38:32.719426+00:00, execution_date=20251214T143832, start_date=20251214T143938, end_date=20251214T143942
[2025-12-14T14:39:42.787+0000] {local_task_job_runner.py:266} INFO - Task exited with return code 0
[2025-12-14T14:39:42.969+0000] {taskinstance.py:3895} INFO - 0 downstream tasks scheduled from follow-on schedule check
[2025-12-14T14:39:42.981+0000] {local_task_job_runner.py:245} INFO - ::endgroup::
