[2025-12-13T16:33:49.105+0000] {local_task_job_runner.py:123} INFO - ::group::Pre task execution logs
[2025-12-13T16:33:49.118+0000] {taskinstance.py:2613} INFO - Dependencies all met for dep_context=non-requeueable deps ti=<TaskInstance: stock_portfolio_pipeline_datafrogs.detect_outliers manual__2025-12-13T16:33:40.698025+00:00 [queued]>
[2025-12-13T16:33:49.125+0000] {taskinstance.py:2613} INFO - Dependencies all met for dep_context=requeueable deps ti=<TaskInstance: stock_portfolio_pipeline_datafrogs.detect_outliers manual__2025-12-13T16:33:40.698025+00:00 [queued]>
[2025-12-13T16:33:49.126+0000] {taskinstance.py:2866} INFO - Starting attempt 1 of 2
[2025-12-13T16:33:49.137+0000] {taskinstance.py:2889} INFO - Executing <Task(PythonOperator): detect_outliers> on 2025-12-13 16:33:40.698025+00:00
[2025-12-13T16:33:49.145+0000] {warnings.py:112} WARNING - /home/***/.local/lib/python3.12/site-packages/***/task/task_runner/standard_task_runner.py:70: DeprecationWarning: This process (pid=561) is multi-threaded, use of fork() may lead to deadlocks in the child.
  pid = os.fork()

[2025-12-13T16:33:49.146+0000] {standard_task_runner.py:72} INFO - Started process 580 to run task
[2025-12-13T16:33:49.147+0000] {standard_task_runner.py:104} INFO - Running: ['***', 'tasks', 'run', 'stock_portfolio_pipeline_datafrogs', 'detect_outliers', 'manual__2025-12-13T16:33:40.698025+00:00', '--job-id', '31', '--raw', '--subdir', 'DAGS_FOLDER/***.py', '--cfg-path', '/tmp/tmp77doenkl']
[2025-12-13T16:33:49.149+0000] {standard_task_runner.py:105} INFO - Job 31: Subtask detect_outliers
[2025-12-13T16:33:49.182+0000] {task_command.py:467} INFO - Running <TaskInstance: stock_portfolio_pipeline_datafrogs.detect_outliers manual__2025-12-13T16:33:40.698025+00:00 [running]> on host 4ed43adab64d
[2025-12-13T16:33:49.232+0000] {taskinstance.py:3132} INFO - Exporting env vars: AIRFLOW_CTX_DAG_OWNER='data_engineering_team' AIRFLOW_CTX_DAG_ID='stock_portfolio_pipeline_datafrogs' AIRFLOW_CTX_TASK_ID='detect_outliers' AIRFLOW_CTX_EXECUTION_DATE='2025-12-13T16:33:40.698025+00:00' AIRFLOW_CTX_TRY_NUMBER='1' AIRFLOW_CTX_DAG_RUN_ID='manual__2025-12-13T16:33:40.698025+00:00'
[2025-12-13T16:33:49.233+0000] {taskinstance.py:731} INFO - ::endgroup::
[2025-12-13T16:33:49.251+0000] {logging_mixin.py:190} INFO - 
--- 2. Handling Outliers ---
[2025-12-13T16:33:49.280+0000] {logging_mixin.py:190} INFO - STK001: 15.476% outliers
[2025-12-13T16:33:49.283+0000] {logging_mixin.py:190} INFO - STK002: 0.000% outliers
[2025-12-13T16:33:49.284+0000] {logging_mixin.py:190} INFO - STK003: 3.770% outliers
[2025-12-13T16:33:49.286+0000] {logging_mixin.py:190} INFO - STK004: 2.778% outliers
[2025-12-13T16:33:49.286+0000] {logging_mixin.py:190} INFO - STK005: 0.000% outliers
[2025-12-13T16:33:49.287+0000] {logging_mixin.py:190} INFO - STK006: 0.000% outliers
[2025-12-13T16:33:49.289+0000] {logging_mixin.py:190} INFO - STK007: 6.349% outliers
[2025-12-13T16:33:49.290+0000] {logging_mixin.py:190} INFO - STK008: 0.000% outliers
[2025-12-13T16:33:49.291+0000] {logging_mixin.py:190} INFO - STK009: 1.190% outliers
[2025-12-13T16:33:49.292+0000] {logging_mixin.py:190} INFO - STK010: 0.000% outliers
[2025-12-13T16:33:49.293+0000] {logging_mixin.py:190} INFO - STK011: 0.198% outliers
[2025-12-13T16:33:49.294+0000] {logging_mixin.py:190} INFO - STK012: 0.000% outliers
[2025-12-13T16:33:49.295+0000] {logging_mixin.py:190} INFO - STK013: 0.000% outliers
[2025-12-13T16:33:49.296+0000] {logging_mixin.py:190} INFO - STK014: 0.198% outliers
[2025-12-13T16:33:49.297+0000] {logging_mixin.py:190} INFO - STK015: 0.000% outliers
[2025-12-13T16:33:49.303+0000] {logging_mixin.py:190} INFO - STK016: 0.000% outliers
[2025-12-13T16:33:49.309+0000] {logging_mixin.py:190} INFO - STK017: 0.000% outliers
[2025-12-13T16:33:49.313+0000] {logging_mixin.py:190} INFO - STK018: 0.000% outliers
[2025-12-13T16:33:49.569+0000] {logging_mixin.py:190} INFO - STK019: 7.341% outliers
[2025-12-13T16:33:49.571+0000] {logging_mixin.py:190} INFO - STK020: 0.397% outliers
[2025-12-13T16:33:49.573+0000] {logging_mixin.py:190} INFO - quantity: 7.650% outliers
[2025-12-13T16:33:49.574+0000] {logging_mixin.py:190} INFO - average_trade_size: 25.250% outliers
[2025-12-13T16:33:49.576+0000] {logging_mixin.py:190} INFO - cumulative_portfolio_value: 10.370% outliers
[2025-12-13T16:33:49.670+0000] {python.py:240} INFO - Done. Returned value was: None
[2025-12-13T16:33:49.678+0000] {taskinstance.py:340} INFO - ::group::Post task execution logs
[2025-12-13T16:33:49.678+0000] {taskinstance.py:352} INFO - Marking task as SUCCESS. dag_id=stock_portfolio_pipeline_datafrogs, task_id=detect_outliers, run_id=manual__2025-12-13T16:33:40.698025+00:00, execution_date=20251213T163340, start_date=20251213T163349, end_date=20251213T163349
[2025-12-13T16:33:49.726+0000] {local_task_job_runner.py:266} INFO - Task exited with return code 0
[2025-12-13T16:33:49.740+0000] {taskinstance.py:3895} INFO - 1 downstream tasks scheduled from follow-on schedule check
[2025-12-13T16:33:49.742+0000] {local_task_job_runner.py:245} INFO - ::endgroup::
