[2025-12-14T08:10:45.260+0000] {local_task_job_runner.py:123} INFO - ::group::Pre task execution logs
[2025-12-14T08:10:45.274+0000] {taskinstance.py:2613} INFO - Dependencies all met for dep_context=non-requeueable deps ti=<TaskInstance: stock_portfolio_pipeline_datafrogs.prepare_streaming_data manual__2025-12-14T08:10:42.184055+00:00 [queued]>
[2025-12-14T08:10:45.283+0000] {taskinstance.py:2613} INFO - Dependencies all met for dep_context=requeueable deps ti=<TaskInstance: stock_portfolio_pipeline_datafrogs.prepare_streaming_data manual__2025-12-14T08:10:42.184055+00:00 [queued]>
[2025-12-14T08:10:45.283+0000] {taskinstance.py:2866} INFO - Starting attempt 1 of 2
[2025-12-14T08:10:45.294+0000] {taskinstance.py:2889} INFO - Executing <Task(PythonOperator): prepare_streaming_data> on 2025-12-14 08:10:42.184055+00:00
[2025-12-14T08:10:45.307+0000] {warnings.py:112} WARNING - /home/***/.local/lib/python3.12/site-packages/***/task/task_runner/standard_task_runner.py:70: DeprecationWarning: This process (pid=697) is multi-threaded, use of fork() may lead to deadlocks in the child.
  pid = os.fork()

[2025-12-14T08:10:45.308+0000] {standard_task_runner.py:72} INFO - Started process 717 to run task
[2025-12-14T08:10:45.314+0000] {standard_task_runner.py:104} INFO - Running: ['***', 'tasks', 'run', 'stock_portfolio_pipeline_datafrogs', 'prepare_streaming_data', 'manual__2025-12-14T08:10:42.184055+00:00', '--job-id', '451', '--raw', '--subdir', 'DAGS_FOLDER/***.py', '--cfg-path', '/tmp/tmpgosd0meq']
[2025-12-14T08:10:45.318+0000] {standard_task_runner.py:105} INFO - Job 451: Subtask prepare_streaming_data
[2025-12-14T08:10:45.410+0000] {task_command.py:467} INFO - Running <TaskInstance: stock_portfolio_pipeline_datafrogs.prepare_streaming_data manual__2025-12-14T08:10:42.184055+00:00 [running]> on host 2211a8f7907d
[2025-12-14T08:10:45.566+0000] {taskinstance.py:3132} INFO - Exporting env vars: AIRFLOW_CTX_DAG_OWNER='data_engineering_team' AIRFLOW_CTX_DAG_ID='stock_portfolio_pipeline_datafrogs' AIRFLOW_CTX_TASK_ID='prepare_streaming_data' AIRFLOW_CTX_EXECUTION_DATE='2025-12-14T08:10:42.184055+00:00' AIRFLOW_CTX_TRY_NUMBER='1' AIRFLOW_CTX_DAG_RUN_ID='manual__2025-12-14T08:10:42.184055+00:00'
[2025-12-14T08:10:45.567+0000] {taskinstance.py:731} INFO - ::endgroup::
[2025-12-14T08:10:45.620+0000] {logging_mixin.py:190} INFO - dataframe length 10000
[2025-12-14T08:10:45.623+0000] {logging_mixin.py:190} INFO - streaming length 500
[2025-12-14T08:10:45.625+0000] {logging_mixin.py:190} INFO - remaining encoded length 9500
[2025-12-14T08:10:45.725+0000] {python.py:240} INFO - Done. Returned value was: None
[2025-12-14T08:10:45.733+0000] {taskinstance.py:340} INFO - ::group::Post task execution logs
[2025-12-14T08:10:45.734+0000] {taskinstance.py:352} INFO - Marking task as SUCCESS. dag_id=stock_portfolio_pipeline_datafrogs, task_id=prepare_streaming_data, run_id=manual__2025-12-14T08:10:42.184055+00:00, execution_date=20251214T081042, start_date=20251214T081045, end_date=20251214T081045
[2025-12-14T08:10:45.768+0000] {local_task_job_runner.py:266} INFO - Task exited with return code 0
[2025-12-14T08:10:45.790+0000] {taskinstance.py:3895} INFO - 1 downstream tasks scheduled from follow-on schedule check
[2025-12-14T08:10:45.791+0000] {local_task_job_runner.py:245} INFO - ::endgroup::
