[2025-12-13T16:46:38.378+0000] {local_task_job_runner.py:123} INFO - ::group::Pre task execution logs
[2025-12-13T16:46:38.480+0000] {taskinstance.py:2613} INFO - Dependencies all met for dep_context=non-requeueable deps ti=<TaskInstance: stock_portfolio_pipeline_datafrogs.detect_outliers manual__2025-12-13T16:46:24.512714+00:00 [queued]>
[2025-12-13T16:46:38.575+0000] {taskinstance.py:2613} INFO - Dependencies all met for dep_context=requeueable deps ti=<TaskInstance: stock_portfolio_pipeline_datafrogs.detect_outliers manual__2025-12-13T16:46:24.512714+00:00 [queued]>
[2025-12-13T16:46:38.596+0000] {taskinstance.py:2866} INFO - Starting attempt 1 of 2
[2025-12-13T16:46:38.786+0000] {taskinstance.py:2889} INFO - Executing <Task(PythonOperator): detect_outliers> on 2025-12-13 16:46:24.512714+00:00
[2025-12-13T16:46:38.826+0000] {warnings.py:112} WARNING - /home/***/.local/lib/python3.12/site-packages/***/task/task_runner/standard_task_runner.py:70: DeprecationWarning: This process (pid=95) is multi-threaded, use of fork() may lead to deadlocks in the child.
  pid = os.fork()

[2025-12-13T16:46:38.845+0000] {standard_task_runner.py:72} INFO - Started process 120 to run task
[2025-12-13T16:46:38.849+0000] {standard_task_runner.py:104} INFO - Running: ['***', 'tasks', 'run', 'stock_portfolio_pipeline_datafrogs', 'detect_outliers', 'manual__2025-12-13T16:46:24.512714+00:00', '--job-id', '44', '--raw', '--subdir', 'DAGS_FOLDER/***.py', '--cfg-path', '/tmp/tmppwamlpil']
[2025-12-13T16:46:38.859+0000] {standard_task_runner.py:105} INFO - Job 44: Subtask detect_outliers
[2025-12-13T16:46:39.051+0000] {task_command.py:467} INFO - Running <TaskInstance: stock_portfolio_pipeline_datafrogs.detect_outliers manual__2025-12-13T16:46:24.512714+00:00 [running]> on host 7c7e8cfaed77
[2025-12-13T16:46:39.143+0000] {taskinstance.py:3132} INFO - Exporting env vars: AIRFLOW_CTX_DAG_OWNER='data_engineering_team' AIRFLOW_CTX_DAG_ID='stock_portfolio_pipeline_datafrogs' AIRFLOW_CTX_TASK_ID='detect_outliers' AIRFLOW_CTX_EXECUTION_DATE='2025-12-13T16:46:24.512714+00:00' AIRFLOW_CTX_TRY_NUMBER='1' AIRFLOW_CTX_DAG_RUN_ID='manual__2025-12-13T16:46:24.512714+00:00'
[2025-12-13T16:46:39.144+0000] {taskinstance.py:731} INFO - ::endgroup::
[2025-12-13T16:46:39.167+0000] {logging_mixin.py:190} INFO - 
--- 2. Handling Outliers ---
[2025-12-13T16:46:39.235+0000] {logging_mixin.py:190} INFO - STK001: 15.476% outliers
[2025-12-13T16:46:39.237+0000] {logging_mixin.py:190} INFO - STK002: 0.000% outliers
[2025-12-13T16:46:39.238+0000] {logging_mixin.py:190} INFO - STK003: 3.770% outliers
[2025-12-13T16:46:39.241+0000] {logging_mixin.py:190} INFO - STK004: 2.778% outliers
[2025-12-13T16:46:39.243+0000] {logging_mixin.py:190} INFO - STK005: 0.000% outliers
[2025-12-13T16:46:39.245+0000] {logging_mixin.py:190} INFO - STK006: 0.000% outliers
[2025-12-13T16:46:39.248+0000] {logging_mixin.py:190} INFO - STK007: 6.349% outliers
[2025-12-13T16:46:39.250+0000] {logging_mixin.py:190} INFO - STK008: 0.000% outliers
[2025-12-13T16:46:39.253+0000] {logging_mixin.py:190} INFO - STK009: 1.190% outliers
[2025-12-13T16:46:39.254+0000] {logging_mixin.py:190} INFO - STK010: 0.000% outliers
[2025-12-13T16:46:39.255+0000] {logging_mixin.py:190} INFO - STK011: 0.198% outliers
[2025-12-13T16:46:39.257+0000] {logging_mixin.py:190} INFO - STK012: 0.000% outliers
[2025-12-13T16:46:39.258+0000] {logging_mixin.py:190} INFO - STK013: 0.000% outliers
[2025-12-13T16:46:39.259+0000] {logging_mixin.py:190} INFO - STK014: 0.198% outliers
[2025-12-13T16:46:39.261+0000] {logging_mixin.py:190} INFO - STK015: 0.000% outliers
[2025-12-13T16:46:39.262+0000] {logging_mixin.py:190} INFO - STK016: 0.000% outliers
[2025-12-13T16:46:39.263+0000] {logging_mixin.py:190} INFO - STK017: 0.000% outliers
[2025-12-13T16:46:39.264+0000] {logging_mixin.py:190} INFO - STK018: 0.000% outliers
[2025-12-13T16:46:39.961+0000] {logging_mixin.py:190} INFO - STK019: 7.341% outliers
[2025-12-13T16:46:39.964+0000] {logging_mixin.py:190} INFO - STK020: 0.397% outliers
[2025-12-13T16:46:39.966+0000] {logging_mixin.py:190} INFO - quantity: 7.650% outliers
[2025-12-13T16:46:39.970+0000] {logging_mixin.py:190} INFO - average_trade_size: 25.250% outliers
[2025-12-13T16:46:39.971+0000] {logging_mixin.py:190} INFO - cumulative_portfolio_value: 10.370% outliers
[2025-12-13T16:46:40.150+0000] {python.py:240} INFO - Done. Returned value was: None
[2025-12-13T16:46:40.203+0000] {taskinstance.py:340} INFO - ::group::Post task execution logs
[2025-12-13T16:46:40.204+0000] {taskinstance.py:352} INFO - Marking task as SUCCESS. dag_id=stock_portfolio_pipeline_datafrogs, task_id=detect_outliers, run_id=manual__2025-12-13T16:46:24.512714+00:00, execution_date=20251213T164624, start_date=20251213T164638, end_date=20251213T164640
[2025-12-13T16:46:40.316+0000] {local_task_job_runner.py:266} INFO - Task exited with return code 0
[2025-12-13T16:46:40.375+0000] {taskinstance.py:3895} INFO - 1 downstream tasks scheduled from follow-on schedule check
[2025-12-13T16:46:40.377+0000] {local_task_job_runner.py:245} INFO - ::endgroup::
