[2025-12-13T19:56:00.069+0000] {local_task_job_runner.py:123} INFO - ::group::Pre task execution logs
[2025-12-13T19:56:00.080+0000] {taskinstance.py:2613} INFO - Dependencies all met for dep_context=non-requeueable deps ti=<TaskInstance: stock_portfolio_pipeline_datafrogs.integrate_datasets manual__2025-12-13T19:47:22.009225+00:00 [queued]>
[2025-12-13T19:56:00.086+0000] {taskinstance.py:2613} INFO - Dependencies all met for dep_context=requeueable deps ti=<TaskInstance: stock_portfolio_pipeline_datafrogs.integrate_datasets manual__2025-12-13T19:47:22.009225+00:00 [queued]>
[2025-12-13T19:56:00.087+0000] {taskinstance.py:2866} INFO - Starting attempt 1 of 2
[2025-12-13T19:56:00.102+0000] {taskinstance.py:2889} INFO - Executing <Task(PythonOperator): integrate_datasets> on 2025-12-13 19:47:22.009225+00:00
[2025-12-13T19:56:00.111+0000] {warnings.py:112} WARNING - /home/***/.local/lib/python3.12/site-packages/***/task/task_runner/standard_task_runner.py:70: DeprecationWarning: This process (pid=3092) is multi-threaded, use of fork() may lead to deadlocks in the child.
  pid = os.fork()

[2025-12-13T19:56:00.113+0000] {standard_task_runner.py:72} INFO - Started process 3098 to run task
[2025-12-13T19:56:00.124+0000] {standard_task_runner.py:104} INFO - Running: ['***', 'tasks', 'run', 'stock_portfolio_pipeline_datafrogs', 'integrate_datasets', 'manual__2025-12-13T19:47:22.009225+00:00', '--job-id', '248', '--raw', '--subdir', 'DAGS_FOLDER/***.py', '--cfg-path', '/tmp/tmpnqugxrwa']
[2025-12-13T19:56:00.128+0000] {standard_task_runner.py:105} INFO - Job 248: Subtask integrate_datasets
[2025-12-13T19:56:00.236+0000] {task_command.py:467} INFO - Running <TaskInstance: stock_portfolio_pipeline_datafrogs.integrate_datasets manual__2025-12-13T19:47:22.009225+00:00 [running]> on host fc66782e0078
[2025-12-13T19:56:00.294+0000] {taskinstance.py:3132} INFO - Exporting env vars: AIRFLOW_CTX_DAG_OWNER='data_engineering_team' AIRFLOW_CTX_DAG_ID='stock_portfolio_pipeline_datafrogs' AIRFLOW_CTX_TASK_ID='integrate_datasets' AIRFLOW_CTX_EXECUTION_DATE='2025-12-13T19:47:22.009225+00:00' AIRFLOW_CTX_TRY_NUMBER='1' AIRFLOW_CTX_DAG_RUN_ID='manual__2025-12-13T19:47:22.009225+00:00'
[2025-12-13T19:56:00.300+0000] {taskinstance.py:731} INFO - ::endgroup::
[2025-12-13T19:56:00.309+0000] {logging_mixin.py:190} INFO - 
--- 3. Merging Datasets ---
[2025-12-13T19:56:00.402+0000] {logging_mixin.py:190} INFO -  Final merged DataFrame created with 10000 rows and 16 columns.
[2025-12-13T19:56:00.515+0000] {python.py:240} INFO - Done. Returned value was: None
[2025-12-13T19:56:00.528+0000] {taskinstance.py:340} INFO - ::group::Post task execution logs
[2025-12-13T19:56:00.529+0000] {taskinstance.py:352} INFO - Marking task as SUCCESS. dag_id=stock_portfolio_pipeline_datafrogs, task_id=integrate_datasets, run_id=manual__2025-12-13T19:47:22.009225+00:00, execution_date=20251213T194722, start_date=20251213T195600, end_date=20251213T195600
[2025-12-13T19:56:00.585+0000] {local_task_job_runner.py:266} INFO - Task exited with return code 0
[2025-12-13T19:56:00.601+0000] {taskinstance.py:3895} INFO - 1 downstream tasks scheduled from follow-on schedule check
[2025-12-13T19:56:00.603+0000] {local_task_job_runner.py:245} INFO - ::endgroup::
