[2025-12-14T00:05:29.663+0000] {local_task_job_runner.py:123} INFO - ::group::Pre task execution logs
[2025-12-14T00:05:29.672+0000] {taskinstance.py:2613} INFO - Dependencies all met for dep_context=non-requeueable deps ti=<TaskInstance: stock_portfolio_pipeline_datafrogs.load_to_postgres scheduled__2025-12-13T00:00:00+00:00 [queued]>
[2025-12-14T00:05:29.676+0000] {taskinstance.py:2613} INFO - Dependencies all met for dep_context=requeueable deps ti=<TaskInstance: stock_portfolio_pipeline_datafrogs.load_to_postgres scheduled__2025-12-13T00:00:00+00:00 [queued]>
[2025-12-14T00:05:29.677+0000] {taskinstance.py:2866} INFO - Starting attempt 1 of 2
[2025-12-14T00:05:29.683+0000] {taskinstance.py:2889} INFO - Executing <Task(PythonOperator): load_to_postgres> on 2025-12-13 00:00:00+00:00
[2025-12-14T00:05:29.692+0000] {warnings.py:112} WARNING - /home/***/.local/lib/python3.12/site-packages/***/task/task_runner/standard_task_runner.py:70: DeprecationWarning: This process (pid=3148) is multi-threaded, use of fork() may lead to deadlocks in the child.
  pid = os.fork()

[2025-12-14T00:05:29.693+0000] {standard_task_runner.py:72} INFO - Started process 3153 to run task
[2025-12-14T00:05:29.694+0000] {standard_task_runner.py:104} INFO - Running: ['***', 'tasks', 'run', 'stock_portfolio_pipeline_datafrogs', 'load_to_postgres', 'scheduled__2025-12-13T00:00:00+00:00', '--job-id', '341', '--raw', '--subdir', 'DAGS_FOLDER/***.py', '--cfg-path', '/tmp/tmpv3636why']
[2025-12-14T00:05:29.696+0000] {standard_task_runner.py:105} INFO - Job 341: Subtask load_to_postgres
[2025-12-14T00:05:29.723+0000] {task_command.py:467} INFO - Running <TaskInstance: stock_portfolio_pipeline_datafrogs.load_to_postgres scheduled__2025-12-13T00:00:00+00:00 [running]> on host 139938a689f3
[2025-12-14T00:05:29.761+0000] {taskinstance.py:3132} INFO - Exporting env vars: AIRFLOW_CTX_DAG_OWNER='data_engineering_team' AIRFLOW_CTX_DAG_ID='stock_portfolio_pipeline_datafrogs' AIRFLOW_CTX_TASK_ID='load_to_postgres' AIRFLOW_CTX_EXECUTION_DATE='2025-12-13T00:00:00+00:00' AIRFLOW_CTX_TRY_NUMBER='1' AIRFLOW_CTX_DAG_RUN_ID='scheduled__2025-12-13T00:00:00+00:00'
[2025-12-14T00:05:29.761+0000] {taskinstance.py:731} INFO - ::endgroup::
[2025-12-14T00:05:29.799+0000] {logging_mixin.py:190} INFO - Error creating database: could not translate host name "pgdatabase" to address: Name or service not known
[2025-12-14T00:05:29.805+0000] {logging_mixin.py:190} INFO - Error: (psycopg2.OperationalError) could not translate host name "pgdatabase" to address: Name or service not known

(Background on this error at: https://sqlalche.me/e/14/e3q8)
[2025-12-14T00:05:29.805+0000] {python.py:240} INFO - Done. Returned value was: None
[2025-12-14T00:05:29.811+0000] {taskinstance.py:340} INFO - ::group::Post task execution logs
[2025-12-14T00:05:29.811+0000] {taskinstance.py:352} INFO - Marking task as SUCCESS. dag_id=stock_portfolio_pipeline_datafrogs, task_id=load_to_postgres, run_id=scheduled__2025-12-13T00:00:00+00:00, execution_date=20251213T000000, start_date=20251214T000529, end_date=20251214T000529
[2025-12-14T00:05:29.827+0000] {local_task_job_runner.py:266} INFO - Task exited with return code 0
[2025-12-14T00:05:29.839+0000] {taskinstance.py:3895} INFO - 0 downstream tasks scheduled from follow-on schedule check
[2025-12-14T00:05:29.840+0000] {local_task_job_runner.py:245} INFO - ::endgroup::
[2025-12-14T09:03:19.748+0000] {local_task_job_runner.py:123} INFO - ::group::Pre task execution logs
[2025-12-14T09:03:19.764+0000] {taskinstance.py:2613} INFO - Dependencies all met for dep_context=non-requeueable deps ti=<TaskInstance: stock_portfolio_pipeline_datafrogs.load_to_postgres scheduled__2025-12-13T00:00:00+00:00 [queued]>
[2025-12-14T09:03:19.782+0000] {taskinstance.py:2613} INFO - Dependencies all met for dep_context=requeueable deps ti=<TaskInstance: stock_portfolio_pipeline_datafrogs.load_to_postgres scheduled__2025-12-13T00:00:00+00:00 [queued]>
[2025-12-14T09:03:19.784+0000] {taskinstance.py:2866} INFO - Starting attempt 1 of 2
[2025-12-14T09:03:19.805+0000] {taskinstance.py:2889} INFO - Executing <Task(PythonOperator): load_to_postgres> on 2025-12-13 00:00:00+00:00
[2025-12-14T09:03:19.823+0000] {warnings.py:112} WARNING - /home/***/.local/lib/python3.12/site-packages/***/task/task_runner/standard_task_runner.py:70: DeprecationWarning: This process (pid=376) is multi-threaded, use of fork() may lead to deadlocks in the child.
  pid = os.fork()

[2025-12-14T09:03:19.825+0000] {standard_task_runner.py:72} INFO - Started process 460 to run task
[2025-12-14T09:03:19.825+0000] {standard_task_runner.py:104} INFO - Running: ['***', 'tasks', 'run', 'stock_portfolio_pipeline_datafrogs', 'load_to_postgres', 'scheduled__2025-12-13T00:00:00+00:00', '--job-id', '18', '--raw', '--subdir', 'DAGS_FOLDER/***.py', '--cfg-path', '/tmp/tmp0f86nel8']
[2025-12-14T09:03:19.830+0000] {standard_task_runner.py:105} INFO - Job 18: Subtask load_to_postgres
[2025-12-14T09:03:20.002+0000] {task_command.py:467} INFO - Running <TaskInstance: stock_portfolio_pipeline_datafrogs.load_to_postgres scheduled__2025-12-13T00:00:00+00:00 [running]> on host 179bab7085b3
[2025-12-14T09:03:20.115+0000] {taskinstance.py:3132} INFO - Exporting env vars: AIRFLOW_CTX_DAG_OWNER='data_engineering_team' AIRFLOW_CTX_DAG_ID='stock_portfolio_pipeline_datafrogs' AIRFLOW_CTX_TASK_ID='load_to_postgres' AIRFLOW_CTX_EXECUTION_DATE='2025-12-13T00:00:00+00:00' AIRFLOW_CTX_TRY_NUMBER='1' AIRFLOW_CTX_DAG_RUN_ID='scheduled__2025-12-13T00:00:00+00:00'
[2025-12-14T09:03:20.117+0000] {taskinstance.py:731} INFO - ::endgroup::
[2025-12-14T09:03:20.199+0000] {logging_mixin.py:190} INFO - Database 'stockanalytics' already exists
[2025-12-14T09:03:20.279+0000] {logging_mixin.py:190} INFO - Connected to Database
[2025-12-14T09:03:20.280+0000] {logging_mixin.py:190} INFO - Writing cleaned dataset to database
[2025-12-14T09:03:22.483+0000] {logging_mixin.py:190} INFO - Done writing to database
[2025-12-14T09:03:22.487+0000] {python.py:240} INFO - Done. Returned value was: None
[2025-12-14T09:03:22.505+0000] {taskinstance.py:340} INFO - ::group::Post task execution logs
[2025-12-14T09:03:22.505+0000] {taskinstance.py:352} INFO - Marking task as SUCCESS. dag_id=stock_portfolio_pipeline_datafrogs, task_id=load_to_postgres, run_id=scheduled__2025-12-13T00:00:00+00:00, execution_date=20251213T000000, start_date=20251214T090319, end_date=20251214T090322
[2025-12-14T09:03:22.560+0000] {local_task_job_runner.py:266} INFO - Task exited with return code 0
[2025-12-14T09:03:22.613+0000] {taskinstance.py:3895} INFO - 0 downstream tasks scheduled from follow-on schedule check
[2025-12-14T09:03:22.615+0000] {local_task_job_runner.py:245} INFO - ::endgroup::
