[2025-12-14T09:34:43.371+0000] {local_task_job_runner.py:123} INFO - ::group::Pre task execution logs
[2025-12-14T09:34:43.380+0000] {taskinstance.py:2613} INFO - Dependencies all met for dep_context=non-requeueable deps ti=<TaskInstance: stock_portfolio_pipeline_datafrogs.start_visualization_service manual__2025-12-14T09:32:08.346031+00:00 [queued]>
[2025-12-14T09:34:43.383+0000] {taskinstance.py:2613} INFO - Dependencies all met for dep_context=requeueable deps ti=<TaskInstance: stock_portfolio_pipeline_datafrogs.start_visualization_service manual__2025-12-14T09:32:08.346031+00:00 [queued]>
[2025-12-14T09:34:43.383+0000] {taskinstance.py:2866} INFO - Starting attempt 1 of 2
[2025-12-14T09:34:43.389+0000] {taskinstance.py:2889} INFO - Executing <Task(BashOperator): start_visualization_service> on 2025-12-14 09:32:08.346031+00:00
[2025-12-14T09:34:43.397+0000] {warnings.py:112} WARNING - /home/***/.local/lib/python3.12/site-packages/***/task/task_runner/standard_task_runner.py:70: DeprecationWarning: This process (pid=3475) is multi-threaded, use of fork() may lead to deadlocks in the child.
  pid = os.fork()

[2025-12-14T09:34:43.398+0000] {standard_task_runner.py:72} INFO - Started process 3480 to run task
[2025-12-14T09:34:43.399+0000] {standard_task_runner.py:104} INFO - Running: ['***', 'tasks', 'run', 'stock_portfolio_pipeline_datafrogs', 'start_visualization_service', 'manual__2025-12-14T09:32:08.346031+00:00', '--job-id', '82', '--raw', '--subdir', 'DAGS_FOLDER/***.py', '--cfg-path', '/tmp/tmpnwb3ynya']
[2025-12-14T09:34:43.401+0000] {standard_task_runner.py:105} INFO - Job 82: Subtask start_visualization_service
[2025-12-14T09:34:43.434+0000] {task_command.py:467} INFO - Running <TaskInstance: stock_portfolio_pipeline_datafrogs.start_visualization_service manual__2025-12-14T09:32:08.346031+00:00 [running]> on host 179bab7085b3
[2025-12-14T09:34:43.479+0000] {taskinstance.py:3132} INFO - Exporting env vars: AIRFLOW_CTX_DAG_OWNER='data_engineering_team' AIRFLOW_CTX_DAG_ID='stock_portfolio_pipeline_datafrogs' AIRFLOW_CTX_TASK_ID='start_visualization_service' AIRFLOW_CTX_EXECUTION_DATE='2025-12-14T09:32:08.346031+00:00' AIRFLOW_CTX_TRY_NUMBER='1' AIRFLOW_CTX_DAG_RUN_ID='manual__2025-12-14T09:32:08.346031+00:00'
[2025-12-14T09:34:43.480+0000] {taskinstance.py:731} INFO - ::endgroup::
[2025-12-14T09:34:43.488+0000] {subprocess.py:78} INFO - Tmp dir root location: /tmp
[2025-12-14T09:34:43.489+0000] {subprocess.py:88} INFO - Running command: ['/usr/bin/bash', '-c', 'streamlit run /opt/***/scripts/dashboard.py --server.port 8501 --server.address 0.0.0.0']
[2025-12-14T09:34:43.500+0000] {subprocess.py:99} INFO - Output:
[2025-12-14T09:34:44.438+0000] {subprocess.py:106} INFO - 
[2025-12-14T09:34:44.459+0000] {subprocess.py:106} INFO - Collecting usage statistics. To deactivate, set browser.gatherUsageStats to false.
[2025-12-14T09:34:44.460+0000] {subprocess.py:106} INFO - 
[2025-12-14T09:34:44.916+0000] {subprocess.py:106} INFO - 
[2025-12-14T09:34:44.917+0000] {subprocess.py:106} INFO -   You can now view your Streamlit app in your browser.
[2025-12-14T09:34:44.917+0000] {subprocess.py:106} INFO - 
[2025-12-14T09:34:44.917+0000] {subprocess.py:106} INFO -   URL: http://0.0.0.0:8501
[2025-12-14T09:34:44.917+0000] {subprocess.py:106} INFO - 
[2025-12-14T09:34:47.838+0000] {subprocess.py:106} INFO - 2025-12-14 09:34:47.837 Please replace `use_container_width` with `width`.
[2025-12-14T09:34:47.838+0000] {subprocess.py:106} INFO - 
[2025-12-14T09:34:47.839+0000] {subprocess.py:106} INFO - `use_container_width` will be removed after 2025-12-31.
[2025-12-14T09:34:47.839+0000] {subprocess.py:106} INFO - 
[2025-12-14T09:34:47.839+0000] {subprocess.py:106} INFO - For `use_container_width=True`, use `width='stretch'`. For `use_container_width=False`, use `width='content'`.
[2025-12-14T09:34:47.857+0000] {subprocess.py:106} INFO - 2025-12-14 09:34:47.857 Please replace `use_container_width` with `width`.
[2025-12-14T09:34:47.857+0000] {subprocess.py:106} INFO - 
[2025-12-14T09:34:47.857+0000] {subprocess.py:106} INFO - `use_container_width` will be removed after 2025-12-31.
[2025-12-14T09:34:47.858+0000] {subprocess.py:106} INFO - 
[2025-12-14T09:34:47.858+0000] {subprocess.py:106} INFO - For `use_container_width=True`, use `width='stretch'`. For `use_container_width=False`, use `width='content'`.
[2025-12-14T09:34:47.879+0000] {subprocess.py:106} INFO - 2025-12-14 09:34:47.879 Please replace `use_container_width` with `width`.
[2025-12-14T09:34:47.880+0000] {subprocess.py:106} INFO - 
[2025-12-14T09:34:47.880+0000] {subprocess.py:106} INFO - `use_container_width` will be removed after 2025-12-31.
[2025-12-14T09:34:47.880+0000] {subprocess.py:106} INFO - 
[2025-12-14T09:34:47.881+0000] {subprocess.py:106} INFO - For `use_container_width=True`, use `width='stretch'`. For `use_container_width=False`, use `width='content'`.
[2025-12-14T09:34:47.903+0000] {subprocess.py:106} INFO - 2025-12-14 09:34:47.903 Please replace `use_container_width` with `width`.
[2025-12-14T09:34:47.903+0000] {subprocess.py:106} INFO - 
[2025-12-14T09:34:47.903+0000] {subprocess.py:106} INFO - `use_container_width` will be removed after 2025-12-31.
[2025-12-14T09:34:47.903+0000] {subprocess.py:106} INFO - 
[2025-12-14T09:34:47.904+0000] {subprocess.py:106} INFO - For `use_container_width=True`, use `width='stretch'`. For `use_container_width=False`, use `width='content'`.
[2025-12-14T09:35:17.984+0000] {subprocess.py:106} INFO - 2025-12-14 09:35:17.984 Please replace `use_container_width` with `width`.
[2025-12-14T09:35:17.986+0000] {subprocess.py:106} INFO - 
[2025-12-14T09:35:17.987+0000] {subprocess.py:106} INFO - `use_container_width` will be removed after 2025-12-31.
[2025-12-14T09:35:17.987+0000] {subprocess.py:106} INFO - 
[2025-12-14T09:35:17.987+0000] {subprocess.py:106} INFO - For `use_container_width=True`, use `width='stretch'`. For `use_container_width=False`, use `width='content'`.
[2025-12-14T09:35:17.997+0000] {subprocess.py:106} INFO - 2025-12-14 09:35:17.997 Please replace `use_container_width` with `width`.
[2025-12-14T09:35:17.998+0000] {subprocess.py:106} INFO - 
[2025-12-14T09:35:17.998+0000] {subprocess.py:106} INFO - `use_container_width` will be removed after 2025-12-31.
[2025-12-14T09:35:17.998+0000] {subprocess.py:106} INFO - 
[2025-12-14T09:35:17.999+0000] {subprocess.py:106} INFO - For `use_container_width=True`, use `width='stretch'`. For `use_container_width=False`, use `width='content'`.
[2025-12-14T09:35:18.015+0000] {subprocess.py:106} INFO - 2025-12-14 09:35:18.015 Please replace `use_container_width` with `width`.
[2025-12-14T09:35:18.016+0000] {subprocess.py:106} INFO - 
[2025-12-14T09:35:18.017+0000] {subprocess.py:106} INFO - `use_container_width` will be removed after 2025-12-31.
[2025-12-14T09:35:18.017+0000] {subprocess.py:106} INFO - 
[2025-12-14T09:35:18.018+0000] {subprocess.py:106} INFO - For `use_container_width=True`, use `width='stretch'`. For `use_container_width=False`, use `width='content'`.
[2025-12-14T09:35:18.031+0000] {subprocess.py:106} INFO - 2025-12-14 09:35:18.031 Please replace `use_container_width` with `width`.
[2025-12-14T09:35:18.031+0000] {subprocess.py:106} INFO - 
[2025-12-14T09:35:18.032+0000] {subprocess.py:106} INFO - `use_container_width` will be removed after 2025-12-31.
[2025-12-14T09:35:18.032+0000] {subprocess.py:106} INFO - 
[2025-12-14T09:35:18.032+0000] {subprocess.py:106} INFO - For `use_container_width=True`, use `width='stretch'`. For `use_container_width=False`, use `width='content'`.
[2025-12-14T09:35:48.238+0000] {subprocess.py:106} INFO - 2025-12-14 09:35:48.237 Please replace `use_container_width` with `width`.
[2025-12-14T09:35:48.240+0000] {subprocess.py:106} INFO - 
[2025-12-14T09:35:48.240+0000] {subprocess.py:106} INFO - `use_container_width` will be removed after 2025-12-31.
[2025-12-14T09:35:48.241+0000] {subprocess.py:106} INFO - 
[2025-12-14T09:35:48.241+0000] {subprocess.py:106} INFO - For `use_container_width=True`, use `width='stretch'`. For `use_container_width=False`, use `width='content'`.
[2025-12-14T09:35:48.254+0000] {subprocess.py:106} INFO - 2025-12-14 09:35:48.254 Please replace `use_container_width` with `width`.
[2025-12-14T09:35:48.254+0000] {subprocess.py:106} INFO - 
[2025-12-14T09:35:48.255+0000] {subprocess.py:106} INFO - `use_container_width` will be removed after 2025-12-31.
[2025-12-14T09:35:48.255+0000] {subprocess.py:106} INFO - 
[2025-12-14T09:35:48.255+0000] {subprocess.py:106} INFO - For `use_container_width=True`, use `width='stretch'`. For `use_container_width=False`, use `width='content'`.
[2025-12-14T09:35:48.277+0000] {subprocess.py:106} INFO - 2025-12-14 09:35:48.277 Please replace `use_container_width` with `width`.
[2025-12-14T09:35:48.277+0000] {subprocess.py:106} INFO - 
[2025-12-14T09:35:48.278+0000] {subprocess.py:106} INFO - `use_container_width` will be removed after 2025-12-31.
[2025-12-14T09:35:48.278+0000] {subprocess.py:106} INFO - 
[2025-12-14T09:35:48.279+0000] {subprocess.py:106} INFO - For `use_container_width=True`, use `width='stretch'`. For `use_container_width=False`, use `width='content'`.
[2025-12-14T09:35:48.290+0000] {subprocess.py:106} INFO - 2025-12-14 09:35:48.290 Please replace `use_container_width` with `width`.
[2025-12-14T09:35:48.291+0000] {subprocess.py:106} INFO - 
[2025-12-14T09:35:48.291+0000] {subprocess.py:106} INFO - `use_container_width` will be removed after 2025-12-31.
[2025-12-14T09:35:48.291+0000] {subprocess.py:106} INFO - 
[2025-12-14T09:35:48.292+0000] {subprocess.py:106} INFO - For `use_container_width=True`, use `width='stretch'`. For `use_container_width=False`, use `width='content'`.
[2025-12-14T09:36:18.480+0000] {subprocess.py:106} INFO - 2025-12-14 09:36:18.479 Please replace `use_container_width` with `width`.
[2025-12-14T09:36:18.482+0000] {subprocess.py:106} INFO - 
[2025-12-14T09:36:18.483+0000] {subprocess.py:106} INFO - `use_container_width` will be removed after 2025-12-31.
[2025-12-14T09:36:18.483+0000] {subprocess.py:106} INFO - 
[2025-12-14T09:36:18.483+0000] {subprocess.py:106} INFO - For `use_container_width=True`, use `width='stretch'`. For `use_container_width=False`, use `width='content'`.
[2025-12-14T09:36:18.494+0000] {subprocess.py:106} INFO - 2025-12-14 09:36:18.494 Please replace `use_container_width` with `width`.
[2025-12-14T09:36:18.494+0000] {subprocess.py:106} INFO - 
[2025-12-14T09:36:18.495+0000] {subprocess.py:106} INFO - `use_container_width` will be removed after 2025-12-31.
[2025-12-14T09:36:18.495+0000] {subprocess.py:106} INFO - 
[2025-12-14T09:36:18.495+0000] {subprocess.py:106} INFO - For `use_container_width=True`, use `width='stretch'`. For `use_container_width=False`, use `width='content'`.
[2025-12-14T09:36:18.514+0000] {subprocess.py:106} INFO - 2025-12-14 09:36:18.514 Please replace `use_container_width` with `width`.
[2025-12-14T09:36:18.515+0000] {subprocess.py:106} INFO - 
[2025-12-14T09:36:18.515+0000] {subprocess.py:106} INFO - `use_container_width` will be removed after 2025-12-31.
[2025-12-14T09:36:18.515+0000] {subprocess.py:106} INFO - 
[2025-12-14T09:36:18.516+0000] {subprocess.py:106} INFO - For `use_container_width=True`, use `width='stretch'`. For `use_container_width=False`, use `width='content'`.
[2025-12-14T09:36:18.526+0000] {subprocess.py:106} INFO - 2025-12-14 09:36:18.526 Please replace `use_container_width` with `width`.
[2025-12-14T09:36:18.527+0000] {subprocess.py:106} INFO - 
[2025-12-14T09:36:18.527+0000] {subprocess.py:106} INFO - `use_container_width` will be removed after 2025-12-31.
[2025-12-14T09:36:18.527+0000] {subprocess.py:106} INFO - 
[2025-12-14T09:36:18.528+0000] {subprocess.py:106} INFO - For `use_container_width=True`, use `width='stretch'`. For `use_container_width=False`, use `width='content'`.
[2025-12-14T09:36:48.710+0000] {subprocess.py:106} INFO - 2025-12-14 09:36:48.709 Please replace `use_container_width` with `width`.
[2025-12-14T09:36:48.716+0000] {subprocess.py:106} INFO - 
[2025-12-14T09:36:48.716+0000] {subprocess.py:106} INFO - `use_container_width` will be removed after 2025-12-31.
[2025-12-14T09:36:48.717+0000] {subprocess.py:106} INFO - 
[2025-12-14T09:36:48.717+0000] {subprocess.py:106} INFO - For `use_container_width=True`, use `width='stretch'`. For `use_container_width=False`, use `width='content'`.
[2025-12-14T09:36:48.742+0000] {subprocess.py:106} INFO - 2025-12-14 09:36:48.742 Please replace `use_container_width` with `width`.
[2025-12-14T09:36:48.743+0000] {subprocess.py:106} INFO - 
[2025-12-14T09:36:48.743+0000] {subprocess.py:106} INFO - `use_container_width` will be removed after 2025-12-31.
[2025-12-14T09:36:48.744+0000] {subprocess.py:106} INFO - 
[2025-12-14T09:36:48.744+0000] {subprocess.py:106} INFO - For `use_container_width=True`, use `width='stretch'`. For `use_container_width=False`, use `width='content'`.
[2025-12-14T09:36:48.787+0000] {subprocess.py:106} INFO - 2025-12-14 09:36:48.787 Please replace `use_container_width` with `width`.
[2025-12-14T09:36:48.788+0000] {subprocess.py:106} INFO - 
[2025-12-14T09:36:48.788+0000] {subprocess.py:106} INFO - `use_container_width` will be removed after 2025-12-31.
[2025-12-14T09:36:48.788+0000] {subprocess.py:106} INFO - 
[2025-12-14T09:36:48.789+0000] {subprocess.py:106} INFO - For `use_container_width=True`, use `width='stretch'`. For `use_container_width=False`, use `width='content'`.
[2025-12-14T09:36:48.814+0000] {subprocess.py:106} INFO - 2025-12-14 09:36:48.814 Please replace `use_container_width` with `width`.
[2025-12-14T09:36:48.814+0000] {subprocess.py:106} INFO - 
[2025-12-14T09:36:48.815+0000] {subprocess.py:106} INFO - `use_container_width` will be removed after 2025-12-31.
[2025-12-14T09:36:48.815+0000] {subprocess.py:106} INFO - 
[2025-12-14T09:36:48.815+0000] {subprocess.py:106} INFO - For `use_container_width=True`, use `width='stretch'`. For `use_container_width=False`, use `width='content'`.
[2025-12-14T09:37:18.972+0000] {subprocess.py:106} INFO - 2025-12-14 09:37:18.971 Please replace `use_container_width` with `width`.
[2025-12-14T09:37:18.975+0000] {subprocess.py:106} INFO - 
[2025-12-14T09:37:18.976+0000] {subprocess.py:106} INFO - `use_container_width` will be removed after 2025-12-31.
[2025-12-14T09:37:18.976+0000] {subprocess.py:106} INFO - 
[2025-12-14T09:37:18.976+0000] {subprocess.py:106} INFO - For `use_container_width=True`, use `width='stretch'`. For `use_container_width=False`, use `width='content'`.
[2025-12-14T09:37:18.987+0000] {subprocess.py:106} INFO - 2025-12-14 09:37:18.987 Please replace `use_container_width` with `width`.
[2025-12-14T09:37:18.987+0000] {subprocess.py:106} INFO - 
[2025-12-14T09:37:18.988+0000] {subprocess.py:106} INFO - `use_container_width` will be removed after 2025-12-31.
[2025-12-14T09:37:18.988+0000] {subprocess.py:106} INFO - 
[2025-12-14T09:37:18.988+0000] {subprocess.py:106} INFO - For `use_container_width=True`, use `width='stretch'`. For `use_container_width=False`, use `width='content'`.
[2025-12-14T09:37:19.007+0000] {subprocess.py:106} INFO - 2025-12-14 09:37:19.007 Please replace `use_container_width` with `width`.
[2025-12-14T09:37:19.007+0000] {subprocess.py:106} INFO - 
[2025-12-14T09:37:19.007+0000] {subprocess.py:106} INFO - `use_container_width` will be removed after 2025-12-31.
[2025-12-14T09:37:19.008+0000] {subprocess.py:106} INFO - 
[2025-12-14T09:37:19.008+0000] {subprocess.py:106} INFO - For `use_container_width=True`, use `width='stretch'`. For `use_container_width=False`, use `width='content'`.
[2025-12-14T09:37:19.019+0000] {subprocess.py:106} INFO - 2025-12-14 09:37:19.019 Please replace `use_container_width` with `width`.
[2025-12-14T09:37:19.020+0000] {subprocess.py:106} INFO - 
[2025-12-14T09:37:19.020+0000] {subprocess.py:106} INFO - `use_container_width` will be removed after 2025-12-31.
[2025-12-14T09:37:19.020+0000] {subprocess.py:106} INFO - 
[2025-12-14T09:37:19.021+0000] {subprocess.py:106} INFO - For `use_container_width=True`, use `width='stretch'`. For `use_container_width=False`, use `width='content'`.
[2025-12-14T09:37:35.400+0000] {subprocess.py:106} INFO - 2025-12-14 09:37:35.400 Please replace `use_container_width` with `width`.
[2025-12-14T09:37:35.402+0000] {subprocess.py:106} INFO - 
[2025-12-14T09:37:35.403+0000] {subprocess.py:106} INFO - `use_container_width` will be removed after 2025-12-31.
[2025-12-14T09:37:35.403+0000] {subprocess.py:106} INFO - 
[2025-12-14T09:37:35.404+0000] {subprocess.py:106} INFO - For `use_container_width=True`, use `width='stretch'`. For `use_container_width=False`, use `width='content'`.
[2025-12-14T09:37:35.419+0000] {subprocess.py:106} INFO - 2025-12-14 09:37:35.419 Please replace `use_container_width` with `width`.
[2025-12-14T09:37:35.420+0000] {subprocess.py:106} INFO - 
[2025-12-14T09:37:35.420+0000] {subprocess.py:106} INFO - `use_container_width` will be removed after 2025-12-31.
[2025-12-14T09:37:35.420+0000] {subprocess.py:106} INFO - 
[2025-12-14T09:37:35.421+0000] {subprocess.py:106} INFO - For `use_container_width=True`, use `width='stretch'`. For `use_container_width=False`, use `width='content'`.
[2025-12-14T09:37:35.437+0000] {subprocess.py:106} INFO - 2025-12-14 09:37:35.437 Please replace `use_container_width` with `width`.
[2025-12-14T09:37:35.437+0000] {subprocess.py:106} INFO - 
[2025-12-14T09:37:35.438+0000] {subprocess.py:106} INFO - `use_container_width` will be removed after 2025-12-31.
[2025-12-14T09:37:35.438+0000] {subprocess.py:106} INFO - 
[2025-12-14T09:37:35.438+0000] {subprocess.py:106} INFO - For `use_container_width=True`, use `width='stretch'`. For `use_container_width=False`, use `width='content'`.
[2025-12-14T09:37:35.450+0000] {subprocess.py:106} INFO - 2025-12-14 09:37:35.450 Please replace `use_container_width` with `width`.
[2025-12-14T09:37:35.450+0000] {subprocess.py:106} INFO - 
[2025-12-14T09:37:35.450+0000] {subprocess.py:106} INFO - `use_container_width` will be removed after 2025-12-31.
[2025-12-14T09:37:35.451+0000] {subprocess.py:106} INFO - 
[2025-12-14T09:37:35.451+0000] {subprocess.py:106} INFO - For `use_container_width=True`, use `width='stretch'`. For `use_container_width=False`, use `width='content'`.
[2025-12-14T09:37:35.459+0000] {subprocess.py:106} INFO - 2025-12-14 09:37:35.459 Please replace `use_container_width` with `width`.
[2025-12-14T09:37:35.459+0000] {subprocess.py:106} INFO - 
[2025-12-14T09:37:35.459+0000] {subprocess.py:106} INFO - `use_container_width` will be removed after 2025-12-31.
[2025-12-14T09:37:35.459+0000] {subprocess.py:106} INFO - 
[2025-12-14T09:37:35.460+0000] {subprocess.py:106} INFO - For `use_container_width=True`, use `width='stretch'`. For `use_container_width=False`, use `width='content'`.
[2025-12-14T09:38:06.776+0000] {subprocess.py:106} INFO - 2025-12-14 09:38:06.760 Please replace `use_container_width` with `width`.
[2025-12-14T09:38:06.781+0000] {subprocess.py:106} INFO - 
[2025-12-14T09:38:06.782+0000] {subprocess.py:106} INFO - `use_container_width` will be removed after 2025-12-31.
[2025-12-14T09:38:06.783+0000] {subprocess.py:106} INFO - 
[2025-12-14T09:38:06.785+0000] {subprocess.py:106} INFO - For `use_container_width=True`, use `width='stretch'`. For `use_container_width=False`, use `width='content'`.
[2025-12-14T09:38:06.988+0000] {subprocess.py:106} INFO - 2025-12-14 09:38:06.987 Please replace `use_container_width` with `width`.
[2025-12-14T09:38:06.988+0000] {subprocess.py:106} INFO - 
[2025-12-14T09:38:06.989+0000] {subprocess.py:106} INFO - `use_container_width` will be removed after 2025-12-31.
[2025-12-14T09:38:06.989+0000] {subprocess.py:106} INFO - 
[2025-12-14T09:38:06.989+0000] {subprocess.py:106} INFO - For `use_container_width=True`, use `width='stretch'`. For `use_container_width=False`, use `width='content'`.
[2025-12-14T09:38:07.025+0000] {subprocess.py:106} INFO - 2025-12-14 09:38:07.025 Please replace `use_container_width` with `width`.
[2025-12-14T09:38:07.026+0000] {subprocess.py:106} INFO - 
[2025-12-14T09:38:07.026+0000] {subprocess.py:106} INFO - `use_container_width` will be removed after 2025-12-31.
[2025-12-14T09:38:07.026+0000] {subprocess.py:106} INFO - 
[2025-12-14T09:38:07.027+0000] {subprocess.py:106} INFO - For `use_container_width=True`, use `width='stretch'`. For `use_container_width=False`, use `width='content'`.
[2025-12-14T09:38:07.050+0000] {subprocess.py:106} INFO - 2025-12-14 09:38:07.048 Please replace `use_container_width` with `width`.
[2025-12-14T09:38:07.054+0000] {subprocess.py:106} INFO - 
[2025-12-14T09:38:07.055+0000] {subprocess.py:106} INFO - `use_container_width` will be removed after 2025-12-31.
[2025-12-14T09:38:07.056+0000] {subprocess.py:106} INFO - 
[2025-12-14T09:38:07.057+0000] {subprocess.py:106} INFO - For `use_container_width=True`, use `width='stretch'`. For `use_container_width=False`, use `width='content'`.
[2025-12-14T09:38:07.072+0000] {subprocess.py:106} INFO - 2025-12-14 09:38:07.071 Please replace `use_container_width` with `width`.
[2025-12-14T09:38:07.072+0000] {subprocess.py:106} INFO - 
[2025-12-14T09:38:07.072+0000] {subprocess.py:106} INFO - `use_container_width` will be removed after 2025-12-31.
[2025-12-14T09:38:07.073+0000] {subprocess.py:106} INFO - 
[2025-12-14T09:38:07.073+0000] {subprocess.py:106} INFO - For `use_container_width=True`, use `width='stretch'`. For `use_container_width=False`, use `width='content'`.
[2025-12-14T09:38:39.888+0000] {subprocess.py:106} INFO - 2025-12-14 09:38:39.888 Please replace `use_container_width` with `width`.
[2025-12-14T09:38:39.892+0000] {subprocess.py:106} INFO - 
[2025-12-14T09:38:39.893+0000] {subprocess.py:106} INFO - `use_container_width` will be removed after 2025-12-31.
[2025-12-14T09:38:39.893+0000] {subprocess.py:106} INFO - 
[2025-12-14T09:38:39.893+0000] {subprocess.py:106} INFO - For `use_container_width=True`, use `width='stretch'`. For `use_container_width=False`, use `width='content'`.
[2025-12-14T09:38:39.907+0000] {subprocess.py:106} INFO - 2025-12-14 09:38:39.907 Please replace `use_container_width` with `width`.
[2025-12-14T09:38:39.908+0000] {subprocess.py:106} INFO - 
[2025-12-14T09:38:39.908+0000] {subprocess.py:106} INFO - `use_container_width` will be removed after 2025-12-31.
[2025-12-14T09:38:39.908+0000] {subprocess.py:106} INFO - 
[2025-12-14T09:38:39.908+0000] {subprocess.py:106} INFO - For `use_container_width=True`, use `width='stretch'`. For `use_container_width=False`, use `width='content'`.
[2025-12-14T09:38:39.920+0000] {subprocess.py:106} INFO - 2025-12-14 09:38:39.920 Please replace `use_container_width` with `width`.
[2025-12-14T09:38:39.920+0000] {subprocess.py:106} INFO - 
[2025-12-14T09:38:39.920+0000] {subprocess.py:106} INFO - `use_container_width` will be removed after 2025-12-31.
[2025-12-14T09:38:39.920+0000] {subprocess.py:106} INFO - 
[2025-12-14T09:38:39.921+0000] {subprocess.py:106} INFO - For `use_container_width=True`, use `width='stretch'`. For `use_container_width=False`, use `width='content'`.
[2025-12-14T09:38:39.932+0000] {subprocess.py:106} INFO - 2025-12-14 09:38:39.932 Please replace `use_container_width` with `width`.
[2025-12-14T09:38:39.933+0000] {subprocess.py:106} INFO - 
[2025-12-14T09:38:39.933+0000] {subprocess.py:106} INFO - `use_container_width` will be removed after 2025-12-31.
[2025-12-14T09:38:39.933+0000] {subprocess.py:106} INFO - 
[2025-12-14T09:38:39.933+0000] {subprocess.py:106} INFO - For `use_container_width=True`, use `width='stretch'`. For `use_container_width=False`, use `width='content'`.
[2025-12-14T09:38:39.942+0000] {subprocess.py:106} INFO - 2025-12-14 09:38:39.942 Please replace `use_container_width` with `width`.
[2025-12-14T09:38:39.942+0000] {subprocess.py:106} INFO - 
[2025-12-14T09:38:39.942+0000] {subprocess.py:106} INFO - `use_container_width` will be removed after 2025-12-31.
[2025-12-14T09:38:39.942+0000] {subprocess.py:106} INFO - 
[2025-12-14T09:38:39.943+0000] {subprocess.py:106} INFO - For `use_container_width=True`, use `width='stretch'`. For `use_container_width=False`, use `width='content'`.
[2025-12-14T09:38:49.724+0000] {local_task_job_runner.py:346} WARNING - State of this instance has been externally set to failed. Terminating instance.
[2025-12-14T09:38:49.729+0000] {local_task_job_runner.py:245} INFO - ::endgroup::
[2025-12-14T09:38:49.731+0000] {process_utils.py:132} INFO - Sending 15 to group 3480. PIDs of all processes in the group: [3482, 3480]
[2025-12-14T09:38:49.732+0000] {process_utils.py:87} INFO - Sending the signal 15 to group 3480
[2025-12-14T09:38:49.732+0000] {taskinstance.py:3093} ERROR - Received SIGTERM. Terminating subprocesses.
[2025-12-14T09:38:49.733+0000] {subprocess.py:117} INFO - Sending SIGTERM signal to process group
[2025-12-14T09:38:49.761+0000] {taskinstance.py:340} INFO - ::group::Post task execution logs
[2025-12-14T09:38:50.240+0000] {process_utils.py:80} INFO - Process psutil.Process(pid=3480, status='terminated', exitcode=0, started='09:34:43') (3480) terminated with exit code 0
[2025-12-14T09:38:54.155+0000] {standard_task_runner.py:217} INFO - Process not found (most likely exited), stop collecting metrics
[2025-12-14T09:39:10.374+0000] {process_utils.py:80} INFO - Process psutil.Process(pid=3482, status='terminated', started='09:34:43') (3482) terminated with exit code None
