[2025-12-14T00:00:04.446+0000] {local_task_job_runner.py:123} INFO - ::group::Pre task execution logs
[2025-12-14T00:00:04.477+0000] {taskinstance.py:2613} INFO - Dependencies all met for dep_context=non-requeueable deps ti=<TaskInstance: stock_portfolio_pipeline_datafrogs.initialize_spark_session scheduled__2025-12-13T00:00:00+00:00 [queued]>
[2025-12-14T00:00:04.485+0000] {taskinstance.py:2613} INFO - Dependencies all met for dep_context=requeueable deps ti=<TaskInstance: stock_portfolio_pipeline_datafrogs.initialize_spark_session scheduled__2025-12-13T00:00:00+00:00 [queued]>
[2025-12-14T00:00:04.486+0000] {taskinstance.py:2866} INFO - Starting attempt 1 of 2
[2025-12-14T00:00:04.507+0000] {taskinstance.py:2889} INFO - Executing <Task(PythonOperator): initialize_spark_session> on 2025-12-13 00:00:00+00:00
[2025-12-14T00:00:04.530+0000] {warnings.py:112} WARNING - /home/***/.local/lib/python3.12/site-packages/***/task/task_runner/standard_task_runner.py:70: DeprecationWarning: This process (pid=2695) is multi-threaded, use of fork() may lead to deadlocks in the child.
  pid = os.fork()

[2025-12-14T00:00:04.538+0000] {standard_task_runner.py:72} INFO - Started process 2718 to run task
[2025-12-14T00:00:04.546+0000] {standard_task_runner.py:104} INFO - Running: ['***', 'tasks', 'run', 'stock_portfolio_pipeline_datafrogs', 'initialize_spark_session', 'scheduled__2025-12-13T00:00:00+00:00', '--job-id', '333', '--raw', '--subdir', 'DAGS_FOLDER/***.py', '--cfg-path', '/tmp/tmppt_ybxmi']
[2025-12-14T00:00:04.553+0000] {standard_task_runner.py:105} INFO - Job 333: Subtask initialize_spark_session
[2025-12-14T00:00:04.763+0000] {task_command.py:467} INFO - Running <TaskInstance: stock_portfolio_pipeline_datafrogs.initialize_spark_session scheduled__2025-12-13T00:00:00+00:00 [running]> on host 139938a689f3
[2025-12-14T00:00:04.930+0000] {taskinstance.py:3132} INFO - Exporting env vars: AIRFLOW_CTX_DAG_OWNER='data_engineering_team' AIRFLOW_CTX_DAG_ID='stock_portfolio_pipeline_datafrogs' AIRFLOW_CTX_TASK_ID='initialize_spark_session' AIRFLOW_CTX_EXECUTION_DATE='2025-12-13T00:00:00+00:00' AIRFLOW_CTX_TRY_NUMBER='1' AIRFLOW_CTX_DAG_RUN_ID='scheduled__2025-12-13T00:00:00+00:00'
[2025-12-14T00:00:04.932+0000] {taskinstance.py:731} INFO - ::endgroup::
[2025-12-14T00:00:22.295+0000] {job.py:229} INFO - Heartbeat recovered after 12.64 seconds
[2025-12-14T00:00:37.184+0000] {job.py:229} INFO - Heartbeat recovered after 14.90 seconds
[2025-12-14T00:00:41.621+0000] {python.py:240} INFO - Done. Returned value was: None
[2025-12-14T00:00:41.679+0000] {taskinstance.py:340} INFO - ::group::Post task execution logs
[2025-12-14T00:00:41.681+0000] {taskinstance.py:352} INFO - Marking task as SUCCESS. dag_id=stock_portfolio_pipeline_datafrogs, task_id=initialize_spark_session, run_id=scheduled__2025-12-13T00:00:00+00:00, execution_date=20251213T000000, start_date=20251214T000004, end_date=20251214T000041
[2025-12-14T00:00:41.744+0000] {local_task_job_runner.py:266} INFO - Task exited with return code 0
[2025-12-14T00:00:41.886+0000] {taskinstance.py:3895} INFO - 1 downstream tasks scheduled from follow-on schedule check
[2025-12-14T00:00:41.910+0000] {local_task_job_runner.py:245} INFO - ::endgroup::
[2025-12-14T09:02:28.795+0000] {local_task_job_runner.py:123} INFO - ::group::Pre task execution logs
[2025-12-14T09:02:28.822+0000] {taskinstance.py:2613} INFO - Dependencies all met for dep_context=non-requeueable deps ti=<TaskInstance: stock_portfolio_pipeline_datafrogs.initialize_spark_session scheduled__2025-12-13T00:00:00+00:00 [queued]>
[2025-12-14T09:02:28.828+0000] {taskinstance.py:2613} INFO - Dependencies all met for dep_context=requeueable deps ti=<TaskInstance: stock_portfolio_pipeline_datafrogs.initialize_spark_session scheduled__2025-12-13T00:00:00+00:00 [queued]>
[2025-12-14T09:02:28.831+0000] {taskinstance.py:2866} INFO - Starting attempt 1 of 2
[2025-12-14T09:02:28.846+0000] {taskinstance.py:2889} INFO - Executing <Task(PythonOperator): initialize_spark_session> on 2025-12-13 00:00:00+00:00
[2025-12-14T09:02:28.940+0000] {warnings.py:112} WARNING - /home/***/.local/lib/python3.12/site-packages/***/task/task_runner/standard_task_runner.py:70: DeprecationWarning: This process (pid=65) is multi-threaded, use of fork() may lead to deadlocks in the child.
  pid = os.fork()

[2025-12-14T09:02:28.990+0000] {standard_task_runner.py:72} INFO - Started process 114 to run task
[2025-12-14T09:02:28.979+0000] {standard_task_runner.py:104} INFO - Running: ['***', 'tasks', 'run', 'stock_portfolio_pipeline_datafrogs', 'initialize_spark_session', 'scheduled__2025-12-13T00:00:00+00:00', '--job-id', '4', '--raw', '--subdir', 'DAGS_FOLDER/***.py', '--cfg-path', '/tmp/tmphy64nuzx']
[2025-12-14T09:02:29.010+0000] {standard_task_runner.py:105} INFO - Job 4: Subtask initialize_spark_session
[2025-12-14T09:02:29.381+0000] {task_command.py:467} INFO - Running <TaskInstance: stock_portfolio_pipeline_datafrogs.initialize_spark_session scheduled__2025-12-13T00:00:00+00:00 [running]> on host 179bab7085b3
[2025-12-14T09:02:29.700+0000] {taskinstance.py:3132} INFO - Exporting env vars: AIRFLOW_CTX_DAG_OWNER='data_engineering_team' AIRFLOW_CTX_DAG_ID='stock_portfolio_pipeline_datafrogs' AIRFLOW_CTX_TASK_ID='initialize_spark_session' AIRFLOW_CTX_EXECUTION_DATE='2025-12-13T00:00:00+00:00' AIRFLOW_CTX_TRY_NUMBER='1' AIRFLOW_CTX_DAG_RUN_ID='scheduled__2025-12-13T00:00:00+00:00'
[2025-12-14T09:02:29.702+0000] {taskinstance.py:731} INFO - ::endgroup::
[2025-12-14T09:02:52.564+0000] {job.py:229} INFO - Heartbeat recovered after 18.47 seconds
[2025-12-14T09:03:17.598+0000] {python.py:240} INFO - Done. Returned value was: None
[2025-12-14T09:03:17.827+0000] {taskinstance.py:340} INFO - ::group::Post task execution logs
[2025-12-14T09:03:17.830+0000] {taskinstance.py:352} INFO - Marking task as SUCCESS. dag_id=stock_portfolio_pipeline_datafrogs, task_id=initialize_spark_session, run_id=scheduled__2025-12-13T00:00:00+00:00, execution_date=20251213T000000, start_date=20251214T090228, end_date=20251214T090317
[2025-12-14T09:03:17.992+0000] {local_task_job_runner.py:266} INFO - Task exited with return code 0
[2025-12-14T09:03:18.281+0000] {taskinstance.py:3895} INFO - 1 downstream tasks scheduled from follow-on schedule check
[2025-12-14T09:03:18.291+0000] {local_task_job_runner.py:245} INFO - ::endgroup::
