[2025-12-14T06:57:42.028+0000] {local_task_job_runner.py:123} INFO - ::group::Pre task execution logs
[2025-12-14T06:57:42.073+0000] {taskinstance.py:2613} INFO - Dependencies all met for dep_context=non-requeueable deps ti=<TaskInstance: stock_portfolio_pipeline_datafrogs.start_visualization_service manual__2025-12-14T06:56:19.171173+00:00 [queued]>
[2025-12-14T06:57:42.090+0000] {taskinstance.py:2613} INFO - Dependencies all met for dep_context=requeueable deps ti=<TaskInstance: stock_portfolio_pipeline_datafrogs.start_visualization_service manual__2025-12-14T06:56:19.171173+00:00 [queued]>
[2025-12-14T06:57:42.090+0000] {taskinstance.py:2866} INFO - Starting attempt 1 of 2
[2025-12-14T06:57:42.115+0000] {taskinstance.py:2889} INFO - Executing <Task(BashOperator): start_visualization_service> on 2025-12-14 06:56:19.171173+00:00
[2025-12-14T06:57:42.174+0000] {warnings.py:112} WARNING - /home/***/.local/lib/python3.12/site-packages/***/task/task_runner/standard_task_runner.py:70: DeprecationWarning: This process (pid=6396) is multi-threaded, use of fork() may lead to deadlocks in the child.
  pid = os.fork()

[2025-12-14T06:57:42.181+0000] {standard_task_runner.py:72} INFO - Started process 6401 to run task
[2025-12-14T06:57:42.183+0000] {standard_task_runner.py:104} INFO - Running: ['***', 'tasks', 'run', 'stock_portfolio_pipeline_datafrogs', 'start_visualization_service', 'manual__2025-12-14T06:56:19.171173+00:00', '--job-id', '365', '--raw', '--subdir', 'DAGS_FOLDER/***.py', '--cfg-path', '/tmp/tmp0sye6xcb']
[2025-12-14T06:57:42.196+0000] {standard_task_runner.py:105} INFO - Job 365: Subtask start_visualization_service
[2025-12-14T06:57:42.326+0000] {task_command.py:467} INFO - Running <TaskInstance: stock_portfolio_pipeline_datafrogs.start_visualization_service manual__2025-12-14T06:56:19.171173+00:00 [running]> on host 139938a689f3
[2025-12-14T06:57:42.471+0000] {taskinstance.py:3132} INFO - Exporting env vars: AIRFLOW_CTX_DAG_OWNER='data_engineering_team' AIRFLOW_CTX_DAG_ID='stock_portfolio_pipeline_datafrogs' AIRFLOW_CTX_TASK_ID='start_visualization_service' AIRFLOW_CTX_EXECUTION_DATE='2025-12-14T06:56:19.171173+00:00' AIRFLOW_CTX_TRY_NUMBER='1' AIRFLOW_CTX_DAG_RUN_ID='manual__2025-12-14T06:56:19.171173+00:00'
[2025-12-14T06:57:42.472+0000] {taskinstance.py:731} INFO - ::endgroup::
[2025-12-14T06:57:42.498+0000] {subprocess.py:78} INFO - Tmp dir root location: /tmp
[2025-12-14T06:57:42.500+0000] {subprocess.py:88} INFO - Running command: ['/usr/bin/bash', '-c', 'streamlit run /opt/***/scripts/dashboard.py']
[2025-12-14T06:57:42.530+0000] {subprocess.py:99} INFO - Output:
[2025-12-14T06:57:43.326+0000] {subprocess.py:106} INFO - 
[2025-12-14T06:57:43.327+0000] {subprocess.py:106} INFO - Collecting usage statistics. To deactivate, set browser.gatherUsageStats to false.
[2025-12-14T06:57:43.327+0000] {subprocess.py:106} INFO - 
[2025-12-14T06:57:43.997+0000] {subprocess.py:106} INFO - 2025-12-14 06:57:43.996 Did not auto detect external IP.
[2025-12-14T06:57:44.000+0000] {subprocess.py:106} INFO - Please go to https://docs.streamlit.io/ for debugging hints.
[2025-12-14T06:57:44.001+0000] {subprocess.py:106} INFO - 
[2025-12-14T06:57:44.001+0000] {subprocess.py:106} INFO -   You can now view your Streamlit app in your browser.
[2025-12-14T06:57:44.001+0000] {subprocess.py:106} INFO - 
[2025-12-14T06:57:44.002+0000] {subprocess.py:106} INFO -   Local URL: http://localhost:8501
[2025-12-14T06:57:44.002+0000] {subprocess.py:106} INFO -   Network URL: http://172.24.0.12:8501
[2025-12-14T06:57:44.003+0000] {subprocess.py:106} INFO - 
[2025-12-14T07:02:30.825+0000] {job.py:229} INFO - Heartbeat recovered after 39.14 seconds
[2025-12-14T07:03:29.469+0000] {job.py:229} INFO - Heartbeat recovered after 32.74 seconds
[2025-12-14T07:03:56.208+0000] {job.py:229} INFO - Heartbeat recovered after 10.97 seconds
