[2025-12-14T08:18:04.081+0000] {local_task_job_runner.py:123} INFO - ::group::Pre task execution logs
[2025-12-14T08:18:04.100+0000] {taskinstance.py:2613} INFO - Dependencies all met for dep_context=non-requeueable deps ti=<TaskInstance: stock_portfolio_pipeline_datafrogs.integrate_datasets manual__2025-12-14T08:10:42.184055+00:00 [queued]>
[2025-12-14T08:18:04.105+0000] {taskinstance.py:2613} INFO - Dependencies all met for dep_context=requeueable deps ti=<TaskInstance: stock_portfolio_pipeline_datafrogs.integrate_datasets manual__2025-12-14T08:10:42.184055+00:00 [queued]>
[2025-12-14T08:18:04.105+0000] {taskinstance.py:2866} INFO - Starting attempt 2 of 2
[2025-12-14T08:18:04.116+0000] {taskinstance.py:2889} INFO - Executing <Task(PythonOperator): integrate_datasets> on 2025-12-14 08:10:42.184055+00:00
[2025-12-14T08:18:04.132+0000] {warnings.py:112} WARNING - /home/***/.local/lib/python3.12/site-packages/***/task/task_runner/standard_task_runner.py:70: DeprecationWarning: This process (pid=531) is multi-threaded, use of fork() may lead to deadlocks in the child.
  pid = os.fork()

[2025-12-14T08:18:04.134+0000] {standard_task_runner.py:72} INFO - Started process 551 to run task
[2025-12-14T08:18:04.134+0000] {standard_task_runner.py:104} INFO - Running: ['***', 'tasks', 'run', 'stock_portfolio_pipeline_datafrogs', 'integrate_datasets', 'manual__2025-12-14T08:10:42.184055+00:00', '--job-id', '474', '--raw', '--subdir', 'DAGS_FOLDER/***.py', '--cfg-path', '/tmp/tmpwg9841mg']
[2025-12-14T08:18:04.136+0000] {standard_task_runner.py:105} INFO - Job 474: Subtask integrate_datasets
[2025-12-14T08:18:04.190+0000] {task_command.py:467} INFO - Running <TaskInstance: stock_portfolio_pipeline_datafrogs.integrate_datasets manual__2025-12-14T08:10:42.184055+00:00 [running]> on host cefd55ca9f9f
[2025-12-14T08:18:04.252+0000] {taskinstance.py:3132} INFO - Exporting env vars: AIRFLOW_CTX_DAG_OWNER='data_engineering_team' AIRFLOW_CTX_DAG_ID='stock_portfolio_pipeline_datafrogs' AIRFLOW_CTX_TASK_ID='integrate_datasets' AIRFLOW_CTX_EXECUTION_DATE='2025-12-14T08:10:42.184055+00:00' AIRFLOW_CTX_TRY_NUMBER='2' AIRFLOW_CTX_DAG_RUN_ID='manual__2025-12-14T08:10:42.184055+00:00'
[2025-12-14T08:18:04.254+0000] {taskinstance.py:731} INFO - ::endgroup::
[2025-12-14T08:18:04.275+0000] {logging_mixin.py:190} INFO - 
--- 3. Merging Datasets ---
[2025-12-14T08:18:04.359+0000] {logging_mixin.py:190} INFO -  Final merged DataFrame created with 10000 rows and 16 columns.
[2025-12-14T08:18:04.536+0000] {python.py:240} INFO - Done. Returned value was: None
[2025-12-14T08:18:04.562+0000] {taskinstance.py:340} INFO - ::group::Post task execution logs
[2025-12-14T08:18:04.562+0000] {taskinstance.py:352} INFO - Marking task as SUCCESS. dag_id=stock_portfolio_pipeline_datafrogs, task_id=integrate_datasets, run_id=manual__2025-12-14T08:10:42.184055+00:00, execution_date=20251214T081042, start_date=20251214T081804, end_date=20251214T081804
[2025-12-14T08:18:04.608+0000] {local_task_job_runner.py:266} INFO - Task exited with return code 0
[2025-12-14T08:18:04.671+0000] {taskinstance.py:3895} INFO - 1 downstream tasks scheduled from follow-on schedule check
[2025-12-14T08:18:04.676+0000] {local_task_job_runner.py:245} INFO - ::endgroup::
