[2025-12-13T15:17:14.137+0000] {local_task_job_runner.py:123} INFO - ::group::Pre task execution logs
[2025-12-13T15:17:14.143+0000] {taskinstance.py:2613} INFO - Dependencies all met for dep_context=non-requeueable deps ti=<TaskInstance: stock_portfolio_pipeline_datafrogs.load_to_postgres manual__2025-12-13T15:17:05.917064+00:00 [queued]>
[2025-12-13T15:17:14.147+0000] {taskinstance.py:2613} INFO - Dependencies all met for dep_context=requeueable deps ti=<TaskInstance: stock_portfolio_pipeline_datafrogs.load_to_postgres manual__2025-12-13T15:17:05.917064+00:00 [queued]>
[2025-12-13T15:17:14.147+0000] {taskinstance.py:2866} INFO - Starting attempt 1 of 2
[2025-12-13T15:17:14.152+0000] {taskinstance.py:2889} INFO - Executing <Task(PythonOperator): load_to_postgres> on 2025-12-13 15:17:05.917064+00:00
[2025-12-13T15:17:14.157+0000] {warnings.py:112} WARNING - /home/***/.local/lib/python3.12/site-packages/***/task/task_runner/standard_task_runner.py:70: DeprecationWarning: This process (pid=399) is multi-threaded, use of fork() may lead to deadlocks in the child.
  pid = os.fork()

[2025-12-13T15:17:14.158+0000] {standard_task_runner.py:72} INFO - Started process 404 to run task
[2025-12-13T15:17:14.159+0000] {standard_task_runner.py:104} INFO - Running: ['***', 'tasks', 'run', 'stock_portfolio_pipeline_datafrogs', 'load_to_postgres', 'manual__2025-12-13T15:17:05.917064+00:00', '--job-id', '52', '--raw', '--subdir', 'DAGS_FOLDER/***.py', '--cfg-path', '/tmp/tmpj310e_p2']
[2025-12-13T15:17:14.161+0000] {standard_task_runner.py:105} INFO - Job 52: Subtask load_to_postgres
[2025-12-13T15:17:14.182+0000] {task_command.py:467} INFO - Running <TaskInstance: stock_portfolio_pipeline_datafrogs.load_to_postgres manual__2025-12-13T15:17:05.917064+00:00 [running]> on host f0385eb64512
[2025-12-13T15:17:14.212+0000] {taskinstance.py:3132} INFO - Exporting env vars: AIRFLOW_CTX_DAG_OWNER='data_engineering_team' AIRFLOW_CTX_DAG_ID='stock_portfolio_pipeline_datafrogs' AIRFLOW_CTX_TASK_ID='load_to_postgres' AIRFLOW_CTX_EXECUTION_DATE='2025-12-13T15:17:05.917064+00:00' AIRFLOW_CTX_TRY_NUMBER='1' AIRFLOW_CTX_DAG_RUN_ID='manual__2025-12-13T15:17:05.917064+00:00'
[2025-12-13T15:17:14.212+0000] {taskinstance.py:731} INFO - ::endgroup::
[2025-12-13T15:17:14.244+0000] {logging_mixin.py:190} INFO - Error creating database: could not translate host name "pgdatabase" to address: Name or service not known
[2025-12-13T15:17:14.250+0000] {logging_mixin.py:190} INFO - Error: (psycopg2.OperationalError) could not translate host name "pgdatabase" to address: Name or service not known

(Background on this error at: https://sqlalche.me/e/14/e3q8)
[2025-12-13T15:17:14.250+0000] {python.py:240} INFO - Done. Returned value was: None
[2025-12-13T15:17:14.258+0000] {taskinstance.py:340} INFO - ::group::Post task execution logs
[2025-12-13T15:17:14.259+0000] {taskinstance.py:352} INFO - Marking task as SUCCESS. dag_id=stock_portfolio_pipeline_datafrogs, task_id=load_to_postgres, run_id=manual__2025-12-13T15:17:05.917064+00:00, execution_date=20251213T151705, start_date=20251213T151714, end_date=20251213T151714
[2025-12-13T15:17:14.294+0000] {local_task_job_runner.py:266} INFO - Task exited with return code 0
[2025-12-13T15:17:14.305+0000] {taskinstance.py:3895} INFO - 0 downstream tasks scheduled from follow-on schedule check
[2025-12-13T15:17:14.306+0000] {local_task_job_runner.py:245} INFO - ::endgroup::
