[2025-12-14T10:52:30.111+0000] {local_task_job_runner.py:123} INFO - ::group::Pre task execution logs
[2025-12-14T10:52:30.118+0000] {taskinstance.py:2613} INFO - Dependencies all met for dep_context=non-requeueable deps ti=<TaskInstance: stock_portfolio_pipeline_datafrogs.save_final_to_postgres manual__2025-12-14T10:46:59.772206+00:00 [queued]>
[2025-12-14T10:52:30.122+0000] {taskinstance.py:2613} INFO - Dependencies all met for dep_context=requeueable deps ti=<TaskInstance: stock_portfolio_pipeline_datafrogs.save_final_to_postgres manual__2025-12-14T10:46:59.772206+00:00 [queued]>
[2025-12-14T10:52:30.122+0000] {taskinstance.py:2866} INFO - Starting attempt 1 of 2
[2025-12-14T10:52:30.127+0000] {taskinstance.py:2889} INFO - Executing <Task(PythonOperator): save_final_to_postgres> on 2025-12-14 10:46:59.772206+00:00
[2025-12-14T10:52:30.134+0000] {warnings.py:112} WARNING - /home/***/.local/lib/python3.12/site-packages/***/task/task_runner/standard_task_runner.py:70: DeprecationWarning: This process (pid=1562) is multi-threaded, use of fork() may lead to deadlocks in the child.
  pid = os.fork()

[2025-12-14T10:52:30.135+0000] {standard_task_runner.py:72} INFO - Started process 1567 to run task
[2025-12-14T10:52:30.136+0000] {standard_task_runner.py:104} INFO - Running: ['***', 'tasks', 'run', 'stock_portfolio_pipeline_datafrogs', 'save_final_to_postgres', 'manual__2025-12-14T10:46:59.772206+00:00', '--job-id', '186', '--raw', '--subdir', 'DAGS_FOLDER/***.py', '--cfg-path', '/tmp/tmp6q2beli1']
[2025-12-14T10:52:30.138+0000] {standard_task_runner.py:105} INFO - Job 186: Subtask save_final_to_postgres
[2025-12-14T10:52:30.165+0000] {task_command.py:467} INFO - Running <TaskInstance: stock_portfolio_pipeline_datafrogs.save_final_to_postgres manual__2025-12-14T10:46:59.772206+00:00 [running]> on host 2c07a78d0b27
[2025-12-14T10:52:30.202+0000] {taskinstance.py:3132} INFO - Exporting env vars: AIRFLOW_CTX_DAG_OWNER='data_engineering_team' AIRFLOW_CTX_DAG_ID='stock_portfolio_pipeline_datafrogs' AIRFLOW_CTX_TASK_ID='save_final_to_postgres' AIRFLOW_CTX_EXECUTION_DATE='2025-12-14T10:46:59.772206+00:00' AIRFLOW_CTX_TRY_NUMBER='1' AIRFLOW_CTX_DAG_RUN_ID='manual__2025-12-14T10:46:59.772206+00:00'
[2025-12-14T10:52:30.203+0000] {taskinstance.py:731} INFO - ::endgroup::
[2025-12-14T10:52:30.240+0000] {logging_mixin.py:190} INFO - Database 'stockanalytics' already exists
[2025-12-14T10:52:30.246+0000] {logging_mixin.py:190} INFO - Connected to Database
[2025-12-14T10:52:30.246+0000] {logging_mixin.py:190} INFO - Writing cleaned dataset to database
[2025-12-14T10:52:31.867+0000] {logging_mixin.py:190} INFO - Done writing to database
[2025-12-14T10:52:31.868+0000] {python.py:240} INFO - Done. Returned value was: None
[2025-12-14T10:52:31.875+0000] {taskinstance.py:340} INFO - ::group::Post task execution logs
[2025-12-14T10:52:31.876+0000] {taskinstance.py:352} INFO - Marking task as SUCCESS. dag_id=stock_portfolio_pipeline_datafrogs, task_id=save_final_to_postgres, run_id=manual__2025-12-14T10:46:59.772206+00:00, execution_date=20251214T104659, start_date=20251214T105230, end_date=20251214T105231
[2025-12-14T10:52:31.909+0000] {local_task_job_runner.py:266} INFO - Task exited with return code 0
[2025-12-14T10:52:31.923+0000] {taskinstance.py:3895} INFO - 0 downstream tasks scheduled from follow-on schedule check
[2025-12-14T10:52:31.924+0000] {local_task_job_runner.py:245} INFO - ::endgroup::
