[2025-12-13T16:21:38.413+0000] {local_task_job_runner.py:123} INFO - ::group::Pre task execution logs
[2025-12-13T16:21:38.428+0000] {taskinstance.py:2613} INFO - Dependencies all met for dep_context=non-requeueable deps ti=<TaskInstance: stock_portfolio_pipeline_datafrogs.encode_categorical_data manual__2025-12-13T16:14:35.799617+00:00 [queued]>
[2025-12-13T16:21:38.435+0000] {taskinstance.py:2613} INFO - Dependencies all met for dep_context=requeueable deps ti=<TaskInstance: stock_portfolio_pipeline_datafrogs.encode_categorical_data manual__2025-12-13T16:14:35.799617+00:00 [queued]>
[2025-12-13T16:21:38.436+0000] {taskinstance.py:2866} INFO - Starting attempt 1 of 2
[2025-12-13T16:21:38.445+0000] {taskinstance.py:2889} INFO - Executing <Task(PythonOperator): encode_categorical_data> on 2025-12-13 16:14:35.799617+00:00
[2025-12-13T16:21:38.472+0000] {warnings.py:112} WARNING - /home/***/.local/lib/python3.12/site-packages/***/task/task_runner/standard_task_runner.py:70: DeprecationWarning: This process (pid=304) is multi-threaded, use of fork() may lead to deadlocks in the child.
  pid = os.fork()

[2025-12-13T16:21:38.475+0000] {standard_task_runner.py:72} INFO - Started process 327 to run task
[2025-12-13T16:21:38.476+0000] {standard_task_runner.py:104} INFO - Running: ['***', 'tasks', 'run', 'stock_portfolio_pipeline_datafrogs', 'encode_categorical_data', 'manual__2025-12-13T16:14:35.799617+00:00', '--job-id', '16', '--raw', '--subdir', 'DAGS_FOLDER/***.py', '--cfg-path', '/tmp/tmp_9bb7ydb']
[2025-12-13T16:21:38.480+0000] {standard_task_runner.py:105} INFO - Job 16: Subtask encode_categorical_data
[2025-12-13T16:21:38.519+0000] {task_command.py:467} INFO - Running <TaskInstance: stock_portfolio_pipeline_datafrogs.encode_categorical_data manual__2025-12-13T16:14:35.799617+00:00 [running]> on host 4ed43adab64d
[2025-12-13T16:21:38.619+0000] {taskinstance.py:3132} INFO - Exporting env vars: AIRFLOW_CTX_DAG_OWNER='data_engineering_team' AIRFLOW_CTX_DAG_ID='stock_portfolio_pipeline_datafrogs' AIRFLOW_CTX_TASK_ID='encode_categorical_data' AIRFLOW_CTX_EXECUTION_DATE='2025-12-13T16:14:35.799617+00:00' AIRFLOW_CTX_TRY_NUMBER='1' AIRFLOW_CTX_DAG_RUN_ID='manual__2025-12-13T16:14:35.799617+00:00'
[2025-12-13T16:21:38.625+0000] {taskinstance.py:731} INFO - ::endgroup::
[2025-12-13T16:21:39.177+0000] {logging_mixin.py:190} INFO -     Column Name  ...                                      Encoded Value
0      day_name  ...                                    [0, 1, 2, 3, 4]
1  stock_ticker  ...  [0, 1, 2, 3, 4, 5, 6, 7, 8, 9, 10, 11, 12, 13,...
2    is_weekend  ...                                             [0, 1]
3    is_holiday  ...                                             [0, 1]

[4 rows x 3 columns]
[2025-12-13T16:21:39.178+0000] {python.py:240} INFO - Done. Returned value was: None
[2025-12-13T16:21:39.241+0000] {taskinstance.py:340} INFO - ::group::Post task execution logs
[2025-12-13T16:21:39.242+0000] {taskinstance.py:352} INFO - Marking task as SUCCESS. dag_id=stock_portfolio_pipeline_datafrogs, task_id=encode_categorical_data, run_id=manual__2025-12-13T16:14:35.799617+00:00, execution_date=20251213T161435, start_date=20251213T162138, end_date=20251213T162139
[2025-12-13T16:21:39.305+0000] {local_task_job_runner.py:266} INFO - Task exited with return code 0
[2025-12-13T16:21:39.330+0000] {taskinstance.py:3895} INFO - 0 downstream tasks scheduled from follow-on schedule check
[2025-12-13T16:21:39.332+0000] {local_task_job_runner.py:245} INFO - ::endgroup::
