[2025-12-13T19:55:56.733+0000] {local_task_job_runner.py:123} INFO - ::group::Pre task execution logs
[2025-12-13T19:55:56.784+0000] {taskinstance.py:2613} INFO - Dependencies all met for dep_context=non-requeueable deps ti=<TaskInstance: stock_portfolio_pipeline_datafrogs.detect_outliers manual__2025-12-13T19:47:22.009225+00:00 [queued]>
[2025-12-13T19:55:56.810+0000] {taskinstance.py:2613} INFO - Dependencies all met for dep_context=requeueable deps ti=<TaskInstance: stock_portfolio_pipeline_datafrogs.detect_outliers manual__2025-12-13T19:47:22.009225+00:00 [queued]>
[2025-12-13T19:55:56.812+0000] {taskinstance.py:2866} INFO - Starting attempt 1 of 2
[2025-12-13T19:55:56.828+0000] {taskinstance.py:2889} INFO - Executing <Task(PythonOperator): detect_outliers> on 2025-12-13 19:47:22.009225+00:00
[2025-12-13T19:55:56.843+0000] {warnings.py:112} WARNING - /home/***/.local/lib/python3.12/site-packages/***/task/task_runner/standard_task_runner.py:70: DeprecationWarning: This process (pid=3069) is multi-threaded, use of fork() may lead to deadlocks in the child.
  pid = os.fork()

[2025-12-13T19:55:56.846+0000] {standard_task_runner.py:72} INFO - Started process 3080 to run task
[2025-12-13T19:55:56.850+0000] {standard_task_runner.py:104} INFO - Running: ['***', 'tasks', 'run', 'stock_portfolio_pipeline_datafrogs', 'detect_outliers', 'manual__2025-12-13T19:47:22.009225+00:00', '--job-id', '247', '--raw', '--subdir', 'DAGS_FOLDER/***.py', '--cfg-path', '/tmp/tmpk8j_q6yk']
[2025-12-13T19:55:56.854+0000] {standard_task_runner.py:105} INFO - Job 247: Subtask detect_outliers
[2025-12-13T19:55:56.900+0000] {task_command.py:467} INFO - Running <TaskInstance: stock_portfolio_pipeline_datafrogs.detect_outliers manual__2025-12-13T19:47:22.009225+00:00 [running]> on host fc66782e0078
[2025-12-13T19:55:56.959+0000] {taskinstance.py:3132} INFO - Exporting env vars: AIRFLOW_CTX_DAG_OWNER='data_engineering_team' AIRFLOW_CTX_DAG_ID='stock_portfolio_pipeline_datafrogs' AIRFLOW_CTX_TASK_ID='detect_outliers' AIRFLOW_CTX_EXECUTION_DATE='2025-12-13T19:47:22.009225+00:00' AIRFLOW_CTX_TRY_NUMBER='1' AIRFLOW_CTX_DAG_RUN_ID='manual__2025-12-13T19:47:22.009225+00:00'
[2025-12-13T19:55:56.960+0000] {taskinstance.py:731} INFO - ::endgroup::
[2025-12-13T19:55:56.970+0000] {logging_mixin.py:190} INFO - 
--- 2. Handling Outliers ---
[2025-12-13T19:55:56.998+0000] {logging_mixin.py:190} INFO - STK001: 15.476% outliers
[2025-12-13T19:55:57.000+0000] {logging_mixin.py:190} INFO - STK002: 0.000% outliers
[2025-12-13T19:55:57.001+0000] {logging_mixin.py:190} INFO - STK003: 3.770% outliers
[2025-12-13T19:55:57.002+0000] {logging_mixin.py:190} INFO - STK004: 2.778% outliers
[2025-12-13T19:55:57.003+0000] {logging_mixin.py:190} INFO - STK005: 0.000% outliers
[2025-12-13T19:55:57.004+0000] {logging_mixin.py:190} INFO - STK006: 0.000% outliers
[2025-12-13T19:55:57.005+0000] {logging_mixin.py:190} INFO - STK007: 6.349% outliers
[2025-12-13T19:55:57.006+0000] {logging_mixin.py:190} INFO - STK008: 0.000% outliers
[2025-12-13T19:55:57.007+0000] {logging_mixin.py:190} INFO - STK009: 1.190% outliers
[2025-12-13T19:55:57.008+0000] {logging_mixin.py:190} INFO - STK010: 0.000% outliers
[2025-12-13T19:55:57.009+0000] {logging_mixin.py:190} INFO - STK011: 0.198% outliers
[2025-12-13T19:55:57.011+0000] {logging_mixin.py:190} INFO - STK012: 0.000% outliers
[2025-12-13T19:55:57.012+0000] {logging_mixin.py:190} INFO - STK013: 0.000% outliers
[2025-12-13T19:55:57.013+0000] {logging_mixin.py:190} INFO - STK014: 0.198% outliers
[2025-12-13T19:55:57.014+0000] {logging_mixin.py:190} INFO - STK015: 0.000% outliers
[2025-12-13T19:55:57.016+0000] {logging_mixin.py:190} INFO - STK016: 0.000% outliers
[2025-12-13T19:55:57.017+0000] {logging_mixin.py:190} INFO - STK017: 0.000% outliers
[2025-12-13T19:55:57.018+0000] {logging_mixin.py:190} INFO - STK018: 0.000% outliers
[2025-12-13T19:55:57.020+0000] {logging_mixin.py:190} INFO - STK019: 7.341% outliers
[2025-12-13T19:55:57.021+0000] {logging_mixin.py:190} INFO - STK020: 0.397% outliers
[2025-12-13T19:55:57.023+0000] {logging_mixin.py:190} INFO - quantity: 7.650% outliers
[2025-12-13T19:55:57.024+0000] {logging_mixin.py:190} INFO - average_trade_size: 25.250% outliers
[2025-12-13T19:55:57.026+0000] {logging_mixin.py:190} INFO - cumulative_portfolio_value: 10.370% outliers
[2025-12-13T19:55:57.453+0000] {python.py:240} INFO - Done. Returned value was: None
[2025-12-13T19:55:57.544+0000] {taskinstance.py:340} INFO - ::group::Post task execution logs
[2025-12-13T19:55:57.549+0000] {taskinstance.py:352} INFO - Marking task as SUCCESS. dag_id=stock_portfolio_pipeline_datafrogs, task_id=detect_outliers, run_id=manual__2025-12-13T19:47:22.009225+00:00, execution_date=20251213T194722, start_date=20251213T195556, end_date=20251213T195557
[2025-12-13T19:55:57.645+0000] {local_task_job_runner.py:266} INFO - Task exited with return code 0
[2025-12-13T19:55:57.688+0000] {taskinstance.py:3895} INFO - 1 downstream tasks scheduled from follow-on schedule check
[2025-12-13T19:55:57.689+0000] {local_task_job_runner.py:245} INFO - ::endgroup::
