[2025-12-13T11:00:39.967+0000] {local_task_job_runner.py:123} INFO - ::group::Pre task execution logs
[2025-12-13T11:00:39.980+0000] {taskinstance.py:2613} INFO - Dependencies all met for dep_context=non-requeueable deps ti=<TaskInstance: stock_portfolio_pipeline_datafrogs.integrate_datasets manual__2025-12-13T11:00:29.769416+00:00 [queued]>
[2025-12-13T11:00:39.988+0000] {taskinstance.py:2613} INFO - Dependencies all met for dep_context=requeueable deps ti=<TaskInstance: stock_portfolio_pipeline_datafrogs.integrate_datasets manual__2025-12-13T11:00:29.769416+00:00 [queued]>
[2025-12-13T11:00:39.989+0000] {taskinstance.py:2866} INFO - Starting attempt 1 of 2
[2025-12-13T11:00:40.000+0000] {taskinstance.py:2889} INFO - Executing <Task(PythonOperator): integrate_datasets> on 2025-12-13 11:00:29.769416+00:00
[2025-12-13T11:00:40.009+0000] {warnings.py:112} WARNING - /home/***/.local/lib/python3.12/site-packages/***/task/task_runner/standard_task_runner.py:70: DeprecationWarning: This process (pid=169) is multi-threaded, use of fork() may lead to deadlocks in the child.
  pid = os.fork()

[2025-12-13T11:00:40.011+0000] {standard_task_runner.py:72} INFO - Started process 182 to run task
[2025-12-13T11:00:40.010+0000] {standard_task_runner.py:104} INFO - Running: ['***', 'tasks', 'run', 'stock_portfolio_pipeline_datafrogs', 'integrate_datasets', 'manual__2025-12-13T11:00:29.769416+00:00', '--job-id', '96', '--raw', '--subdir', 'DAGS_FOLDER/***.py', '--cfg-path', '/tmp/tmp8033wasb']
[2025-12-13T11:00:40.013+0000] {standard_task_runner.py:105} INFO - Job 96: Subtask integrate_datasets
[2025-12-13T11:00:40.064+0000] {task_command.py:467} INFO - Running <TaskInstance: stock_portfolio_pipeline_datafrogs.integrate_datasets manual__2025-12-13T11:00:29.769416+00:00 [running]> on host 4d05ecfb1fba
[2025-12-13T11:00:40.144+0000] {taskinstance.py:3132} INFO - Exporting env vars: AIRFLOW_CTX_DAG_OWNER='data_engineering_team' AIRFLOW_CTX_DAG_ID='stock_portfolio_pipeline_datafrogs' AIRFLOW_CTX_TASK_ID='integrate_datasets' AIRFLOW_CTX_EXECUTION_DATE='2025-12-13T11:00:29.769416+00:00' AIRFLOW_CTX_TRY_NUMBER='1' AIRFLOW_CTX_DAG_RUN_ID='manual__2025-12-13T11:00:29.769416+00:00'
[2025-12-13T11:00:40.145+0000] {taskinstance.py:731} INFO - ::endgroup::
[2025-12-13T11:00:40.157+0000] {logging_mixin.py:190} INFO - 
--- 3. Merging Datasets ---
[2025-12-13T11:00:40.232+0000] {logging_mixin.py:190} INFO -  Final merged DataFrame created with 10000 rows and 16 columns.
[2025-12-13T11:00:40.333+0000] {python.py:240} INFO - Done. Returned value was: None
[2025-12-13T11:00:40.345+0000] {taskinstance.py:340} INFO - ::group::Post task execution logs
[2025-12-13T11:00:40.345+0000] {taskinstance.py:352} INFO - Marking task as SUCCESS. dag_id=stock_portfolio_pipeline_datafrogs, task_id=integrate_datasets, run_id=manual__2025-12-13T11:00:29.769416+00:00, execution_date=20251213T110029, start_date=20251213T110039, end_date=20251213T110040
[2025-12-13T11:00:40.387+0000] {local_task_job_runner.py:266} INFO - Task exited with return code 0
[2025-12-13T11:00:40.419+0000] {taskinstance.py:3895} INFO - 1 downstream tasks scheduled from follow-on schedule check
[2025-12-13T11:00:40.422+0000] {local_task_job_runner.py:245} INFO - ::endgroup::
