[2025-12-13T15:09:53.753+0000] {local_task_job_runner.py:123} INFO - ::group::Pre task execution logs
[2025-12-13T15:09:53.789+0000] {taskinstance.py:2613} INFO - Dependencies all met for dep_context=non-requeueable deps ti=<TaskInstance: stock_portfolio_pipeline_datafrogs.detect_outliers manual__2025-12-13T15:09:39.151385+00:00 [queued]>
[2025-12-13T15:09:53.806+0000] {taskinstance.py:2613} INFO - Dependencies all met for dep_context=requeueable deps ti=<TaskInstance: stock_portfolio_pipeline_datafrogs.detect_outliers manual__2025-12-13T15:09:39.151385+00:00 [queued]>
[2025-12-13T15:09:53.807+0000] {taskinstance.py:2866} INFO - Starting attempt 1 of 2
[2025-12-13T15:09:53.843+0000] {taskinstance.py:2889} INFO - Executing <Task(PythonOperator): detect_outliers> on 2025-12-13 15:09:39.151385+00:00
[2025-12-13T15:09:53.857+0000] {warnings.py:112} WARNING - /home/***/.local/lib/python3.12/site-packages/***/task/task_runner/standard_task_runner.py:70: DeprecationWarning: This process (pid=139) is multi-threaded, use of fork() may lead to deadlocks in the child.
  pid = os.fork()

[2025-12-13T15:09:53.859+0000] {standard_task_runner.py:72} INFO - Started process 144 to run task
[2025-12-13T15:09:53.868+0000] {standard_task_runner.py:104} INFO - Running: ['***', 'tasks', 'run', 'stock_portfolio_pipeline_datafrogs', 'detect_outliers', 'manual__2025-12-13T15:09:39.151385+00:00', '--job-id', '30', '--raw', '--subdir', 'DAGS_FOLDER/***.py', '--cfg-path', '/tmp/tmp7anc7asp']
[2025-12-13T15:09:53.878+0000] {standard_task_runner.py:105} INFO - Job 30: Subtask detect_outliers
[2025-12-13T15:09:54.004+0000] {task_command.py:467} INFO - Running <TaskInstance: stock_portfolio_pipeline_datafrogs.detect_outliers manual__2025-12-13T15:09:39.151385+00:00 [running]> on host f0385eb64512
[2025-12-13T15:09:54.110+0000] {taskinstance.py:3132} INFO - Exporting env vars: AIRFLOW_CTX_DAG_OWNER='data_engineering_team' AIRFLOW_CTX_DAG_ID='stock_portfolio_pipeline_datafrogs' AIRFLOW_CTX_TASK_ID='detect_outliers' AIRFLOW_CTX_EXECUTION_DATE='2025-12-13T15:09:39.151385+00:00' AIRFLOW_CTX_TRY_NUMBER='1' AIRFLOW_CTX_DAG_RUN_ID='manual__2025-12-13T15:09:39.151385+00:00'
[2025-12-13T15:09:54.112+0000] {taskinstance.py:731} INFO - ::endgroup::
[2025-12-13T15:09:54.128+0000] {logging_mixin.py:190} INFO - 
--- 2. Handling Outliers ---
[2025-12-13T15:09:54.166+0000] {logging_mixin.py:190} INFO - STK001: 15.476% outliers
[2025-12-13T15:09:54.169+0000] {logging_mixin.py:190} INFO - STK002: 0.000% outliers
[2025-12-13T15:09:54.170+0000] {logging_mixin.py:190} INFO - STK003: 3.770% outliers
[2025-12-13T15:09:54.171+0000] {logging_mixin.py:190} INFO - STK004: 2.778% outliers
[2025-12-13T15:09:54.173+0000] {logging_mixin.py:190} INFO - STK005: 0.000% outliers
[2025-12-13T15:09:54.173+0000] {logging_mixin.py:190} INFO - STK006: 0.000% outliers
[2025-12-13T15:09:54.175+0000] {logging_mixin.py:190} INFO - STK007: 6.349% outliers
[2025-12-13T15:09:54.176+0000] {logging_mixin.py:190} INFO - STK008: 0.000% outliers
[2025-12-13T15:09:54.178+0000] {logging_mixin.py:190} INFO - STK009: 1.190% outliers
[2025-12-13T15:09:54.180+0000] {logging_mixin.py:190} INFO - STK010: 0.000% outliers
[2025-12-13T15:09:54.182+0000] {logging_mixin.py:190} INFO - STK011: 0.198% outliers
[2025-12-13T15:09:54.184+0000] {logging_mixin.py:190} INFO - STK012: 0.000% outliers
[2025-12-13T15:09:54.185+0000] {logging_mixin.py:190} INFO - STK013: 0.000% outliers
[2025-12-13T15:09:54.187+0000] {logging_mixin.py:190} INFO - STK014: 0.198% outliers
[2025-12-13T15:09:54.189+0000] {logging_mixin.py:190} INFO - STK015: 0.000% outliers
[2025-12-13T15:09:54.191+0000] {logging_mixin.py:190} INFO - STK016: 0.000% outliers
[2025-12-13T15:09:54.192+0000] {logging_mixin.py:190} INFO - STK017: 0.000% outliers
[2025-12-13T15:09:54.194+0000] {logging_mixin.py:190} INFO - STK018: 0.000% outliers
[2025-12-13T15:09:54.195+0000] {logging_mixin.py:190} INFO - STK019: 7.341% outliers
[2025-12-13T15:09:54.197+0000] {logging_mixin.py:190} INFO - STK020: 0.397% outliers
[2025-12-13T15:09:54.199+0000] {logging_mixin.py:190} INFO - quantity: 7.650% outliers
[2025-12-13T15:09:54.202+0000] {logging_mixin.py:190} INFO - average_trade_size: 25.250% outliers
[2025-12-13T15:09:54.204+0000] {logging_mixin.py:190} INFO - cumulative_portfolio_value: 10.370% outliers
[2025-12-13T15:09:54.342+0000] {python.py:240} INFO - Done. Returned value was: None
[2025-12-13T15:09:54.357+0000] {taskinstance.py:340} INFO - ::group::Post task execution logs
[2025-12-13T15:09:54.358+0000] {taskinstance.py:352} INFO - Marking task as SUCCESS. dag_id=stock_portfolio_pipeline_datafrogs, task_id=detect_outliers, run_id=manual__2025-12-13T15:09:39.151385+00:00, execution_date=20251213T150939, start_date=20251213T150953, end_date=20251213T150954
[2025-12-13T15:09:54.443+0000] {local_task_job_runner.py:266} INFO - Task exited with return code 0
[2025-12-13T15:09:54.460+0000] {taskinstance.py:3895} INFO - 1 downstream tasks scheduled from follow-on schedule check
[2025-12-13T15:09:54.462+0000] {local_task_job_runner.py:245} INFO - ::endgroup::
