[2025-12-14T14:38:01.241+0000] {local_task_job_runner.py:123} INFO - ::group::Pre task execution logs
[2025-12-14T14:38:01.263+0000] {taskinstance.py:2613} INFO - Dependencies all met for dep_context=non-requeueable deps ti=<TaskInstance: stock_portfolio_pipeline_datafrogs.detect_outliers manual__2025-12-14T14:30:16.014004+00:00 [queued]>
[2025-12-14T14:38:01.273+0000] {taskinstance.py:2613} INFO - Dependencies all met for dep_context=requeueable deps ti=<TaskInstance: stock_portfolio_pipeline_datafrogs.detect_outliers manual__2025-12-14T14:30:16.014004+00:00 [queued]>
[2025-12-14T14:38:01.275+0000] {taskinstance.py:2866} INFO - Starting attempt 1 of 2
[2025-12-14T14:38:01.293+0000] {taskinstance.py:2889} INFO - Executing <Task(PythonOperator): detect_outliers> on 2025-12-14 14:30:16.014004+00:00
[2025-12-14T14:38:01.374+0000] {warnings.py:112} WARNING - /home/***/.local/lib/python3.12/site-packages/***/task/task_runner/standard_task_runner.py:70: DeprecationWarning: This process (pid=87) is multi-threaded, use of fork() may lead to deadlocks in the child.
  pid = os.fork()

[2025-12-14T14:38:01.377+0000] {standard_task_runner.py:72} INFO - Started process 127 to run task
[2025-12-14T14:38:01.407+0000] {standard_task_runner.py:104} INFO - Running: ['***', 'tasks', 'run', 'stock_portfolio_pipeline_datafrogs', 'detect_outliers', 'manual__2025-12-14T14:30:16.014004+00:00', '--job-id', '488', '--raw', '--subdir', 'DAGS_FOLDER/***.py', '--cfg-path', '/tmp/tmpu2ozhjrz']
[2025-12-14T14:38:01.425+0000] {standard_task_runner.py:105} INFO - Job 488: Subtask detect_outliers
[2025-12-14T14:38:01.567+0000] {task_command.py:467} INFO - Running <TaskInstance: stock_portfolio_pipeline_datafrogs.detect_outliers manual__2025-12-14T14:30:16.014004+00:00 [running]> on host fa03c3586928
[2025-12-14T14:38:01.693+0000] {taskinstance.py:3132} INFO - Exporting env vars: AIRFLOW_CTX_DAG_OWNER='data_engineering_team' AIRFLOW_CTX_DAG_ID='stock_portfolio_pipeline_datafrogs' AIRFLOW_CTX_TASK_ID='detect_outliers' AIRFLOW_CTX_EXECUTION_DATE='2025-12-14T14:30:16.014004+00:00' AIRFLOW_CTX_TRY_NUMBER='1' AIRFLOW_CTX_DAG_RUN_ID='manual__2025-12-14T14:30:16.014004+00:00'
[2025-12-14T14:38:01.696+0000] {taskinstance.py:731} INFO - ::endgroup::
[2025-12-14T14:38:01.715+0000] {logging_mixin.py:190} INFO - 
--- 2. Handling Outliers ---
[2025-12-14T14:38:01.784+0000] {logging_mixin.py:190} INFO - STK001: 15.476% outliers
[2025-12-14T14:38:01.785+0000] {logging_mixin.py:190} INFO - STK002: 0.000% outliers
[2025-12-14T14:38:01.787+0000] {logging_mixin.py:190} INFO - STK003: 3.770% outliers
[2025-12-14T14:38:01.790+0000] {logging_mixin.py:190} INFO - STK004: 2.778% outliers
[2025-12-14T14:38:01.791+0000] {logging_mixin.py:190} INFO - STK005: 0.000% outliers
[2025-12-14T14:38:01.793+0000] {logging_mixin.py:190} INFO - STK006: 0.000% outliers
[2025-12-14T14:38:01.796+0000] {logging_mixin.py:190} INFO - STK007: 6.349% outliers
[2025-12-14T14:38:01.797+0000] {logging_mixin.py:190} INFO - STK008: 0.000% outliers
[2025-12-14T14:38:01.799+0000] {logging_mixin.py:190} INFO - STK009: 1.190% outliers
[2025-12-14T14:38:01.800+0000] {logging_mixin.py:190} INFO - STK010: 0.000% outliers
[2025-12-14T14:38:01.803+0000] {logging_mixin.py:190} INFO - STK011: 0.198% outliers
[2025-12-14T14:38:01.806+0000] {logging_mixin.py:190} INFO - STK012: 0.000% outliers
[2025-12-14T14:38:01.807+0000] {logging_mixin.py:190} INFO - STK013: 0.000% outliers
[2025-12-14T14:38:01.808+0000] {logging_mixin.py:190} INFO - STK014: 0.198% outliers
[2025-12-14T14:38:01.810+0000] {logging_mixin.py:190} INFO - STK015: 0.000% outliers
[2025-12-14T14:38:01.812+0000] {logging_mixin.py:190} INFO - STK016: 0.000% outliers
[2025-12-14T14:38:01.813+0000] {logging_mixin.py:190} INFO - STK017: 0.000% outliers
[2025-12-14T14:38:01.828+0000] {logging_mixin.py:190} INFO - STK018: 0.000% outliers
[2025-12-14T14:38:01.830+0000] {logging_mixin.py:190} INFO - STK019: 7.341% outliers
[2025-12-14T14:38:01.832+0000] {logging_mixin.py:190} INFO - STK020: 0.397% outliers
[2025-12-14T14:38:01.834+0000] {logging_mixin.py:190} INFO - quantity: 7.650% outliers
[2025-12-14T14:38:01.838+0000] {logging_mixin.py:190} INFO - average_trade_size: 25.250% outliers
[2025-12-14T14:38:01.842+0000] {logging_mixin.py:190} INFO - cumulative_portfolio_value: 10.370% outliers
[2025-12-14T14:38:01.990+0000] {python.py:240} INFO - Done. Returned value was: None
[2025-12-14T14:38:02.002+0000] {taskinstance.py:340} INFO - ::group::Post task execution logs
[2025-12-14T14:38:02.002+0000] {taskinstance.py:352} INFO - Marking task as SUCCESS. dag_id=stock_portfolio_pipeline_datafrogs, task_id=detect_outliers, run_id=manual__2025-12-14T14:30:16.014004+00:00, execution_date=20251214T143016, start_date=20251214T143801, end_date=20251214T143802
[2025-12-14T14:38:02.030+0000] {local_task_job_runner.py:266} INFO - Task exited with return code 0
[2025-12-14T14:38:02.056+0000] {taskinstance.py:3895} INFO - 1 downstream tasks scheduled from follow-on schedule check
[2025-12-14T14:38:02.058+0000] {local_task_job_runner.py:245} INFO - ::endgroup::
