[2025-12-14T00:05:24.664+0000] {local_task_job_runner.py:123} INFO - ::group::Pre task execution logs
[2025-12-14T00:05:24.674+0000] {taskinstance.py:2613} INFO - Dependencies all met for dep_context=non-requeueable deps ti=<TaskInstance: stock_portfolio_pipeline_datafrogs.detect_outliers scheduled__2025-12-13T00:00:00+00:00 [queued]>
[2025-12-14T00:05:24.678+0000] {taskinstance.py:2613} INFO - Dependencies all met for dep_context=requeueable deps ti=<TaskInstance: stock_portfolio_pipeline_datafrogs.detect_outliers scheduled__2025-12-13T00:00:00+00:00 [queued]>
[2025-12-14T00:05:24.678+0000] {taskinstance.py:2866} INFO - Starting attempt 2 of 2
[2025-12-14T00:05:24.684+0000] {taskinstance.py:2889} INFO - Executing <Task(PythonOperator): detect_outliers> on 2025-12-13 00:00:00+00:00
[2025-12-14T00:05:24.695+0000] {warnings.py:112} WARNING - /home/***/.local/lib/python3.12/site-packages/***/task/task_runner/standard_task_runner.py:70: DeprecationWarning: This process (pid=3127) is multi-threaded, use of fork() may lead to deadlocks in the child.
  pid = os.fork()

[2025-12-14T00:05:24.696+0000] {standard_task_runner.py:72} INFO - Started process 3132 to run task
[2025-12-14T00:05:24.698+0000] {standard_task_runner.py:104} INFO - Running: ['***', 'tasks', 'run', 'stock_portfolio_pipeline_datafrogs', 'detect_outliers', 'scheduled__2025-12-13T00:00:00+00:00', '--job-id', '339', '--raw', '--subdir', 'DAGS_FOLDER/***.py', '--cfg-path', '/tmp/tmp4w54ohou']
[2025-12-14T00:05:24.700+0000] {standard_task_runner.py:105} INFO - Job 339: Subtask detect_outliers
[2025-12-14T00:05:24.748+0000] {task_command.py:467} INFO - Running <TaskInstance: stock_portfolio_pipeline_datafrogs.detect_outliers scheduled__2025-12-13T00:00:00+00:00 [running]> on host 139938a689f3
[2025-12-14T00:05:24.810+0000] {taskinstance.py:3132} INFO - Exporting env vars: AIRFLOW_CTX_DAG_OWNER='data_engineering_team' AIRFLOW_CTX_DAG_ID='stock_portfolio_pipeline_datafrogs' AIRFLOW_CTX_TASK_ID='detect_outliers' AIRFLOW_CTX_EXECUTION_DATE='2025-12-13T00:00:00+00:00' AIRFLOW_CTX_TRY_NUMBER='2' AIRFLOW_CTX_DAG_RUN_ID='scheduled__2025-12-13T00:00:00+00:00'
[2025-12-14T00:05:24.811+0000] {taskinstance.py:731} INFO - ::endgroup::
[2025-12-14T00:05:24.820+0000] {logging_mixin.py:190} INFO - 
--- 2. Handling Outliers ---
[2025-12-14T00:05:24.842+0000] {logging_mixin.py:190} INFO - STK001: 15.476% outliers
[2025-12-14T00:05:24.843+0000] {logging_mixin.py:190} INFO - STK002: 0.000% outliers
[2025-12-14T00:05:24.844+0000] {logging_mixin.py:190} INFO - STK003: 3.770% outliers
[2025-12-14T00:05:24.845+0000] {logging_mixin.py:190} INFO - STK004: 2.778% outliers
[2025-12-14T00:05:24.845+0000] {logging_mixin.py:190} INFO - STK005: 0.000% outliers
[2025-12-14T00:05:24.846+0000] {logging_mixin.py:190} INFO - STK006: 0.000% outliers
[2025-12-14T00:05:24.847+0000] {logging_mixin.py:190} INFO - STK007: 6.349% outliers
[2025-12-14T00:05:24.848+0000] {logging_mixin.py:190} INFO - STK008: 0.000% outliers
[2025-12-14T00:05:24.849+0000] {logging_mixin.py:190} INFO - STK009: 1.190% outliers
[2025-12-14T00:05:24.850+0000] {logging_mixin.py:190} INFO - STK010: 0.000% outliers
[2025-12-14T00:05:24.851+0000] {logging_mixin.py:190} INFO - STK011: 0.198% outliers
[2025-12-14T00:05:24.852+0000] {logging_mixin.py:190} INFO - STK012: 0.000% outliers
[2025-12-14T00:05:24.854+0000] {logging_mixin.py:190} INFO - STK013: 0.000% outliers
[2025-12-14T00:05:24.854+0000] {logging_mixin.py:190} INFO - STK014: 0.198% outliers
[2025-12-14T00:05:24.856+0000] {logging_mixin.py:190} INFO - STK015: 0.000% outliers
[2025-12-14T00:05:24.857+0000] {logging_mixin.py:190} INFO - STK016: 0.000% outliers
[2025-12-14T00:05:24.858+0000] {logging_mixin.py:190} INFO - STK017: 0.000% outliers
[2025-12-14T00:05:24.859+0000] {logging_mixin.py:190} INFO - STK018: 0.000% outliers
[2025-12-14T00:05:24.860+0000] {logging_mixin.py:190} INFO - STK019: 7.341% outliers
[2025-12-14T00:05:24.861+0000] {logging_mixin.py:190} INFO - STK020: 0.397% outliers
[2025-12-14T00:05:24.862+0000] {logging_mixin.py:190} INFO - quantity: 7.650% outliers
[2025-12-14T00:05:24.864+0000] {logging_mixin.py:190} INFO - average_trade_size: 25.250% outliers
[2025-12-14T00:05:24.865+0000] {logging_mixin.py:190} INFO - cumulative_portfolio_value: 10.370% outliers
[2025-12-14T00:05:24.954+0000] {python.py:240} INFO - Done. Returned value was: None
[2025-12-14T00:05:24.967+0000] {taskinstance.py:340} INFO - ::group::Post task execution logs
[2025-12-14T00:05:24.968+0000] {taskinstance.py:352} INFO - Marking task as SUCCESS. dag_id=stock_portfolio_pipeline_datafrogs, task_id=detect_outliers, run_id=scheduled__2025-12-13T00:00:00+00:00, execution_date=20251213T000000, start_date=20251214T000524, end_date=20251214T000524
[2025-12-14T00:05:24.992+0000] {local_task_job_runner.py:266} INFO - Task exited with return code 0
[2025-12-14T00:05:25.023+0000] {taskinstance.py:3895} INFO - 1 downstream tasks scheduled from follow-on schedule check
[2025-12-14T00:05:25.024+0000] {local_task_job_runner.py:245} INFO - ::endgroup::
