[2025-12-13T19:58:27.993+0000] {local_task_job_runner.py:123} INFO - ::group::Pre task execution logs
[2025-12-13T19:58:28.024+0000] {taskinstance.py:2613} INFO - Dependencies all met for dep_context=non-requeueable deps ti=<TaskInstance: stock_portfolio_pipeline_datafrogs.detect_outliers manual__2025-12-13T19:53:04.257720+00:00 [queued]>
[2025-12-13T19:58:28.029+0000] {taskinstance.py:2613} INFO - Dependencies all met for dep_context=requeueable deps ti=<TaskInstance: stock_portfolio_pipeline_datafrogs.detect_outliers manual__2025-12-13T19:53:04.257720+00:00 [queued]>
[2025-12-13T19:58:28.030+0000] {taskinstance.py:2866} INFO - Starting attempt 1 of 2
[2025-12-13T19:58:28.037+0000] {taskinstance.py:2889} INFO - Executing <Task(PythonOperator): detect_outliers> on 2025-12-13 19:53:04.257720+00:00
[2025-12-13T19:58:28.048+0000] {warnings.py:112} WARNING - /home/***/.local/lib/python3.12/site-packages/***/task/task_runner/standard_task_runner.py:70: DeprecationWarning: This process (pid=3513) is multi-threaded, use of fork() may lead to deadlocks in the child.
  pid = os.fork()

[2025-12-13T19:58:28.049+0000] {standard_task_runner.py:72} INFO - Started process 3519 to run task
[2025-12-13T19:58:28.052+0000] {standard_task_runner.py:104} INFO - Running: ['***', 'tasks', 'run', 'stock_portfolio_pipeline_datafrogs', 'detect_outliers', 'manual__2025-12-13T19:53:04.257720+00:00', '--job-id', '266', '--raw', '--subdir', 'DAGS_FOLDER/***.py', '--cfg-path', '/tmp/tmpcy23xzps']
[2025-12-13T19:58:28.056+0000] {standard_task_runner.py:105} INFO - Job 266: Subtask detect_outliers
[2025-12-13T19:58:28.242+0000] {task_command.py:467} INFO - Running <TaskInstance: stock_portfolio_pipeline_datafrogs.detect_outliers manual__2025-12-13T19:53:04.257720+00:00 [running]> on host fc66782e0078
[2025-12-13T19:58:38.623+0000] {job.py:229} INFO - Heartbeat recovered after 10.69 seconds
[2025-12-13T19:58:38.828+0000] {taskinstance.py:3132} INFO - Exporting env vars: AIRFLOW_CTX_DAG_OWNER='data_engineering_team' AIRFLOW_CTX_DAG_ID='stock_portfolio_pipeline_datafrogs' AIRFLOW_CTX_TASK_ID='detect_outliers' AIRFLOW_CTX_EXECUTION_DATE='2025-12-13T19:53:04.257720+00:00' AIRFLOW_CTX_TRY_NUMBER='1' AIRFLOW_CTX_DAG_RUN_ID='manual__2025-12-13T19:53:04.257720+00:00'
[2025-12-13T19:58:38.862+0000] {taskinstance.py:731} INFO - ::endgroup::
[2025-12-13T19:58:38.908+0000] {logging_mixin.py:190} INFO - 
--- 2. Handling Outliers ---
[2025-12-13T19:58:38.960+0000] {logging_mixin.py:190} INFO - STK001: 15.476% outliers
[2025-12-13T19:58:38.969+0000] {logging_mixin.py:190} INFO - STK002: 0.000% outliers
[2025-12-13T19:58:38.972+0000] {logging_mixin.py:190} INFO - STK003: 3.770% outliers
[2025-12-13T19:58:38.975+0000] {logging_mixin.py:190} INFO - STK004: 2.778% outliers
[2025-12-13T19:58:38.977+0000] {logging_mixin.py:190} INFO - STK005: 0.000% outliers
[2025-12-13T19:58:38.980+0000] {logging_mixin.py:190} INFO - STK006: 0.000% outliers
[2025-12-13T19:58:38.984+0000] {logging_mixin.py:190} INFO - STK007: 6.349% outliers
[2025-12-13T19:58:38.987+0000] {logging_mixin.py:190} INFO - STK008: 0.000% outliers
[2025-12-13T19:58:38.989+0000] {logging_mixin.py:190} INFO - STK009: 1.190% outliers
[2025-12-13T19:58:38.991+0000] {logging_mixin.py:190} INFO - STK010: 0.000% outliers
[2025-12-13T19:58:38.995+0000] {logging_mixin.py:190} INFO - STK011: 0.198% outliers
[2025-12-13T19:58:39.002+0000] {logging_mixin.py:190} INFO - STK012: 0.000% outliers
[2025-12-13T19:58:39.010+0000] {logging_mixin.py:190} INFO - STK013: 0.000% outliers
[2025-12-13T19:58:39.020+0000] {logging_mixin.py:190} INFO - STK014: 0.198% outliers
[2025-12-13T19:58:39.021+0000] {logging_mixin.py:190} INFO - STK015: 0.000% outliers
[2025-12-13T19:58:39.023+0000] {logging_mixin.py:190} INFO - STK016: 0.000% outliers
[2025-12-13T19:58:39.024+0000] {logging_mixin.py:190} INFO - STK017: 0.000% outliers
[2025-12-13T19:58:39.025+0000] {logging_mixin.py:190} INFO - STK018: 0.000% outliers
[2025-12-13T19:58:39.027+0000] {logging_mixin.py:190} INFO - STK019: 7.341% outliers
[2025-12-13T19:58:39.029+0000] {logging_mixin.py:190} INFO - STK020: 0.397% outliers
[2025-12-13T19:58:39.030+0000] {logging_mixin.py:190} INFO - quantity: 7.650% outliers
[2025-12-13T19:58:39.032+0000] {logging_mixin.py:190} INFO - average_trade_size: 25.250% outliers
[2025-12-13T19:58:39.034+0000] {logging_mixin.py:190} INFO - cumulative_portfolio_value: 10.370% outliers
[2025-12-13T19:58:39.278+0000] {python.py:240} INFO - Done. Returned value was: None
[2025-12-13T19:58:39.426+0000] {taskinstance.py:340} INFO - ::group::Post task execution logs
[2025-12-13T19:58:39.429+0000] {taskinstance.py:352} INFO - Marking task as SUCCESS. dag_id=stock_portfolio_pipeline_datafrogs, task_id=detect_outliers, run_id=manual__2025-12-13T19:53:04.257720+00:00, execution_date=20251213T195304, start_date=20251213T195828, end_date=20251213T195839
[2025-12-13T19:58:39.514+0000] {local_task_job_runner.py:266} INFO - Task exited with return code 0
[2025-12-13T19:58:39.551+0000] {local_task_job_runner.py:245} INFO - ::endgroup::
