[2025-12-12T20:05:35.460+0000] {local_task_job_runner.py:123} INFO - ::group::Pre task execution logs
[2025-12-12T20:05:35.476+0000] {taskinstance.py:2613} INFO - Dependencies all met for dep_context=non-requeueable deps ti=<TaskInstance: stock_portfolio_pipeline_datafrogs.encode_categorical_data manual__2025-12-12T20:05:28.246870+00:00 [queued]>
[2025-12-12T20:05:35.484+0000] {taskinstance.py:2613} INFO - Dependencies all met for dep_context=requeueable deps ti=<TaskInstance: stock_portfolio_pipeline_datafrogs.encode_categorical_data manual__2025-12-12T20:05:28.246870+00:00 [queued]>
[2025-12-12T20:05:35.485+0000] {taskinstance.py:2866} INFO - Starting attempt 1 of 2
[2025-12-12T20:05:35.498+0000] {taskinstance.py:2889} INFO - Executing <Task(PythonOperator): encode_categorical_data> on 2025-12-12 20:05:28.246870+00:00
[2025-12-12T20:05:35.509+0000] {warnings.py:112} WARNING - /home/***/.local/lib/python3.12/site-packages/***/task/task_runner/standard_task_runner.py:70: DeprecationWarning: This process (pid=132) is multi-threaded, use of fork() may lead to deadlocks in the child.
  pid = os.fork()

[2025-12-12T20:05:35.512+0000] {standard_task_runner.py:72} INFO - Started process 158 to run task
[2025-12-12T20:05:35.513+0000] {standard_task_runner.py:104} INFO - Running: ['***', 'tasks', 'run', 'stock_portfolio_pipeline_datafrogs', 'encode_categorical_data', 'manual__2025-12-12T20:05:28.246870+00:00', '--job-id', '117', '--raw', '--subdir', 'DAGS_FOLDER/***.py', '--cfg-path', '/tmp/tmp2hsghk3n']
[2025-12-12T20:05:35.517+0000] {standard_task_runner.py:105} INFO - Job 117: Subtask encode_categorical_data
[2025-12-12T20:05:35.583+0000] {task_command.py:467} INFO - Running <TaskInstance: stock_portfolio_pipeline_datafrogs.encode_categorical_data manual__2025-12-12T20:05:28.246870+00:00 [running]> on host c4d4f0d21068
[2025-12-12T20:05:35.676+0000] {taskinstance.py:3132} INFO - Exporting env vars: AIRFLOW_CTX_DAG_OWNER='data_engineering_team' AIRFLOW_CTX_DAG_ID='stock_portfolio_pipeline_datafrogs' AIRFLOW_CTX_TASK_ID='encode_categorical_data' AIRFLOW_CTX_EXECUTION_DATE='2025-12-12T20:05:28.246870+00:00' AIRFLOW_CTX_TRY_NUMBER='1' AIRFLOW_CTX_DAG_RUN_ID='manual__2025-12-12T20:05:28.246870+00:00'
[2025-12-12T20:05:35.679+0000] {taskinstance.py:731} INFO - ::endgroup::
[2025-12-12T20:05:35.896+0000] {logging_mixin.py:190} INFO -     Column Name  ...                                      Encoded Value
0      day_name  ...                                    [0, 1, 2, 3, 4]
1  stock_ticker  ...  [0, 1, 2, 3, 4, 5, 6, 7, 8, 9, 10, 11, 12, 13,...
2    is_weekend  ...                                             [0, 1]
3    is_holiday  ...                                             [0, 1]

[4 rows x 3 columns]
[2025-12-12T20:05:35.897+0000] {python.py:240} INFO - Done. Returned value was: None
[2025-12-12T20:05:35.910+0000] {taskinstance.py:340} INFO - ::group::Post task execution logs
[2025-12-12T20:05:35.911+0000] {taskinstance.py:352} INFO - Marking task as SUCCESS. dag_id=stock_portfolio_pipeline_datafrogs, task_id=encode_categorical_data, run_id=manual__2025-12-12T20:05:28.246870+00:00, execution_date=20251212T200528, start_date=20251212T200535, end_date=20251212T200535
[2025-12-12T20:05:35.969+0000] {local_task_job_runner.py:266} INFO - Task exited with return code 0
[2025-12-12T20:05:35.991+0000] {taskinstance.py:3895} INFO - 0 downstream tasks scheduled from follow-on schedule check
[2025-12-12T20:05:35.994+0000] {local_task_job_runner.py:245} INFO - ::endgroup::
