[2025-12-14T08:10:50.352+0000] {local_task_job_runner.py:123} INFO - ::group::Pre task execution logs
[2025-12-14T08:10:50.369+0000] {taskinstance.py:2613} INFO - Dependencies all met for dep_context=non-requeueable deps ti=<TaskInstance: stock_portfolio_pipeline_datafrogs.detect_outliers manual__2025-12-14T08:10:42.184055+00:00 [queued]>
[2025-12-14T08:10:50.382+0000] {taskinstance.py:2613} INFO - Dependencies all met for dep_context=requeueable deps ti=<TaskInstance: stock_portfolio_pipeline_datafrogs.detect_outliers manual__2025-12-14T08:10:42.184055+00:00 [queued]>
[2025-12-14T08:10:50.383+0000] {taskinstance.py:2866} INFO - Starting attempt 1 of 2
[2025-12-14T08:10:50.424+0000] {taskinstance.py:2889} INFO - Executing <Task(PythonOperator): detect_outliers> on 2025-12-14 08:10:42.184055+00:00
[2025-12-14T08:10:50.444+0000] {warnings.py:112} WARNING - /home/***/.local/lib/python3.12/site-packages/***/task/task_runner/standard_task_runner.py:70: DeprecationWarning: This process (pid=721) is multi-threaded, use of fork() may lead to deadlocks in the child.
  pid = os.fork()

[2025-12-14T08:10:50.445+0000] {standard_task_runner.py:72} INFO - Started process 737 to run task
[2025-12-14T08:10:50.448+0000] {standard_task_runner.py:104} INFO - Running: ['***', 'tasks', 'run', 'stock_portfolio_pipeline_datafrogs', 'detect_outliers', 'manual__2025-12-14T08:10:42.184055+00:00', '--job-id', '453', '--raw', '--subdir', 'DAGS_FOLDER/***.py', '--cfg-path', '/tmp/tmpvv_yjnb5']
[2025-12-14T08:10:50.469+0000] {standard_task_runner.py:105} INFO - Job 453: Subtask detect_outliers
[2025-12-14T08:10:53.719+0000] {task_command.py:467} INFO - Running <TaskInstance: stock_portfolio_pipeline_datafrogs.detect_outliers manual__2025-12-14T08:10:42.184055+00:00 [running]> on host 2211a8f7907d
[2025-12-14T08:11:46.903+0000] {taskinstance.py:3132} INFO - Exporting env vars: AIRFLOW_CTX_DAG_OWNER='data_engineering_team' AIRFLOW_CTX_DAG_ID='stock_portfolio_pipeline_datafrogs' AIRFLOW_CTX_TASK_ID='detect_outliers' AIRFLOW_CTX_EXECUTION_DATE='2025-12-14T08:10:42.184055+00:00' AIRFLOW_CTX_TRY_NUMBER='1' AIRFLOW_CTX_DAG_RUN_ID='manual__2025-12-14T08:10:42.184055+00:00'
[2025-12-14T08:11:46.973+0000] {taskinstance.py:731} INFO - ::endgroup::
[2025-12-14T08:11:46.995+0000] {job.py:229} INFO - Heartbeat recovered after 48.10 seconds
[2025-12-14T08:11:47.176+0000] {logging_mixin.py:190} INFO - 
--- 2. Handling Outliers ---
[2025-12-14T08:11:47.323+0000] {logging_mixin.py:190} INFO - STK001: 15.476% outliers
[2025-12-14T08:11:47.330+0000] {logging_mixin.py:190} INFO - STK002: 0.000% outliers
[2025-12-14T08:11:47.334+0000] {logging_mixin.py:190} INFO - STK003: 3.770% outliers
[2025-12-14T08:11:47.339+0000] {logging_mixin.py:190} INFO - STK004: 2.778% outliers
[2025-12-14T08:11:47.354+0000] {logging_mixin.py:190} INFO - STK005: 0.000% outliers
[2025-12-14T08:11:47.361+0000] {logging_mixin.py:190} INFO - STK006: 0.000% outliers
[2025-12-14T08:11:47.364+0000] {logging_mixin.py:190} INFO - STK007: 6.349% outliers
[2025-12-14T08:11:47.365+0000] {logging_mixin.py:190} INFO - STK008: 0.000% outliers
[2025-12-14T08:11:47.367+0000] {logging_mixin.py:190} INFO - STK009: 1.190% outliers
[2025-12-14T08:11:47.368+0000] {logging_mixin.py:190} INFO - STK010: 0.000% outliers
[2025-12-14T08:11:47.370+0000] {logging_mixin.py:190} INFO - STK011: 0.198% outliers
[2025-12-14T08:11:47.371+0000] {logging_mixin.py:190} INFO - STK012: 0.000% outliers
[2025-12-14T08:11:47.372+0000] {logging_mixin.py:190} INFO - STK013: 0.000% outliers
[2025-12-14T08:11:47.374+0000] {logging_mixin.py:190} INFO - STK014: 0.198% outliers
[2025-12-14T08:11:47.376+0000] {logging_mixin.py:190} INFO - STK015: 0.000% outliers
[2025-12-14T08:11:47.377+0000] {logging_mixin.py:190} INFO - STK016: 0.000% outliers
[2025-12-14T08:11:47.378+0000] {logging_mixin.py:190} INFO - STK017: 0.000% outliers
[2025-12-14T08:11:47.380+0000] {logging_mixin.py:190} INFO - STK018: 0.000% outliers
[2025-12-14T08:11:47.383+0000] {logging_mixin.py:190} INFO - STK019: 7.341% outliers
[2025-12-14T08:11:47.387+0000] {logging_mixin.py:190} INFO - STK020: 0.397% outliers
[2025-12-14T08:11:47.392+0000] {logging_mixin.py:190} INFO - quantity: 7.650% outliers
[2025-12-14T08:11:47.395+0000] {logging_mixin.py:190} INFO - average_trade_size: 25.250% outliers
[2025-12-14T08:11:47.399+0000] {logging_mixin.py:190} INFO - cumulative_portfolio_value: 10.370% outliers
[2025-12-14T08:11:48.112+0000] {python.py:240} INFO - Done. Returned value was: None
[2025-12-14T08:12:00.888+0000] {taskinstance.py:340} INFO - ::group::Post task execution logs
[2025-12-14T08:12:00.931+0000] {taskinstance.py:352} INFO - Marking task as SUCCESS. dag_id=stock_portfolio_pipeline_datafrogs, task_id=detect_outliers, run_id=manual__2025-12-14T08:10:42.184055+00:00, execution_date=20251214T081042, start_date=20251214T081050, end_date=20251214T081200
[2025-12-14T08:12:00.948+0000] {job.py:229} INFO - Heartbeat recovered after 14.00 seconds
[2025-12-14T08:12:01.121+0000] {local_task_job_runner.py:266} INFO - Task exited with return code 0
[2025-12-14T08:12:01.162+0000] {local_task_job_runner.py:245} INFO - ::endgroup::
