[2025-12-14T14:40:08.411+0000] {local_task_job_runner.py:123} INFO - ::group::Pre task execution logs
[2025-12-14T14:40:08.491+0000] {taskinstance.py:2613} INFO - Dependencies all met for dep_context=non-requeueable deps ti=<TaskInstance: stock_portfolio_pipeline_datafrogs.load_to_postgres manual__2025-12-14T14:38:32.719426+00:00 [queued]>
[2025-12-14T14:40:08.509+0000] {taskinstance.py:2613} INFO - Dependencies all met for dep_context=requeueable deps ti=<TaskInstance: stock_portfolio_pipeline_datafrogs.load_to_postgres manual__2025-12-14T14:38:32.719426+00:00 [queued]>
[2025-12-14T14:40:08.510+0000] {taskinstance.py:2866} INFO - Starting attempt 1 of 2
[2025-12-14T14:40:08.546+0000] {taskinstance.py:2889} INFO - Executing <Task(PythonOperator): load_to_postgres> on 2025-12-14 14:38:32.719426+00:00
[2025-12-14T14:40:08.622+0000] {warnings.py:112} WARNING - /home/***/.local/lib/python3.12/site-packages/***/task/task_runner/standard_task_runner.py:70: DeprecationWarning: This process (pid=1078) is multi-threaded, use of fork() may lead to deadlocks in the child.
  pid = os.fork()

[2025-12-14T14:40:08.626+0000] {standard_task_runner.py:72} INFO - Started process 1126 to run task
[2025-12-14T14:40:08.628+0000] {standard_task_runner.py:104} INFO - Running: ['***', 'tasks', 'run', 'stock_portfolio_pipeline_datafrogs', 'load_to_postgres', 'manual__2025-12-14T14:38:32.719426+00:00', '--job-id', '501', '--raw', '--subdir', 'DAGS_FOLDER/***.py', '--cfg-path', '/tmp/tmp5g3i7cjx']
[2025-12-14T14:40:08.653+0000] {standard_task_runner.py:105} INFO - Job 501: Subtask load_to_postgres
[2025-12-14T14:40:08.772+0000] {task_command.py:467} INFO - Running <TaskInstance: stock_portfolio_pipeline_datafrogs.load_to_postgres manual__2025-12-14T14:38:32.719426+00:00 [running]> on host fa03c3586928
[2025-12-14T14:40:09.635+0000] {taskinstance.py:3132} INFO - Exporting env vars: AIRFLOW_CTX_DAG_OWNER='data_engineering_team' AIRFLOW_CTX_DAG_ID='stock_portfolio_pipeline_datafrogs' AIRFLOW_CTX_TASK_ID='load_to_postgres' AIRFLOW_CTX_EXECUTION_DATE='2025-12-14T14:38:32.719426+00:00' AIRFLOW_CTX_TRY_NUMBER='1' AIRFLOW_CTX_DAG_RUN_ID='manual__2025-12-14T14:38:32.719426+00:00'
[2025-12-14T14:40:09.650+0000] {taskinstance.py:731} INFO - ::endgroup::
[2025-12-14T14:40:10.664+0000] {logging_mixin.py:190} INFO - Database 'stockanalytics' already exists
[2025-12-14T14:40:10.716+0000] {logging_mixin.py:190} INFO - Connected to Database
[2025-12-14T14:40:10.717+0000] {logging_mixin.py:190} INFO - Writing cleaned dataset to database
[2025-12-14T14:40:17.453+0000] {logging_mixin.py:190} INFO - Done writing to database
[2025-12-14T14:40:17.512+0000] {python.py:240} INFO - Done. Returned value was: None
[2025-12-14T14:40:17.643+0000] {taskinstance.py:340} INFO - ::group::Post task execution logs
[2025-12-14T14:40:17.645+0000] {taskinstance.py:352} INFO - Marking task as SUCCESS. dag_id=stock_portfolio_pipeline_datafrogs, task_id=load_to_postgres, run_id=manual__2025-12-14T14:38:32.719426+00:00, execution_date=20251214T143832, start_date=20251214T144008, end_date=20251214T144017
[2025-12-14T14:40:18.067+0000] {local_task_job_runner.py:266} INFO - Task exited with return code 0
[2025-12-14T14:40:18.741+0000] {standard_task_runner.py:217} INFO - Process not found (most likely exited), stop collecting metrics
[2025-12-14T14:40:19.442+0000] {taskinstance.py:3895} INFO - 0 downstream tasks scheduled from follow-on schedule check
[2025-12-14T14:40:19.476+0000] {local_task_job_runner.py:245} INFO - ::endgroup::
