[2025-12-12T17:54:02.303+0000] {local_task_job_runner.py:123} INFO - ::group::Pre task execution logs
[2025-12-12T17:54:02.320+0000] {taskinstance.py:2613} INFO - Dependencies all met for dep_context=non-requeueable deps ti=<TaskInstance: stock_portfolio_pipeline_datafrogs.encode_categorical_data manual__2025-12-12T17:53:57.411065+00:00 [queued]>
[2025-12-12T17:54:02.328+0000] {taskinstance.py:2613} INFO - Dependencies all met for dep_context=requeueable deps ti=<TaskInstance: stock_portfolio_pipeline_datafrogs.encode_categorical_data manual__2025-12-12T17:53:57.411065+00:00 [queued]>
[2025-12-12T17:54:02.329+0000] {taskinstance.py:2866} INFO - Starting attempt 1 of 2
[2025-12-12T17:54:02.343+0000] {taskinstance.py:2889} INFO - Executing <Task(PythonOperator): encode_categorical_data> on 2025-12-12 17:53:57.411065+00:00
[2025-12-12T17:54:02.352+0000] {warnings.py:112} WARNING - /home/***/.local/lib/python3.12/site-packages/***/task/task_runner/standard_task_runner.py:70: DeprecationWarning: This process (pid=168) is multi-threaded, use of fork() may lead to deadlocks in the child.
  pid = os.fork()

[2025-12-12T17:54:02.355+0000] {standard_task_runner.py:104} INFO - Running: ['***', 'tasks', 'run', 'stock_portfolio_pipeline_datafrogs', 'encode_categorical_data', 'manual__2025-12-12T17:53:57.411065+00:00', '--job-id', '90', '--raw', '--subdir', 'DAGS_FOLDER/***.py', '--cfg-path', '/tmp/tmpg4cu_a1y']
[2025-12-12T17:54:02.358+0000] {standard_task_runner.py:72} INFO - Started process 195 to run task
[2025-12-12T17:54:02.358+0000] {standard_task_runner.py:105} INFO - Job 90: Subtask encode_categorical_data
[2025-12-12T17:54:02.421+0000] {task_command.py:467} INFO - Running <TaskInstance: stock_portfolio_pipeline_datafrogs.encode_categorical_data manual__2025-12-12T17:53:57.411065+00:00 [running]> on host dd4793df7145
[2025-12-12T17:54:02.510+0000] {taskinstance.py:3132} INFO - Exporting env vars: AIRFLOW_CTX_DAG_OWNER='data_engineering_team' AIRFLOW_CTX_DAG_ID='stock_portfolio_pipeline_datafrogs' AIRFLOW_CTX_TASK_ID='encode_categorical_data' AIRFLOW_CTX_EXECUTION_DATE='2025-12-12T17:53:57.411065+00:00' AIRFLOW_CTX_TRY_NUMBER='1' AIRFLOW_CTX_DAG_RUN_ID='manual__2025-12-12T17:53:57.411065+00:00'
[2025-12-12T17:54:02.512+0000] {taskinstance.py:731} INFO - ::endgroup::
[2025-12-12T17:54:02.743+0000] {logging_mixin.py:190} INFO -     Column Name  ...                                      Encoded Value
0      day_name  ...                                    [0, 1, 2, 3, 4]
1  stock_ticker  ...  [0, 1, 2, 3, 4, 5, 6, 7, 8, 9, 10, 11, 12, 13,...
2    is_weekend  ...                                             [0, 1]
3    is_holiday  ...                                             [0, 1]

[4 rows x 3 columns]
[2025-12-12T17:54:02.744+0000] {python.py:240} INFO - Done. Returned value was: None
[2025-12-12T17:54:02.756+0000] {taskinstance.py:340} INFO - ::group::Post task execution logs
[2025-12-12T17:54:02.757+0000] {taskinstance.py:352} INFO - Marking task as SUCCESS. dag_id=stock_portfolio_pipeline_datafrogs, task_id=encode_categorical_data, run_id=manual__2025-12-12T17:53:57.411065+00:00, execution_date=20251212T175357, start_date=20251212T175402, end_date=20251212T175402
[2025-12-12T17:54:02.814+0000] {local_task_job_runner.py:266} INFO - Task exited with return code 0
[2025-12-12T17:54:02.823+0000] {local_task_job_runner.py:245} INFO - ::endgroup::
