[2025-12-14T12:20:01.714+0000] {local_task_job_runner.py:123} INFO - ::group::Pre task execution logs
[2025-12-14T12:20:01.726+0000] {taskinstance.py:2613} INFO - Dependencies all met for dep_context=non-requeueable deps ti=<TaskInstance: stock_portfolio_pipeline_datafrogs.prepare_visualization manual__2025-12-14T12:17:10.495881+00:00 [queued]>
[2025-12-14T12:20:01.731+0000] {taskinstance.py:2613} INFO - Dependencies all met for dep_context=requeueable deps ti=<TaskInstance: stock_portfolio_pipeline_datafrogs.prepare_visualization manual__2025-12-14T12:17:10.495881+00:00 [queued]>
[2025-12-14T12:20:01.731+0000] {taskinstance.py:2866} INFO - Starting attempt 1 of 2
[2025-12-14T12:20:01.737+0000] {taskinstance.py:2889} INFO - Executing <Task(PythonOperator): prepare_visualization> on 2025-12-14 12:17:10.495881+00:00
[2025-12-14T12:20:01.744+0000] {warnings.py:112} WARNING - /home/***/.local/lib/python3.12/site-packages/***/task/task_runner/standard_task_runner.py:70: DeprecationWarning: This process (pid=7571) is multi-threaded, use of fork() may lead to deadlocks in the child.
  pid = os.fork()

[2025-12-14T12:20:01.745+0000] {standard_task_runner.py:72} INFO - Started process 7590 to run task
[2025-12-14T12:20:01.745+0000] {standard_task_runner.py:104} INFO - Running: ['***', 'tasks', 'run', 'stock_portfolio_pipeline_datafrogs', 'prepare_visualization', 'manual__2025-12-14T12:17:10.495881+00:00', '--job-id', '350', '--raw', '--subdir', 'DAGS_FOLDER/***.py', '--cfg-path', '/tmp/tmpb2vn6gxg']
[2025-12-14T12:20:01.749+0000] {standard_task_runner.py:105} INFO - Job 350: Subtask prepare_visualization
[2025-12-14T12:20:01.786+0000] {task_command.py:467} INFO - Running <TaskInstance: stock_portfolio_pipeline_datafrogs.prepare_visualization manual__2025-12-14T12:17:10.495881+00:00 [running]> on host 79a4b2d0a09e
[2025-12-14T12:20:01.831+0000] {taskinstance.py:3132} INFO - Exporting env vars: AIRFLOW_CTX_DAG_OWNER='data_engineering_team' AIRFLOW_CTX_DAG_ID='stock_portfolio_pipeline_datafrogs' AIRFLOW_CTX_TASK_ID='prepare_visualization' AIRFLOW_CTX_EXECUTION_DATE='2025-12-14T12:17:10.495881+00:00' AIRFLOW_CTX_TRY_NUMBER='1' AIRFLOW_CTX_DAG_RUN_ID='manual__2025-12-14T12:17:10.495881+00:00'
[2025-12-14T12:20:01.832+0000] {taskinstance.py:731} INFO - ::endgroup::
[2025-12-14T12:20:01.843+0000] {logging_mixin.py:190} INFO - === Starting Prepare Visualization Task ===
[2025-12-14T12:20:01.844+0000] {logging_mixin.py:190} INFO - Reading from: /opt/***/data/streaming_dataset/full_stocks.csv
[2025-12-14T12:20:01.869+0000] {logging_mixin.py:190} INFO - Loaded 9500 rows from /opt/***/data/streaming_dataset/full_stocks.csv
[2025-12-14T12:20:01.883+0000] {logging_mixin.py:190} INFO - Reversed label encoding successfully.
[2025-12-14T12:20:01.889+0000] {logging_mixin.py:190} INFO - Reversed one-hot encoding for transaction_type
[2025-12-14T12:20:01.894+0000] {logging_mixin.py:190} INFO - Reversed one-hot encoding for customer_account_type
[2025-12-14T12:20:01.898+0000] {logging_mixin.py:190} INFO - Reversed one-hot encoding for stock_sector
[2025-12-14T12:20:01.903+0000] {logging_mixin.py:190} INFO - Reversed one-hot encoding for stock_industry
[2025-12-14T12:20:01.985+0000] {logging_mixin.py:190} INFO - Saved prepared data to /opt/***/data/visualization/dashboard_data.csv
[2025-12-14T12:20:01.985+0000] {python.py:240} INFO - Done. Returned value was: None
[2025-12-14T12:20:01.995+0000] {taskinstance.py:340} INFO - ::group::Post task execution logs
[2025-12-14T12:20:01.995+0000] {taskinstance.py:352} INFO - Marking task as SUCCESS. dag_id=stock_portfolio_pipeline_datafrogs, task_id=prepare_visualization, run_id=manual__2025-12-14T12:17:10.495881+00:00, execution_date=20251214T121710, start_date=20251214T122001, end_date=20251214T122001
[2025-12-14T12:20:02.042+0000] {local_task_job_runner.py:266} INFO - Task exited with return code 0
[2025-12-14T12:20:02.062+0000] {taskinstance.py:3895} INFO - 1 downstream tasks scheduled from follow-on schedule check
[2025-12-14T12:20:02.063+0000] {local_task_job_runner.py:245} INFO - ::endgroup::
