[2025-12-13T19:38:16.438+0000] {local_task_job_runner.py:123} INFO - ::group::Pre task execution logs
[2025-12-13T19:38:16.480+0000] {taskinstance.py:2613} INFO - Dependencies all met for dep_context=non-requeueable deps ti=<TaskInstance: stock_portfolio_pipeline_datafrogs.integrate_datasets manual__2025-12-13T19:30:50.084500+00:00 [queued]>
[2025-12-13T19:38:16.571+0000] {taskinstance.py:2613} INFO - Dependencies all met for dep_context=requeueable deps ti=<TaskInstance: stock_portfolio_pipeline_datafrogs.integrate_datasets manual__2025-12-13T19:30:50.084500+00:00 [queued]>
[2025-12-13T19:38:16.584+0000] {taskinstance.py:2866} INFO - Starting attempt 2 of 2
[2025-12-13T19:38:16.665+0000] {taskinstance.py:2889} INFO - Executing <Task(PythonOperator): integrate_datasets> on 2025-12-13 19:30:50.084500+00:00
[2025-12-13T19:38:16.710+0000] {warnings.py:112} WARNING - /home/***/.local/lib/python3.12/site-packages/***/task/task_runner/standard_task_runner.py:70: DeprecationWarning: This process (pid=855) is multi-threaded, use of fork() may lead to deadlocks in the child.
  pid = os.fork()

[2025-12-13T19:38:16.719+0000] {standard_task_runner.py:72} INFO - Started process 897 to run task
[2025-12-13T19:38:16.735+0000] {standard_task_runner.py:104} INFO - Running: ['***', 'tasks', 'run', 'stock_portfolio_pipeline_datafrogs', 'integrate_datasets', 'manual__2025-12-13T19:30:50.084500+00:00', '--job-id', '202', '--raw', '--subdir', 'DAGS_FOLDER/***.py', '--cfg-path', '/tmp/tmp9z4kk2m0']
[2025-12-13T19:38:16.749+0000] {standard_task_runner.py:105} INFO - Job 202: Subtask integrate_datasets
[2025-12-13T19:38:17.725+0000] {task_command.py:467} INFO - Running <TaskInstance: stock_portfolio_pipeline_datafrogs.integrate_datasets manual__2025-12-13T19:30:50.084500+00:00 [running]> on host fc66782e0078
[2025-12-13T19:38:19.552+0000] {taskinstance.py:3132} INFO - Exporting env vars: AIRFLOW_CTX_DAG_OWNER='data_engineering_team' AIRFLOW_CTX_DAG_ID='stock_portfolio_pipeline_datafrogs' AIRFLOW_CTX_TASK_ID='integrate_datasets' AIRFLOW_CTX_EXECUTION_DATE='2025-12-13T19:30:50.084500+00:00' AIRFLOW_CTX_TRY_NUMBER='2' AIRFLOW_CTX_DAG_RUN_ID='manual__2025-12-13T19:30:50.084500+00:00'
[2025-12-13T19:38:19.608+0000] {taskinstance.py:731} INFO - ::endgroup::
[2025-12-13T19:38:20.057+0000] {logging_mixin.py:190} INFO - 
--- 3. Merging Datasets ---
[2025-12-13T19:38:20.553+0000] {logging_mixin.py:190} INFO -  Final merged DataFrame created with 10000 rows and 16 columns.
[2025-12-13T19:38:20.664+0000] {python.py:240} INFO - Done. Returned value was: None
[2025-12-13T19:38:20.744+0000] {taskinstance.py:340} INFO - ::group::Post task execution logs
[2025-12-13T19:38:20.749+0000] {taskinstance.py:352} INFO - Marking task as SUCCESS. dag_id=stock_portfolio_pipeline_datafrogs, task_id=integrate_datasets, run_id=manual__2025-12-13T19:30:50.084500+00:00, execution_date=20251213T193050, start_date=20251213T193816, end_date=20251213T193820
[2025-12-13T19:38:20.835+0000] {local_task_job_runner.py:266} INFO - Task exited with return code 0
[2025-12-13T19:38:20.872+0000] {local_task_job_runner.py:245} INFO - ::endgroup::
