[2025-12-14T11:41:25.270+0000] {local_task_job_runner.py:123} INFO - ::group::Pre task execution logs
[2025-12-14T11:41:25.278+0000] {taskinstance.py:2613} INFO - Dependencies all met for dep_context=non-requeueable deps ti=<TaskInstance: stock_portfolio_pipeline_datafrogs.load_to_postgres manual__2025-12-14T11:41:17.146922+00:00 [queued]>
[2025-12-14T11:41:25.281+0000] {taskinstance.py:2613} INFO - Dependencies all met for dep_context=requeueable deps ti=<TaskInstance: stock_portfolio_pipeline_datafrogs.load_to_postgres manual__2025-12-14T11:41:17.146922+00:00 [queued]>
[2025-12-14T11:41:25.281+0000] {taskinstance.py:2866} INFO - Starting attempt 1 of 2
[2025-12-14T11:41:25.287+0000] {taskinstance.py:2889} INFO - Executing <Task(PythonOperator): load_to_postgres> on 2025-12-14 11:41:17.146922+00:00
[2025-12-14T11:41:25.293+0000] {warnings.py:112} WARNING - /home/***/.local/lib/python3.12/site-packages/***/task/task_runner/standard_task_runner.py:70: DeprecationWarning: This process (pid=958) is multi-threaded, use of fork() may lead to deadlocks in the child.
  pid = os.fork()

[2025-12-14T11:41:25.294+0000] {standard_task_runner.py:72} INFO - Started process 963 to run task
[2025-12-14T11:41:25.295+0000] {standard_task_runner.py:104} INFO - Running: ['***', 'tasks', 'run', 'stock_portfolio_pipeline_datafrogs', 'load_to_postgres', 'manual__2025-12-14T11:41:17.146922+00:00', '--job-id', '233', '--raw', '--subdir', 'DAGS_FOLDER/***.py', '--cfg-path', '/tmp/tmpquufwhlm']
[2025-12-14T11:41:25.297+0000] {standard_task_runner.py:105} INFO - Job 233: Subtask load_to_postgres
[2025-12-14T11:41:25.318+0000] {task_command.py:467} INFO - Running <TaskInstance: stock_portfolio_pipeline_datafrogs.load_to_postgres manual__2025-12-14T11:41:17.146922+00:00 [running]> on host 79a4b2d0a09e
[2025-12-14T11:41:25.354+0000] {taskinstance.py:3132} INFO - Exporting env vars: AIRFLOW_CTX_DAG_OWNER='data_engineering_team' AIRFLOW_CTX_DAG_ID='stock_portfolio_pipeline_datafrogs' AIRFLOW_CTX_TASK_ID='load_to_postgres' AIRFLOW_CTX_EXECUTION_DATE='2025-12-14T11:41:17.146922+00:00' AIRFLOW_CTX_TRY_NUMBER='1' AIRFLOW_CTX_DAG_RUN_ID='manual__2025-12-14T11:41:17.146922+00:00'
[2025-12-14T11:41:25.356+0000] {taskinstance.py:731} INFO - ::endgroup::
[2025-12-14T11:41:25.392+0000] {logging_mixin.py:190} INFO - Database 'stockanalytics' already exists
[2025-12-14T11:41:25.400+0000] {logging_mixin.py:190} INFO - Connected to Database
[2025-12-14T11:41:25.400+0000] {logging_mixin.py:190} INFO - Writing cleaned dataset to database
[2025-12-14T11:43:21.327+0000] {local_task_job_runner.py:346} WARNING - State of this instance has been externally set to failed. Terminating instance.
[2025-12-14T11:43:21.335+0000] {local_task_job_runner.py:245} INFO - ::endgroup::
[2025-12-14T11:43:21.337+0000] {process_utils.py:132} INFO - Sending 15 to group 963. PIDs of all processes in the group: [963]
[2025-12-14T11:43:21.337+0000] {process_utils.py:87} INFO - Sending the signal 15 to group 963
[2025-12-14T11:44:21.369+0000] {process_utils.py:150} WARNING - process psutil.Process(pid=963, name='airflow task ru', status='sleeping', started='11:41:24') did not respond to SIGTERM. Trying SIGKILL
[2025-12-14T11:44:21.374+0000] {process_utils.py:87} INFO - Sending the signal 9 to group 963
[2025-12-14T11:44:21.388+0000] {process_utils.py:80} INFO - Process psutil.Process(pid=963, name='airflow task ru', status='terminated', exitcode=<Negsignal.SIGKILL: -9>, started='11:41:24') (963) terminated with exit code -9
[2025-12-14T11:44:21.389+0000] {standard_task_runner.py:190} ERROR - ('Job 233 was killed before it finished (likely due to running out of memory)', 'For more information, see https://***.apache.org/docs/apache-***/stable/troubleshooting.html#LocalTaskJob-killed')
