[2025-12-13T18:03:40.298+0000] {local_task_job_runner.py:123} INFO - ::group::Pre task execution logs
[2025-12-13T18:03:40.317+0000] {taskinstance.py:2613} INFO - Dependencies all met for dep_context=non-requeueable deps ti=<TaskInstance: stock_portfolio_pipeline_datafrogs.prepare_streaming_data manual__2025-12-13T18:03:25.590117+00:00 [queued]>
[2025-12-13T18:03:40.330+0000] {taskinstance.py:2613} INFO - Dependencies all met for dep_context=requeueable deps ti=<TaskInstance: stock_portfolio_pipeline_datafrogs.prepare_streaming_data manual__2025-12-13T18:03:25.590117+00:00 [queued]>
[2025-12-13T18:03:40.330+0000] {taskinstance.py:2866} INFO - Starting attempt 1 of 2
[2025-12-13T18:03:40.346+0000] {taskinstance.py:2889} INFO - Executing <Task(PythonOperator): prepare_streaming_data> on 2025-12-13 18:03:25.590117+00:00
[2025-12-13T18:03:40.413+0000] {warnings.py:112} WARNING - /home/***/.local/lib/python3.12/site-packages/***/task/task_runner/standard_task_runner.py:70: DeprecationWarning: This process (pid=1500) is multi-threaded, use of fork() may lead to deadlocks in the child.
  pid = os.fork()

[2025-12-13T18:03:40.429+0000] {standard_task_runner.py:72} INFO - Started process 1564 to run task
[2025-12-13T18:03:40.435+0000] {standard_task_runner.py:104} INFO - Running: ['***', 'tasks', 'run', 'stock_portfolio_pipeline_datafrogs', 'prepare_streaming_data', 'manual__2025-12-13T18:03:25.590117+00:00', '--job-id', '111', '--raw', '--subdir', 'DAGS_FOLDER/***.py', '--cfg-path', '/tmp/tmpx224eaod']
[2025-12-13T18:03:40.443+0000] {standard_task_runner.py:105} INFO - Job 111: Subtask prepare_streaming_data
[2025-12-13T18:03:40.908+0000] {task_command.py:467} INFO - Running <TaskInstance: stock_portfolio_pipeline_datafrogs.prepare_streaming_data manual__2025-12-13T18:03:25.590117+00:00 [running]> on host 686b42cad89b
[2025-12-13T18:03:41.417+0000] {taskinstance.py:3132} INFO - Exporting env vars: AIRFLOW_CTX_DAG_OWNER='data_engineering_team' AIRFLOW_CTX_DAG_ID='stock_portfolio_pipeline_datafrogs' AIRFLOW_CTX_TASK_ID='prepare_streaming_data' AIRFLOW_CTX_EXECUTION_DATE='2025-12-13T18:03:25.590117+00:00' AIRFLOW_CTX_TRY_NUMBER='1' AIRFLOW_CTX_DAG_RUN_ID='manual__2025-12-13T18:03:25.590117+00:00'
[2025-12-13T18:03:41.445+0000] {taskinstance.py:731} INFO - ::endgroup::
[2025-12-13T18:03:41.656+0000] {logging_mixin.py:190} INFO - dataframe length 10000
[2025-12-13T18:03:41.690+0000] {logging_mixin.py:190} INFO - streaming length 500
[2025-12-13T18:03:41.693+0000] {logging_mixin.py:190} INFO - remaining encoded length 9500
[2025-12-13T18:03:41.884+0000] {python.py:240} INFO - Done. Returned value was: None
[2025-12-13T18:03:43.484+0000] {taskinstance.py:340} INFO - ::group::Post task execution logs
[2025-12-13T18:03:43.485+0000] {taskinstance.py:352} INFO - Marking task as SUCCESS. dag_id=stock_portfolio_pipeline_datafrogs, task_id=prepare_streaming_data, run_id=manual__2025-12-13T18:03:25.590117+00:00, execution_date=20251213T180325, start_date=20251213T180340, end_date=20251213T180343
[2025-12-13T18:03:43.552+0000] {local_task_job_runner.py:266} INFO - Task exited with return code 0
[2025-12-13T18:03:43.717+0000] {taskinstance.py:3895} INFO - 1 downstream tasks scheduled from follow-on schedule check
[2025-12-13T18:03:43.726+0000] {local_task_job_runner.py:245} INFO - ::endgroup::
