[2025-12-14T09:02:58.299+0000] {local_task_job_runner.py:123} INFO - ::group::Pre task execution logs
[2025-12-14T09:02:58.395+0000] {taskinstance.py:2613} INFO - Dependencies all met for dep_context=non-requeueable deps ti=<TaskInstance: stock_portfolio_pipeline_datafrogs.detect_outliers manual__2025-12-14T09:02:15.528818+00:00 [queued]>
[2025-12-14T09:02:58.424+0000] {taskinstance.py:2613} INFO - Dependencies all met for dep_context=requeueable deps ti=<TaskInstance: stock_portfolio_pipeline_datafrogs.detect_outliers manual__2025-12-14T09:02:15.528818+00:00 [queued]>
[2025-12-14T09:02:58.424+0000] {taskinstance.py:2866} INFO - Starting attempt 1 of 2
[2025-12-14T09:02:58.456+0000] {taskinstance.py:2889} INFO - Executing <Task(PythonOperator): detect_outliers> on 2025-12-14 09:02:15.528818+00:00
[2025-12-14T09:02:58.535+0000] {warnings.py:112} WARNING - /home/***/.local/lib/python3.12/site-packages/***/task/task_runner/standard_task_runner.py:70: DeprecationWarning: This process (pid=172) is multi-threaded, use of fork() may lead to deadlocks in the child.
  pid = os.fork()

[2025-12-14T09:02:58.587+0000] {standard_task_runner.py:72} INFO - Started process 226 to run task
[2025-12-14T09:02:58.603+0000] {standard_task_runner.py:104} INFO - Running: ['***', 'tasks', 'run', 'stock_portfolio_pipeline_datafrogs', 'detect_outliers', 'manual__2025-12-14T09:02:15.528818+00:00', '--job-id', '8', '--raw', '--subdir', 'DAGS_FOLDER/***.py', '--cfg-path', '/tmp/tmpxj0a34ej']
[2025-12-14T09:02:58.643+0000] {standard_task_runner.py:105} INFO - Job 8: Subtask detect_outliers
[2025-12-14T09:02:58.846+0000] {task_command.py:467} INFO - Running <TaskInstance: stock_portfolio_pipeline_datafrogs.detect_outliers manual__2025-12-14T09:02:15.528818+00:00 [running]> on host 179bab7085b3
[2025-12-14T09:03:00.820+0000] {taskinstance.py:3132} INFO - Exporting env vars: AIRFLOW_CTX_DAG_OWNER='data_engineering_team' AIRFLOW_CTX_DAG_ID='stock_portfolio_pipeline_datafrogs' AIRFLOW_CTX_TASK_ID='detect_outliers' AIRFLOW_CTX_EXECUTION_DATE='2025-12-14T09:02:15.528818+00:00' AIRFLOW_CTX_TRY_NUMBER='1' AIRFLOW_CTX_DAG_RUN_ID='manual__2025-12-14T09:02:15.528818+00:00'
[2025-12-14T09:03:00.875+0000] {taskinstance.py:731} INFO - ::endgroup::
[2025-12-14T09:03:00.951+0000] {logging_mixin.py:190} INFO - 
--- 2. Handling Outliers ---
[2025-12-14T09:03:01.140+0000] {logging_mixin.py:190} INFO - STK001: 15.476% outliers
[2025-12-14T09:03:01.160+0000] {logging_mixin.py:190} INFO - STK002: 0.000% outliers
[2025-12-14T09:03:01.169+0000] {logging_mixin.py:190} INFO - STK003: 3.770% outliers
[2025-12-14T09:03:01.175+0000] {logging_mixin.py:190} INFO - STK004: 2.778% outliers
[2025-12-14T09:03:01.180+0000] {logging_mixin.py:190} INFO - STK005: 0.000% outliers
[2025-12-14T09:03:01.196+0000] {logging_mixin.py:190} INFO - STK006: 0.000% outliers
[2025-12-14T09:03:01.204+0000] {logging_mixin.py:190} INFO - STK007: 6.349% outliers
[2025-12-14T09:03:01.216+0000] {logging_mixin.py:190} INFO - STK008: 0.000% outliers
[2025-12-14T09:03:01.232+0000] {logging_mixin.py:190} INFO - STK009: 1.190% outliers
[2025-12-14T09:03:01.268+0000] {logging_mixin.py:190} INFO - STK010: 0.000% outliers
[2025-12-14T09:03:01.281+0000] {logging_mixin.py:190} INFO - STK011: 0.198% outliers
[2025-12-14T09:03:01.289+0000] {logging_mixin.py:190} INFO - STK012: 0.000% outliers
[2025-12-14T09:03:01.296+0000] {logging_mixin.py:190} INFO - STK013: 0.000% outliers
[2025-12-14T09:03:01.304+0000] {logging_mixin.py:190} INFO - STK014: 0.198% outliers
[2025-12-14T09:03:01.322+0000] {logging_mixin.py:190} INFO - STK015: 0.000% outliers
[2025-12-14T09:03:01.356+0000] {logging_mixin.py:190} INFO - STK016: 0.000% outliers
[2025-12-14T09:03:01.370+0000] {logging_mixin.py:190} INFO - STK017: 0.000% outliers
[2025-12-14T09:03:01.393+0000] {logging_mixin.py:190} INFO - STK018: 0.000% outliers
[2025-12-14T09:03:01.436+0000] {logging_mixin.py:190} INFO - STK019: 7.341% outliers
[2025-12-14T09:03:01.457+0000] {logging_mixin.py:190} INFO - STK020: 0.397% outliers
[2025-12-14T09:03:01.516+0000] {logging_mixin.py:190} INFO - quantity: 7.650% outliers
[2025-12-14T09:03:01.526+0000] {logging_mixin.py:190} INFO - average_trade_size: 25.250% outliers
[2025-12-14T09:03:01.535+0000] {logging_mixin.py:190} INFO - cumulative_portfolio_value: 10.370% outliers
[2025-12-14T09:03:02.235+0000] {python.py:240} INFO - Done. Returned value was: None
[2025-12-14T09:03:02.302+0000] {taskinstance.py:340} INFO - ::group::Post task execution logs
[2025-12-14T09:03:02.311+0000] {taskinstance.py:352} INFO - Marking task as SUCCESS. dag_id=stock_portfolio_pipeline_datafrogs, task_id=detect_outliers, run_id=manual__2025-12-14T09:02:15.528818+00:00, execution_date=20251214T090215, start_date=20251214T090258, end_date=20251214T090302
[2025-12-14T09:03:02.477+0000] {local_task_job_runner.py:266} INFO - Task exited with return code 0
[2025-12-14T09:03:03.017+0000] {taskinstance.py:3895} INFO - 0 downstream tasks scheduled from follow-on schedule check
[2025-12-14T09:03:03.029+0000] {local_task_job_runner.py:245} INFO - ::endgroup::
