[2025-12-14T14:20:20.284+0000] {local_task_job_runner.py:123} INFO - ::group::Pre task execution logs
[2025-12-14T14:20:20.302+0000] {taskinstance.py:2613} INFO - Dependencies all met for dep_context=non-requeueable deps ti=<TaskInstance: stock_portfolio_pipeline_datafrogs.start_visualization_service manual__2025-12-14T12:41:52.953730+00:00 [queued]>
[2025-12-14T14:20:20.311+0000] {taskinstance.py:2613} INFO - Dependencies all met for dep_context=requeueable deps ti=<TaskInstance: stock_portfolio_pipeline_datafrogs.start_visualization_service manual__2025-12-14T12:41:52.953730+00:00 [queued]>
[2025-12-14T14:20:20.312+0000] {taskinstance.py:2866} INFO - Starting attempt 2 of 2
[2025-12-14T14:20:20.326+0000] {taskinstance.py:2889} INFO - Executing <Task(BashOperator): start_visualization_service> on 2025-12-14 12:41:52.953730+00:00
[2025-12-14T14:20:20.340+0000] {warnings.py:112} WARNING - /home/***/.local/lib/python3.12/site-packages/***/task/task_runner/standard_task_runner.py:70: DeprecationWarning: This process (pid=56) is multi-threaded, use of fork() may lead to deadlocks in the child.
  pid = os.fork()

[2025-12-14T14:20:20.342+0000] {standard_task_runner.py:72} INFO - Started process 61 to run task
[2025-12-14T14:20:20.344+0000] {standard_task_runner.py:104} INFO - Running: ['***', 'tasks', 'run', 'stock_portfolio_pipeline_datafrogs', 'start_visualization_service', 'manual__2025-12-14T12:41:52.953730+00:00', '--job-id', '480', '--raw', '--subdir', 'DAGS_FOLDER/***.py', '--cfg-path', '/tmp/tmpvmb9ka0o']
[2025-12-14T14:20:20.348+0000] {standard_task_runner.py:105} INFO - Job 480: Subtask start_visualization_service
[2025-12-14T14:20:20.406+0000] {task_command.py:467} INFO - Running <TaskInstance: stock_portfolio_pipeline_datafrogs.start_visualization_service manual__2025-12-14T12:41:52.953730+00:00 [running]> on host d7f387b018da
[2025-12-14T14:20:20.523+0000] {taskinstance.py:3132} INFO - Exporting env vars: AIRFLOW_CTX_DAG_OWNER='data_engineering_team' AIRFLOW_CTX_DAG_ID='stock_portfolio_pipeline_datafrogs' AIRFLOW_CTX_TASK_ID='start_visualization_service' AIRFLOW_CTX_EXECUTION_DATE='2025-12-14T12:41:52.953730+00:00' AIRFLOW_CTX_TRY_NUMBER='2' AIRFLOW_CTX_DAG_RUN_ID='manual__2025-12-14T12:41:52.953730+00:00'
[2025-12-14T14:20:20.528+0000] {taskinstance.py:731} INFO - ::endgroup::
[2025-12-14T14:20:20.588+0000] {subprocess.py:78} INFO - Tmp dir root location: /tmp
[2025-12-14T14:20:20.590+0000] {subprocess.py:88} INFO - Running command: ['/usr/bin/bash', '-c', 'streamlit run /opt/***/scripts/dashboard.py --server.port 8501 --server.address 0.0.0.0']
[2025-12-14T14:20:20.628+0000] {subprocess.py:99} INFO - Output:
[2025-12-14T14:20:22.287+0000] {subprocess.py:106} INFO - 
[2025-12-14T14:20:22.290+0000] {subprocess.py:106} INFO - Collecting usage statistics. To deactivate, set browser.gatherUsageStats to false.
[2025-12-14T14:20:22.291+0000] {subprocess.py:106} INFO - 
[2025-12-14T14:20:26.166+0000] {subprocess.py:106} INFO - 
[2025-12-14T14:20:26.187+0000] {subprocess.py:106} INFO -   You can now view your Streamlit app in your browser.
[2025-12-14T14:20:26.188+0000] {subprocess.py:106} INFO - 
[2025-12-14T14:20:26.188+0000] {subprocess.py:106} INFO -   URL: http://0.0.0.0:8501
[2025-12-14T14:20:26.189+0000] {subprocess.py:106} INFO - 
