[2025-12-14T09:57:10.619+0000] {local_task_job_runner.py:123} INFO - ::group::Pre task execution logs
[2025-12-14T09:57:10.628+0000] {taskinstance.py:2613} INFO - Dependencies all met for dep_context=non-requeueable deps ti=<TaskInstance: stock_portfolio_pipeline_datafrogs.run_spark_analytics manual__2025-12-14T09:56:35.564918+00:00 [queued]>
[2025-12-14T09:57:10.632+0000] {taskinstance.py:2613} INFO - Dependencies all met for dep_context=requeueable deps ti=<TaskInstance: stock_portfolio_pipeline_datafrogs.run_spark_analytics manual__2025-12-14T09:56:35.564918+00:00 [queued]>
[2025-12-14T09:57:10.632+0000] {taskinstance.py:2866} INFO - Starting attempt 1 of 2
[2025-12-14T09:57:10.638+0000] {taskinstance.py:2889} INFO - Executing <Task(PythonOperator): run_spark_analytics> on 2025-12-14 09:56:35.564918+00:00
[2025-12-14T09:57:10.647+0000] {warnings.py:112} WARNING - /home/***/.local/lib/python3.12/site-packages/***/task/task_runner/standard_task_runner.py:70: DeprecationWarning: This process (pid=4949) is multi-threaded, use of fork() may lead to deadlocks in the child.
  pid = os.fork()

[2025-12-14T09:57:10.648+0000] {standard_task_runner.py:72} INFO - Started process 4954 to run task
[2025-12-14T09:57:10.649+0000] {standard_task_runner.py:104} INFO - Running: ['***', 'tasks', 'run', 'stock_portfolio_pipeline_datafrogs', 'run_spark_analytics', 'manual__2025-12-14T09:56:35.564918+00:00', '--job-id', '119', '--raw', '--subdir', 'DAGS_FOLDER/***.py', '--cfg-path', '/tmp/tmpb0i_bi3m']
[2025-12-14T09:57:10.652+0000] {standard_task_runner.py:105} INFO - Job 119: Subtask run_spark_analytics
[2025-12-14T09:57:10.684+0000] {task_command.py:467} INFO - Running <TaskInstance: stock_portfolio_pipeline_datafrogs.run_spark_analytics manual__2025-12-14T09:56:35.564918+00:00 [running]> on host 179bab7085b3
[2025-12-14T09:57:10.727+0000] {taskinstance.py:3132} INFO - Exporting env vars: AIRFLOW_CTX_DAG_OWNER='data_engineering_team' AIRFLOW_CTX_DAG_ID='stock_portfolio_pipeline_datafrogs' AIRFLOW_CTX_TASK_ID='run_spark_analytics' AIRFLOW_CTX_EXECUTION_DATE='2025-12-14T09:56:35.564918+00:00' AIRFLOW_CTX_TRY_NUMBER='1' AIRFLOW_CTX_DAG_RUN_ID='manual__2025-12-14T09:56:35.564918+00:00'
[2025-12-14T09:57:10.728+0000] {taskinstance.py:731} INFO - ::endgroup::
[2025-12-14T09:57:10.739+0000] {logging_mixin.py:190} INFO - === Starting Spark Analytics Task ===
[2025-12-14T09:57:10.739+0000] {logging_mixin.py:190} INFO - No existing SparkContext found, continuing.
[2025-12-14T09:57:10.739+0000] {logging_mixin.py:190} INFO - Attempting to create SparkSession...
[2025-12-14T09:57:12.612+0000] {logging_mixin.py:190} INFO - SparkSession created successfully.
[2025-12-14T09:57:12.613+0000] {logging_mixin.py:190} INFO - Checking for file at: /opt/***/data/streaming_dataset/full_stocks.csv
[2025-12-14T09:57:12.613+0000] {logging_mixin.py:190} INFO - SUCCESS: File found.
[2025-12-14T09:57:46.505+0000] {job.py:229} INFO - Heartbeat recovered after 30.55 seconds
[2025-12-14T09:58:30.464+0000] {job.py:239} ERROR - Job heartbeat failed with error
Traceback (most recent call last):
  File "/home/airflow/.local/lib/python3.12/site-packages/sqlalchemy/engine/base.py", line 3371, in _wrap_pool_connect
    return fn()
           ^^^^
  File "/home/airflow/.local/lib/python3.12/site-packages/sqlalchemy/pool/base.py", line 327, in connect
    return _ConnectionFairy._checkout(self)
           ^^^^^^^^^^^^^^^^^^^^^^^^^^^^^^^^
  File "/home/airflow/.local/lib/python3.12/site-packages/sqlalchemy/pool/base.py", line 894, in _checkout
    fairy = _ConnectionRecord.checkout(pool)
            ^^^^^^^^^^^^^^^^^^^^^^^^^^^^^^^^
  File "/home/airflow/.local/lib/python3.12/site-packages/sqlalchemy/pool/base.py", line 493, in checkout
    rec = pool._do_get()
          ^^^^^^^^^^^^^^
  File "/home/airflow/.local/lib/python3.12/site-packages/sqlalchemy/pool/impl.py", line 256, in _do_get
    return self._create_connection()
           ^^^^^^^^^^^^^^^^^^^^^^^^^
  File "/home/airflow/.local/lib/python3.12/site-packages/sqlalchemy/pool/base.py", line 273, in _create_connection
    return _ConnectionRecord(self)
           ^^^^^^^^^^^^^^^^^^^^^^^
  File "/home/airflow/.local/lib/python3.12/site-packages/sqlalchemy/pool/base.py", line 388, in __init__
    self.__connect()
  File "/home/airflow/.local/lib/python3.12/site-packages/sqlalchemy/pool/base.py", line 690, in __connect
    with util.safe_reraise():
         ^^^^^^^^^^^^^^^^^^^
  File "/home/airflow/.local/lib/python3.12/site-packages/sqlalchemy/util/langhelpers.py", line 70, in __exit__
    compat.raise_(
  File "/home/airflow/.local/lib/python3.12/site-packages/sqlalchemy/util/compat.py", line 211, in raise_
    raise exception
  File "/home/airflow/.local/lib/python3.12/site-packages/sqlalchemy/pool/base.py", line 686, in __connect
    self.dbapi_connection = connection = pool._invoke_creator(self)
                                         ^^^^^^^^^^^^^^^^^^^^^^^^^^
  File "/home/airflow/.local/lib/python3.12/site-packages/sqlalchemy/engine/create.py", line 574, in connect
    return dialect.connect(*cargs, **cparams)
           ^^^^^^^^^^^^^^^^^^^^^^^^^^^^^^^^^^
  File "/home/airflow/.local/lib/python3.12/site-packages/sqlalchemy/engine/default.py", line 598, in connect
    return self.dbapi.connect(*cargs, **cparams)
           ^^^^^^^^^^^^^^^^^^^^^^^^^^^^^^^^^^^^^
  File "/home/airflow/.local/lib/python3.12/site-packages/psycopg2/__init__.py", line 122, in connect
    conn = _connect(dsn, connection_factory=connection_factory, **kwasync)
           ^^^^^^^^^^^^^^^^^^^^^^^^^^^^^^^^^^^^^^^^^^^^^^^^^^^^^^^^^^^^^^^
psycopg2.OperationalError: could not translate host name "postgres" to address: Temporary failure in name resolution


The above exception was the direct cause of the following exception:

Traceback (most recent call last):
  File "/home/airflow/.local/lib/python3.12/site-packages/airflow/jobs/job.py", line 207, in heartbeat
    self._merge_from(Job._fetch_from_db(self, session))
                     ^^^^^^^^^^^^^^^^^^^^^^^^^^^^^^^^^
  File "/home/airflow/.local/lib/python3.12/site-packages/airflow/api_internal/internal_api_call.py", line 166, in wrapper
    return func(*args, **kwargs)
           ^^^^^^^^^^^^^^^^^^^^^
  File "/home/airflow/.local/lib/python3.12/site-packages/airflow/utils/session.py", line 94, in wrapper
    return func(*args, **kwargs)
           ^^^^^^^^^^^^^^^^^^^^^
  File "/home/airflow/.local/lib/python3.12/site-packages/airflow/utils/retries.py", line 93, in wrapped_function
    for attempt in run_with_db_retries(max_retries=retries, logger=logger, **retry_kwargs):
                   ^^^^^^^^^^^^^^^^^^^^^^^^^^^^^^^^^^^^^^^^^^^^^^^^^^^^^^^^^^^^^^^^^^^^^^^
  File "/home/airflow/.local/lib/python3.12/site-packages/tenacity/__init__.py", line 443, in __iter__
    do = self.iter(retry_state=retry_state)
         ^^^^^^^^^^^^^^^^^^^^^^^^^^^^^^^^^^
  File "/home/airflow/.local/lib/python3.12/site-packages/tenacity/__init__.py", line 376, in iter
    result = action(retry_state)
             ^^^^^^^^^^^^^^^^^^^
  File "/home/airflow/.local/lib/python3.12/site-packages/tenacity/__init__.py", line 418, in exc_check
    raise retry_exc.reraise()
          ^^^^^^^^^^^^^^^^^^^
  File "/home/airflow/.local/lib/python3.12/site-packages/tenacity/__init__.py", line 185, in reraise
    raise self.last_attempt.result()
          ^^^^^^^^^^^^^^^^^^^^^^^^^^
  File "/usr/local/lib/python3.12/concurrent/futures/_base.py", line 449, in result
    return self.__get_result()
           ^^^^^^^^^^^^^^^^^^^
  File "/usr/local/lib/python3.12/concurrent/futures/_base.py", line 401, in __get_result
    raise self._exception
  File "/home/airflow/.local/lib/python3.12/site-packages/airflow/utils/retries.py", line 102, in wrapped_function
    return func(*args, **kwargs)
           ^^^^^^^^^^^^^^^^^^^^^
  File "/home/airflow/.local/lib/python3.12/site-packages/airflow/jobs/job.py", line 335, in _fetch_from_db
    session.merge(job)
  File "/home/airflow/.local/lib/python3.12/site-packages/sqlalchemy/orm/session.py", line 3056, in merge
    return self._merge(
           ^^^^^^^^^^^^
  File "/home/airflow/.local/lib/python3.12/site-packages/sqlalchemy/orm/session.py", line 3136, in _merge
    merged = self.get(
             ^^^^^^^^^
  File "/home/airflow/.local/lib/python3.12/site-packages/sqlalchemy/orm/session.py", line 2853, in get
    return self._get_impl(
           ^^^^^^^^^^^^^^^
  File "/home/airflow/.local/lib/python3.12/site-packages/sqlalchemy/orm/session.py", line 2975, in _get_impl
    return db_load_fn(
           ^^^^^^^^^^^
  File "/home/airflow/.local/lib/python3.12/site-packages/sqlalchemy/orm/loading.py", line 530, in load_on_pk_identity
    session.execute(
  File "/home/airflow/.local/lib/python3.12/site-packages/sqlalchemy/orm/session.py", line 1716, in execute
    conn = self._connection_for_bind(bind)
           ^^^^^^^^^^^^^^^^^^^^^^^^^^^^^^^
  File "/home/airflow/.local/lib/python3.12/site-packages/sqlalchemy/orm/session.py", line 1555, in _connection_for_bind
    return self._transaction._connection_for_bind(
           ^^^^^^^^^^^^^^^^^^^^^^^^^^^^^^^^^^^^^^^
  File "/home/airflow/.local/lib/python3.12/site-packages/sqlalchemy/orm/session.py", line 750, in _connection_for_bind
    conn = bind.connect()
           ^^^^^^^^^^^^^^
  File "/home/airflow/.local/lib/python3.12/site-packages/sqlalchemy/future/engine.py", line 412, in connect
    return super(Engine, self).connect()
           ^^^^^^^^^^^^^^^^^^^^^^^^^^^^^
  File "/home/airflow/.local/lib/python3.12/site-packages/sqlalchemy/engine/base.py", line 3325, in connect
    return self._connection_cls(self, close_with_result=close_with_result)
           ^^^^^^^^^^^^^^^^^^^^^^^^^^^^^^^^^^^^^^^^^^^^^^^^^^^^^^^^^^^^^^^
  File "/home/airflow/.local/lib/python3.12/site-packages/sqlalchemy/engine/base.py", line 96, in __init__
    else engine.raw_connection()
         ^^^^^^^^^^^^^^^^^^^^^^^
  File "/home/airflow/.local/lib/python3.12/site-packages/sqlalchemy/engine/base.py", line 3404, in raw_connection
    return self._wrap_pool_connect(self.pool.connect, _connection)
           ^^^^^^^^^^^^^^^^^^^^^^^^^^^^^^^^^^^^^^^^^^^^^^^^^^^^^^^
  File "/home/airflow/.local/lib/python3.12/site-packages/sqlalchemy/engine/base.py", line 3374, in _wrap_pool_connect
    Connection._handle_dbapi_exception_noconnection(
  File "/home/airflow/.local/lib/python3.12/site-packages/sqlalchemy/engine/base.py", line 2208, in _handle_dbapi_exception_noconnection
    util.raise_(
  File "/home/airflow/.local/lib/python3.12/site-packages/sqlalchemy/util/compat.py", line 211, in raise_
    raise exception
  File "/home/airflow/.local/lib/python3.12/site-packages/sqlalchemy/engine/base.py", line 3371, in _wrap_pool_connect
    return fn()
           ^^^^
  File "/home/airflow/.local/lib/python3.12/site-packages/sqlalchemy/pool/base.py", line 327, in connect
    return _ConnectionFairy._checkout(self)
           ^^^^^^^^^^^^^^^^^^^^^^^^^^^^^^^^
  File "/home/airflow/.local/lib/python3.12/site-packages/sqlalchemy/pool/base.py", line 894, in _checkout
    fairy = _ConnectionRecord.checkout(pool)
            ^^^^^^^^^^^^^^^^^^^^^^^^^^^^^^^^
  File "/home/airflow/.local/lib/python3.12/site-packages/sqlalchemy/pool/base.py", line 493, in checkout
    rec = pool._do_get()
          ^^^^^^^^^^^^^^
  File "/home/airflow/.local/lib/python3.12/site-packages/sqlalchemy/pool/impl.py", line 256, in _do_get
    return self._create_connection()
           ^^^^^^^^^^^^^^^^^^^^^^^^^
  File "/home/airflow/.local/lib/python3.12/site-packages/sqlalchemy/pool/base.py", line 273, in _create_connection
    return _ConnectionRecord(self)
           ^^^^^^^^^^^^^^^^^^^^^^^
  File "/home/airflow/.local/lib/python3.12/site-packages/sqlalchemy/pool/base.py", line 388, in __init__
    self.__connect()
  File "/home/airflow/.local/lib/python3.12/site-packages/sqlalchemy/pool/base.py", line 690, in __connect
    with util.safe_reraise():
         ^^^^^^^^^^^^^^^^^^^
  File "/home/airflow/.local/lib/python3.12/site-packages/sqlalchemy/util/langhelpers.py", line 70, in __exit__
    compat.raise_(
  File "/home/airflow/.local/lib/python3.12/site-packages/sqlalchemy/util/compat.py", line 211, in raise_
    raise exception
  File "/home/airflow/.local/lib/python3.12/site-packages/sqlalchemy/pool/base.py", line 686, in __connect
    self.dbapi_connection = connection = pool._invoke_creator(self)
                                         ^^^^^^^^^^^^^^^^^^^^^^^^^^
  File "/home/airflow/.local/lib/python3.12/site-packages/sqlalchemy/engine/create.py", line 574, in connect
    return dialect.connect(*cargs, **cparams)
           ^^^^^^^^^^^^^^^^^^^^^^^^^^^^^^^^^^
  File "/home/airflow/.local/lib/python3.12/site-packages/sqlalchemy/engine/default.py", line 598, in connect
    return self.dbapi.connect(*cargs, **cparams)
           ^^^^^^^^^^^^^^^^^^^^^^^^^^^^^^^^^^^^^
  File "/home/airflow/.local/lib/python3.12/site-packages/psycopg2/__init__.py", line 122, in connect
    conn = _connect(dsn, connection_factory=connection_factory, **kwasync)
           ^^^^^^^^^^^^^^^^^^^^^^^^^^^^^^^^^^^^^^^^^^^^^^^^^^^^^^^^^^^^^^^
sqlalchemy.exc.OperationalError: (psycopg2.OperationalError) could not translate host name "postgres" to address: Temporary failure in name resolution

(Background on this error at: https://sqlalche.me/e/14/e3q8)
[2025-12-14T09:58:31.003+0000] {job.py:254} ERROR - Job heartbeat failed with error. Scheduler is in unhealthy state
[2025-12-14T09:58:35.302+0000] {logging_mixin.py:190} INFO - CSV loaded successfully, showing first 5 rows:
[2025-12-14T09:58:36.049+0000] {job.py:229} INFO - Heartbeat recovered after 49.58 seconds
[2025-12-14T09:58:36.458+0000] {logging_mixin.py:190} INFO - +--------------+----------+-----------+------------+--------+------------------+--------+----------+----------+--------------------+------------------+------------------+--------------------+---------------------+-----------------------------------+----------------------------+---------------------+-------------------+--------------------+-----------------------+-----------------------+-------------------------------+-----------------------+------------------------+------------------------------+-------------------------+---------------------+-----------------------+------------------------+
|transaction_id| timestamp|customer_id|stock_ticker|quantity|average_trade_size|day_name|is_weekend|is_holiday|stock_liquidity_tier|       stock_price|total_trade_amount|transaction_type_BUY|transaction_type_SELL|customer_account_type_Institutional|customer_account_type_Retail|stock_sector_Consumer|stock_sector_Energy|stock_sector_Finance|stock_sector_Healthcare|stock_sector_Technology|stock_industry_Asset Management|stock_industry_Hardware|stock_industry_Oil & Gas|stock_industry_Pharmaceuticals|stock_industry_Renewables|stock_industry_Retail|stock_industry_Software|stock_industry_Utilities|
+--------------+----------+-----------+------------+--------+------------------+--------+----------+----------+--------------------+------------------+------------------+--------------------+---------------------+-----------------------------------+----------------------------+---------------------+-------------------+--------------------+-----------------------+-----------------------+-------------------------------+-----------------------+------------------------+------------------------------+-------------------------+---------------------+-----------------------+------------------------+
|             1|2023-01-02|       4747|           1|      15|  2.70805020110221|       0|         0|         0|                 Low|143.73284741052294| 2155.992711157844|                true|                false|                              false|                        true|                 true|              false|               false|                  false|                  false|                          false|                  false|                   false|                         false|                    false|                 true|                  false|                   false|
|             2|2023-01-02|       4747|           3|      68| 3.725693427236653|       0|         0|         0|                 Low| 41.72108686196776| 2837.033906613808|                true|                false|                              false|                        true|                false|              false|                true|                  false|                  false|                           true|                  false|                   false|                         false|                    false|                false|                  false|                   false|
|             3|2023-01-02|        227|           5|      49|3.8918202981106265|       0|         0|         0|                High|136.61322857985922| 6694.048200413102|                true|                false|                              false|                        true|                false|               true|               false|                  false|                  false|                          false|                  false|                    true|                         false|                    false|                false|                  false|                   false|
|             5|2023-01-02|       3938|           5|     203| 5.313205979041787|       0|         0|         0|                High|136.61322857985922|27732.485401711423|                true|                false|                              false|                        true|                false|               true|               false|                  false|                  false|                          false|                  false|                    true|                         false|                    false|                false|                  false|                   false|
|             6|2023-01-02|       1513|           5|     114| 4.736198448394496|       0|         0|         0|                High|136.61322857985922|15573.908058103952|                true|                false|                              false|                        true|                false|               true|               false|                  false|                  false|                          false|                  false|                    true|                         false|                    false|                false|                  false|                   false|
+--------------+----------+-----------+------------+--------+------------------+--------+----------+----------+--------------------+------------------+------------------+--------------------+---------------------+-----------------------------------+----------------------------+---------------------+-------------------+--------------------+-----------------------+-----------------------+-------------------------------+-----------------------+------------------------+------------------------------+-------------------------+---------------------+-----------------------+------------------------+
only showing top 5 rows
[2025-12-14T09:58:38.257+0000] {logging_mixin.py:190} INFO - +------------+--------------------+
|stock_ticker|total_trading_volume|
+------------+--------------------+
|      STK001|                3505|
|      STK002|                4254|
|      STK003|                8339|
|      STK004|                2680|
|      STK005|                6590|
|      STK006|              580139|
|      STK007|               27106|
|      STK008|              100328|
|      STK009|              295361|
|      STK010|              119891|
|      STK011|               30871|
|      STK012|              405355|
|      STK013|              142507|
|      STK014|                1384|
|      STK015|                3242|
|      STK016|                3028|
|      STK017|               34021|
|      STK018|              149273|
|      STK019|               32347|
|      STK020|               48237|
+------------+--------------------+
[2025-12-14T09:58:38.263+0000] {logging_mixin.py:190} INFO - Saving 'spark_analytics_1' to Postgres...
[2025-12-14T09:58:39.311+0000] {logging_mixin.py:190} INFO - Saved 'spark_analytics_1' successfully!
[2025-12-14T09:58:39.772+0000] {logging_mixin.py:190} INFO - +------------+------------------+
|stock_sector|     average_price|
+------------+------------------+
|      Energy|100.62256005331076|
|  Healthcare|152.36014652219362|
|     Finance| 79.78100894741678|
|    Consumer| 214.0935026041121|
|  Technology|   153.32374229729|
+------------+------------------+
[2025-12-14T09:58:39.774+0000] {logging_mixin.py:190} INFO - Saving 'spark_analytics_2' to Postgres...
[2025-12-14T09:58:40.154+0000] {logging_mixin.py:190} INFO - Saved 'spark_analytics_2' successfully!
[2025-12-14T09:58:40.591+0000] {logging_mixin.py:190} INFO - +----------------+-----+
|transaction_type|count|
+----------------+-----+
+----------------+-----+
[2025-12-14T09:58:40.594+0000] {logging_mixin.py:190} INFO - Saving 'spark_analytics_3' to Postgres...
[2025-12-14T09:58:40.898+0000] {logging_mixin.py:190} INFO - Saved 'spark_analytics_3' successfully!
[2025-12-14T09:58:41.680+0000] {logging_mixin.py:190} INFO - +-----------+-----------------+
|customer_id|transaction_count|
+-----------+-----------------+
|       4519|              276|
|       1157|              215|
|       4697|               17|
|       3087|               11|
|        193|              394|
|       1243|               13|
|       1816|               81|
|       4700|               60|
|       2871|               27|
|       2750|               13|
|        192|               40|
|       4354|               14|
|        336|               20|
|       2920|               18|
|        319|               17|
|       3498|               38|
|       4987|               12|
|        363|               14|
|        182|              152|
|        280|               14|
+-----------+-----------------+
only showing top 20 rows
[2025-12-14T09:58:41.683+0000] {logging_mixin.py:190} INFO - Saving 'spark_analytics_4' to Postgres...
[2025-12-14T09:58:42.027+0000] {logging_mixin.py:190} INFO - Saved 'spark_analytics_4' successfully!
[2025-12-14T09:58:42.375+0000] {logging_mixin.py:190} INFO - +--------+-------------------+
|day_name|       total_amount|
+--------+-------------------+
|       3|5.829796875008588E7|
|       2|5.612063536688559E7|
|       4|5.495004356551078E7|
|       0|5.448965043763535E7|
|       1|4.964633063004339E7|
+--------+-------------------+
[2025-12-14T09:58:42.376+0000] {logging_mixin.py:190} INFO - Saving 'spark_analytics_5' to Postgres...
[2025-12-14T09:58:42.830+0000] {logging_mixin.py:190} INFO - Saved 'spark_analytics_5' successfully!
[2025-12-14T09:58:43.179+0000] {logging_mixin.py:190} INFO - +------------+--------------+
|stock_ticker|total_quantity|
+------------+--------------+
|      STK006|        580139|
|      STK012|        405355|
|      STK009|        295361|
|      STK018|        149273|
|      STK013|        142507|
+------------+--------------+
[2025-12-14T09:58:43.180+0000] {logging_mixin.py:190} INFO - Saving 'spark_sql_1' to Postgres...
[2025-12-14T09:58:43.358+0000] {logging_mixin.py:190} INFO - Saved 'spark_sql_1' successfully!
[2025-12-14T09:58:43.541+0000] {logging_mixin.py:190} INFO - +---------------------+-----------------+
|customer_account_type| avg_trade_amount|
+---------------------+-----------------+
|        Institutional| 26059.4641001178|
|               Retail|29058.96916476181|
+---------------------+-----------------+
[2025-12-14T09:58:43.541+0000] {logging_mixin.py:190} INFO - Saving 'spark_sql_2' to Postgres...
[2025-12-14T09:58:43.730+0000] {logging_mixin.py:190} INFO - Saved 'spark_sql_2' successfully!
[2025-12-14T09:58:43.924+0000] {logging_mixin.py:190} INFO - +----------+-----------------+
|is_holiday|transaction_count|
+----------+-----------------+
|         1|              169|
|         0|             9331|
+----------+-----------------+
[2025-12-14T09:58:43.924+0000] {logging_mixin.py:190} INFO - Saving 'spark_sql_3' to Postgres...
[2025-12-14T09:58:44.068+0000] {logging_mixin.py:190} INFO - Saved 'spark_sql_3' successfully!
[2025-12-14T09:58:44.210+0000] {logging_mixin.py:190} INFO - +------------+------------+
|stock_sector|total_volume|
+------------+------------+
+------------+------------+
[2025-12-14T09:58:44.210+0000] {logging_mixin.py:190} INFO - Saving 'spark_sql_4' to Postgres...
[2025-12-14T09:58:44.322+0000] {logging_mixin.py:190} INFO - Saved 'spark_sql_4' successfully!
[2025-12-14T09:58:44.721+0000] {logging_mixin.py:190} INFO - +--------------------+----------------+------------+
|stock_liquidity_tier|transaction_type|total_amount|
+--------------------+----------------+------------+
|                High|             BUY|154051314.70|
|                High|            SELL| 58703182.52|
|                 Low|             BUY|  2210329.86|
|                 Low|            SELL|   363063.56|
|                 Mid|             BUY| 43203939.67|
|                 Mid|            SELL| 14972798.43|
+--------------------+----------------+------------+
[2025-12-14T09:58:44.721+0000] {logging_mixin.py:190} INFO - Saving 'spark_sql_5' to Postgres...
[2025-12-14T09:58:45.023+0000] {logging_mixin.py:190} INFO - Saved 'spark_sql_5' successfully!
[2025-12-14T09:58:45.024+0000] {logging_mixin.py:190} INFO - === Spark Analytics Task Completed ===
[2025-12-14T09:58:45.024+0000] {logging_mixin.py:190} INFO - Stopping SparkSession...
[2025-12-14T09:58:45.371+0000] {logging_mixin.py:190} INFO - SparkSession stopped successfully.
[2025-12-14T09:58:45.372+0000] {python.py:240} INFO - Done. Returned value was: None
[2025-12-14T09:58:45.394+0000] {taskinstance.py:340} INFO - ::group::Post task execution logs
[2025-12-14T09:58:45.396+0000] {taskinstance.py:352} INFO - Marking task as SUCCESS. dag_id=stock_portfolio_pipeline_datafrogs, task_id=run_spark_analytics, run_id=manual__2025-12-14T09:56:35.564918+00:00, execution_date=20251214T095635, start_date=20251214T095710, end_date=20251214T095845
[2025-12-14T09:58:45.986+0000] {local_task_job_runner.py:266} INFO - Task exited with return code 0
[2025-12-14T09:58:46.036+0000] {taskinstance.py:3895} INFO - 2 downstream tasks scheduled from follow-on schedule check
[2025-12-14T09:58:46.037+0000] {local_task_job_runner.py:245} INFO - ::endgroup::
