[2025-12-13T20:24:21.040+0000] {local_task_job_runner.py:123} INFO - ::group::Pre task execution logs
[2025-12-13T20:24:21.051+0000] {taskinstance.py:2613} INFO - Dependencies all met for dep_context=non-requeueable deps ti=<TaskInstance: stock_portfolio_pipeline_datafrogs.run_spark_analytics manual__2025-12-13T20:22:19.151059+00:00 [queued]>
[2025-12-13T20:24:21.058+0000] {taskinstance.py:2613} INFO - Dependencies all met for dep_context=requeueable deps ti=<TaskInstance: stock_portfolio_pipeline_datafrogs.run_spark_analytics manual__2025-12-13T20:22:19.151059+00:00 [queued]>
[2025-12-13T20:24:21.058+0000] {taskinstance.py:2866} INFO - Starting attempt 1 of 2
[2025-12-13T20:24:21.066+0000] {taskinstance.py:2889} INFO - Executing <Task(PythonOperator): run_spark_analytics> on 2025-12-13 20:22:19.151059+00:00
[2025-12-13T20:24:21.078+0000] {warnings.py:112} WARNING - /home/***/.local/lib/python3.12/site-packages/***/task/task_runner/standard_task_runner.py:70: DeprecationWarning: This process (pid=327) is multi-threaded, use of fork() may lead to deadlocks in the child.
  pid = os.fork()

[2025-12-13T20:24:21.079+0000] {standard_task_runner.py:72} INFO - Started process 384 to run task
[2025-12-13T20:24:21.081+0000] {standard_task_runner.py:104} INFO - Running: ['***', 'tasks', 'run', 'stock_portfolio_pipeline_datafrogs', 'run_spark_analytics', 'manual__2025-12-13T20:22:19.151059+00:00', '--job-id', '318', '--raw', '--subdir', 'DAGS_FOLDER/***.py', '--cfg-path', '/tmp/tmpf3vd0bui']
[2025-12-13T20:24:21.085+0000] {standard_task_runner.py:105} INFO - Job 318: Subtask run_spark_analytics
[2025-12-13T20:24:21.120+0000] {task_command.py:467} INFO - Running <TaskInstance: stock_portfolio_pipeline_datafrogs.run_spark_analytics manual__2025-12-13T20:22:19.151059+00:00 [running]> on host 139938a689f3
[2025-12-13T20:24:21.173+0000] {taskinstance.py:3132} INFO - Exporting env vars: AIRFLOW_CTX_DAG_OWNER='data_engineering_team' AIRFLOW_CTX_DAG_ID='stock_portfolio_pipeline_datafrogs' AIRFLOW_CTX_TASK_ID='run_spark_analytics' AIRFLOW_CTX_EXECUTION_DATE='2025-12-13T20:22:19.151059+00:00' AIRFLOW_CTX_TRY_NUMBER='1' AIRFLOW_CTX_DAG_RUN_ID='manual__2025-12-13T20:22:19.151059+00:00'
[2025-12-13T20:24:21.175+0000] {taskinstance.py:731} INFO - ::endgroup::
[2025-12-13T20:24:21.186+0000] {logging_mixin.py:190} INFO - === Starting Spark Analytics Task ===
[2025-12-13T20:24:21.186+0000] {logging_mixin.py:190} INFO - No existing SparkContext found, continuing.
[2025-12-13T20:24:21.187+0000] {logging_mixin.py:190} INFO - Attempting to create SparkSession...
[2025-12-13T20:24:25.609+0000] {logging_mixin.py:190} INFO - SparkSession created successfully.
[2025-12-13T20:24:25.615+0000] {logging_mixin.py:190} INFO - Checking for file at: /opt/***/data/streaming_dataset/full_stocks.csv
[2025-12-13T20:24:25.619+0000] {logging_mixin.py:190} INFO - SUCCESS: File found.
[2025-12-13T20:24:33.677+0000] {logging_mixin.py:190} INFO - CSV loaded successfully, showing first 5 rows:
[2025-12-13T20:24:33.822+0000] {logging_mixin.py:190} INFO - ++
||
++
++
[2025-12-13T20:24:33.823+0000] {logging_mixin.py:190} INFO - Postgres JDBC URL: jdbc:postgresql://pgdatabase:5432/stockanalytics
[2025-12-13T20:24:33.850+0000] {logging_mixin.py:190} INFO - Attempting a dummy write test to Postgres...
[2025-12-13T20:24:34.069+0000] {logging_mixin.py:190} INFO - ERROR: Failed to connect/write to Postgres: An error occurred while calling o40.save.
: java.lang.ClassNotFoundException: org.postgresql.Driver
	at java.base/java.net.URLClassLoader.findClass(URLClassLoader.java:445)
	at java.base/java.lang.ClassLoader.loadClass(ClassLoader.java:592)
	at java.base/java.lang.ClassLoader.loadClass(ClassLoader.java:525)
	at org.apache.spark.sql.execution.datasources.jdbc.DriverRegistry$.register(DriverRegistry.scala:46)
	at org.apache.spark.sql.execution.datasources.jdbc.JDBCOptions.$anonfun$driverClass$1(JDBCOptions.scala:103)
	at org.apache.spark.sql.execution.datasources.jdbc.JDBCOptions.$anonfun$driverClass$1$adapted(JDBCOptions.scala:103)
	at scala.Option.foreach(Option.scala:407)
	at org.apache.spark.sql.execution.datasources.jdbc.JDBCOptions.<init>(JDBCOptions.scala:103)
	at org.apache.spark.sql.execution.datasources.jdbc.JdbcOptionsInWrite.<init>(JDBCOptions.scala:254)
	at org.apache.spark.sql.execution.datasources.jdbc.JdbcOptionsInWrite.<init>(JDBCOptions.scala:258)
	at org.apache.spark.sql.execution.datasources.jdbc.JdbcRelationProvider.createRelation(JdbcRelationProvider.scala:47)
	at org.apache.spark.sql.execution.datasources.SaveIntoDataSourceCommand.run(SaveIntoDataSourceCommand.scala:48)
	at org.apache.spark.sql.execution.command.ExecutedCommandExec.sideEffectResult$lzycompute(commands.scala:75)
	at org.apache.spark.sql.execution.command.ExecutedCommandExec.sideEffectResult(commands.scala:73)
	at org.apache.spark.sql.execution.command.ExecutedCommandExec.executeCollect(commands.scala:84)
	at org.apache.spark.sql.execution.QueryExecution$$anonfun$eagerlyExecuteCommands$1.$anonfun$applyOrElse$1(QueryExecution.scala:107)
	at org.apache.spark.sql.execution.SQLExecution$.$anonfun$withNewExecutionId$6(SQLExecution.scala:125)
	at org.apache.spark.sql.execution.SQLExecution$.withSQLConfPropagated(SQLExecution.scala:201)
	at org.apache.spark.sql.execution.SQLExecution$.$anonfun$withNewExecutionId$1(SQLExecution.scala:108)
	at org.apache.spark.sql.SparkSession.withActive(SparkSession.scala:900)
	at org.apache.spark.sql.execution.SQLExecution$.withNewExecutionId(SQLExecution.scala:66)
	at org.apache.spark.sql.execution.QueryExecution$$anonfun$eagerlyExecuteCommands$1.applyOrElse(QueryExecution.scala:107)
	at org.apache.spark.sql.execution.QueryExecution$$anonfun$eagerlyExecuteCommands$1.applyOrElse(QueryExecution.scala:98)
	at org.apache.spark.sql.catalyst.trees.TreeNode.$anonfun$transformDownWithPruning$1(TreeNode.scala:461)
	at org.apache.spark.sql.catalyst.trees.CurrentOrigin$.withOrigin(origin.scala:76)
	at org.apache.spark.sql.catalyst.trees.TreeNode.transformDownWithPruning(TreeNode.scala:461)
	at org.apache.spark.sql.catalyst.plans.logical.LogicalPlan.org$apache$spark$sql$catalyst$plans$logical$AnalysisHelper$$super$transformDownWithPruning(LogicalPlan.scala:32)
	at org.apache.spark.sql.catalyst.plans.logical.AnalysisHelper.transformDownWithPruning(AnalysisHelper.scala:267)
	at org.apache.spark.sql.catalyst.plans.logical.AnalysisHelper.transformDownWithPruning$(AnalysisHelper.scala:263)
	at org.apache.spark.sql.catalyst.plans.logical.LogicalPlan.transformDownWithPruning(LogicalPlan.scala:32)
	at org.apache.spark.sql.catalyst.plans.logical.LogicalPlan.transformDownWithPruning(LogicalPlan.scala:32)
	at org.apache.spark.sql.catalyst.trees.TreeNode.transformDown(TreeNode.scala:437)
	at org.apache.spark.sql.execution.QueryExecution.eagerlyExecuteCommands(QueryExecution.scala:98)
	at org.apache.spark.sql.execution.QueryExecution.commandExecuted$lzycompute(QueryExecution.scala:85)
	at org.apache.spark.sql.execution.QueryExecution.commandExecuted(QueryExecution.scala:83)
	at org.apache.spark.sql.execution.QueryExecution.assertCommandExecuted(QueryExecution.scala:142)
	at org.apache.spark.sql.DataFrameWriter.runCommand(DataFrameWriter.scala:869)
	at org.apache.spark.sql.DataFrameWriter.saveToV1Source(DataFrameWriter.scala:391)
	at org.apache.spark.sql.DataFrameWriter.saveInternal(DataFrameWriter.scala:364)
	at org.apache.spark.sql.DataFrameWriter.save(DataFrameWriter.scala:251)
	at java.base/jdk.internal.reflect.NativeMethodAccessorImpl.invoke0(Native Method)
	at java.base/jdk.internal.reflect.NativeMethodAccessorImpl.invoke(NativeMethodAccessorImpl.java:77)
	at java.base/jdk.internal.reflect.DelegatingMethodAccessorImpl.invoke(DelegatingMethodAccessorImpl.java:43)
	at java.base/java.lang.reflect.Method.invoke(Method.java:569)
	at py4j.reflection.MethodInvoker.invoke(MethodInvoker.java:244)
	at py4j.reflection.ReflectionEngine.invoke(ReflectionEngine.java:374)
	at py4j.Gateway.invoke(Gateway.java:282)
	at py4j.commands.AbstractCommand.invokeMethod(AbstractCommand.java:132)
	at py4j.commands.CallCommand.execute(CallCommand.java:79)
	at py4j.ClientServerConnection.waitForCommands(ClientServerConnection.java:182)
	at py4j.ClientServerConnection.run(ClientServerConnection.java:106)
	at java.base/java.lang.Thread.run(Thread.java:840)
[2025-12-13T20:24:34.070+0000] {logging_mixin.py:190} INFO - Running Spark analysis (groupBy and aggregations)...
[2025-12-13T20:24:34.384+0000] {logging_mixin.py:190} INFO - ERROR in Spark analysis step 1: [UNRESOLVED_COLUMN.WITHOUT_SUGGESTION] A column or function parameter with name `stock_ticker` cannot be resolved. ;
'Aggregate ['stock_ticker], ['stock_ticker, sum('quantity) AS total_trading_volume#17]
+- Relation [] csv
[2025-12-13T20:24:34.408+0000] {logging_mixin.py:190} INFO - ERROR in Spark analysis step 2: [UNRESOLVED_COLUMN.WITHOUT_SUGGESTION] A column or function parameter with name `stock_sector` cannot be resolved. ;
'Aggregate ['stock_sector], ['stock_sector, avg('stock_price) AS average_price#20]
+- Relation [] csv
[2025-12-13T20:24:34.510+0000] {logging_mixin.py:190} INFO - Temporary view 'transactions' created for Spark SQL.
[2025-12-13T20:24:34.516+0000] {logging_mixin.py:190} INFO - Running Spark SQL query: spark_sql_1
[2025-12-13T20:24:34.637+0000] {logging_mixin.py:190} INFO - ERROR executing query spark_sql_1: [UNRESOLVED_COLUMN.WITHOUT_SUGGESTION] A column or function parameter with name `stock_ticker` cannot be resolved. ; line 1 pos 7;
'GlobalLimit 5
+- 'LocalLimit 5
   +- 'Sort ['total_quantity DESC NULLS LAST], true
      +- 'Aggregate ['stock_ticker], ['stock_ticker, 'SUM('quantity) AS total_quantity#21]
         +- SubqueryAlias transactions
            +- View (`transactions`, [])
               +- Relation [] csv
[2025-12-13T20:24:34.637+0000] {logging_mixin.py:190} INFO - === Spark Analytics Task Completed ===
[2025-12-13T20:24:34.639+0000] {logging_mixin.py:190} INFO - Stopping SparkSession...
[2025-12-13T20:24:35.383+0000] {logging_mixin.py:190} INFO - SparkSession stopped successfully.
[2025-12-13T20:24:35.402+0000] {python.py:240} INFO - Done. Returned value was: None
[2025-12-13T20:24:35.781+0000] {taskinstance.py:340} INFO - ::group::Post task execution logs
[2025-12-13T20:24:35.787+0000] {taskinstance.py:352} INFO - Marking task as SUCCESS. dag_id=stock_portfolio_pipeline_datafrogs, task_id=run_spark_analytics, run_id=manual__2025-12-13T20:22:19.151059+00:00, execution_date=20251213T202219, start_date=20251213T202421, end_date=20251213T202435
[2025-12-13T20:24:35.987+0000] {local_task_job_runner.py:266} INFO - Task exited with return code 0
[2025-12-13T20:24:36.111+0000] {standard_task_runner.py:217} INFO - Process not found (most likely exited), stop collecting metrics
[2025-12-13T20:24:36.130+0000] {taskinstance.py:3895} INFO - 0 downstream tasks scheduled from follow-on schedule check
[2025-12-13T20:24:36.132+0000] {local_task_job_runner.py:245} INFO - ::endgroup::
