[2025-12-13T20:16:28.913+0000] {local_task_job_runner.py:123} INFO - ::group::Pre task execution logs
[2025-12-13T20:16:28.933+0000] {taskinstance.py:2613} INFO - Dependencies all met for dep_context=non-requeueable deps ti=<TaskInstance: stock_portfolio_pipeline_datafrogs.save_final_to_postgres manual__2025-12-13T19:59:33.825432+00:00 [queued]>
[2025-12-13T20:16:28.962+0000] {taskinstance.py:2613} INFO - Dependencies all met for dep_context=requeueable deps ti=<TaskInstance: stock_portfolio_pipeline_datafrogs.save_final_to_postgres manual__2025-12-13T19:59:33.825432+00:00 [queued]>
[2025-12-13T20:16:28.962+0000] {taskinstance.py:2866} INFO - Starting attempt 1 of 2
[2025-12-13T20:16:28.977+0000] {taskinstance.py:2889} INFO - Executing <Task(PythonOperator): save_final_to_postgres> on 2025-12-13 19:59:33.825432+00:00
[2025-12-13T20:16:28.995+0000] {warnings.py:112} WARNING - /home/***/.local/lib/python3.12/site-packages/***/task/task_runner/standard_task_runner.py:70: DeprecationWarning: This process (pid=5070) is multi-threaded, use of fork() may lead to deadlocks in the child.
  pid = os.fork()

[2025-12-13T20:16:28.998+0000] {standard_task_runner.py:72} INFO - Started process 5075 to run task
[2025-12-13T20:16:28.997+0000] {standard_task_runner.py:104} INFO - Running: ['***', 'tasks', 'run', 'stock_portfolio_pipeline_datafrogs', 'save_final_to_postgres', 'manual__2025-12-13T19:59:33.825432+00:00', '--job-id', '301', '--raw', '--subdir', 'DAGS_FOLDER/***.py', '--cfg-path', '/tmp/tmpnz_q3_up']
[2025-12-13T20:16:29.002+0000] {standard_task_runner.py:105} INFO - Job 301: Subtask save_final_to_postgres
[2025-12-13T20:16:29.046+0000] {task_command.py:467} INFO - Running <TaskInstance: stock_portfolio_pipeline_datafrogs.save_final_to_postgres manual__2025-12-13T19:59:33.825432+00:00 [running]> on host fc66782e0078
[2025-12-13T20:16:29.099+0000] {taskinstance.py:3132} INFO - Exporting env vars: AIRFLOW_CTX_DAG_OWNER='data_engineering_team' AIRFLOW_CTX_DAG_ID='stock_portfolio_pipeline_datafrogs' AIRFLOW_CTX_TASK_ID='save_final_to_postgres' AIRFLOW_CTX_EXECUTION_DATE='2025-12-13T19:59:33.825432+00:00' AIRFLOW_CTX_TRY_NUMBER='1' AIRFLOW_CTX_DAG_RUN_ID='manual__2025-12-13T19:59:33.825432+00:00'
[2025-12-13T20:16:29.100+0000] {taskinstance.py:731} INFO - ::endgroup::
[2025-12-13T20:16:29.197+0000] {logging_mixin.py:190} INFO - Error creating database: could not translate host name "pgdatabase" to address: Name or service not known
[2025-12-13T20:16:29.221+0000] {logging_mixin.py:190} INFO - Error: (psycopg2.OperationalError) could not translate host name "pgdatabase" to address: Name or service not known

(Background on this error at: https://sqlalche.me/e/14/e3q8)
[2025-12-13T20:16:29.223+0000] {python.py:240} INFO - Done. Returned value was: None
[2025-12-13T20:16:29.267+0000] {taskinstance.py:340} INFO - ::group::Post task execution logs
[2025-12-13T20:16:29.268+0000] {taskinstance.py:352} INFO - Marking task as SUCCESS. dag_id=stock_portfolio_pipeline_datafrogs, task_id=save_final_to_postgres, run_id=manual__2025-12-13T19:59:33.825432+00:00, execution_date=20251213T195933, start_date=20251213T201628, end_date=20251213T201629
[2025-12-13T20:16:29.298+0000] {local_task_job_runner.py:266} INFO - Task exited with return code 0
[2025-12-13T20:16:29.317+0000] {taskinstance.py:3895} INFO - 0 downstream tasks scheduled from follow-on schedule check
[2025-12-13T20:16:29.320+0000] {local_task_job_runner.py:245} INFO - ::endgroup::
