[2025-12-12T15:37:11.041+0000] {local_task_job_runner.py:123} INFO - ::group::Pre task execution logs
[2025-12-12T15:37:11.061+0000] {taskinstance.py:2613} INFO - Dependencies all met for dep_context=non-requeueable deps ti=<TaskInstance: stock_portfolio_pipeline_datafrogs.detect_outliers manual__2025-12-12T15:37:06.506435+00:00 [queued]>
[2025-12-12T15:37:11.069+0000] {taskinstance.py:2613} INFO - Dependencies all met for dep_context=requeueable deps ti=<TaskInstance: stock_portfolio_pipeline_datafrogs.detect_outliers manual__2025-12-12T15:37:06.506435+00:00 [queued]>
[2025-12-12T15:37:11.069+0000] {taskinstance.py:2866} INFO - Starting attempt 1 of 2
[2025-12-12T15:37:11.087+0000] {taskinstance.py:2889} INFO - Executing <Task(PythonOperator): detect_outliers> on 2025-12-12 15:37:06.506435+00:00
[2025-12-12T15:37:11.099+0000] {warnings.py:112} WARNING - /home/***/.local/lib/python3.12/site-packages/***/task/task_runner/standard_task_runner.py:70: DeprecationWarning: This process (pid=79) is multi-threaded, use of fork() may lead to deadlocks in the child.
  pid = os.fork()

[2025-12-12T15:37:11.110+0000] {standard_task_runner.py:72} INFO - Started process 130 to run task
[2025-12-12T15:37:11.106+0000] {standard_task_runner.py:104} INFO - Running: ['***', 'tasks', 'run', 'stock_portfolio_pipeline_datafrogs', 'detect_outliers', 'manual__2025-12-12T15:37:06.506435+00:00', '--job-id', '59', '--raw', '--subdir', 'DAGS_FOLDER/***.py', '--cfg-path', '/tmp/tmpuw5nd4om']
[2025-12-12T15:37:11.116+0000] {standard_task_runner.py:105} INFO - Job 59: Subtask detect_outliers
[2025-12-12T15:37:11.272+0000] {task_command.py:467} INFO - Running <TaskInstance: stock_portfolio_pipeline_datafrogs.detect_outliers manual__2025-12-12T15:37:06.506435+00:00 [running]> on host 1e6a113202a1
[2025-12-12T15:37:11.473+0000] {taskinstance.py:3132} INFO - Exporting env vars: AIRFLOW_CTX_DAG_OWNER='data_engineering_team' AIRFLOW_CTX_DAG_ID='stock_portfolio_pipeline_datafrogs' AIRFLOW_CTX_TASK_ID='detect_outliers' AIRFLOW_CTX_EXECUTION_DATE='2025-12-12T15:37:06.506435+00:00' AIRFLOW_CTX_TRY_NUMBER='1' AIRFLOW_CTX_DAG_RUN_ID='manual__2025-12-12T15:37:06.506435+00:00'
[2025-12-12T15:37:11.478+0000] {taskinstance.py:731} INFO - ::endgroup::
[2025-12-12T15:37:11.528+0000] {logging_mixin.py:190} INFO - 
--- 2. Handling Outliers ---
[2025-12-12T15:37:11.682+0000] {logging_mixin.py:190} INFO - STK001: 14.286% outliers
[2025-12-12T15:37:11.687+0000] {logging_mixin.py:190} INFO - STK002: 0.000% outliers
[2025-12-12T15:37:11.691+0000] {logging_mixin.py:190} INFO - STK003: 3.770% outliers
[2025-12-12T15:37:11.695+0000] {logging_mixin.py:190} INFO - STK004: 2.778% outliers
[2025-12-12T15:37:11.699+0000] {logging_mixin.py:190} INFO - STK005: 0.000% outliers
[2025-12-12T15:37:11.703+0000] {logging_mixin.py:190} INFO - STK006: 0.000% outliers
[2025-12-12T15:37:11.707+0000] {logging_mixin.py:190} INFO - STK007: 6.349% outliers
[2025-12-12T15:37:11.709+0000] {logging_mixin.py:190} INFO - STK008: 0.000% outliers
[2025-12-12T15:37:11.712+0000] {logging_mixin.py:190} INFO - STK009: 1.190% outliers
[2025-12-12T15:37:11.714+0000] {logging_mixin.py:190} INFO - STK010: 0.000% outliers
[2025-12-12T15:37:11.717+0000] {logging_mixin.py:190} INFO - STK011: 0.198% outliers
[2025-12-12T15:37:11.720+0000] {logging_mixin.py:190} INFO - STK012: 0.000% outliers
[2025-12-12T15:37:11.724+0000] {logging_mixin.py:190} INFO - STK013: 0.000% outliers
[2025-12-12T15:37:11.728+0000] {logging_mixin.py:190} INFO - STK014: 0.198% outliers
[2025-12-12T15:37:11.732+0000] {logging_mixin.py:190} INFO - STK015: 0.000% outliers
[2025-12-12T15:37:11.736+0000] {logging_mixin.py:190} INFO - STK016: 0.000% outliers
[2025-12-12T15:37:11.740+0000] {logging_mixin.py:190} INFO - STK017: 0.000% outliers
[2025-12-12T15:37:11.743+0000] {logging_mixin.py:190} INFO - STK018: 0.000% outliers
[2025-12-12T15:37:11.747+0000] {logging_mixin.py:190} INFO - STK019: 7.341% outliers
[2025-12-12T15:37:11.750+0000] {logging_mixin.py:190} INFO - STK020: 0.397% outliers
[2025-12-12T15:37:11.754+0000] {logging_mixin.py:190} INFO - quantity: 7.650% outliers
[2025-12-12T15:37:11.759+0000] {logging_mixin.py:190} INFO - average_trade_size: 25.250% outliers
[2025-12-12T15:37:11.762+0000] {logging_mixin.py:190} INFO - cumulative_portfolio_value: 10.370% outliers
[2025-12-12T15:37:11.956+0000] {python.py:240} INFO - Done. Returned value was: None
[2025-12-12T15:37:11.972+0000] {taskinstance.py:340} INFO - ::group::Post task execution logs
[2025-12-12T15:37:11.972+0000] {taskinstance.py:352} INFO - Marking task as SUCCESS. dag_id=stock_portfolio_pipeline_datafrogs, task_id=detect_outliers, run_id=manual__2025-12-12T15:37:06.506435+00:00, execution_date=20251212T153706, start_date=20251212T153711, end_date=20251212T153711
[2025-12-12T15:37:12.009+0000] {local_task_job_runner.py:266} INFO - Task exited with return code 0
[2025-12-12T15:37:12.031+0000] {taskinstance.py:3895} INFO - 0 downstream tasks scheduled from follow-on schedule check
[2025-12-12T15:37:12.034+0000] {local_task_job_runner.py:245} INFO - ::endgroup::
